ARM GAS  /tmp/ccFlAUZW.s 			page 1


   1              		.cpu cortex-m3
   2              		.eabi_attribute 20, 1
   3              		.eabi_attribute 21, 1
   4              		.eabi_attribute 23, 3
   5              		.eabi_attribute 24, 1
   6              		.eabi_attribute 25, 1
   7              		.eabi_attribute 26, 1
   8              		.eabi_attribute 30, 6
   9              		.eabi_attribute 34, 1
  10              		.eabi_attribute 18, 4
  11              		.file	"stm32f10x_rtc.c"
  12              		.text
  13              	.Ltext0:
  14              		.cfi_sections	.debug_frame
  15              		.section	.text.RTC_ITConfig,"ax",%progbits
  16              		.align	1
  17              		.global	RTC_ITConfig
  18              		.arch armv7-m
  19              		.syntax unified
  20              		.thumb
  21              		.thumb_func
  22              		.fpu softvfp
  24              	RTC_ITConfig:
  25              	.LFB29:
  26              		.file 1 "./Libraries/STM32F10x_StdPeriph_Driver/src/stm32f10x_rtc.c"
   1:./Libraries/STM32F10x_StdPeriph_Driver/src/stm32f10x_rtc.c **** /**
   2:./Libraries/STM32F10x_StdPeriph_Driver/src/stm32f10x_rtc.c ****   ******************************************************************************
   3:./Libraries/STM32F10x_StdPeriph_Driver/src/stm32f10x_rtc.c ****   * @file    stm32f10x_rtc.c
   4:./Libraries/STM32F10x_StdPeriph_Driver/src/stm32f10x_rtc.c ****   * @author  MCD Application Team
   5:./Libraries/STM32F10x_StdPeriph_Driver/src/stm32f10x_rtc.c ****   * @version V3.5.0
   6:./Libraries/STM32F10x_StdPeriph_Driver/src/stm32f10x_rtc.c ****   * @date    11-March-2011
   7:./Libraries/STM32F10x_StdPeriph_Driver/src/stm32f10x_rtc.c ****   * @brief   This file provides all the RTC firmware functions.
   8:./Libraries/STM32F10x_StdPeriph_Driver/src/stm32f10x_rtc.c ****   ******************************************************************************
   9:./Libraries/STM32F10x_StdPeriph_Driver/src/stm32f10x_rtc.c ****   * @attention
  10:./Libraries/STM32F10x_StdPeriph_Driver/src/stm32f10x_rtc.c ****   *
  11:./Libraries/STM32F10x_StdPeriph_Driver/src/stm32f10x_rtc.c ****   * THE PRESENT FIRMWARE WHICH IS FOR GUIDANCE ONLY AIMS AT PROVIDING CUSTOMERS
  12:./Libraries/STM32F10x_StdPeriph_Driver/src/stm32f10x_rtc.c ****   * WITH CODING INFORMATION REGARDING THEIR PRODUCTS IN ORDER FOR THEM TO SAVE
  13:./Libraries/STM32F10x_StdPeriph_Driver/src/stm32f10x_rtc.c ****   * TIME. AS A RESULT, STMICROELECTRONICS SHALL NOT BE HELD LIABLE FOR ANY
  14:./Libraries/STM32F10x_StdPeriph_Driver/src/stm32f10x_rtc.c ****   * DIRECT, INDIRECT OR CONSEQUENTIAL DAMAGES WITH RESPECT TO ANY CLAIMS ARISING
  15:./Libraries/STM32F10x_StdPeriph_Driver/src/stm32f10x_rtc.c ****   * FROM THE CONTENT OF SUCH FIRMWARE AND/OR THE USE MADE BY CUSTOMERS OF THE
  16:./Libraries/STM32F10x_StdPeriph_Driver/src/stm32f10x_rtc.c ****   * CODING INFORMATION CONTAINED HEREIN IN CONNECTION WITH THEIR PRODUCTS.
  17:./Libraries/STM32F10x_StdPeriph_Driver/src/stm32f10x_rtc.c ****   *
  18:./Libraries/STM32F10x_StdPeriph_Driver/src/stm32f10x_rtc.c ****   * <h2><center>&copy; COPYRIGHT 2011 STMicroelectronics</center></h2>
  19:./Libraries/STM32F10x_StdPeriph_Driver/src/stm32f10x_rtc.c ****   ******************************************************************************
  20:./Libraries/STM32F10x_StdPeriph_Driver/src/stm32f10x_rtc.c ****   */
  21:./Libraries/STM32F10x_StdPeriph_Driver/src/stm32f10x_rtc.c **** 
  22:./Libraries/STM32F10x_StdPeriph_Driver/src/stm32f10x_rtc.c **** /* Includes ------------------------------------------------------------------*/
  23:./Libraries/STM32F10x_StdPeriph_Driver/src/stm32f10x_rtc.c **** #include "stm32f10x_rtc.h"
  24:./Libraries/STM32F10x_StdPeriph_Driver/src/stm32f10x_rtc.c **** 
  25:./Libraries/STM32F10x_StdPeriph_Driver/src/stm32f10x_rtc.c **** /** @addtogroup STM32F10x_StdPeriph_Driver
  26:./Libraries/STM32F10x_StdPeriph_Driver/src/stm32f10x_rtc.c ****   * @{
  27:./Libraries/STM32F10x_StdPeriph_Driver/src/stm32f10x_rtc.c ****   */
  28:./Libraries/STM32F10x_StdPeriph_Driver/src/stm32f10x_rtc.c **** 
  29:./Libraries/STM32F10x_StdPeriph_Driver/src/stm32f10x_rtc.c **** /** @defgroup RTC 
  30:./Libraries/STM32F10x_StdPeriph_Driver/src/stm32f10x_rtc.c ****   * @brief RTC driver modules
  31:./Libraries/STM32F10x_StdPeriph_Driver/src/stm32f10x_rtc.c ****   * @{
  32:./Libraries/STM32F10x_StdPeriph_Driver/src/stm32f10x_rtc.c ****   */
ARM GAS  /tmp/ccFlAUZW.s 			page 2


  33:./Libraries/STM32F10x_StdPeriph_Driver/src/stm32f10x_rtc.c **** 
  34:./Libraries/STM32F10x_StdPeriph_Driver/src/stm32f10x_rtc.c **** /** @defgroup RTC_Private_TypesDefinitions
  35:./Libraries/STM32F10x_StdPeriph_Driver/src/stm32f10x_rtc.c ****   * @{
  36:./Libraries/STM32F10x_StdPeriph_Driver/src/stm32f10x_rtc.c ****   */ 
  37:./Libraries/STM32F10x_StdPeriph_Driver/src/stm32f10x_rtc.c **** /**
  38:./Libraries/STM32F10x_StdPeriph_Driver/src/stm32f10x_rtc.c ****   * @}
  39:./Libraries/STM32F10x_StdPeriph_Driver/src/stm32f10x_rtc.c ****   */
  40:./Libraries/STM32F10x_StdPeriph_Driver/src/stm32f10x_rtc.c **** 
  41:./Libraries/STM32F10x_StdPeriph_Driver/src/stm32f10x_rtc.c **** /** @defgroup RTC_Private_Defines
  42:./Libraries/STM32F10x_StdPeriph_Driver/src/stm32f10x_rtc.c ****   * @{
  43:./Libraries/STM32F10x_StdPeriph_Driver/src/stm32f10x_rtc.c ****   */
  44:./Libraries/STM32F10x_StdPeriph_Driver/src/stm32f10x_rtc.c **** #define RTC_LSB_MASK     ((uint32_t)0x0000FFFF)  /*!< RTC LSB Mask */
  45:./Libraries/STM32F10x_StdPeriph_Driver/src/stm32f10x_rtc.c **** #define PRLH_MSB_MASK    ((uint32_t)0x000F0000)  /*!< RTC Prescaler MSB Mask */
  46:./Libraries/STM32F10x_StdPeriph_Driver/src/stm32f10x_rtc.c **** 
  47:./Libraries/STM32F10x_StdPeriph_Driver/src/stm32f10x_rtc.c **** /**
  48:./Libraries/STM32F10x_StdPeriph_Driver/src/stm32f10x_rtc.c ****   * @}
  49:./Libraries/STM32F10x_StdPeriph_Driver/src/stm32f10x_rtc.c ****   */
  50:./Libraries/STM32F10x_StdPeriph_Driver/src/stm32f10x_rtc.c **** 
  51:./Libraries/STM32F10x_StdPeriph_Driver/src/stm32f10x_rtc.c **** /** @defgroup RTC_Private_Macros
  52:./Libraries/STM32F10x_StdPeriph_Driver/src/stm32f10x_rtc.c ****   * @{
  53:./Libraries/STM32F10x_StdPeriph_Driver/src/stm32f10x_rtc.c ****   */
  54:./Libraries/STM32F10x_StdPeriph_Driver/src/stm32f10x_rtc.c **** 
  55:./Libraries/STM32F10x_StdPeriph_Driver/src/stm32f10x_rtc.c **** /**
  56:./Libraries/STM32F10x_StdPeriph_Driver/src/stm32f10x_rtc.c ****   * @}
  57:./Libraries/STM32F10x_StdPeriph_Driver/src/stm32f10x_rtc.c ****   */
  58:./Libraries/STM32F10x_StdPeriph_Driver/src/stm32f10x_rtc.c **** 
  59:./Libraries/STM32F10x_StdPeriph_Driver/src/stm32f10x_rtc.c **** /** @defgroup RTC_Private_Variables
  60:./Libraries/STM32F10x_StdPeriph_Driver/src/stm32f10x_rtc.c ****   * @{
  61:./Libraries/STM32F10x_StdPeriph_Driver/src/stm32f10x_rtc.c ****   */
  62:./Libraries/STM32F10x_StdPeriph_Driver/src/stm32f10x_rtc.c **** 
  63:./Libraries/STM32F10x_StdPeriph_Driver/src/stm32f10x_rtc.c **** /**
  64:./Libraries/STM32F10x_StdPeriph_Driver/src/stm32f10x_rtc.c ****   * @}
  65:./Libraries/STM32F10x_StdPeriph_Driver/src/stm32f10x_rtc.c ****   */
  66:./Libraries/STM32F10x_StdPeriph_Driver/src/stm32f10x_rtc.c **** 
  67:./Libraries/STM32F10x_StdPeriph_Driver/src/stm32f10x_rtc.c **** /** @defgroup RTC_Private_FunctionPrototypes
  68:./Libraries/STM32F10x_StdPeriph_Driver/src/stm32f10x_rtc.c ****   * @{
  69:./Libraries/STM32F10x_StdPeriph_Driver/src/stm32f10x_rtc.c ****   */
  70:./Libraries/STM32F10x_StdPeriph_Driver/src/stm32f10x_rtc.c **** 
  71:./Libraries/STM32F10x_StdPeriph_Driver/src/stm32f10x_rtc.c **** /**
  72:./Libraries/STM32F10x_StdPeriph_Driver/src/stm32f10x_rtc.c ****   * @}
  73:./Libraries/STM32F10x_StdPeriph_Driver/src/stm32f10x_rtc.c ****   */
  74:./Libraries/STM32F10x_StdPeriph_Driver/src/stm32f10x_rtc.c **** 
  75:./Libraries/STM32F10x_StdPeriph_Driver/src/stm32f10x_rtc.c **** /** @defgroup RTC_Private_Functions
  76:./Libraries/STM32F10x_StdPeriph_Driver/src/stm32f10x_rtc.c ****   * @{
  77:./Libraries/STM32F10x_StdPeriph_Driver/src/stm32f10x_rtc.c ****   */
  78:./Libraries/STM32F10x_StdPeriph_Driver/src/stm32f10x_rtc.c **** 
  79:./Libraries/STM32F10x_StdPeriph_Driver/src/stm32f10x_rtc.c **** /**
  80:./Libraries/STM32F10x_StdPeriph_Driver/src/stm32f10x_rtc.c ****   * @brief  Enables or disables the specified RTC interrupts.
  81:./Libraries/STM32F10x_StdPeriph_Driver/src/stm32f10x_rtc.c ****   * @param  RTC_IT: specifies the RTC interrupts sources to be enabled or disabled.
  82:./Libraries/STM32F10x_StdPeriph_Driver/src/stm32f10x_rtc.c ****   *   This parameter can be any combination of the following values:
  83:./Libraries/STM32F10x_StdPeriph_Driver/src/stm32f10x_rtc.c ****   *     @arg RTC_IT_OW: Overflow interrupt
  84:./Libraries/STM32F10x_StdPeriph_Driver/src/stm32f10x_rtc.c ****   *     @arg RTC_IT_ALR: Alarm interrupt
  85:./Libraries/STM32F10x_StdPeriph_Driver/src/stm32f10x_rtc.c ****   *     @arg RTC_IT_SEC: Second interrupt
  86:./Libraries/STM32F10x_StdPeriph_Driver/src/stm32f10x_rtc.c ****   * @param  NewState: new state of the specified RTC interrupts.
  87:./Libraries/STM32F10x_StdPeriph_Driver/src/stm32f10x_rtc.c ****   *   This parameter can be: ENABLE or DISABLE.
  88:./Libraries/STM32F10x_StdPeriph_Driver/src/stm32f10x_rtc.c ****   * @retval None
  89:./Libraries/STM32F10x_StdPeriph_Driver/src/stm32f10x_rtc.c ****   */
ARM GAS  /tmp/ccFlAUZW.s 			page 3


  90:./Libraries/STM32F10x_StdPeriph_Driver/src/stm32f10x_rtc.c **** void RTC_ITConfig(uint16_t RTC_IT, FunctionalState NewState)
  91:./Libraries/STM32F10x_StdPeriph_Driver/src/stm32f10x_rtc.c **** {
  27              		.loc 1 91 1
  28              		.cfi_startproc
  29              		@ args = 0, pretend = 0, frame = 8
  30              		@ frame_needed = 1, uses_anonymous_args = 0
  31              		@ link register save eliminated.
  32 0000 80B4     		push	{r7}
  33              	.LCFI0:
  34              		.cfi_def_cfa_offset 4
  35              		.cfi_offset 7, -4
  36 0002 83B0     		sub	sp, sp, #12
  37              	.LCFI1:
  38              		.cfi_def_cfa_offset 16
  39 0004 00AF     		add	r7, sp, #0
  40              	.LCFI2:
  41              		.cfi_def_cfa_register 7
  42 0006 0346     		mov	r3, r0
  43 0008 0A46     		mov	r2, r1
  44 000a FB80     		strh	r3, [r7, #6]	@ movhi
  45 000c 1346     		mov	r3, r2
  46 000e 7B71     		strb	r3, [r7, #5]
  92:./Libraries/STM32F10x_StdPeriph_Driver/src/stm32f10x_rtc.c ****   /* Check the parameters */
  93:./Libraries/STM32F10x_StdPeriph_Driver/src/stm32f10x_rtc.c ****   assert_param(IS_RTC_IT(RTC_IT));  
  94:./Libraries/STM32F10x_StdPeriph_Driver/src/stm32f10x_rtc.c ****   assert_param(IS_FUNCTIONAL_STATE(NewState));
  95:./Libraries/STM32F10x_StdPeriph_Driver/src/stm32f10x_rtc.c ****   
  96:./Libraries/STM32F10x_StdPeriph_Driver/src/stm32f10x_rtc.c ****   if (NewState != DISABLE)
  47              		.loc 1 96 6
  48 0010 7B79     		ldrb	r3, [r7, #5]	@ zero_extendqisi2
  49 0012 002B     		cmp	r3, #0
  50 0014 08D0     		beq	.L2
  97:./Libraries/STM32F10x_StdPeriph_Driver/src/stm32f10x_rtc.c ****   {
  98:./Libraries/STM32F10x_StdPeriph_Driver/src/stm32f10x_rtc.c ****     RTC->CRH |= RTC_IT;
  51              		.loc 1 98 14
  52 0016 0C4B     		ldr	r3, .L5
  53 0018 1B88     		ldrh	r3, [r3]	@ movhi
  54 001a 9AB2     		uxth	r2, r3
  55 001c 0A49     		ldr	r1, .L5
  56 001e FB88     		ldrh	r3, [r7, #6]	@ movhi
  57 0020 1343     		orrs	r3, r3, r2
  58 0022 9BB2     		uxth	r3, r3
  59 0024 0B80     		strh	r3, [r1]	@ movhi
  99:./Libraries/STM32F10x_StdPeriph_Driver/src/stm32f10x_rtc.c ****   }
 100:./Libraries/STM32F10x_StdPeriph_Driver/src/stm32f10x_rtc.c ****   else
 101:./Libraries/STM32F10x_StdPeriph_Driver/src/stm32f10x_rtc.c ****   {
 102:./Libraries/STM32F10x_StdPeriph_Driver/src/stm32f10x_rtc.c ****     RTC->CRH &= (uint16_t)~RTC_IT;
 103:./Libraries/STM32F10x_StdPeriph_Driver/src/stm32f10x_rtc.c ****   }
 104:./Libraries/STM32F10x_StdPeriph_Driver/src/stm32f10x_rtc.c **** }
  60              		.loc 1 104 1
  61 0026 09E0     		b	.L4
  62              	.L2:
 102:./Libraries/STM32F10x_StdPeriph_Driver/src/stm32f10x_rtc.c ****   }
  63              		.loc 1 102 14
  64 0028 074B     		ldr	r3, .L5
  65 002a 1B88     		ldrh	r3, [r3]	@ movhi
  66 002c 9AB2     		uxth	r2, r3
 102:./Libraries/STM32F10x_StdPeriph_Driver/src/stm32f10x_rtc.c ****   }
ARM GAS  /tmp/ccFlAUZW.s 			page 4


  67              		.loc 1 102 17
  68 002e FB88     		ldrh	r3, [r7, #6]	@ movhi
  69 0030 DB43     		mvns	r3, r3
  70 0032 9BB2     		uxth	r3, r3
 102:./Libraries/STM32F10x_StdPeriph_Driver/src/stm32f10x_rtc.c ****   }
  71              		.loc 1 102 14
  72 0034 0449     		ldr	r1, .L5
  73 0036 1340     		ands	r3, r3, r2
  74 0038 9BB2     		uxth	r3, r3
  75 003a 0B80     		strh	r3, [r1]	@ movhi
  76              	.L4:
  77              		.loc 1 104 1
  78 003c 00BF     		nop
  79 003e 0C37     		adds	r7, r7, #12
  80              	.LCFI3:
  81              		.cfi_def_cfa_offset 4
  82 0040 BD46     		mov	sp, r7
  83              	.LCFI4:
  84              		.cfi_def_cfa_register 13
  85              		@ sp needed
  86 0042 80BC     		pop	{r7}
  87              	.LCFI5:
  88              		.cfi_restore 7
  89              		.cfi_def_cfa_offset 0
  90 0044 7047     		bx	lr
  91              	.L6:
  92 0046 00BF     		.align	2
  93              	.L5:
  94 0048 00280040 		.word	1073752064
  95              		.cfi_endproc
  96              	.LFE29:
  98              		.section	.text.RTC_EnterConfigMode,"ax",%progbits
  99              		.align	1
 100              		.global	RTC_EnterConfigMode
 101              		.syntax unified
 102              		.thumb
 103              		.thumb_func
 104              		.fpu softvfp
 106              	RTC_EnterConfigMode:
 107              	.LFB30:
 105:./Libraries/STM32F10x_StdPeriph_Driver/src/stm32f10x_rtc.c **** 
 106:./Libraries/STM32F10x_StdPeriph_Driver/src/stm32f10x_rtc.c **** /**
 107:./Libraries/STM32F10x_StdPeriph_Driver/src/stm32f10x_rtc.c ****   * @brief  Enters the RTC configuration mode.
 108:./Libraries/STM32F10x_StdPeriph_Driver/src/stm32f10x_rtc.c ****   * @param  None
 109:./Libraries/STM32F10x_StdPeriph_Driver/src/stm32f10x_rtc.c ****   * @retval None
 110:./Libraries/STM32F10x_StdPeriph_Driver/src/stm32f10x_rtc.c ****   */
 111:./Libraries/STM32F10x_StdPeriph_Driver/src/stm32f10x_rtc.c **** void RTC_EnterConfigMode(void)
 112:./Libraries/STM32F10x_StdPeriph_Driver/src/stm32f10x_rtc.c **** {
 108              		.loc 1 112 1
 109              		.cfi_startproc
 110              		@ args = 0, pretend = 0, frame = 0
 111              		@ frame_needed = 1, uses_anonymous_args = 0
 112              		@ link register save eliminated.
 113 0000 80B4     		push	{r7}
 114              	.LCFI6:
 115              		.cfi_def_cfa_offset 4
 116              		.cfi_offset 7, -4
ARM GAS  /tmp/ccFlAUZW.s 			page 5


 117 0002 00AF     		add	r7, sp, #0
 118              	.LCFI7:
 119              		.cfi_def_cfa_register 7
 113:./Libraries/STM32F10x_StdPeriph_Driver/src/stm32f10x_rtc.c ****   /* Set the CNF flag to enter in the Configuration Mode */
 114:./Libraries/STM32F10x_StdPeriph_Driver/src/stm32f10x_rtc.c ****   RTC->CRL |= RTC_CRL_CNF;
 120              		.loc 1 114 12
 121 0004 054B     		ldr	r3, .L8
 122 0006 9B88     		ldrh	r3, [r3, #4]	@ movhi
 123 0008 9BB2     		uxth	r3, r3
 124 000a 044A     		ldr	r2, .L8
 125 000c 43F01003 		orr	r3, r3, #16
 126 0010 9BB2     		uxth	r3, r3
 127 0012 9380     		strh	r3, [r2, #4]	@ movhi
 115:./Libraries/STM32F10x_StdPeriph_Driver/src/stm32f10x_rtc.c **** }
 128              		.loc 1 115 1
 129 0014 00BF     		nop
 130 0016 BD46     		mov	sp, r7
 131              	.LCFI8:
 132              		.cfi_def_cfa_register 13
 133              		@ sp needed
 134 0018 80BC     		pop	{r7}
 135              	.LCFI9:
 136              		.cfi_restore 7
 137              		.cfi_def_cfa_offset 0
 138 001a 7047     		bx	lr
 139              	.L9:
 140              		.align	2
 141              	.L8:
 142 001c 00280040 		.word	1073752064
 143              		.cfi_endproc
 144              	.LFE30:
 146              		.section	.text.RTC_ExitConfigMode,"ax",%progbits
 147              		.align	1
 148              		.global	RTC_ExitConfigMode
 149              		.syntax unified
 150              		.thumb
 151              		.thumb_func
 152              		.fpu softvfp
 154              	RTC_ExitConfigMode:
 155              	.LFB31:
 116:./Libraries/STM32F10x_StdPeriph_Driver/src/stm32f10x_rtc.c **** 
 117:./Libraries/STM32F10x_StdPeriph_Driver/src/stm32f10x_rtc.c **** /**
 118:./Libraries/STM32F10x_StdPeriph_Driver/src/stm32f10x_rtc.c ****   * @brief  Exits from the RTC configuration mode.
 119:./Libraries/STM32F10x_StdPeriph_Driver/src/stm32f10x_rtc.c ****   * @param  None
 120:./Libraries/STM32F10x_StdPeriph_Driver/src/stm32f10x_rtc.c ****   * @retval None
 121:./Libraries/STM32F10x_StdPeriph_Driver/src/stm32f10x_rtc.c ****   */
 122:./Libraries/STM32F10x_StdPeriph_Driver/src/stm32f10x_rtc.c **** void RTC_ExitConfigMode(void)
 123:./Libraries/STM32F10x_StdPeriph_Driver/src/stm32f10x_rtc.c **** {
 156              		.loc 1 123 1
 157              		.cfi_startproc
 158              		@ args = 0, pretend = 0, frame = 0
 159              		@ frame_needed = 1, uses_anonymous_args = 0
 160              		@ link register save eliminated.
 161 0000 80B4     		push	{r7}
 162              	.LCFI10:
 163              		.cfi_def_cfa_offset 4
 164              		.cfi_offset 7, -4
ARM GAS  /tmp/ccFlAUZW.s 			page 6


 165 0002 00AF     		add	r7, sp, #0
 166              	.LCFI11:
 167              		.cfi_def_cfa_register 7
 124:./Libraries/STM32F10x_StdPeriph_Driver/src/stm32f10x_rtc.c ****   /* Reset the CNF flag to exit from the Configuration Mode */
 125:./Libraries/STM32F10x_StdPeriph_Driver/src/stm32f10x_rtc.c ****   RTC->CRL &= (uint16_t)~((uint16_t)RTC_CRL_CNF); 
 168              		.loc 1 125 12
 169 0004 054B     		ldr	r3, .L11
 170 0006 9B88     		ldrh	r3, [r3, #4]	@ movhi
 171 0008 9BB2     		uxth	r3, r3
 172 000a 044A     		ldr	r2, .L11
 173 000c 23F01003 		bic	r3, r3, #16
 174 0010 9BB2     		uxth	r3, r3
 175 0012 9380     		strh	r3, [r2, #4]	@ movhi
 126:./Libraries/STM32F10x_StdPeriph_Driver/src/stm32f10x_rtc.c **** }
 176              		.loc 1 126 1
 177 0014 00BF     		nop
 178 0016 BD46     		mov	sp, r7
 179              	.LCFI12:
 180              		.cfi_def_cfa_register 13
 181              		@ sp needed
 182 0018 80BC     		pop	{r7}
 183              	.LCFI13:
 184              		.cfi_restore 7
 185              		.cfi_def_cfa_offset 0
 186 001a 7047     		bx	lr
 187              	.L12:
 188              		.align	2
 189              	.L11:
 190 001c 00280040 		.word	1073752064
 191              		.cfi_endproc
 192              	.LFE31:
 194              		.section	.text.RTC_GetCounter,"ax",%progbits
 195              		.align	1
 196              		.global	RTC_GetCounter
 197              		.syntax unified
 198              		.thumb
 199              		.thumb_func
 200              		.fpu softvfp
 202              	RTC_GetCounter:
 203              	.LFB32:
 127:./Libraries/STM32F10x_StdPeriph_Driver/src/stm32f10x_rtc.c **** 
 128:./Libraries/STM32F10x_StdPeriph_Driver/src/stm32f10x_rtc.c **** /**
 129:./Libraries/STM32F10x_StdPeriph_Driver/src/stm32f10x_rtc.c ****   * @brief  Gets the RTC counter value.
 130:./Libraries/STM32F10x_StdPeriph_Driver/src/stm32f10x_rtc.c ****   * @param  None
 131:./Libraries/STM32F10x_StdPeriph_Driver/src/stm32f10x_rtc.c ****   * @retval RTC counter value.
 132:./Libraries/STM32F10x_StdPeriph_Driver/src/stm32f10x_rtc.c ****   */
 133:./Libraries/STM32F10x_StdPeriph_Driver/src/stm32f10x_rtc.c **** uint32_t RTC_GetCounter(void)
 134:./Libraries/STM32F10x_StdPeriph_Driver/src/stm32f10x_rtc.c **** {
 204              		.loc 1 134 1
 205              		.cfi_startproc
 206              		@ args = 0, pretend = 0, frame = 8
 207              		@ frame_needed = 1, uses_anonymous_args = 0
 208              		@ link register save eliminated.
 209 0000 80B4     		push	{r7}
 210              	.LCFI14:
 211              		.cfi_def_cfa_offset 4
 212              		.cfi_offset 7, -4
ARM GAS  /tmp/ccFlAUZW.s 			page 7


 213 0002 83B0     		sub	sp, sp, #12
 214              	.LCFI15:
 215              		.cfi_def_cfa_offset 16
 216 0004 00AF     		add	r7, sp, #0
 217              	.LCFI16:
 218              		.cfi_def_cfa_register 7
 135:./Libraries/STM32F10x_StdPeriph_Driver/src/stm32f10x_rtc.c ****   uint16_t tmp = 0;
 219              		.loc 1 135 12
 220 0006 0023     		movs	r3, #0
 221 0008 FB80     		strh	r3, [r7, #6]	@ movhi
 136:./Libraries/STM32F10x_StdPeriph_Driver/src/stm32f10x_rtc.c ****   tmp = RTC->CNTL;
 222              		.loc 1 136 12
 223 000a 074B     		ldr	r3, .L15
 224              		.loc 1 136 7
 225 000c 9B8B     		ldrh	r3, [r3, #28]	@ movhi
 226 000e FB80     		strh	r3, [r7, #6]	@ movhi
 137:./Libraries/STM32F10x_StdPeriph_Driver/src/stm32f10x_rtc.c ****   return (((uint32_t)RTC->CNTH << 16 ) | tmp) ;
 227              		.loc 1 137 25
 228 0010 054B     		ldr	r3, .L15
 229 0012 1B8B     		ldrh	r3, [r3, #24]	@ movhi
 230 0014 9BB2     		uxth	r3, r3
 231              		.loc 1 137 32
 232 0016 1A04     		lsls	r2, r3, #16
 233              		.loc 1 137 40
 234 0018 FB88     		ldrh	r3, [r7, #6]
 235 001a 1343     		orrs	r3, r3, r2
 138:./Libraries/STM32F10x_StdPeriph_Driver/src/stm32f10x_rtc.c **** }
 236              		.loc 1 138 1
 237 001c 1846     		mov	r0, r3
 238 001e 0C37     		adds	r7, r7, #12
 239              	.LCFI17:
 240              		.cfi_def_cfa_offset 4
 241 0020 BD46     		mov	sp, r7
 242              	.LCFI18:
 243              		.cfi_def_cfa_register 13
 244              		@ sp needed
 245 0022 80BC     		pop	{r7}
 246              	.LCFI19:
 247              		.cfi_restore 7
 248              		.cfi_def_cfa_offset 0
 249 0024 7047     		bx	lr
 250              	.L16:
 251 0026 00BF     		.align	2
 252              	.L15:
 253 0028 00280040 		.word	1073752064
 254              		.cfi_endproc
 255              	.LFE32:
 257              		.section	.text.RTC_SetCounter,"ax",%progbits
 258              		.align	1
 259              		.global	RTC_SetCounter
 260              		.syntax unified
 261              		.thumb
 262              		.thumb_func
 263              		.fpu softvfp
 265              	RTC_SetCounter:
 266              	.LFB33:
 139:./Libraries/STM32F10x_StdPeriph_Driver/src/stm32f10x_rtc.c **** 
ARM GAS  /tmp/ccFlAUZW.s 			page 8


 140:./Libraries/STM32F10x_StdPeriph_Driver/src/stm32f10x_rtc.c **** /**
 141:./Libraries/STM32F10x_StdPeriph_Driver/src/stm32f10x_rtc.c ****   * @brief  Sets the RTC counter value.
 142:./Libraries/STM32F10x_StdPeriph_Driver/src/stm32f10x_rtc.c ****   * @param  CounterValue: RTC counter new value.
 143:./Libraries/STM32F10x_StdPeriph_Driver/src/stm32f10x_rtc.c ****   * @retval None
 144:./Libraries/STM32F10x_StdPeriph_Driver/src/stm32f10x_rtc.c ****   */
 145:./Libraries/STM32F10x_StdPeriph_Driver/src/stm32f10x_rtc.c **** void RTC_SetCounter(uint32_t CounterValue)
 146:./Libraries/STM32F10x_StdPeriph_Driver/src/stm32f10x_rtc.c **** { 
 267              		.loc 1 146 1
 268              		.cfi_startproc
 269              		@ args = 0, pretend = 0, frame = 8
 270              		@ frame_needed = 1, uses_anonymous_args = 0
 271 0000 80B5     		push	{r7, lr}
 272              	.LCFI20:
 273              		.cfi_def_cfa_offset 8
 274              		.cfi_offset 7, -8
 275              		.cfi_offset 14, -4
 276 0002 82B0     		sub	sp, sp, #8
 277              	.LCFI21:
 278              		.cfi_def_cfa_offset 16
 279 0004 00AF     		add	r7, sp, #0
 280              	.LCFI22:
 281              		.cfi_def_cfa_register 7
 282 0006 7860     		str	r0, [r7, #4]
 147:./Libraries/STM32F10x_StdPeriph_Driver/src/stm32f10x_rtc.c ****   RTC_EnterConfigMode();
 283              		.loc 1 147 3
 284 0008 FFF7FEFF 		bl	RTC_EnterConfigMode
 148:./Libraries/STM32F10x_StdPeriph_Driver/src/stm32f10x_rtc.c ****   /* Set RTC COUNTER MSB word */
 149:./Libraries/STM32F10x_StdPeriph_Driver/src/stm32f10x_rtc.c ****   RTC->CNTH = CounterValue >> 16;
 285              		.loc 1 149 28
 286 000c 7B68     		ldr	r3, [r7, #4]
 287 000e 1A0C     		lsrs	r2, r3, #16
 288              		.loc 1 149 6
 289 0010 064B     		ldr	r3, .L18
 290              		.loc 1 149 13
 291 0012 92B2     		uxth	r2, r2
 292 0014 1A83     		strh	r2, [r3, #24]	@ movhi
 150:./Libraries/STM32F10x_StdPeriph_Driver/src/stm32f10x_rtc.c ****   /* Set RTC COUNTER LSB word */
 151:./Libraries/STM32F10x_StdPeriph_Driver/src/stm32f10x_rtc.c ****   RTC->CNTL = (CounterValue & RTC_LSB_MASK);
 293              		.loc 1 151 6
 294 0016 054B     		ldr	r3, .L18
 295              		.loc 1 151 13
 296 0018 7A68     		ldr	r2, [r7, #4]
 297 001a 92B2     		uxth	r2, r2
 298 001c 9A83     		strh	r2, [r3, #28]	@ movhi
 152:./Libraries/STM32F10x_StdPeriph_Driver/src/stm32f10x_rtc.c ****   RTC_ExitConfigMode();
 299              		.loc 1 152 3
 300 001e FFF7FEFF 		bl	RTC_ExitConfigMode
 153:./Libraries/STM32F10x_StdPeriph_Driver/src/stm32f10x_rtc.c **** }
 301              		.loc 1 153 1
 302 0022 00BF     		nop
 303 0024 0837     		adds	r7, r7, #8
 304              	.LCFI23:
 305              		.cfi_def_cfa_offset 8
 306 0026 BD46     		mov	sp, r7
 307              	.LCFI24:
 308              		.cfi_def_cfa_register 13
 309              		@ sp needed
ARM GAS  /tmp/ccFlAUZW.s 			page 9


 310 0028 80BD     		pop	{r7, pc}
 311              	.L19:
 312 002a 00BF     		.align	2
 313              	.L18:
 314 002c 00280040 		.word	1073752064
 315              		.cfi_endproc
 316              	.LFE33:
 318              		.section	.text.RTC_SetPrescaler,"ax",%progbits
 319              		.align	1
 320              		.global	RTC_SetPrescaler
 321              		.syntax unified
 322              		.thumb
 323              		.thumb_func
 324              		.fpu softvfp
 326              	RTC_SetPrescaler:
 327              	.LFB34:
 154:./Libraries/STM32F10x_StdPeriph_Driver/src/stm32f10x_rtc.c **** 
 155:./Libraries/STM32F10x_StdPeriph_Driver/src/stm32f10x_rtc.c **** /**
 156:./Libraries/STM32F10x_StdPeriph_Driver/src/stm32f10x_rtc.c ****   * @brief  Sets the RTC prescaler value.
 157:./Libraries/STM32F10x_StdPeriph_Driver/src/stm32f10x_rtc.c ****   * @param  PrescalerValue: RTC prescaler new value.
 158:./Libraries/STM32F10x_StdPeriph_Driver/src/stm32f10x_rtc.c ****   * @retval None
 159:./Libraries/STM32F10x_StdPeriph_Driver/src/stm32f10x_rtc.c ****   */
 160:./Libraries/STM32F10x_StdPeriph_Driver/src/stm32f10x_rtc.c **** void RTC_SetPrescaler(uint32_t PrescalerValue)
 161:./Libraries/STM32F10x_StdPeriph_Driver/src/stm32f10x_rtc.c **** {
 328              		.loc 1 161 1
 329              		.cfi_startproc
 330              		@ args = 0, pretend = 0, frame = 8
 331              		@ frame_needed = 1, uses_anonymous_args = 0
 332 0000 80B5     		push	{r7, lr}
 333              	.LCFI25:
 334              		.cfi_def_cfa_offset 8
 335              		.cfi_offset 7, -8
 336              		.cfi_offset 14, -4
 337 0002 82B0     		sub	sp, sp, #8
 338              	.LCFI26:
 339              		.cfi_def_cfa_offset 16
 340 0004 00AF     		add	r7, sp, #0
 341              	.LCFI27:
 342              		.cfi_def_cfa_register 7
 343 0006 7860     		str	r0, [r7, #4]
 162:./Libraries/STM32F10x_StdPeriph_Driver/src/stm32f10x_rtc.c ****   /* Check the parameters */
 163:./Libraries/STM32F10x_StdPeriph_Driver/src/stm32f10x_rtc.c ****   assert_param(IS_RTC_PRESCALER(PrescalerValue));
 164:./Libraries/STM32F10x_StdPeriph_Driver/src/stm32f10x_rtc.c ****   
 165:./Libraries/STM32F10x_StdPeriph_Driver/src/stm32f10x_rtc.c ****   RTC_EnterConfigMode();
 344              		.loc 1 165 3
 345 0008 FFF7FEFF 		bl	RTC_EnterConfigMode
 166:./Libraries/STM32F10x_StdPeriph_Driver/src/stm32f10x_rtc.c ****   /* Set RTC PRESCALER MSB word */
 167:./Libraries/STM32F10x_StdPeriph_Driver/src/stm32f10x_rtc.c ****   RTC->PRLH = (PrescalerValue & PRLH_MSB_MASK) >> 16;
 346              		.loc 1 167 48
 347 000c 7B68     		ldr	r3, [r7, #4]
 348 000e 1B0C     		lsrs	r3, r3, #16
 349 0010 9BB2     		uxth	r3, r3
 350              		.loc 1 167 6
 351 0012 074A     		ldr	r2, .L21
 352              		.loc 1 167 48
 353 0014 03F00F03 		and	r3, r3, #15
 354 0018 9BB2     		uxth	r3, r3
ARM GAS  /tmp/ccFlAUZW.s 			page 10


 355              		.loc 1 167 13
 356 001a 1381     		strh	r3, [r2, #8]	@ movhi
 168:./Libraries/STM32F10x_StdPeriph_Driver/src/stm32f10x_rtc.c ****   /* Set RTC PRESCALER LSB word */
 169:./Libraries/STM32F10x_StdPeriph_Driver/src/stm32f10x_rtc.c ****   RTC->PRLL = (PrescalerValue & RTC_LSB_MASK);
 357              		.loc 1 169 6
 358 001c 044B     		ldr	r3, .L21
 359              		.loc 1 169 13
 360 001e 7A68     		ldr	r2, [r7, #4]
 361 0020 92B2     		uxth	r2, r2
 362 0022 9A81     		strh	r2, [r3, #12]	@ movhi
 170:./Libraries/STM32F10x_StdPeriph_Driver/src/stm32f10x_rtc.c ****   RTC_ExitConfigMode();
 363              		.loc 1 170 3
 364 0024 FFF7FEFF 		bl	RTC_ExitConfigMode
 171:./Libraries/STM32F10x_StdPeriph_Driver/src/stm32f10x_rtc.c **** }
 365              		.loc 1 171 1
 366 0028 00BF     		nop
 367 002a 0837     		adds	r7, r7, #8
 368              	.LCFI28:
 369              		.cfi_def_cfa_offset 8
 370 002c BD46     		mov	sp, r7
 371              	.LCFI29:
 372              		.cfi_def_cfa_register 13
 373              		@ sp needed
 374 002e 80BD     		pop	{r7, pc}
 375              	.L22:
 376              		.align	2
 377              	.L21:
 378 0030 00280040 		.word	1073752064
 379              		.cfi_endproc
 380              	.LFE34:
 382              		.section	.text.RTC_SetAlarm,"ax",%progbits
 383              		.align	1
 384              		.global	RTC_SetAlarm
 385              		.syntax unified
 386              		.thumb
 387              		.thumb_func
 388              		.fpu softvfp
 390              	RTC_SetAlarm:
 391              	.LFB35:
 172:./Libraries/STM32F10x_StdPeriph_Driver/src/stm32f10x_rtc.c **** 
 173:./Libraries/STM32F10x_StdPeriph_Driver/src/stm32f10x_rtc.c **** /**
 174:./Libraries/STM32F10x_StdPeriph_Driver/src/stm32f10x_rtc.c ****   * @brief  Sets the RTC alarm value.
 175:./Libraries/STM32F10x_StdPeriph_Driver/src/stm32f10x_rtc.c ****   * @param  AlarmValue: RTC alarm new value.
 176:./Libraries/STM32F10x_StdPeriph_Driver/src/stm32f10x_rtc.c ****   * @retval None
 177:./Libraries/STM32F10x_StdPeriph_Driver/src/stm32f10x_rtc.c ****   */
 178:./Libraries/STM32F10x_StdPeriph_Driver/src/stm32f10x_rtc.c **** void RTC_SetAlarm(uint32_t AlarmValue)
 179:./Libraries/STM32F10x_StdPeriph_Driver/src/stm32f10x_rtc.c **** {  
 392              		.loc 1 179 1
 393              		.cfi_startproc
 394              		@ args = 0, pretend = 0, frame = 8
 395              		@ frame_needed = 1, uses_anonymous_args = 0
 396 0000 80B5     		push	{r7, lr}
 397              	.LCFI30:
 398              		.cfi_def_cfa_offset 8
 399              		.cfi_offset 7, -8
 400              		.cfi_offset 14, -4
 401 0002 82B0     		sub	sp, sp, #8
ARM GAS  /tmp/ccFlAUZW.s 			page 11


 402              	.LCFI31:
 403              		.cfi_def_cfa_offset 16
 404 0004 00AF     		add	r7, sp, #0
 405              	.LCFI32:
 406              		.cfi_def_cfa_register 7
 407 0006 7860     		str	r0, [r7, #4]
 180:./Libraries/STM32F10x_StdPeriph_Driver/src/stm32f10x_rtc.c ****   RTC_EnterConfigMode();
 408              		.loc 1 180 3
 409 0008 FFF7FEFF 		bl	RTC_EnterConfigMode
 181:./Libraries/STM32F10x_StdPeriph_Driver/src/stm32f10x_rtc.c ****   /* Set the ALARM MSB word */
 182:./Libraries/STM32F10x_StdPeriph_Driver/src/stm32f10x_rtc.c ****   RTC->ALRH = AlarmValue >> 16;
 410              		.loc 1 182 26
 411 000c 7B68     		ldr	r3, [r7, #4]
 412 000e 1A0C     		lsrs	r2, r3, #16
 413              		.loc 1 182 6
 414 0010 064B     		ldr	r3, .L24
 415              		.loc 1 182 13
 416 0012 92B2     		uxth	r2, r2
 417 0014 1A84     		strh	r2, [r3, #32]	@ movhi
 183:./Libraries/STM32F10x_StdPeriph_Driver/src/stm32f10x_rtc.c ****   /* Set the ALARM LSB word */
 184:./Libraries/STM32F10x_StdPeriph_Driver/src/stm32f10x_rtc.c ****   RTC->ALRL = (AlarmValue & RTC_LSB_MASK);
 418              		.loc 1 184 6
 419 0016 054B     		ldr	r3, .L24
 420              		.loc 1 184 13
 421 0018 7A68     		ldr	r2, [r7, #4]
 422 001a 92B2     		uxth	r2, r2
 423 001c 9A84     		strh	r2, [r3, #36]	@ movhi
 185:./Libraries/STM32F10x_StdPeriph_Driver/src/stm32f10x_rtc.c ****   RTC_ExitConfigMode();
 424              		.loc 1 185 3
 425 001e FFF7FEFF 		bl	RTC_ExitConfigMode
 186:./Libraries/STM32F10x_StdPeriph_Driver/src/stm32f10x_rtc.c **** }
 426              		.loc 1 186 1
 427 0022 00BF     		nop
 428 0024 0837     		adds	r7, r7, #8
 429              	.LCFI33:
 430              		.cfi_def_cfa_offset 8
 431 0026 BD46     		mov	sp, r7
 432              	.LCFI34:
 433              		.cfi_def_cfa_register 13
 434              		@ sp needed
 435 0028 80BD     		pop	{r7, pc}
 436              	.L25:
 437 002a 00BF     		.align	2
 438              	.L24:
 439 002c 00280040 		.word	1073752064
 440              		.cfi_endproc
 441              	.LFE35:
 443              		.section	.text.RTC_GetDivider,"ax",%progbits
 444              		.align	1
 445              		.global	RTC_GetDivider
 446              		.syntax unified
 447              		.thumb
 448              		.thumb_func
 449              		.fpu softvfp
 451              	RTC_GetDivider:
 452              	.LFB36:
 187:./Libraries/STM32F10x_StdPeriph_Driver/src/stm32f10x_rtc.c **** 
ARM GAS  /tmp/ccFlAUZW.s 			page 12


 188:./Libraries/STM32F10x_StdPeriph_Driver/src/stm32f10x_rtc.c **** /**
 189:./Libraries/STM32F10x_StdPeriph_Driver/src/stm32f10x_rtc.c ****   * @brief  Gets the RTC divider value.
 190:./Libraries/STM32F10x_StdPeriph_Driver/src/stm32f10x_rtc.c ****   * @param  None
 191:./Libraries/STM32F10x_StdPeriph_Driver/src/stm32f10x_rtc.c ****   * @retval RTC Divider value.
 192:./Libraries/STM32F10x_StdPeriph_Driver/src/stm32f10x_rtc.c ****   */
 193:./Libraries/STM32F10x_StdPeriph_Driver/src/stm32f10x_rtc.c **** uint32_t RTC_GetDivider(void)
 194:./Libraries/STM32F10x_StdPeriph_Driver/src/stm32f10x_rtc.c **** {
 453              		.loc 1 194 1
 454              		.cfi_startproc
 455              		@ args = 0, pretend = 0, frame = 8
 456              		@ frame_needed = 1, uses_anonymous_args = 0
 457              		@ link register save eliminated.
 458 0000 80B4     		push	{r7}
 459              	.LCFI35:
 460              		.cfi_def_cfa_offset 4
 461              		.cfi_offset 7, -4
 462 0002 83B0     		sub	sp, sp, #12
 463              	.LCFI36:
 464              		.cfi_def_cfa_offset 16
 465 0004 00AF     		add	r7, sp, #0
 466              	.LCFI37:
 467              		.cfi_def_cfa_register 7
 195:./Libraries/STM32F10x_StdPeriph_Driver/src/stm32f10x_rtc.c ****   uint32_t tmp = 0x00;
 468              		.loc 1 195 12
 469 0006 0023     		movs	r3, #0
 470 0008 7B60     		str	r3, [r7, #4]
 196:./Libraries/STM32F10x_StdPeriph_Driver/src/stm32f10x_rtc.c ****   tmp = ((uint32_t)RTC->DIVH & (uint32_t)0x000F) << 16;
 471              		.loc 1 196 23
 472 000a 0A4B     		ldr	r3, .L28
 473 000c 1B8A     		ldrh	r3, [r3, #16]	@ movhi
 474 000e 9BB2     		uxth	r3, r3
 475              		.loc 1 196 50
 476 0010 1B04     		lsls	r3, r3, #16
 477              		.loc 1 196 7
 478 0012 03F47023 		and	r3, r3, #983040
 479 0016 7B60     		str	r3, [r7, #4]
 197:./Libraries/STM32F10x_StdPeriph_Driver/src/stm32f10x_rtc.c ****   tmp |= RTC->DIVL;
 480              		.loc 1 197 13
 481 0018 064B     		ldr	r3, .L28
 482 001a 9B8A     		ldrh	r3, [r3, #20]	@ movhi
 483 001c 9BB2     		uxth	r3, r3
 484 001e 1A46     		mov	r2, r3
 485              		.loc 1 197 7
 486 0020 7B68     		ldr	r3, [r7, #4]
 487 0022 1343     		orrs	r3, r3, r2
 488 0024 7B60     		str	r3, [r7, #4]
 198:./Libraries/STM32F10x_StdPeriph_Driver/src/stm32f10x_rtc.c ****   return tmp;
 489              		.loc 1 198 10
 490 0026 7B68     		ldr	r3, [r7, #4]
 199:./Libraries/STM32F10x_StdPeriph_Driver/src/stm32f10x_rtc.c **** }
 491              		.loc 1 199 1
 492 0028 1846     		mov	r0, r3
 493 002a 0C37     		adds	r7, r7, #12
 494              	.LCFI38:
 495              		.cfi_def_cfa_offset 4
 496 002c BD46     		mov	sp, r7
 497              	.LCFI39:
ARM GAS  /tmp/ccFlAUZW.s 			page 13


 498              		.cfi_def_cfa_register 13
 499              		@ sp needed
 500 002e 80BC     		pop	{r7}
 501              	.LCFI40:
 502              		.cfi_restore 7
 503              		.cfi_def_cfa_offset 0
 504 0030 7047     		bx	lr
 505              	.L29:
 506 0032 00BF     		.align	2
 507              	.L28:
 508 0034 00280040 		.word	1073752064
 509              		.cfi_endproc
 510              	.LFE36:
 512              		.section	.text.RTC_WaitForLastTask,"ax",%progbits
 513              		.align	1
 514              		.global	RTC_WaitForLastTask
 515              		.syntax unified
 516              		.thumb
 517              		.thumb_func
 518              		.fpu softvfp
 520              	RTC_WaitForLastTask:
 521              	.LFB37:
 200:./Libraries/STM32F10x_StdPeriph_Driver/src/stm32f10x_rtc.c **** 
 201:./Libraries/STM32F10x_StdPeriph_Driver/src/stm32f10x_rtc.c **** /**
 202:./Libraries/STM32F10x_StdPeriph_Driver/src/stm32f10x_rtc.c ****   * @brief  Waits until last write operation on RTC registers has finished.
 203:./Libraries/STM32F10x_StdPeriph_Driver/src/stm32f10x_rtc.c ****   * @note   This function must be called before any write to RTC registers.
 204:./Libraries/STM32F10x_StdPeriph_Driver/src/stm32f10x_rtc.c ****   * @param  None
 205:./Libraries/STM32F10x_StdPeriph_Driver/src/stm32f10x_rtc.c ****   * @retval None
 206:./Libraries/STM32F10x_StdPeriph_Driver/src/stm32f10x_rtc.c ****   */
 207:./Libraries/STM32F10x_StdPeriph_Driver/src/stm32f10x_rtc.c **** void RTC_WaitForLastTask(void)
 208:./Libraries/STM32F10x_StdPeriph_Driver/src/stm32f10x_rtc.c **** {
 522              		.loc 1 208 1
 523              		.cfi_startproc
 524              		@ args = 0, pretend = 0, frame = 0
 525              		@ frame_needed = 1, uses_anonymous_args = 0
 526              		@ link register save eliminated.
 527 0000 80B4     		push	{r7}
 528              	.LCFI41:
 529              		.cfi_def_cfa_offset 4
 530              		.cfi_offset 7, -4
 531 0002 00AF     		add	r7, sp, #0
 532              	.LCFI42:
 533              		.cfi_def_cfa_register 7
 209:./Libraries/STM32F10x_StdPeriph_Driver/src/stm32f10x_rtc.c ****   /* Loop until RTOFF flag is set */
 210:./Libraries/STM32F10x_StdPeriph_Driver/src/stm32f10x_rtc.c ****   while ((RTC->CRL & RTC_FLAG_RTOFF) == (uint16_t)RESET)
 534              		.loc 1 210 9
 535 0004 00BF     		nop
 536              	.L31:
 537              		.loc 1 210 14 discriminator 1
 538 0006 064B     		ldr	r3, .L32
 539 0008 9B88     		ldrh	r3, [r3, #4]	@ movhi
 540 000a 9BB2     		uxth	r3, r3
 541              		.loc 1 210 20 discriminator 1
 542 000c 03F02003 		and	r3, r3, #32
 543              		.loc 1 210 9 discriminator 1
 544 0010 002B     		cmp	r3, #0
 545 0012 F8D0     		beq	.L31
ARM GAS  /tmp/ccFlAUZW.s 			page 14


 211:./Libraries/STM32F10x_StdPeriph_Driver/src/stm32f10x_rtc.c ****   {
 212:./Libraries/STM32F10x_StdPeriph_Driver/src/stm32f10x_rtc.c ****   }
 213:./Libraries/STM32F10x_StdPeriph_Driver/src/stm32f10x_rtc.c **** }
 546              		.loc 1 213 1
 547 0014 00BF     		nop
 548 0016 00BF     		nop
 549 0018 BD46     		mov	sp, r7
 550              	.LCFI43:
 551              		.cfi_def_cfa_register 13
 552              		@ sp needed
 553 001a 80BC     		pop	{r7}
 554              	.LCFI44:
 555              		.cfi_restore 7
 556              		.cfi_def_cfa_offset 0
 557 001c 7047     		bx	lr
 558              	.L33:
 559 001e 00BF     		.align	2
 560              	.L32:
 561 0020 00280040 		.word	1073752064
 562              		.cfi_endproc
 563              	.LFE37:
 565              		.section	.text.RTC_WaitForSynchro,"ax",%progbits
 566              		.align	1
 567              		.global	RTC_WaitForSynchro
 568              		.syntax unified
 569              		.thumb
 570              		.thumb_func
 571              		.fpu softvfp
 573              	RTC_WaitForSynchro:
 574              	.LFB38:
 214:./Libraries/STM32F10x_StdPeriph_Driver/src/stm32f10x_rtc.c **** 
 215:./Libraries/STM32F10x_StdPeriph_Driver/src/stm32f10x_rtc.c **** /**
 216:./Libraries/STM32F10x_StdPeriph_Driver/src/stm32f10x_rtc.c ****   * @brief  Waits until the RTC registers (RTC_CNT, RTC_ALR and RTC_PRL)
 217:./Libraries/STM32F10x_StdPeriph_Driver/src/stm32f10x_rtc.c ****   *   are synchronized with RTC APB clock.
 218:./Libraries/STM32F10x_StdPeriph_Driver/src/stm32f10x_rtc.c ****   * @note   This function must be called before any read operation after an APB reset
 219:./Libraries/STM32F10x_StdPeriph_Driver/src/stm32f10x_rtc.c ****   *   or an APB clock stop.
 220:./Libraries/STM32F10x_StdPeriph_Driver/src/stm32f10x_rtc.c ****   * @param  None
 221:./Libraries/STM32F10x_StdPeriph_Driver/src/stm32f10x_rtc.c ****   * @retval None
 222:./Libraries/STM32F10x_StdPeriph_Driver/src/stm32f10x_rtc.c ****   */
 223:./Libraries/STM32F10x_StdPeriph_Driver/src/stm32f10x_rtc.c **** void RTC_WaitForSynchro(void)
 224:./Libraries/STM32F10x_StdPeriph_Driver/src/stm32f10x_rtc.c **** {
 575              		.loc 1 224 1
 576              		.cfi_startproc
 577              		@ args = 0, pretend = 0, frame = 0
 578              		@ frame_needed = 1, uses_anonymous_args = 0
 579              		@ link register save eliminated.
 580 0000 80B4     		push	{r7}
 581              	.LCFI45:
 582              		.cfi_def_cfa_offset 4
 583              		.cfi_offset 7, -4
 584 0002 00AF     		add	r7, sp, #0
 585              	.LCFI46:
 586              		.cfi_def_cfa_register 7
 225:./Libraries/STM32F10x_StdPeriph_Driver/src/stm32f10x_rtc.c ****   /* Clear RSF flag */
 226:./Libraries/STM32F10x_StdPeriph_Driver/src/stm32f10x_rtc.c ****   RTC->CRL &= (uint16_t)~RTC_FLAG_RSF;
 587              		.loc 1 226 12
 588 0004 0A4B     		ldr	r3, .L36
ARM GAS  /tmp/ccFlAUZW.s 			page 15


 589 0006 9B88     		ldrh	r3, [r3, #4]	@ movhi
 590 0008 9BB2     		uxth	r3, r3
 591 000a 094A     		ldr	r2, .L36
 592 000c 23F00803 		bic	r3, r3, #8
 593 0010 9BB2     		uxth	r3, r3
 594 0012 9380     		strh	r3, [r2, #4]	@ movhi
 227:./Libraries/STM32F10x_StdPeriph_Driver/src/stm32f10x_rtc.c ****   /* Loop until RSF flag is set */
 228:./Libraries/STM32F10x_StdPeriph_Driver/src/stm32f10x_rtc.c ****   while ((RTC->CRL & RTC_FLAG_RSF) == (uint16_t)RESET)
 595              		.loc 1 228 9
 596 0014 00BF     		nop
 597              	.L35:
 598              		.loc 1 228 14 discriminator 1
 599 0016 064B     		ldr	r3, .L36
 600 0018 9B88     		ldrh	r3, [r3, #4]	@ movhi
 601 001a 9BB2     		uxth	r3, r3
 602              		.loc 1 228 20 discriminator 1
 603 001c 03F00803 		and	r3, r3, #8
 604              		.loc 1 228 9 discriminator 1
 605 0020 002B     		cmp	r3, #0
 606 0022 F8D0     		beq	.L35
 229:./Libraries/STM32F10x_StdPeriph_Driver/src/stm32f10x_rtc.c ****   {
 230:./Libraries/STM32F10x_StdPeriph_Driver/src/stm32f10x_rtc.c ****   }
 231:./Libraries/STM32F10x_StdPeriph_Driver/src/stm32f10x_rtc.c **** }
 607              		.loc 1 231 1
 608 0024 00BF     		nop
 609 0026 00BF     		nop
 610 0028 BD46     		mov	sp, r7
 611              	.LCFI47:
 612              		.cfi_def_cfa_register 13
 613              		@ sp needed
 614 002a 80BC     		pop	{r7}
 615              	.LCFI48:
 616              		.cfi_restore 7
 617              		.cfi_def_cfa_offset 0
 618 002c 7047     		bx	lr
 619              	.L37:
 620 002e 00BF     		.align	2
 621              	.L36:
 622 0030 00280040 		.word	1073752064
 623              		.cfi_endproc
 624              	.LFE38:
 626              		.section	.text.RTC_GetFlagStatus,"ax",%progbits
 627              		.align	1
 628              		.global	RTC_GetFlagStatus
 629              		.syntax unified
 630              		.thumb
 631              		.thumb_func
 632              		.fpu softvfp
 634              	RTC_GetFlagStatus:
 635              	.LFB39:
 232:./Libraries/STM32F10x_StdPeriph_Driver/src/stm32f10x_rtc.c **** 
 233:./Libraries/STM32F10x_StdPeriph_Driver/src/stm32f10x_rtc.c **** /**
 234:./Libraries/STM32F10x_StdPeriph_Driver/src/stm32f10x_rtc.c ****   * @brief  Checks whether the specified RTC flag is set or not.
 235:./Libraries/STM32F10x_StdPeriph_Driver/src/stm32f10x_rtc.c ****   * @param  RTC_FLAG: specifies the flag to check.
 236:./Libraries/STM32F10x_StdPeriph_Driver/src/stm32f10x_rtc.c ****   *   This parameter can be one the following values:
 237:./Libraries/STM32F10x_StdPeriph_Driver/src/stm32f10x_rtc.c ****   *     @arg RTC_FLAG_RTOFF: RTC Operation OFF flag
 238:./Libraries/STM32F10x_StdPeriph_Driver/src/stm32f10x_rtc.c ****   *     @arg RTC_FLAG_RSF: Registers Synchronized flag
ARM GAS  /tmp/ccFlAUZW.s 			page 16


 239:./Libraries/STM32F10x_StdPeriph_Driver/src/stm32f10x_rtc.c ****   *     @arg RTC_FLAG_OW: Overflow flag
 240:./Libraries/STM32F10x_StdPeriph_Driver/src/stm32f10x_rtc.c ****   *     @arg RTC_FLAG_ALR: Alarm flag
 241:./Libraries/STM32F10x_StdPeriph_Driver/src/stm32f10x_rtc.c ****   *     @arg RTC_FLAG_SEC: Second flag
 242:./Libraries/STM32F10x_StdPeriph_Driver/src/stm32f10x_rtc.c ****   * @retval The new state of RTC_FLAG (SET or RESET).
 243:./Libraries/STM32F10x_StdPeriph_Driver/src/stm32f10x_rtc.c ****   */
 244:./Libraries/STM32F10x_StdPeriph_Driver/src/stm32f10x_rtc.c **** FlagStatus RTC_GetFlagStatus(uint16_t RTC_FLAG)
 245:./Libraries/STM32F10x_StdPeriph_Driver/src/stm32f10x_rtc.c **** {
 636              		.loc 1 245 1
 637              		.cfi_startproc
 638              		@ args = 0, pretend = 0, frame = 16
 639              		@ frame_needed = 1, uses_anonymous_args = 0
 640              		@ link register save eliminated.
 641 0000 80B4     		push	{r7}
 642              	.LCFI49:
 643              		.cfi_def_cfa_offset 4
 644              		.cfi_offset 7, -4
 645 0002 85B0     		sub	sp, sp, #20
 646              	.LCFI50:
 647              		.cfi_def_cfa_offset 24
 648 0004 00AF     		add	r7, sp, #0
 649              	.LCFI51:
 650              		.cfi_def_cfa_register 7
 651 0006 0346     		mov	r3, r0
 652 0008 FB80     		strh	r3, [r7, #6]	@ movhi
 246:./Libraries/STM32F10x_StdPeriph_Driver/src/stm32f10x_rtc.c ****   FlagStatus bitstatus = RESET;
 653              		.loc 1 246 14
 654 000a 0023     		movs	r3, #0
 655 000c FB73     		strb	r3, [r7, #15]
 247:./Libraries/STM32F10x_StdPeriph_Driver/src/stm32f10x_rtc.c ****   
 248:./Libraries/STM32F10x_StdPeriph_Driver/src/stm32f10x_rtc.c ****   /* Check the parameters */
 249:./Libraries/STM32F10x_StdPeriph_Driver/src/stm32f10x_rtc.c ****   assert_param(IS_RTC_GET_FLAG(RTC_FLAG)); 
 250:./Libraries/STM32F10x_StdPeriph_Driver/src/stm32f10x_rtc.c ****   
 251:./Libraries/STM32F10x_StdPeriph_Driver/src/stm32f10x_rtc.c ****   if ((RTC->CRL & RTC_FLAG) != (uint16_t)RESET)
 656              		.loc 1 251 11
 657 000e 094B     		ldr	r3, .L42
 658 0010 9B88     		ldrh	r3, [r3, #4]	@ movhi
 659 0012 9AB2     		uxth	r2, r3
 660              		.loc 1 251 29
 661 0014 FB88     		ldrh	r3, [r7, #6]	@ movhi
 662 0016 1340     		ands	r3, r3, r2
 663 0018 9BB2     		uxth	r3, r3
 664              		.loc 1 251 6
 665 001a 002B     		cmp	r3, #0
 666 001c 02D0     		beq	.L39
 252:./Libraries/STM32F10x_StdPeriph_Driver/src/stm32f10x_rtc.c ****   {
 253:./Libraries/STM32F10x_StdPeriph_Driver/src/stm32f10x_rtc.c ****     bitstatus = SET;
 667              		.loc 1 253 15
 668 001e 0123     		movs	r3, #1
 669 0020 FB73     		strb	r3, [r7, #15]
 670 0022 01E0     		b	.L40
 671              	.L39:
 254:./Libraries/STM32F10x_StdPeriph_Driver/src/stm32f10x_rtc.c ****   }
 255:./Libraries/STM32F10x_StdPeriph_Driver/src/stm32f10x_rtc.c ****   else
 256:./Libraries/STM32F10x_StdPeriph_Driver/src/stm32f10x_rtc.c ****   {
 257:./Libraries/STM32F10x_StdPeriph_Driver/src/stm32f10x_rtc.c ****     bitstatus = RESET;
 672              		.loc 1 257 15
 673 0024 0023     		movs	r3, #0
ARM GAS  /tmp/ccFlAUZW.s 			page 17


 674 0026 FB73     		strb	r3, [r7, #15]
 675              	.L40:
 258:./Libraries/STM32F10x_StdPeriph_Driver/src/stm32f10x_rtc.c ****   }
 259:./Libraries/STM32F10x_StdPeriph_Driver/src/stm32f10x_rtc.c ****   return bitstatus;
 676              		.loc 1 259 10
 677 0028 FB7B     		ldrb	r3, [r7, #15]	@ zero_extendqisi2
 260:./Libraries/STM32F10x_StdPeriph_Driver/src/stm32f10x_rtc.c **** }
 678              		.loc 1 260 1
 679 002a 1846     		mov	r0, r3
 680 002c 1437     		adds	r7, r7, #20
 681              	.LCFI52:
 682              		.cfi_def_cfa_offset 4
 683 002e BD46     		mov	sp, r7
 684              	.LCFI53:
 685              		.cfi_def_cfa_register 13
 686              		@ sp needed
 687 0030 80BC     		pop	{r7}
 688              	.LCFI54:
 689              		.cfi_restore 7
 690              		.cfi_def_cfa_offset 0
 691 0032 7047     		bx	lr
 692              	.L43:
 693              		.align	2
 694              	.L42:
 695 0034 00280040 		.word	1073752064
 696              		.cfi_endproc
 697              	.LFE39:
 699              		.section	.text.RTC_ClearFlag,"ax",%progbits
 700              		.align	1
 701              		.global	RTC_ClearFlag
 702              		.syntax unified
 703              		.thumb
 704              		.thumb_func
 705              		.fpu softvfp
 707              	RTC_ClearFlag:
 708              	.LFB40:
 261:./Libraries/STM32F10x_StdPeriph_Driver/src/stm32f10x_rtc.c **** 
 262:./Libraries/STM32F10x_StdPeriph_Driver/src/stm32f10x_rtc.c **** /**
 263:./Libraries/STM32F10x_StdPeriph_Driver/src/stm32f10x_rtc.c ****   * @brief  Clears the RTC's pending flags.
 264:./Libraries/STM32F10x_StdPeriph_Driver/src/stm32f10x_rtc.c ****   * @param  RTC_FLAG: specifies the flag to clear.
 265:./Libraries/STM32F10x_StdPeriph_Driver/src/stm32f10x_rtc.c ****   *   This parameter can be any combination of the following values:
 266:./Libraries/STM32F10x_StdPeriph_Driver/src/stm32f10x_rtc.c ****   *     @arg RTC_FLAG_RSF: Registers Synchronized flag. This flag is cleared only after
 267:./Libraries/STM32F10x_StdPeriph_Driver/src/stm32f10x_rtc.c ****   *                        an APB reset or an APB Clock stop.
 268:./Libraries/STM32F10x_StdPeriph_Driver/src/stm32f10x_rtc.c ****   *     @arg RTC_FLAG_OW: Overflow flag
 269:./Libraries/STM32F10x_StdPeriph_Driver/src/stm32f10x_rtc.c ****   *     @arg RTC_FLAG_ALR: Alarm flag
 270:./Libraries/STM32F10x_StdPeriph_Driver/src/stm32f10x_rtc.c ****   *     @arg RTC_FLAG_SEC: Second flag
 271:./Libraries/STM32F10x_StdPeriph_Driver/src/stm32f10x_rtc.c ****   * @retval None
 272:./Libraries/STM32F10x_StdPeriph_Driver/src/stm32f10x_rtc.c ****   */
 273:./Libraries/STM32F10x_StdPeriph_Driver/src/stm32f10x_rtc.c **** void RTC_ClearFlag(uint16_t RTC_FLAG)
 274:./Libraries/STM32F10x_StdPeriph_Driver/src/stm32f10x_rtc.c **** {
 709              		.loc 1 274 1
 710              		.cfi_startproc
 711              		@ args = 0, pretend = 0, frame = 8
 712              		@ frame_needed = 1, uses_anonymous_args = 0
 713              		@ link register save eliminated.
 714 0000 80B4     		push	{r7}
 715              	.LCFI55:
ARM GAS  /tmp/ccFlAUZW.s 			page 18


 716              		.cfi_def_cfa_offset 4
 717              		.cfi_offset 7, -4
 718 0002 83B0     		sub	sp, sp, #12
 719              	.LCFI56:
 720              		.cfi_def_cfa_offset 16
 721 0004 00AF     		add	r7, sp, #0
 722              	.LCFI57:
 723              		.cfi_def_cfa_register 7
 724 0006 0346     		mov	r3, r0
 725 0008 FB80     		strh	r3, [r7, #6]	@ movhi
 275:./Libraries/STM32F10x_StdPeriph_Driver/src/stm32f10x_rtc.c ****   /* Check the parameters */
 276:./Libraries/STM32F10x_StdPeriph_Driver/src/stm32f10x_rtc.c ****   assert_param(IS_RTC_CLEAR_FLAG(RTC_FLAG)); 
 277:./Libraries/STM32F10x_StdPeriph_Driver/src/stm32f10x_rtc.c ****     
 278:./Libraries/STM32F10x_StdPeriph_Driver/src/stm32f10x_rtc.c ****   /* Clear the corresponding RTC flag */
 279:./Libraries/STM32F10x_StdPeriph_Driver/src/stm32f10x_rtc.c ****   RTC->CRL &= (uint16_t)~RTC_FLAG;
 726              		.loc 1 279 12
 727 000a 074B     		ldr	r3, .L45
 728 000c 9B88     		ldrh	r3, [r3, #4]	@ movhi
 729 000e 9AB2     		uxth	r2, r3
 730              		.loc 1 279 15
 731 0010 FB88     		ldrh	r3, [r7, #6]	@ movhi
 732 0012 DB43     		mvns	r3, r3
 733 0014 9BB2     		uxth	r3, r3
 734              		.loc 1 279 12
 735 0016 0449     		ldr	r1, .L45
 736 0018 1340     		ands	r3, r3, r2
 737 001a 9BB2     		uxth	r3, r3
 738 001c 8B80     		strh	r3, [r1, #4]	@ movhi
 280:./Libraries/STM32F10x_StdPeriph_Driver/src/stm32f10x_rtc.c **** }
 739              		.loc 1 280 1
 740 001e 00BF     		nop
 741 0020 0C37     		adds	r7, r7, #12
 742              	.LCFI58:
 743              		.cfi_def_cfa_offset 4
 744 0022 BD46     		mov	sp, r7
 745              	.LCFI59:
 746              		.cfi_def_cfa_register 13
 747              		@ sp needed
 748 0024 80BC     		pop	{r7}
 749              	.LCFI60:
 750              		.cfi_restore 7
 751              		.cfi_def_cfa_offset 0
 752 0026 7047     		bx	lr
 753              	.L46:
 754              		.align	2
 755              	.L45:
 756 0028 00280040 		.word	1073752064
 757              		.cfi_endproc
 758              	.LFE40:
 760              		.section	.text.RTC_GetITStatus,"ax",%progbits
 761              		.align	1
 762              		.global	RTC_GetITStatus
 763              		.syntax unified
 764              		.thumb
 765              		.thumb_func
 766              		.fpu softvfp
 768              	RTC_GetITStatus:
ARM GAS  /tmp/ccFlAUZW.s 			page 19


 769              	.LFB41:
 281:./Libraries/STM32F10x_StdPeriph_Driver/src/stm32f10x_rtc.c **** 
 282:./Libraries/STM32F10x_StdPeriph_Driver/src/stm32f10x_rtc.c **** /**
 283:./Libraries/STM32F10x_StdPeriph_Driver/src/stm32f10x_rtc.c ****   * @brief  Checks whether the specified RTC interrupt has occurred or not.
 284:./Libraries/STM32F10x_StdPeriph_Driver/src/stm32f10x_rtc.c ****   * @param  RTC_IT: specifies the RTC interrupts sources to check.
 285:./Libraries/STM32F10x_StdPeriph_Driver/src/stm32f10x_rtc.c ****   *   This parameter can be one of the following values:
 286:./Libraries/STM32F10x_StdPeriph_Driver/src/stm32f10x_rtc.c ****   *     @arg RTC_IT_OW: Overflow interrupt
 287:./Libraries/STM32F10x_StdPeriph_Driver/src/stm32f10x_rtc.c ****   *     @arg RTC_IT_ALR: Alarm interrupt
 288:./Libraries/STM32F10x_StdPeriph_Driver/src/stm32f10x_rtc.c ****   *     @arg RTC_IT_SEC: Second interrupt
 289:./Libraries/STM32F10x_StdPeriph_Driver/src/stm32f10x_rtc.c ****   * @retval The new state of the RTC_IT (SET or RESET).
 290:./Libraries/STM32F10x_StdPeriph_Driver/src/stm32f10x_rtc.c ****   */
 291:./Libraries/STM32F10x_StdPeriph_Driver/src/stm32f10x_rtc.c **** ITStatus RTC_GetITStatus(uint16_t RTC_IT)
 292:./Libraries/STM32F10x_StdPeriph_Driver/src/stm32f10x_rtc.c **** {
 770              		.loc 1 292 1
 771              		.cfi_startproc
 772              		@ args = 0, pretend = 0, frame = 16
 773              		@ frame_needed = 1, uses_anonymous_args = 0
 774              		@ link register save eliminated.
 775 0000 80B4     		push	{r7}
 776              	.LCFI61:
 777              		.cfi_def_cfa_offset 4
 778              		.cfi_offset 7, -4
 779 0002 85B0     		sub	sp, sp, #20
 780              	.LCFI62:
 781              		.cfi_def_cfa_offset 24
 782 0004 00AF     		add	r7, sp, #0
 783              	.LCFI63:
 784              		.cfi_def_cfa_register 7
 785 0006 0346     		mov	r3, r0
 786 0008 FB80     		strh	r3, [r7, #6]	@ movhi
 293:./Libraries/STM32F10x_StdPeriph_Driver/src/stm32f10x_rtc.c ****   ITStatus bitstatus = RESET;
 787              		.loc 1 293 12
 788 000a 0023     		movs	r3, #0
 789 000c FB73     		strb	r3, [r7, #15]
 294:./Libraries/STM32F10x_StdPeriph_Driver/src/stm32f10x_rtc.c ****   /* Check the parameters */
 295:./Libraries/STM32F10x_StdPeriph_Driver/src/stm32f10x_rtc.c ****   assert_param(IS_RTC_GET_IT(RTC_IT)); 
 296:./Libraries/STM32F10x_StdPeriph_Driver/src/stm32f10x_rtc.c ****   
 297:./Libraries/STM32F10x_StdPeriph_Driver/src/stm32f10x_rtc.c ****   bitstatus = (ITStatus)(RTC->CRL & RTC_IT);
 790              		.loc 1 297 29
 791 000e 0F4B     		ldr	r3, .L51
 792 0010 9B88     		ldrh	r3, [r3, #4]	@ movhi
 793 0012 9BB2     		uxth	r3, r3
 794              		.loc 1 297 15
 795 0014 DAB2     		uxtb	r2, r3
 796 0016 FB88     		ldrh	r3, [r7, #6]	@ movhi
 797 0018 DBB2     		uxtb	r3, r3
 798              		.loc 1 297 13
 799 001a 1340     		ands	r3, r3, r2
 800 001c FB73     		strb	r3, [r7, #15]
 298:./Libraries/STM32F10x_StdPeriph_Driver/src/stm32f10x_rtc.c ****   if (((RTC->CRH & RTC_IT) != (uint16_t)RESET) && (bitstatus != (uint16_t)RESET))
 801              		.loc 1 298 12
 802 001e 0B4B     		ldr	r3, .L51
 803 0020 1B88     		ldrh	r3, [r3]	@ movhi
 804 0022 9AB2     		uxth	r2, r3
 805              		.loc 1 298 28
 806 0024 FB88     		ldrh	r3, [r7, #6]	@ movhi
 807 0026 1340     		ands	r3, r3, r2
ARM GAS  /tmp/ccFlAUZW.s 			page 20


 808 0028 9BB2     		uxth	r3, r3
 809              		.loc 1 298 6
 810 002a 002B     		cmp	r3, #0
 811 002c 05D0     		beq	.L48
 812              		.loc 1 298 48 discriminator 1
 813 002e FB7B     		ldrb	r3, [r7, #15]	@ zero_extendqisi2
 814 0030 002B     		cmp	r3, #0
 815 0032 02D0     		beq	.L48
 299:./Libraries/STM32F10x_StdPeriph_Driver/src/stm32f10x_rtc.c ****   {
 300:./Libraries/STM32F10x_StdPeriph_Driver/src/stm32f10x_rtc.c ****     bitstatus = SET;
 816              		.loc 1 300 15
 817 0034 0123     		movs	r3, #1
 818 0036 FB73     		strb	r3, [r7, #15]
 819 0038 01E0     		b	.L49
 820              	.L48:
 301:./Libraries/STM32F10x_StdPeriph_Driver/src/stm32f10x_rtc.c ****   }
 302:./Libraries/STM32F10x_StdPeriph_Driver/src/stm32f10x_rtc.c ****   else
 303:./Libraries/STM32F10x_StdPeriph_Driver/src/stm32f10x_rtc.c ****   {
 304:./Libraries/STM32F10x_StdPeriph_Driver/src/stm32f10x_rtc.c ****     bitstatus = RESET;
 821              		.loc 1 304 15
 822 003a 0023     		movs	r3, #0
 823 003c FB73     		strb	r3, [r7, #15]
 824              	.L49:
 305:./Libraries/STM32F10x_StdPeriph_Driver/src/stm32f10x_rtc.c ****   }
 306:./Libraries/STM32F10x_StdPeriph_Driver/src/stm32f10x_rtc.c ****   return bitstatus;
 825              		.loc 1 306 10
 826 003e FB7B     		ldrb	r3, [r7, #15]	@ zero_extendqisi2
 307:./Libraries/STM32F10x_StdPeriph_Driver/src/stm32f10x_rtc.c **** }
 827              		.loc 1 307 1
 828 0040 1846     		mov	r0, r3
 829 0042 1437     		adds	r7, r7, #20
 830              	.LCFI64:
 831              		.cfi_def_cfa_offset 4
 832 0044 BD46     		mov	sp, r7
 833              	.LCFI65:
 834              		.cfi_def_cfa_register 13
 835              		@ sp needed
 836 0046 80BC     		pop	{r7}
 837              	.LCFI66:
 838              		.cfi_restore 7
 839              		.cfi_def_cfa_offset 0
 840 0048 7047     		bx	lr
 841              	.L52:
 842 004a 00BF     		.align	2
 843              	.L51:
 844 004c 00280040 		.word	1073752064
 845              		.cfi_endproc
 846              	.LFE41:
 848              		.section	.text.RTC_ClearITPendingBit,"ax",%progbits
 849              		.align	1
 850              		.global	RTC_ClearITPendingBit
 851              		.syntax unified
 852              		.thumb
 853              		.thumb_func
 854              		.fpu softvfp
 856              	RTC_ClearITPendingBit:
 857              	.LFB42:
ARM GAS  /tmp/ccFlAUZW.s 			page 21


 308:./Libraries/STM32F10x_StdPeriph_Driver/src/stm32f10x_rtc.c **** 
 309:./Libraries/STM32F10x_StdPeriph_Driver/src/stm32f10x_rtc.c **** /**
 310:./Libraries/STM32F10x_StdPeriph_Driver/src/stm32f10x_rtc.c ****   * @brief  Clears the RTC's interrupt pending bits.
 311:./Libraries/STM32F10x_StdPeriph_Driver/src/stm32f10x_rtc.c ****   * @param  RTC_IT: specifies the interrupt pending bit to clear.
 312:./Libraries/STM32F10x_StdPeriph_Driver/src/stm32f10x_rtc.c ****   *   This parameter can be any combination of the following values:
 313:./Libraries/STM32F10x_StdPeriph_Driver/src/stm32f10x_rtc.c ****   *     @arg RTC_IT_OW: Overflow interrupt
 314:./Libraries/STM32F10x_StdPeriph_Driver/src/stm32f10x_rtc.c ****   *     @arg RTC_IT_ALR: Alarm interrupt
 315:./Libraries/STM32F10x_StdPeriph_Driver/src/stm32f10x_rtc.c ****   *     @arg RTC_IT_SEC: Second interrupt
 316:./Libraries/STM32F10x_StdPeriph_Driver/src/stm32f10x_rtc.c ****   * @retval None
 317:./Libraries/STM32F10x_StdPeriph_Driver/src/stm32f10x_rtc.c ****   */
 318:./Libraries/STM32F10x_StdPeriph_Driver/src/stm32f10x_rtc.c **** void RTC_ClearITPendingBit(uint16_t RTC_IT)
 319:./Libraries/STM32F10x_StdPeriph_Driver/src/stm32f10x_rtc.c **** {
 858              		.loc 1 319 1
 859              		.cfi_startproc
 860              		@ args = 0, pretend = 0, frame = 8
 861              		@ frame_needed = 1, uses_anonymous_args = 0
 862              		@ link register save eliminated.
 863 0000 80B4     		push	{r7}
 864              	.LCFI67:
 865              		.cfi_def_cfa_offset 4
 866              		.cfi_offset 7, -4
 867 0002 83B0     		sub	sp, sp, #12
 868              	.LCFI68:
 869              		.cfi_def_cfa_offset 16
 870 0004 00AF     		add	r7, sp, #0
 871              	.LCFI69:
 872              		.cfi_def_cfa_register 7
 873 0006 0346     		mov	r3, r0
 874 0008 FB80     		strh	r3, [r7, #6]	@ movhi
 320:./Libraries/STM32F10x_StdPeriph_Driver/src/stm32f10x_rtc.c ****   /* Check the parameters */
 321:./Libraries/STM32F10x_StdPeriph_Driver/src/stm32f10x_rtc.c ****   assert_param(IS_RTC_IT(RTC_IT));  
 322:./Libraries/STM32F10x_StdPeriph_Driver/src/stm32f10x_rtc.c ****   
 323:./Libraries/STM32F10x_StdPeriph_Driver/src/stm32f10x_rtc.c ****   /* Clear the corresponding RTC pending bit */
 324:./Libraries/STM32F10x_StdPeriph_Driver/src/stm32f10x_rtc.c ****   RTC->CRL &= (uint16_t)~RTC_IT;
 875              		.loc 1 324 12
 876 000a 074B     		ldr	r3, .L54
 877 000c 9B88     		ldrh	r3, [r3, #4]	@ movhi
 878 000e 9AB2     		uxth	r2, r3
 879              		.loc 1 324 15
 880 0010 FB88     		ldrh	r3, [r7, #6]	@ movhi
 881 0012 DB43     		mvns	r3, r3
 882 0014 9BB2     		uxth	r3, r3
 883              		.loc 1 324 12
 884 0016 0449     		ldr	r1, .L54
 885 0018 1340     		ands	r3, r3, r2
 886 001a 9BB2     		uxth	r3, r3
 887 001c 8B80     		strh	r3, [r1, #4]	@ movhi
 325:./Libraries/STM32F10x_StdPeriph_Driver/src/stm32f10x_rtc.c **** }
 888              		.loc 1 325 1
 889 001e 00BF     		nop
 890 0020 0C37     		adds	r7, r7, #12
 891              	.LCFI70:
 892              		.cfi_def_cfa_offset 4
 893 0022 BD46     		mov	sp, r7
 894              	.LCFI71:
 895              		.cfi_def_cfa_register 13
 896              		@ sp needed
ARM GAS  /tmp/ccFlAUZW.s 			page 22


 897 0024 80BC     		pop	{r7}
 898              	.LCFI72:
 899              		.cfi_restore 7
 900              		.cfi_def_cfa_offset 0
 901 0026 7047     		bx	lr
 902              	.L55:
 903              		.align	2
 904              	.L54:
 905 0028 00280040 		.word	1073752064
 906              		.cfi_endproc
 907              	.LFE42:
 909              		.text
 910              	.Letext0:
 911              		.file 2 "/home/hao/Documents/gcc-arm-none-eabi/arm-none-eabi/include/machine/_default_types.h"
 912              		.file 3 "/home/hao/Documents/gcc-arm-none-eabi/arm-none-eabi/include/sys/_stdint.h"
 913              		.file 4 "./Libraries/CMSIS/stm32f10x.h"
ARM GAS  /tmp/ccFlAUZW.s 			page 23


DEFINED SYMBOLS
                            *ABS*:0000000000000000 stm32f10x_rtc.c
     /tmp/ccFlAUZW.s:16     .text.RTC_ITConfig:0000000000000000 $t
     /tmp/ccFlAUZW.s:24     .text.RTC_ITConfig:0000000000000000 RTC_ITConfig
     /tmp/ccFlAUZW.s:94     .text.RTC_ITConfig:0000000000000048 $d
     /tmp/ccFlAUZW.s:99     .text.RTC_EnterConfigMode:0000000000000000 $t
     /tmp/ccFlAUZW.s:106    .text.RTC_EnterConfigMode:0000000000000000 RTC_EnterConfigMode
     /tmp/ccFlAUZW.s:142    .text.RTC_EnterConfigMode:000000000000001c $d
     /tmp/ccFlAUZW.s:147    .text.RTC_ExitConfigMode:0000000000000000 $t
     /tmp/ccFlAUZW.s:154    .text.RTC_ExitConfigMode:0000000000000000 RTC_ExitConfigMode
     /tmp/ccFlAUZW.s:190    .text.RTC_ExitConfigMode:000000000000001c $d
     /tmp/ccFlAUZW.s:195    .text.RTC_GetCounter:0000000000000000 $t
     /tmp/ccFlAUZW.s:202    .text.RTC_GetCounter:0000000000000000 RTC_GetCounter
     /tmp/ccFlAUZW.s:253    .text.RTC_GetCounter:0000000000000028 $d
     /tmp/ccFlAUZW.s:258    .text.RTC_SetCounter:0000000000000000 $t
     /tmp/ccFlAUZW.s:265    .text.RTC_SetCounter:0000000000000000 RTC_SetCounter
     /tmp/ccFlAUZW.s:314    .text.RTC_SetCounter:000000000000002c $d
     /tmp/ccFlAUZW.s:319    .text.RTC_SetPrescaler:0000000000000000 $t
     /tmp/ccFlAUZW.s:326    .text.RTC_SetPrescaler:0000000000000000 RTC_SetPrescaler
     /tmp/ccFlAUZW.s:378    .text.RTC_SetPrescaler:0000000000000030 $d
     /tmp/ccFlAUZW.s:383    .text.RTC_SetAlarm:0000000000000000 $t
     /tmp/ccFlAUZW.s:390    .text.RTC_SetAlarm:0000000000000000 RTC_SetAlarm
     /tmp/ccFlAUZW.s:439    .text.RTC_SetAlarm:000000000000002c $d
     /tmp/ccFlAUZW.s:444    .text.RTC_GetDivider:0000000000000000 $t
     /tmp/ccFlAUZW.s:451    .text.RTC_GetDivider:0000000000000000 RTC_GetDivider
     /tmp/ccFlAUZW.s:508    .text.RTC_GetDivider:0000000000000034 $d
     /tmp/ccFlAUZW.s:513    .text.RTC_WaitForLastTask:0000000000000000 $t
     /tmp/ccFlAUZW.s:520    .text.RTC_WaitForLastTask:0000000000000000 RTC_WaitForLastTask
     /tmp/ccFlAUZW.s:561    .text.RTC_WaitForLastTask:0000000000000020 $d
     /tmp/ccFlAUZW.s:566    .text.RTC_WaitForSynchro:0000000000000000 $t
     /tmp/ccFlAUZW.s:573    .text.RTC_WaitForSynchro:0000000000000000 RTC_WaitForSynchro
     /tmp/ccFlAUZW.s:622    .text.RTC_WaitForSynchro:0000000000000030 $d
     /tmp/ccFlAUZW.s:627    .text.RTC_GetFlagStatus:0000000000000000 $t
     /tmp/ccFlAUZW.s:634    .text.RTC_GetFlagStatus:0000000000000000 RTC_GetFlagStatus
     /tmp/ccFlAUZW.s:695    .text.RTC_GetFlagStatus:0000000000000034 $d
     /tmp/ccFlAUZW.s:700    .text.RTC_ClearFlag:0000000000000000 $t
     /tmp/ccFlAUZW.s:707    .text.RTC_ClearFlag:0000000000000000 RTC_ClearFlag
     /tmp/ccFlAUZW.s:756    .text.RTC_ClearFlag:0000000000000028 $d
     /tmp/ccFlAUZW.s:761    .text.RTC_GetITStatus:0000000000000000 $t
     /tmp/ccFlAUZW.s:768    .text.RTC_GetITStatus:0000000000000000 RTC_GetITStatus
     /tmp/ccFlAUZW.s:844    .text.RTC_GetITStatus:000000000000004c $d
     /tmp/ccFlAUZW.s:849    .text.RTC_ClearITPendingBit:0000000000000000 $t
     /tmp/ccFlAUZW.s:856    .text.RTC_ClearITPendingBit:0000000000000000 RTC_ClearITPendingBit
     /tmp/ccFlAUZW.s:905    .text.RTC_ClearITPendingBit:0000000000000028 $d

NO UNDEFINED SYMBOLS
