ARM GAS  /tmp/ccBZ31Bs.s 			page 1


   1              		.cpu cortex-m3
   2              		.eabi_attribute 20, 1
   3              		.eabi_attribute 21, 1
   4              		.eabi_attribute 23, 3
   5              		.eabi_attribute 24, 1
   6              		.eabi_attribute 25, 1
   7              		.eabi_attribute 26, 1
   8              		.eabi_attribute 30, 6
   9              		.eabi_attribute 34, 1
  10              		.eabi_attribute 18, 4
  11              		.file	"stm32f10x_wwdg.c"
  12              		.text
  13              	.Ltext0:
  14              		.cfi_sections	.debug_frame
  15              		.section	.text.WWDG_DeInit,"ax",%progbits
  16              		.align	1
  17              		.global	WWDG_DeInit
  18              		.arch armv7-m
  19              		.syntax unified
  20              		.thumb
  21              		.thumb_func
  22              		.fpu softvfp
  24              	WWDG_DeInit:
  25              	.LFB29:
  26              		.file 1 "./Libraries/STM32F10x_StdPeriph_Driver/src/stm32f10x_wwdg.c"
   1:./Libraries/STM32F10x_StdPeriph_Driver/src/stm32f10x_wwdg.c **** /**
   2:./Libraries/STM32F10x_StdPeriph_Driver/src/stm32f10x_wwdg.c ****   ******************************************************************************
   3:./Libraries/STM32F10x_StdPeriph_Driver/src/stm32f10x_wwdg.c ****   * @file    stm32f10x_wwdg.c
   4:./Libraries/STM32F10x_StdPeriph_Driver/src/stm32f10x_wwdg.c ****   * @author  MCD Application Team
   5:./Libraries/STM32F10x_StdPeriph_Driver/src/stm32f10x_wwdg.c ****   * @version V3.5.0
   6:./Libraries/STM32F10x_StdPeriph_Driver/src/stm32f10x_wwdg.c ****   * @date    11-March-2011
   7:./Libraries/STM32F10x_StdPeriph_Driver/src/stm32f10x_wwdg.c ****   * @brief   This file provides all the WWDG firmware functions.
   8:./Libraries/STM32F10x_StdPeriph_Driver/src/stm32f10x_wwdg.c ****   ******************************************************************************
   9:./Libraries/STM32F10x_StdPeriph_Driver/src/stm32f10x_wwdg.c ****   * @attention
  10:./Libraries/STM32F10x_StdPeriph_Driver/src/stm32f10x_wwdg.c ****   *
  11:./Libraries/STM32F10x_StdPeriph_Driver/src/stm32f10x_wwdg.c ****   * THE PRESENT FIRMWARE WHICH IS FOR GUIDANCE ONLY AIMS AT PROVIDING CUSTOMERS
  12:./Libraries/STM32F10x_StdPeriph_Driver/src/stm32f10x_wwdg.c ****   * WITH CODING INFORMATION REGARDING THEIR PRODUCTS IN ORDER FOR THEM TO SAVE
  13:./Libraries/STM32F10x_StdPeriph_Driver/src/stm32f10x_wwdg.c ****   * TIME. AS A RESULT, STMICROELECTRONICS SHALL NOT BE HELD LIABLE FOR ANY
  14:./Libraries/STM32F10x_StdPeriph_Driver/src/stm32f10x_wwdg.c ****   * DIRECT, INDIRECT OR CONSEQUENTIAL DAMAGES WITH RESPECT TO ANY CLAIMS ARISING
  15:./Libraries/STM32F10x_StdPeriph_Driver/src/stm32f10x_wwdg.c ****   * FROM THE CONTENT OF SUCH FIRMWARE AND/OR THE USE MADE BY CUSTOMERS OF THE
  16:./Libraries/STM32F10x_StdPeriph_Driver/src/stm32f10x_wwdg.c ****   * CODING INFORMATION CONTAINED HEREIN IN CONNECTION WITH THEIR PRODUCTS.
  17:./Libraries/STM32F10x_StdPeriph_Driver/src/stm32f10x_wwdg.c ****   *
  18:./Libraries/STM32F10x_StdPeriph_Driver/src/stm32f10x_wwdg.c ****   * <h2><center>&copy; COPYRIGHT 2011 STMicroelectronics</center></h2>
  19:./Libraries/STM32F10x_StdPeriph_Driver/src/stm32f10x_wwdg.c ****   ******************************************************************************
  20:./Libraries/STM32F10x_StdPeriph_Driver/src/stm32f10x_wwdg.c ****   */
  21:./Libraries/STM32F10x_StdPeriph_Driver/src/stm32f10x_wwdg.c **** 
  22:./Libraries/STM32F10x_StdPeriph_Driver/src/stm32f10x_wwdg.c **** /* Includes ------------------------------------------------------------------*/
  23:./Libraries/STM32F10x_StdPeriph_Driver/src/stm32f10x_wwdg.c **** #include "stm32f10x_wwdg.h"
  24:./Libraries/STM32F10x_StdPeriph_Driver/src/stm32f10x_wwdg.c **** #include "stm32f10x_rcc.h"
  25:./Libraries/STM32F10x_StdPeriph_Driver/src/stm32f10x_wwdg.c **** 
  26:./Libraries/STM32F10x_StdPeriph_Driver/src/stm32f10x_wwdg.c **** /** @addtogroup STM32F10x_StdPeriph_Driver
  27:./Libraries/STM32F10x_StdPeriph_Driver/src/stm32f10x_wwdg.c ****   * @{
  28:./Libraries/STM32F10x_StdPeriph_Driver/src/stm32f10x_wwdg.c ****   */
  29:./Libraries/STM32F10x_StdPeriph_Driver/src/stm32f10x_wwdg.c **** 
  30:./Libraries/STM32F10x_StdPeriph_Driver/src/stm32f10x_wwdg.c **** /** @defgroup WWDG 
  31:./Libraries/STM32F10x_StdPeriph_Driver/src/stm32f10x_wwdg.c ****   * @brief WWDG driver modules
  32:./Libraries/STM32F10x_StdPeriph_Driver/src/stm32f10x_wwdg.c ****   * @{
ARM GAS  /tmp/ccBZ31Bs.s 			page 2


  33:./Libraries/STM32F10x_StdPeriph_Driver/src/stm32f10x_wwdg.c ****   */
  34:./Libraries/STM32F10x_StdPeriph_Driver/src/stm32f10x_wwdg.c **** 
  35:./Libraries/STM32F10x_StdPeriph_Driver/src/stm32f10x_wwdg.c **** /** @defgroup WWDG_Private_TypesDefinitions
  36:./Libraries/STM32F10x_StdPeriph_Driver/src/stm32f10x_wwdg.c ****   * @{
  37:./Libraries/STM32F10x_StdPeriph_Driver/src/stm32f10x_wwdg.c ****   */
  38:./Libraries/STM32F10x_StdPeriph_Driver/src/stm32f10x_wwdg.c **** 
  39:./Libraries/STM32F10x_StdPeriph_Driver/src/stm32f10x_wwdg.c **** /**
  40:./Libraries/STM32F10x_StdPeriph_Driver/src/stm32f10x_wwdg.c ****   * @}
  41:./Libraries/STM32F10x_StdPeriph_Driver/src/stm32f10x_wwdg.c ****   */
  42:./Libraries/STM32F10x_StdPeriph_Driver/src/stm32f10x_wwdg.c **** 
  43:./Libraries/STM32F10x_StdPeriph_Driver/src/stm32f10x_wwdg.c **** /** @defgroup WWDG_Private_Defines
  44:./Libraries/STM32F10x_StdPeriph_Driver/src/stm32f10x_wwdg.c ****   * @{
  45:./Libraries/STM32F10x_StdPeriph_Driver/src/stm32f10x_wwdg.c ****   */
  46:./Libraries/STM32F10x_StdPeriph_Driver/src/stm32f10x_wwdg.c **** 
  47:./Libraries/STM32F10x_StdPeriph_Driver/src/stm32f10x_wwdg.c **** /* ----------- WWDG registers bit address in the alias region ----------- */
  48:./Libraries/STM32F10x_StdPeriph_Driver/src/stm32f10x_wwdg.c **** #define WWDG_OFFSET       (WWDG_BASE - PERIPH_BASE)
  49:./Libraries/STM32F10x_StdPeriph_Driver/src/stm32f10x_wwdg.c **** 
  50:./Libraries/STM32F10x_StdPeriph_Driver/src/stm32f10x_wwdg.c **** /* Alias word address of EWI bit */
  51:./Libraries/STM32F10x_StdPeriph_Driver/src/stm32f10x_wwdg.c **** #define CFR_OFFSET        (WWDG_OFFSET + 0x04)
  52:./Libraries/STM32F10x_StdPeriph_Driver/src/stm32f10x_wwdg.c **** #define EWI_BitNumber     0x09
  53:./Libraries/STM32F10x_StdPeriph_Driver/src/stm32f10x_wwdg.c **** #define CFR_EWI_BB        (PERIPH_BB_BASE + (CFR_OFFSET * 32) + (EWI_BitNumber * 4))
  54:./Libraries/STM32F10x_StdPeriph_Driver/src/stm32f10x_wwdg.c **** 
  55:./Libraries/STM32F10x_StdPeriph_Driver/src/stm32f10x_wwdg.c **** /* --------------------- WWDG registers bit mask ------------------------ */
  56:./Libraries/STM32F10x_StdPeriph_Driver/src/stm32f10x_wwdg.c **** 
  57:./Libraries/STM32F10x_StdPeriph_Driver/src/stm32f10x_wwdg.c **** /* CR register bit mask */
  58:./Libraries/STM32F10x_StdPeriph_Driver/src/stm32f10x_wwdg.c **** #define CR_WDGA_Set       ((uint32_t)0x00000080)
  59:./Libraries/STM32F10x_StdPeriph_Driver/src/stm32f10x_wwdg.c **** 
  60:./Libraries/STM32F10x_StdPeriph_Driver/src/stm32f10x_wwdg.c **** /* CFR register bit mask */
  61:./Libraries/STM32F10x_StdPeriph_Driver/src/stm32f10x_wwdg.c **** #define CFR_WDGTB_Mask    ((uint32_t)0xFFFFFE7F)
  62:./Libraries/STM32F10x_StdPeriph_Driver/src/stm32f10x_wwdg.c **** #define CFR_W_Mask        ((uint32_t)0xFFFFFF80)
  63:./Libraries/STM32F10x_StdPeriph_Driver/src/stm32f10x_wwdg.c **** #define BIT_Mask          ((uint8_t)0x7F)
  64:./Libraries/STM32F10x_StdPeriph_Driver/src/stm32f10x_wwdg.c **** 
  65:./Libraries/STM32F10x_StdPeriph_Driver/src/stm32f10x_wwdg.c **** /**
  66:./Libraries/STM32F10x_StdPeriph_Driver/src/stm32f10x_wwdg.c ****   * @}
  67:./Libraries/STM32F10x_StdPeriph_Driver/src/stm32f10x_wwdg.c ****   */
  68:./Libraries/STM32F10x_StdPeriph_Driver/src/stm32f10x_wwdg.c **** 
  69:./Libraries/STM32F10x_StdPeriph_Driver/src/stm32f10x_wwdg.c **** /** @defgroup WWDG_Private_Macros
  70:./Libraries/STM32F10x_StdPeriph_Driver/src/stm32f10x_wwdg.c ****   * @{
  71:./Libraries/STM32F10x_StdPeriph_Driver/src/stm32f10x_wwdg.c ****   */
  72:./Libraries/STM32F10x_StdPeriph_Driver/src/stm32f10x_wwdg.c **** 
  73:./Libraries/STM32F10x_StdPeriph_Driver/src/stm32f10x_wwdg.c **** /**
  74:./Libraries/STM32F10x_StdPeriph_Driver/src/stm32f10x_wwdg.c ****   * @}
  75:./Libraries/STM32F10x_StdPeriph_Driver/src/stm32f10x_wwdg.c ****   */
  76:./Libraries/STM32F10x_StdPeriph_Driver/src/stm32f10x_wwdg.c **** 
  77:./Libraries/STM32F10x_StdPeriph_Driver/src/stm32f10x_wwdg.c **** /** @defgroup WWDG_Private_Variables
  78:./Libraries/STM32F10x_StdPeriph_Driver/src/stm32f10x_wwdg.c ****   * @{
  79:./Libraries/STM32F10x_StdPeriph_Driver/src/stm32f10x_wwdg.c ****   */
  80:./Libraries/STM32F10x_StdPeriph_Driver/src/stm32f10x_wwdg.c **** 
  81:./Libraries/STM32F10x_StdPeriph_Driver/src/stm32f10x_wwdg.c **** /**
  82:./Libraries/STM32F10x_StdPeriph_Driver/src/stm32f10x_wwdg.c ****   * @}
  83:./Libraries/STM32F10x_StdPeriph_Driver/src/stm32f10x_wwdg.c ****   */
  84:./Libraries/STM32F10x_StdPeriph_Driver/src/stm32f10x_wwdg.c **** 
  85:./Libraries/STM32F10x_StdPeriph_Driver/src/stm32f10x_wwdg.c **** /** @defgroup WWDG_Private_FunctionPrototypes
  86:./Libraries/STM32F10x_StdPeriph_Driver/src/stm32f10x_wwdg.c ****   * @{
  87:./Libraries/STM32F10x_StdPeriph_Driver/src/stm32f10x_wwdg.c ****   */
  88:./Libraries/STM32F10x_StdPeriph_Driver/src/stm32f10x_wwdg.c **** 
  89:./Libraries/STM32F10x_StdPeriph_Driver/src/stm32f10x_wwdg.c **** /**
ARM GAS  /tmp/ccBZ31Bs.s 			page 3


  90:./Libraries/STM32F10x_StdPeriph_Driver/src/stm32f10x_wwdg.c ****   * @}
  91:./Libraries/STM32F10x_StdPeriph_Driver/src/stm32f10x_wwdg.c ****   */
  92:./Libraries/STM32F10x_StdPeriph_Driver/src/stm32f10x_wwdg.c **** 
  93:./Libraries/STM32F10x_StdPeriph_Driver/src/stm32f10x_wwdg.c **** /** @defgroup WWDG_Private_Functions
  94:./Libraries/STM32F10x_StdPeriph_Driver/src/stm32f10x_wwdg.c ****   * @{
  95:./Libraries/STM32F10x_StdPeriph_Driver/src/stm32f10x_wwdg.c ****   */
  96:./Libraries/STM32F10x_StdPeriph_Driver/src/stm32f10x_wwdg.c **** 
  97:./Libraries/STM32F10x_StdPeriph_Driver/src/stm32f10x_wwdg.c **** /**
  98:./Libraries/STM32F10x_StdPeriph_Driver/src/stm32f10x_wwdg.c ****   * @brief  Deinitializes the WWDG peripheral registers to their default reset values.
  99:./Libraries/STM32F10x_StdPeriph_Driver/src/stm32f10x_wwdg.c ****   * @param  None
 100:./Libraries/STM32F10x_StdPeriph_Driver/src/stm32f10x_wwdg.c ****   * @retval None
 101:./Libraries/STM32F10x_StdPeriph_Driver/src/stm32f10x_wwdg.c ****   */
 102:./Libraries/STM32F10x_StdPeriph_Driver/src/stm32f10x_wwdg.c **** void WWDG_DeInit(void)
 103:./Libraries/STM32F10x_StdPeriph_Driver/src/stm32f10x_wwdg.c **** {
  27              		.loc 1 103 1
  28              		.cfi_startproc
  29              		@ args = 0, pretend = 0, frame = 0
  30              		@ frame_needed = 1, uses_anonymous_args = 0
  31 0000 80B5     		push	{r7, lr}
  32              	.LCFI0:
  33              		.cfi_def_cfa_offset 8
  34              		.cfi_offset 7, -8
  35              		.cfi_offset 14, -4
  36 0002 00AF     		add	r7, sp, #0
  37              	.LCFI1:
  38              		.cfi_def_cfa_register 7
 104:./Libraries/STM32F10x_StdPeriph_Driver/src/stm32f10x_wwdg.c ****   RCC_APB1PeriphResetCmd(RCC_APB1Periph_WWDG, ENABLE);
  39              		.loc 1 104 3
  40 0004 0121     		movs	r1, #1
  41 0006 4FF40060 		mov	r0, #2048
  42 000a FFF7FEFF 		bl	RCC_APB1PeriphResetCmd
 105:./Libraries/STM32F10x_StdPeriph_Driver/src/stm32f10x_wwdg.c ****   RCC_APB1PeriphResetCmd(RCC_APB1Periph_WWDG, DISABLE);
  43              		.loc 1 105 3
  44 000e 0021     		movs	r1, #0
  45 0010 4FF40060 		mov	r0, #2048
  46 0014 FFF7FEFF 		bl	RCC_APB1PeriphResetCmd
 106:./Libraries/STM32F10x_StdPeriph_Driver/src/stm32f10x_wwdg.c **** }
  47              		.loc 1 106 1
  48 0018 00BF     		nop
  49 001a 80BD     		pop	{r7, pc}
  50              		.cfi_endproc
  51              	.LFE29:
  53              		.section	.text.WWDG_SetPrescaler,"ax",%progbits
  54              		.align	1
  55              		.global	WWDG_SetPrescaler
  56              		.syntax unified
  57              		.thumb
  58              		.thumb_func
  59              		.fpu softvfp
  61              	WWDG_SetPrescaler:
  62              	.LFB30:
 107:./Libraries/STM32F10x_StdPeriph_Driver/src/stm32f10x_wwdg.c **** 
 108:./Libraries/STM32F10x_StdPeriph_Driver/src/stm32f10x_wwdg.c **** /**
 109:./Libraries/STM32F10x_StdPeriph_Driver/src/stm32f10x_wwdg.c ****   * @brief  Sets the WWDG Prescaler.
 110:./Libraries/STM32F10x_StdPeriph_Driver/src/stm32f10x_wwdg.c ****   * @param  WWDG_Prescaler: specifies the WWDG Prescaler.
 111:./Libraries/STM32F10x_StdPeriph_Driver/src/stm32f10x_wwdg.c ****   *   This parameter can be one of the following values:
 112:./Libraries/STM32F10x_StdPeriph_Driver/src/stm32f10x_wwdg.c ****   *     @arg WWDG_Prescaler_1: WWDG counter clock = (PCLK1/4096)/1
ARM GAS  /tmp/ccBZ31Bs.s 			page 4


 113:./Libraries/STM32F10x_StdPeriph_Driver/src/stm32f10x_wwdg.c ****   *     @arg WWDG_Prescaler_2: WWDG counter clock = (PCLK1/4096)/2
 114:./Libraries/STM32F10x_StdPeriph_Driver/src/stm32f10x_wwdg.c ****   *     @arg WWDG_Prescaler_4: WWDG counter clock = (PCLK1/4096)/4
 115:./Libraries/STM32F10x_StdPeriph_Driver/src/stm32f10x_wwdg.c ****   *     @arg WWDG_Prescaler_8: WWDG counter clock = (PCLK1/4096)/8
 116:./Libraries/STM32F10x_StdPeriph_Driver/src/stm32f10x_wwdg.c ****   * @retval None
 117:./Libraries/STM32F10x_StdPeriph_Driver/src/stm32f10x_wwdg.c ****   */
 118:./Libraries/STM32F10x_StdPeriph_Driver/src/stm32f10x_wwdg.c **** void WWDG_SetPrescaler(uint32_t WWDG_Prescaler)
 119:./Libraries/STM32F10x_StdPeriph_Driver/src/stm32f10x_wwdg.c **** {
  63              		.loc 1 119 1
  64              		.cfi_startproc
  65              		@ args = 0, pretend = 0, frame = 16
  66              		@ frame_needed = 1, uses_anonymous_args = 0
  67              		@ link register save eliminated.
  68 0000 80B4     		push	{r7}
  69              	.LCFI2:
  70              		.cfi_def_cfa_offset 4
  71              		.cfi_offset 7, -4
  72 0002 85B0     		sub	sp, sp, #20
  73              	.LCFI3:
  74              		.cfi_def_cfa_offset 24
  75 0004 00AF     		add	r7, sp, #0
  76              	.LCFI4:
  77              		.cfi_def_cfa_register 7
  78 0006 7860     		str	r0, [r7, #4]
 120:./Libraries/STM32F10x_StdPeriph_Driver/src/stm32f10x_wwdg.c ****   uint32_t tmpreg = 0;
  79              		.loc 1 120 12
  80 0008 0023     		movs	r3, #0
  81 000a FB60     		str	r3, [r7, #12]
 121:./Libraries/STM32F10x_StdPeriph_Driver/src/stm32f10x_wwdg.c ****   /* Check the parameters */
 122:./Libraries/STM32F10x_StdPeriph_Driver/src/stm32f10x_wwdg.c ****   assert_param(IS_WWDG_PRESCALER(WWDG_Prescaler));
 123:./Libraries/STM32F10x_StdPeriph_Driver/src/stm32f10x_wwdg.c ****   /* Clear WDGTB[1:0] bits */
 124:./Libraries/STM32F10x_StdPeriph_Driver/src/stm32f10x_wwdg.c ****   tmpreg = WWDG->CFR & CFR_WDGTB_Mask;
  82              		.loc 1 124 16
  83 000c 084B     		ldr	r3, .L3
  84 000e 5B68     		ldr	r3, [r3, #4]
  85              		.loc 1 124 10
  86 0010 23F4C073 		bic	r3, r3, #384
  87 0014 FB60     		str	r3, [r7, #12]
 125:./Libraries/STM32F10x_StdPeriph_Driver/src/stm32f10x_wwdg.c ****   /* Set WDGTB[1:0] bits according to WWDG_Prescaler value */
 126:./Libraries/STM32F10x_StdPeriph_Driver/src/stm32f10x_wwdg.c ****   tmpreg |= WWDG_Prescaler;
  88              		.loc 1 126 10
  89 0016 FA68     		ldr	r2, [r7, #12]
  90 0018 7B68     		ldr	r3, [r7, #4]
  91 001a 1343     		orrs	r3, r3, r2
  92 001c FB60     		str	r3, [r7, #12]
 127:./Libraries/STM32F10x_StdPeriph_Driver/src/stm32f10x_wwdg.c ****   /* Store the new value */
 128:./Libraries/STM32F10x_StdPeriph_Driver/src/stm32f10x_wwdg.c ****   WWDG->CFR = tmpreg;
  93              		.loc 1 128 7
  94 001e 044A     		ldr	r2, .L3
  95              		.loc 1 128 13
  96 0020 FB68     		ldr	r3, [r7, #12]
  97 0022 5360     		str	r3, [r2, #4]
 129:./Libraries/STM32F10x_StdPeriph_Driver/src/stm32f10x_wwdg.c **** }
  98              		.loc 1 129 1
  99 0024 00BF     		nop
 100 0026 1437     		adds	r7, r7, #20
 101              	.LCFI5:
 102              		.cfi_def_cfa_offset 4
ARM GAS  /tmp/ccBZ31Bs.s 			page 5


 103 0028 BD46     		mov	sp, r7
 104              	.LCFI6:
 105              		.cfi_def_cfa_register 13
 106              		@ sp needed
 107 002a 80BC     		pop	{r7}
 108              	.LCFI7:
 109              		.cfi_restore 7
 110              		.cfi_def_cfa_offset 0
 111 002c 7047     		bx	lr
 112              	.L4:
 113 002e 00BF     		.align	2
 114              	.L3:
 115 0030 002C0040 		.word	1073753088
 116              		.cfi_endproc
 117              	.LFE30:
 119              		.section	.text.WWDG_SetWindowValue,"ax",%progbits
 120              		.align	1
 121              		.global	WWDG_SetWindowValue
 122              		.syntax unified
 123              		.thumb
 124              		.thumb_func
 125              		.fpu softvfp
 127              	WWDG_SetWindowValue:
 128              	.LFB31:
 130:./Libraries/STM32F10x_StdPeriph_Driver/src/stm32f10x_wwdg.c **** 
 131:./Libraries/STM32F10x_StdPeriph_Driver/src/stm32f10x_wwdg.c **** /**
 132:./Libraries/STM32F10x_StdPeriph_Driver/src/stm32f10x_wwdg.c ****   * @brief  Sets the WWDG window value.
 133:./Libraries/STM32F10x_StdPeriph_Driver/src/stm32f10x_wwdg.c ****   * @param  WindowValue: specifies the window value to be compared to the downcounter.
 134:./Libraries/STM32F10x_StdPeriph_Driver/src/stm32f10x_wwdg.c ****   *   This parameter value must be lower than 0x80.
 135:./Libraries/STM32F10x_StdPeriph_Driver/src/stm32f10x_wwdg.c ****   * @retval None
 136:./Libraries/STM32F10x_StdPeriph_Driver/src/stm32f10x_wwdg.c ****   */
 137:./Libraries/STM32F10x_StdPeriph_Driver/src/stm32f10x_wwdg.c **** void WWDG_SetWindowValue(uint8_t WindowValue)
 138:./Libraries/STM32F10x_StdPeriph_Driver/src/stm32f10x_wwdg.c **** {
 129              		.loc 1 138 1
 130              		.cfi_startproc
 131              		@ args = 0, pretend = 0, frame = 16
 132              		@ frame_needed = 1, uses_anonymous_args = 0
 133              		@ link register save eliminated.
 134 0000 80B4     		push	{r7}
 135              	.LCFI8:
 136              		.cfi_def_cfa_offset 4
 137              		.cfi_offset 7, -4
 138 0002 85B0     		sub	sp, sp, #20
 139              	.LCFI9:
 140              		.cfi_def_cfa_offset 24
 141 0004 00AF     		add	r7, sp, #0
 142              	.LCFI10:
 143              		.cfi_def_cfa_register 7
 144 0006 0346     		mov	r3, r0
 145 0008 FB71     		strb	r3, [r7, #7]
 139:./Libraries/STM32F10x_StdPeriph_Driver/src/stm32f10x_wwdg.c ****   __IO uint32_t tmpreg = 0;
 146              		.loc 1 139 17
 147 000a 0023     		movs	r3, #0
 148 000c FB60     		str	r3, [r7, #12]
 140:./Libraries/STM32F10x_StdPeriph_Driver/src/stm32f10x_wwdg.c **** 
 141:./Libraries/STM32F10x_StdPeriph_Driver/src/stm32f10x_wwdg.c ****   /* Check the parameters */
 142:./Libraries/STM32F10x_StdPeriph_Driver/src/stm32f10x_wwdg.c ****   assert_param(IS_WWDG_WINDOW_VALUE(WindowValue));
ARM GAS  /tmp/ccBZ31Bs.s 			page 6


 143:./Libraries/STM32F10x_StdPeriph_Driver/src/stm32f10x_wwdg.c ****   /* Clear W[6:0] bits */
 144:./Libraries/STM32F10x_StdPeriph_Driver/src/stm32f10x_wwdg.c **** 
 145:./Libraries/STM32F10x_StdPeriph_Driver/src/stm32f10x_wwdg.c ****   tmpreg = WWDG->CFR & CFR_W_Mask;
 149              		.loc 1 145 16
 150 000e 094B     		ldr	r3, .L6
 151 0010 5B68     		ldr	r3, [r3, #4]
 152              		.loc 1 145 22
 153 0012 23F07F03 		bic	r3, r3, #127
 154              		.loc 1 145 10
 155 0016 FB60     		str	r3, [r7, #12]
 146:./Libraries/STM32F10x_StdPeriph_Driver/src/stm32f10x_wwdg.c **** 
 147:./Libraries/STM32F10x_StdPeriph_Driver/src/stm32f10x_wwdg.c ****   /* Set W[6:0] bits according to WindowValue value */
 148:./Libraries/STM32F10x_StdPeriph_Driver/src/stm32f10x_wwdg.c ****   tmpreg |= WindowValue & (uint32_t) BIT_Mask;
 156              		.loc 1 148 25
 157 0018 FB79     		ldrb	r3, [r7, #7]	@ zero_extendqisi2
 158 001a 03F07F02 		and	r2, r3, #127
 159              		.loc 1 148 10
 160 001e FB68     		ldr	r3, [r7, #12]
 161 0020 1343     		orrs	r3, r3, r2
 162 0022 FB60     		str	r3, [r7, #12]
 149:./Libraries/STM32F10x_StdPeriph_Driver/src/stm32f10x_wwdg.c **** 
 150:./Libraries/STM32F10x_StdPeriph_Driver/src/stm32f10x_wwdg.c ****   /* Store the new value */
 151:./Libraries/STM32F10x_StdPeriph_Driver/src/stm32f10x_wwdg.c ****   WWDG->CFR = tmpreg;
 163              		.loc 1 151 7
 164 0024 034A     		ldr	r2, .L6
 165              		.loc 1 151 13
 166 0026 FB68     		ldr	r3, [r7, #12]
 167 0028 5360     		str	r3, [r2, #4]
 152:./Libraries/STM32F10x_StdPeriph_Driver/src/stm32f10x_wwdg.c **** }
 168              		.loc 1 152 1
 169 002a 00BF     		nop
 170 002c 1437     		adds	r7, r7, #20
 171              	.LCFI11:
 172              		.cfi_def_cfa_offset 4
 173 002e BD46     		mov	sp, r7
 174              	.LCFI12:
 175              		.cfi_def_cfa_register 13
 176              		@ sp needed
 177 0030 80BC     		pop	{r7}
 178              	.LCFI13:
 179              		.cfi_restore 7
 180              		.cfi_def_cfa_offset 0
 181 0032 7047     		bx	lr
 182              	.L7:
 183              		.align	2
 184              	.L6:
 185 0034 002C0040 		.word	1073753088
 186              		.cfi_endproc
 187              	.LFE31:
 189              		.section	.text.WWDG_EnableIT,"ax",%progbits
 190              		.align	1
 191              		.global	WWDG_EnableIT
 192              		.syntax unified
 193              		.thumb
 194              		.thumb_func
 195              		.fpu softvfp
 197              	WWDG_EnableIT:
ARM GAS  /tmp/ccBZ31Bs.s 			page 7


 198              	.LFB32:
 153:./Libraries/STM32F10x_StdPeriph_Driver/src/stm32f10x_wwdg.c **** 
 154:./Libraries/STM32F10x_StdPeriph_Driver/src/stm32f10x_wwdg.c **** /**
 155:./Libraries/STM32F10x_StdPeriph_Driver/src/stm32f10x_wwdg.c ****   * @brief  Enables the WWDG Early Wakeup interrupt(EWI).
 156:./Libraries/STM32F10x_StdPeriph_Driver/src/stm32f10x_wwdg.c ****   * @param  None
 157:./Libraries/STM32F10x_StdPeriph_Driver/src/stm32f10x_wwdg.c ****   * @retval None
 158:./Libraries/STM32F10x_StdPeriph_Driver/src/stm32f10x_wwdg.c ****   */
 159:./Libraries/STM32F10x_StdPeriph_Driver/src/stm32f10x_wwdg.c **** void WWDG_EnableIT(void)
 160:./Libraries/STM32F10x_StdPeriph_Driver/src/stm32f10x_wwdg.c **** {
 199              		.loc 1 160 1
 200              		.cfi_startproc
 201              		@ args = 0, pretend = 0, frame = 0
 202              		@ frame_needed = 1, uses_anonymous_args = 0
 203              		@ link register save eliminated.
 204 0000 80B4     		push	{r7}
 205              	.LCFI14:
 206              		.cfi_def_cfa_offset 4
 207              		.cfi_offset 7, -4
 208 0002 00AF     		add	r7, sp, #0
 209              	.LCFI15:
 210              		.cfi_def_cfa_register 7
 161:./Libraries/STM32F10x_StdPeriph_Driver/src/stm32f10x_wwdg.c ****   *(__IO uint32_t *) CFR_EWI_BB = (uint32_t)ENABLE;
 211              		.loc 1 161 3
 212 0004 034B     		ldr	r3, .L9
 213              		.loc 1 161 33
 214 0006 0122     		movs	r2, #1
 215 0008 1A60     		str	r2, [r3]
 162:./Libraries/STM32F10x_StdPeriph_Driver/src/stm32f10x_wwdg.c **** }
 216              		.loc 1 162 1
 217 000a 00BF     		nop
 218 000c BD46     		mov	sp, r7
 219              	.LCFI16:
 220              		.cfi_def_cfa_register 13
 221              		@ sp needed
 222 000e 80BC     		pop	{r7}
 223              	.LCFI17:
 224              		.cfi_restore 7
 225              		.cfi_def_cfa_offset 0
 226 0010 7047     		bx	lr
 227              	.L10:
 228 0012 00BF     		.align	2
 229              	.L9:
 230 0014 A4800542 		.word	1107656868
 231              		.cfi_endproc
 232              	.LFE32:
 234              		.section	.text.WWDG_SetCounter,"ax",%progbits
 235              		.align	1
 236              		.global	WWDG_SetCounter
 237              		.syntax unified
 238              		.thumb
 239              		.thumb_func
 240              		.fpu softvfp
 242              	WWDG_SetCounter:
 243              	.LFB33:
 163:./Libraries/STM32F10x_StdPeriph_Driver/src/stm32f10x_wwdg.c **** 
 164:./Libraries/STM32F10x_StdPeriph_Driver/src/stm32f10x_wwdg.c **** /**
 165:./Libraries/STM32F10x_StdPeriph_Driver/src/stm32f10x_wwdg.c ****   * @brief  Sets the WWDG counter value.
ARM GAS  /tmp/ccBZ31Bs.s 			page 8


 166:./Libraries/STM32F10x_StdPeriph_Driver/src/stm32f10x_wwdg.c ****   * @param  Counter: specifies the watchdog counter value.
 167:./Libraries/STM32F10x_StdPeriph_Driver/src/stm32f10x_wwdg.c ****   *   This parameter must be a number between 0x40 and 0x7F.
 168:./Libraries/STM32F10x_StdPeriph_Driver/src/stm32f10x_wwdg.c ****   * @retval None
 169:./Libraries/STM32F10x_StdPeriph_Driver/src/stm32f10x_wwdg.c ****   */
 170:./Libraries/STM32F10x_StdPeriph_Driver/src/stm32f10x_wwdg.c **** void WWDG_SetCounter(uint8_t Counter)
 171:./Libraries/STM32F10x_StdPeriph_Driver/src/stm32f10x_wwdg.c **** {
 244              		.loc 1 171 1
 245              		.cfi_startproc
 246              		@ args = 0, pretend = 0, frame = 8
 247              		@ frame_needed = 1, uses_anonymous_args = 0
 248              		@ link register save eliminated.
 249 0000 80B4     		push	{r7}
 250              	.LCFI18:
 251              		.cfi_def_cfa_offset 4
 252              		.cfi_offset 7, -4
 253 0002 83B0     		sub	sp, sp, #12
 254              	.LCFI19:
 255              		.cfi_def_cfa_offset 16
 256 0004 00AF     		add	r7, sp, #0
 257              	.LCFI20:
 258              		.cfi_def_cfa_register 7
 259 0006 0346     		mov	r3, r0
 260 0008 FB71     		strb	r3, [r7, #7]
 172:./Libraries/STM32F10x_StdPeriph_Driver/src/stm32f10x_wwdg.c ****   /* Check the parameters */
 173:./Libraries/STM32F10x_StdPeriph_Driver/src/stm32f10x_wwdg.c ****   assert_param(IS_WWDG_COUNTER(Counter));
 174:./Libraries/STM32F10x_StdPeriph_Driver/src/stm32f10x_wwdg.c ****   /* Write to T[6:0] bits to configure the counter value, no need to do
 175:./Libraries/STM32F10x_StdPeriph_Driver/src/stm32f10x_wwdg.c ****      a read-modify-write; writing a 0 to WDGA bit does nothing */
 176:./Libraries/STM32F10x_StdPeriph_Driver/src/stm32f10x_wwdg.c ****   WWDG->CR = Counter & BIT_Mask;
 261              		.loc 1 176 22
 262 000a FB79     		ldrb	r3, [r7, #7]	@ zero_extendqisi2
 263              		.loc 1 176 7
 264 000c 044A     		ldr	r2, .L12
 265              		.loc 1 176 22
 266 000e 03F07F03 		and	r3, r3, #127
 267              		.loc 1 176 12
 268 0012 1360     		str	r3, [r2]
 177:./Libraries/STM32F10x_StdPeriph_Driver/src/stm32f10x_wwdg.c **** }
 269              		.loc 1 177 1
 270 0014 00BF     		nop
 271 0016 0C37     		adds	r7, r7, #12
 272              	.LCFI21:
 273              		.cfi_def_cfa_offset 4
 274 0018 BD46     		mov	sp, r7
 275              	.LCFI22:
 276              		.cfi_def_cfa_register 13
 277              		@ sp needed
 278 001a 80BC     		pop	{r7}
 279              	.LCFI23:
 280              		.cfi_restore 7
 281              		.cfi_def_cfa_offset 0
 282 001c 7047     		bx	lr
 283              	.L13:
 284 001e 00BF     		.align	2
 285              	.L12:
 286 0020 002C0040 		.word	1073753088
 287              		.cfi_endproc
 288              	.LFE33:
ARM GAS  /tmp/ccBZ31Bs.s 			page 9


 290              		.section	.text.WWDG_Enable,"ax",%progbits
 291              		.align	1
 292              		.global	WWDG_Enable
 293              		.syntax unified
 294              		.thumb
 295              		.thumb_func
 296              		.fpu softvfp
 298              	WWDG_Enable:
 299              	.LFB34:
 178:./Libraries/STM32F10x_StdPeriph_Driver/src/stm32f10x_wwdg.c **** 
 179:./Libraries/STM32F10x_StdPeriph_Driver/src/stm32f10x_wwdg.c **** /**
 180:./Libraries/STM32F10x_StdPeriph_Driver/src/stm32f10x_wwdg.c ****   * @brief  Enables WWDG and load the counter value.                  
 181:./Libraries/STM32F10x_StdPeriph_Driver/src/stm32f10x_wwdg.c ****   * @param  Counter: specifies the watchdog counter value.
 182:./Libraries/STM32F10x_StdPeriph_Driver/src/stm32f10x_wwdg.c ****   *   This parameter must be a number between 0x40 and 0x7F.
 183:./Libraries/STM32F10x_StdPeriph_Driver/src/stm32f10x_wwdg.c ****   * @retval None
 184:./Libraries/STM32F10x_StdPeriph_Driver/src/stm32f10x_wwdg.c ****   */
 185:./Libraries/STM32F10x_StdPeriph_Driver/src/stm32f10x_wwdg.c **** void WWDG_Enable(uint8_t Counter)
 186:./Libraries/STM32F10x_StdPeriph_Driver/src/stm32f10x_wwdg.c **** {
 300              		.loc 1 186 1
 301              		.cfi_startproc
 302              		@ args = 0, pretend = 0, frame = 8
 303              		@ frame_needed = 1, uses_anonymous_args = 0
 304              		@ link register save eliminated.
 305 0000 80B4     		push	{r7}
 306              	.LCFI24:
 307              		.cfi_def_cfa_offset 4
 308              		.cfi_offset 7, -4
 309 0002 83B0     		sub	sp, sp, #12
 310              	.LCFI25:
 311              		.cfi_def_cfa_offset 16
 312 0004 00AF     		add	r7, sp, #0
 313              	.LCFI26:
 314              		.cfi_def_cfa_register 7
 315 0006 0346     		mov	r3, r0
 316 0008 FB71     		strb	r3, [r7, #7]
 187:./Libraries/STM32F10x_StdPeriph_Driver/src/stm32f10x_wwdg.c ****   /* Check the parameters */
 188:./Libraries/STM32F10x_StdPeriph_Driver/src/stm32f10x_wwdg.c ****   assert_param(IS_WWDG_COUNTER(Counter));
 189:./Libraries/STM32F10x_StdPeriph_Driver/src/stm32f10x_wwdg.c ****   WWDG->CR = CR_WDGA_Set | Counter;
 317              		.loc 1 189 26
 318 000a FB79     		ldrb	r3, [r7, #7]
 319 000c 63F07F03 		orn	r3, r3, #127
 320 0010 DAB2     		uxtb	r2, r3
 321              		.loc 1 189 7
 322 0012 034B     		ldr	r3, .L15
 323              		.loc 1 189 12
 324 0014 1A60     		str	r2, [r3]
 190:./Libraries/STM32F10x_StdPeriph_Driver/src/stm32f10x_wwdg.c **** }
 325              		.loc 1 190 1
 326 0016 00BF     		nop
 327 0018 0C37     		adds	r7, r7, #12
 328              	.LCFI27:
 329              		.cfi_def_cfa_offset 4
 330 001a BD46     		mov	sp, r7
 331              	.LCFI28:
 332              		.cfi_def_cfa_register 13
 333              		@ sp needed
 334 001c 80BC     		pop	{r7}
ARM GAS  /tmp/ccBZ31Bs.s 			page 10


 335              	.LCFI29:
 336              		.cfi_restore 7
 337              		.cfi_def_cfa_offset 0
 338 001e 7047     		bx	lr
 339              	.L16:
 340              		.align	2
 341              	.L15:
 342 0020 002C0040 		.word	1073753088
 343              		.cfi_endproc
 344              	.LFE34:
 346              		.section	.text.WWDG_GetFlagStatus,"ax",%progbits
 347              		.align	1
 348              		.global	WWDG_GetFlagStatus
 349              		.syntax unified
 350              		.thumb
 351              		.thumb_func
 352              		.fpu softvfp
 354              	WWDG_GetFlagStatus:
 355              	.LFB35:
 191:./Libraries/STM32F10x_StdPeriph_Driver/src/stm32f10x_wwdg.c **** 
 192:./Libraries/STM32F10x_StdPeriph_Driver/src/stm32f10x_wwdg.c **** /**
 193:./Libraries/STM32F10x_StdPeriph_Driver/src/stm32f10x_wwdg.c ****   * @brief  Checks whether the Early Wakeup interrupt flag is set or not.
 194:./Libraries/STM32F10x_StdPeriph_Driver/src/stm32f10x_wwdg.c ****   * @param  None
 195:./Libraries/STM32F10x_StdPeriph_Driver/src/stm32f10x_wwdg.c ****   * @retval The new state of the Early Wakeup interrupt flag (SET or RESET)
 196:./Libraries/STM32F10x_StdPeriph_Driver/src/stm32f10x_wwdg.c ****   */
 197:./Libraries/STM32F10x_StdPeriph_Driver/src/stm32f10x_wwdg.c **** FlagStatus WWDG_GetFlagStatus(void)
 198:./Libraries/STM32F10x_StdPeriph_Driver/src/stm32f10x_wwdg.c **** {
 356              		.loc 1 198 1
 357              		.cfi_startproc
 358              		@ args = 0, pretend = 0, frame = 0
 359              		@ frame_needed = 1, uses_anonymous_args = 0
 360              		@ link register save eliminated.
 361 0000 80B4     		push	{r7}
 362              	.LCFI30:
 363              		.cfi_def_cfa_offset 4
 364              		.cfi_offset 7, -4
 365 0002 00AF     		add	r7, sp, #0
 366              	.LCFI31:
 367              		.cfi_def_cfa_register 7
 199:./Libraries/STM32F10x_StdPeriph_Driver/src/stm32f10x_wwdg.c ****   return (FlagStatus)(WWDG->SR);
 368              		.loc 1 199 27
 369 0004 034B     		ldr	r3, .L19
 370 0006 9B68     		ldr	r3, [r3, #8]
 371              		.loc 1 199 10
 372 0008 DBB2     		uxtb	r3, r3
 200:./Libraries/STM32F10x_StdPeriph_Driver/src/stm32f10x_wwdg.c **** }
 373              		.loc 1 200 1
 374 000a 1846     		mov	r0, r3
 375 000c BD46     		mov	sp, r7
 376              	.LCFI32:
 377              		.cfi_def_cfa_register 13
 378              		@ sp needed
 379 000e 80BC     		pop	{r7}
 380              	.LCFI33:
 381              		.cfi_restore 7
 382              		.cfi_def_cfa_offset 0
 383 0010 7047     		bx	lr
ARM GAS  /tmp/ccBZ31Bs.s 			page 11


 384              	.L20:
 385 0012 00BF     		.align	2
 386              	.L19:
 387 0014 002C0040 		.word	1073753088
 388              		.cfi_endproc
 389              	.LFE35:
 391              		.section	.text.WWDG_ClearFlag,"ax",%progbits
 392              		.align	1
 393              		.global	WWDG_ClearFlag
 394              		.syntax unified
 395              		.thumb
 396              		.thumb_func
 397              		.fpu softvfp
 399              	WWDG_ClearFlag:
 400              	.LFB36:
 201:./Libraries/STM32F10x_StdPeriph_Driver/src/stm32f10x_wwdg.c **** 
 202:./Libraries/STM32F10x_StdPeriph_Driver/src/stm32f10x_wwdg.c **** /**
 203:./Libraries/STM32F10x_StdPeriph_Driver/src/stm32f10x_wwdg.c ****   * @brief  Clears Early Wakeup interrupt flag.
 204:./Libraries/STM32F10x_StdPeriph_Driver/src/stm32f10x_wwdg.c ****   * @param  None
 205:./Libraries/STM32F10x_StdPeriph_Driver/src/stm32f10x_wwdg.c ****   * @retval None
 206:./Libraries/STM32F10x_StdPeriph_Driver/src/stm32f10x_wwdg.c ****   */
 207:./Libraries/STM32F10x_StdPeriph_Driver/src/stm32f10x_wwdg.c **** void WWDG_ClearFlag(void)
 208:./Libraries/STM32F10x_StdPeriph_Driver/src/stm32f10x_wwdg.c **** {
 401              		.loc 1 208 1
 402              		.cfi_startproc
 403              		@ args = 0, pretend = 0, frame = 0
 404              		@ frame_needed = 1, uses_anonymous_args = 0
 405              		@ link register save eliminated.
 406 0000 80B4     		push	{r7}
 407              	.LCFI34:
 408              		.cfi_def_cfa_offset 4
 409              		.cfi_offset 7, -4
 410 0002 00AF     		add	r7, sp, #0
 411              	.LCFI35:
 412              		.cfi_def_cfa_register 7
 209:./Libraries/STM32F10x_StdPeriph_Driver/src/stm32f10x_wwdg.c ****   WWDG->SR = (uint32_t)RESET;
 413              		.loc 1 209 7
 414 0004 034B     		ldr	r3, .L22
 415              		.loc 1 209 12
 416 0006 0022     		movs	r2, #0
 417 0008 9A60     		str	r2, [r3, #8]
 210:./Libraries/STM32F10x_StdPeriph_Driver/src/stm32f10x_wwdg.c **** }
 418              		.loc 1 210 1
 419 000a 00BF     		nop
 420 000c BD46     		mov	sp, r7
 421              	.LCFI36:
 422              		.cfi_def_cfa_register 13
 423              		@ sp needed
 424 000e 80BC     		pop	{r7}
 425              	.LCFI37:
 426              		.cfi_restore 7
 427              		.cfi_def_cfa_offset 0
 428 0010 7047     		bx	lr
 429              	.L23:
 430 0012 00BF     		.align	2
 431              	.L22:
 432 0014 002C0040 		.word	1073753088
ARM GAS  /tmp/ccBZ31Bs.s 			page 12


 433              		.cfi_endproc
 434              	.LFE36:
 436              		.text
 437              	.Letext0:
 438              		.file 2 "/home/hao/Documents/gcc-arm-none-eabi/arm-none-eabi/include/machine/_default_types.h"
 439              		.file 3 "/home/hao/Documents/gcc-arm-none-eabi/arm-none-eabi/include/sys/_stdint.h"
 440              		.file 4 "./Libraries/CMSIS/stm32f10x.h"
ARM GAS  /tmp/ccBZ31Bs.s 			page 13


DEFINED SYMBOLS
                            *ABS*:0000000000000000 stm32f10x_wwdg.c
     /tmp/ccBZ31Bs.s:16     .text.WWDG_DeInit:0000000000000000 $t
     /tmp/ccBZ31Bs.s:24     .text.WWDG_DeInit:0000000000000000 WWDG_DeInit
     /tmp/ccBZ31Bs.s:54     .text.WWDG_SetPrescaler:0000000000000000 $t
     /tmp/ccBZ31Bs.s:61     .text.WWDG_SetPrescaler:0000000000000000 WWDG_SetPrescaler
     /tmp/ccBZ31Bs.s:115    .text.WWDG_SetPrescaler:0000000000000030 $d
     /tmp/ccBZ31Bs.s:120    .text.WWDG_SetWindowValue:0000000000000000 $t
     /tmp/ccBZ31Bs.s:127    .text.WWDG_SetWindowValue:0000000000000000 WWDG_SetWindowValue
     /tmp/ccBZ31Bs.s:185    .text.WWDG_SetWindowValue:0000000000000034 $d
     /tmp/ccBZ31Bs.s:190    .text.WWDG_EnableIT:0000000000000000 $t
     /tmp/ccBZ31Bs.s:197    .text.WWDG_EnableIT:0000000000000000 WWDG_EnableIT
     /tmp/ccBZ31Bs.s:230    .text.WWDG_EnableIT:0000000000000014 $d
     /tmp/ccBZ31Bs.s:235    .text.WWDG_SetCounter:0000000000000000 $t
     /tmp/ccBZ31Bs.s:242    .text.WWDG_SetCounter:0000000000000000 WWDG_SetCounter
     /tmp/ccBZ31Bs.s:286    .text.WWDG_SetCounter:0000000000000020 $d
     /tmp/ccBZ31Bs.s:291    .text.WWDG_Enable:0000000000000000 $t
     /tmp/ccBZ31Bs.s:298    .text.WWDG_Enable:0000000000000000 WWDG_Enable
     /tmp/ccBZ31Bs.s:342    .text.WWDG_Enable:0000000000000020 $d
     /tmp/ccBZ31Bs.s:347    .text.WWDG_GetFlagStatus:0000000000000000 $t
     /tmp/ccBZ31Bs.s:354    .text.WWDG_GetFlagStatus:0000000000000000 WWDG_GetFlagStatus
     /tmp/ccBZ31Bs.s:387    .text.WWDG_GetFlagStatus:0000000000000014 $d
     /tmp/ccBZ31Bs.s:392    .text.WWDG_ClearFlag:0000000000000000 $t
     /tmp/ccBZ31Bs.s:399    .text.WWDG_ClearFlag:0000000000000000 WWDG_ClearFlag
     /tmp/ccBZ31Bs.s:432    .text.WWDG_ClearFlag:0000000000000014 $d

UNDEFINED SYMBOLS
RCC_APB1PeriphResetCmd
