ARM GAS  /tmp/ccde3v3I.s 			page 1


   1              		.cpu cortex-m3
   2              		.eabi_attribute 20, 1
   3              		.eabi_attribute 21, 1
   4              		.eabi_attribute 23, 3
   5              		.eabi_attribute 24, 1
   6              		.eabi_attribute 25, 1
   7              		.eabi_attribute 26, 1
   8              		.eabi_attribute 30, 6
   9              		.eabi_attribute 34, 1
  10              		.eabi_attribute 18, 4
  11              		.file	"stm32f10x_dac.c"
  12              		.text
  13              	.Ltext0:
  14              		.cfi_sections	.debug_frame
  15              		.section	.text.DAC_DeInit,"ax",%progbits
  16              		.align	1
  17              		.global	DAC_DeInit
  18              		.arch armv7-m
  19              		.syntax unified
  20              		.thumb
  21              		.thumb_func
  22              		.fpu softvfp
  24              	DAC_DeInit:
  25              	.LFB29:
  26              		.file 1 "./Libraries/STM32F10x_StdPeriph_Driver/src/stm32f10x_dac.c"
   1:./Libraries/STM32F10x_StdPeriph_Driver/src/stm32f10x_dac.c **** /**
   2:./Libraries/STM32F10x_StdPeriph_Driver/src/stm32f10x_dac.c ****   ******************************************************************************
   3:./Libraries/STM32F10x_StdPeriph_Driver/src/stm32f10x_dac.c ****   * @file    stm32f10x_dac.c
   4:./Libraries/STM32F10x_StdPeriph_Driver/src/stm32f10x_dac.c ****   * @author  MCD Application Team
   5:./Libraries/STM32F10x_StdPeriph_Driver/src/stm32f10x_dac.c ****   * @version V3.5.0
   6:./Libraries/STM32F10x_StdPeriph_Driver/src/stm32f10x_dac.c ****   * @date    11-March-2011
   7:./Libraries/STM32F10x_StdPeriph_Driver/src/stm32f10x_dac.c ****   * @brief   This file provides all the DAC firmware functions.
   8:./Libraries/STM32F10x_StdPeriph_Driver/src/stm32f10x_dac.c ****   ******************************************************************************
   9:./Libraries/STM32F10x_StdPeriph_Driver/src/stm32f10x_dac.c ****   * @attention
  10:./Libraries/STM32F10x_StdPeriph_Driver/src/stm32f10x_dac.c ****   *
  11:./Libraries/STM32F10x_StdPeriph_Driver/src/stm32f10x_dac.c ****   * THE PRESENT FIRMWARE WHICH IS FOR GUIDANCE ONLY AIMS AT PROVIDING CUSTOMERS
  12:./Libraries/STM32F10x_StdPeriph_Driver/src/stm32f10x_dac.c ****   * WITH CODING INFORMATION REGARDING THEIR PRODUCTS IN ORDER FOR THEM TO SAVE
  13:./Libraries/STM32F10x_StdPeriph_Driver/src/stm32f10x_dac.c ****   * TIME. AS A RESULT, STMICROELECTRONICS SHALL NOT BE HELD LIABLE FOR ANY
  14:./Libraries/STM32F10x_StdPeriph_Driver/src/stm32f10x_dac.c ****   * DIRECT, INDIRECT OR CONSEQUENTIAL DAMAGES WITH RESPECT TO ANY CLAIMS ARISING
  15:./Libraries/STM32F10x_StdPeriph_Driver/src/stm32f10x_dac.c ****   * FROM THE CONTENT OF SUCH FIRMWARE AND/OR THE USE MADE BY CUSTOMERS OF THE
  16:./Libraries/STM32F10x_StdPeriph_Driver/src/stm32f10x_dac.c ****   * CODING INFORMATION CONTAINED HEREIN IN CONNECTION WITH THEIR PRODUCTS.
  17:./Libraries/STM32F10x_StdPeriph_Driver/src/stm32f10x_dac.c ****   *
  18:./Libraries/STM32F10x_StdPeriph_Driver/src/stm32f10x_dac.c ****   * <h2><center>&copy; COPYRIGHT 2011 STMicroelectronics</center></h2>
  19:./Libraries/STM32F10x_StdPeriph_Driver/src/stm32f10x_dac.c ****   ******************************************************************************
  20:./Libraries/STM32F10x_StdPeriph_Driver/src/stm32f10x_dac.c ****   */
  21:./Libraries/STM32F10x_StdPeriph_Driver/src/stm32f10x_dac.c **** 
  22:./Libraries/STM32F10x_StdPeriph_Driver/src/stm32f10x_dac.c **** /* Includes ------------------------------------------------------------------*/
  23:./Libraries/STM32F10x_StdPeriph_Driver/src/stm32f10x_dac.c **** #include "stm32f10x_dac.h"
  24:./Libraries/STM32F10x_StdPeriph_Driver/src/stm32f10x_dac.c **** #include "stm32f10x_rcc.h"
  25:./Libraries/STM32F10x_StdPeriph_Driver/src/stm32f10x_dac.c **** 
  26:./Libraries/STM32F10x_StdPeriph_Driver/src/stm32f10x_dac.c **** /** @addtogroup STM32F10x_StdPeriph_Driver
  27:./Libraries/STM32F10x_StdPeriph_Driver/src/stm32f10x_dac.c ****   * @{
  28:./Libraries/STM32F10x_StdPeriph_Driver/src/stm32f10x_dac.c ****   */
  29:./Libraries/STM32F10x_StdPeriph_Driver/src/stm32f10x_dac.c **** 
  30:./Libraries/STM32F10x_StdPeriph_Driver/src/stm32f10x_dac.c **** /** @defgroup DAC 
  31:./Libraries/STM32F10x_StdPeriph_Driver/src/stm32f10x_dac.c ****   * @brief DAC driver modules
  32:./Libraries/STM32F10x_StdPeriph_Driver/src/stm32f10x_dac.c ****   * @{
ARM GAS  /tmp/ccde3v3I.s 			page 2


  33:./Libraries/STM32F10x_StdPeriph_Driver/src/stm32f10x_dac.c ****   */ 
  34:./Libraries/STM32F10x_StdPeriph_Driver/src/stm32f10x_dac.c **** 
  35:./Libraries/STM32F10x_StdPeriph_Driver/src/stm32f10x_dac.c **** /** @defgroup DAC_Private_TypesDefinitions
  36:./Libraries/STM32F10x_StdPeriph_Driver/src/stm32f10x_dac.c ****   * @{
  37:./Libraries/STM32F10x_StdPeriph_Driver/src/stm32f10x_dac.c ****   */
  38:./Libraries/STM32F10x_StdPeriph_Driver/src/stm32f10x_dac.c **** 
  39:./Libraries/STM32F10x_StdPeriph_Driver/src/stm32f10x_dac.c **** /**
  40:./Libraries/STM32F10x_StdPeriph_Driver/src/stm32f10x_dac.c ****   * @}
  41:./Libraries/STM32F10x_StdPeriph_Driver/src/stm32f10x_dac.c ****   */
  42:./Libraries/STM32F10x_StdPeriph_Driver/src/stm32f10x_dac.c **** 
  43:./Libraries/STM32F10x_StdPeriph_Driver/src/stm32f10x_dac.c **** /** @defgroup DAC_Private_Defines
  44:./Libraries/STM32F10x_StdPeriph_Driver/src/stm32f10x_dac.c ****   * @{
  45:./Libraries/STM32F10x_StdPeriph_Driver/src/stm32f10x_dac.c ****   */
  46:./Libraries/STM32F10x_StdPeriph_Driver/src/stm32f10x_dac.c **** 
  47:./Libraries/STM32F10x_StdPeriph_Driver/src/stm32f10x_dac.c **** /* CR register Mask */
  48:./Libraries/STM32F10x_StdPeriph_Driver/src/stm32f10x_dac.c **** #define CR_CLEAR_MASK              ((uint32_t)0x00000FFE)
  49:./Libraries/STM32F10x_StdPeriph_Driver/src/stm32f10x_dac.c **** 
  50:./Libraries/STM32F10x_StdPeriph_Driver/src/stm32f10x_dac.c **** /* DAC Dual Channels SWTRIG masks */
  51:./Libraries/STM32F10x_StdPeriph_Driver/src/stm32f10x_dac.c **** #define DUAL_SWTRIG_SET            ((uint32_t)0x00000003)
  52:./Libraries/STM32F10x_StdPeriph_Driver/src/stm32f10x_dac.c **** #define DUAL_SWTRIG_RESET          ((uint32_t)0xFFFFFFFC)
  53:./Libraries/STM32F10x_StdPeriph_Driver/src/stm32f10x_dac.c **** 
  54:./Libraries/STM32F10x_StdPeriph_Driver/src/stm32f10x_dac.c **** /* DHR registers offsets */
  55:./Libraries/STM32F10x_StdPeriph_Driver/src/stm32f10x_dac.c **** #define DHR12R1_OFFSET             ((uint32_t)0x00000008)
  56:./Libraries/STM32F10x_StdPeriph_Driver/src/stm32f10x_dac.c **** #define DHR12R2_OFFSET             ((uint32_t)0x00000014)
  57:./Libraries/STM32F10x_StdPeriph_Driver/src/stm32f10x_dac.c **** #define DHR12RD_OFFSET             ((uint32_t)0x00000020)
  58:./Libraries/STM32F10x_StdPeriph_Driver/src/stm32f10x_dac.c **** 
  59:./Libraries/STM32F10x_StdPeriph_Driver/src/stm32f10x_dac.c **** /* DOR register offset */
  60:./Libraries/STM32F10x_StdPeriph_Driver/src/stm32f10x_dac.c **** #define DOR_OFFSET                 ((uint32_t)0x0000002C)
  61:./Libraries/STM32F10x_StdPeriph_Driver/src/stm32f10x_dac.c **** /**
  62:./Libraries/STM32F10x_StdPeriph_Driver/src/stm32f10x_dac.c ****   * @}
  63:./Libraries/STM32F10x_StdPeriph_Driver/src/stm32f10x_dac.c ****   */
  64:./Libraries/STM32F10x_StdPeriph_Driver/src/stm32f10x_dac.c **** 
  65:./Libraries/STM32F10x_StdPeriph_Driver/src/stm32f10x_dac.c **** /** @defgroup DAC_Private_Macros
  66:./Libraries/STM32F10x_StdPeriph_Driver/src/stm32f10x_dac.c ****   * @{
  67:./Libraries/STM32F10x_StdPeriph_Driver/src/stm32f10x_dac.c ****   */
  68:./Libraries/STM32F10x_StdPeriph_Driver/src/stm32f10x_dac.c **** 
  69:./Libraries/STM32F10x_StdPeriph_Driver/src/stm32f10x_dac.c **** /**
  70:./Libraries/STM32F10x_StdPeriph_Driver/src/stm32f10x_dac.c ****   * @}
  71:./Libraries/STM32F10x_StdPeriph_Driver/src/stm32f10x_dac.c ****   */
  72:./Libraries/STM32F10x_StdPeriph_Driver/src/stm32f10x_dac.c **** 
  73:./Libraries/STM32F10x_StdPeriph_Driver/src/stm32f10x_dac.c **** /** @defgroup DAC_Private_Variables
  74:./Libraries/STM32F10x_StdPeriph_Driver/src/stm32f10x_dac.c ****   * @{
  75:./Libraries/STM32F10x_StdPeriph_Driver/src/stm32f10x_dac.c ****   */
  76:./Libraries/STM32F10x_StdPeriph_Driver/src/stm32f10x_dac.c **** 
  77:./Libraries/STM32F10x_StdPeriph_Driver/src/stm32f10x_dac.c **** /**
  78:./Libraries/STM32F10x_StdPeriph_Driver/src/stm32f10x_dac.c ****   * @}
  79:./Libraries/STM32F10x_StdPeriph_Driver/src/stm32f10x_dac.c ****   */
  80:./Libraries/STM32F10x_StdPeriph_Driver/src/stm32f10x_dac.c **** 
  81:./Libraries/STM32F10x_StdPeriph_Driver/src/stm32f10x_dac.c **** /** @defgroup DAC_Private_FunctionPrototypes
  82:./Libraries/STM32F10x_StdPeriph_Driver/src/stm32f10x_dac.c ****   * @{
  83:./Libraries/STM32F10x_StdPeriph_Driver/src/stm32f10x_dac.c ****   */
  84:./Libraries/STM32F10x_StdPeriph_Driver/src/stm32f10x_dac.c **** 
  85:./Libraries/STM32F10x_StdPeriph_Driver/src/stm32f10x_dac.c **** /**
  86:./Libraries/STM32F10x_StdPeriph_Driver/src/stm32f10x_dac.c ****   * @}
  87:./Libraries/STM32F10x_StdPeriph_Driver/src/stm32f10x_dac.c ****   */
  88:./Libraries/STM32F10x_StdPeriph_Driver/src/stm32f10x_dac.c **** 
  89:./Libraries/STM32F10x_StdPeriph_Driver/src/stm32f10x_dac.c **** /** @defgroup DAC_Private_Functions
ARM GAS  /tmp/ccde3v3I.s 			page 3


  90:./Libraries/STM32F10x_StdPeriph_Driver/src/stm32f10x_dac.c ****   * @{
  91:./Libraries/STM32F10x_StdPeriph_Driver/src/stm32f10x_dac.c ****   */
  92:./Libraries/STM32F10x_StdPeriph_Driver/src/stm32f10x_dac.c **** 
  93:./Libraries/STM32F10x_StdPeriph_Driver/src/stm32f10x_dac.c **** /**
  94:./Libraries/STM32F10x_StdPeriph_Driver/src/stm32f10x_dac.c ****   * @brief  Deinitializes the DAC peripheral registers to their default reset values.
  95:./Libraries/STM32F10x_StdPeriph_Driver/src/stm32f10x_dac.c ****   * @param  None
  96:./Libraries/STM32F10x_StdPeriph_Driver/src/stm32f10x_dac.c ****   * @retval None
  97:./Libraries/STM32F10x_StdPeriph_Driver/src/stm32f10x_dac.c ****   */
  98:./Libraries/STM32F10x_StdPeriph_Driver/src/stm32f10x_dac.c **** void DAC_DeInit(void)
  99:./Libraries/STM32F10x_StdPeriph_Driver/src/stm32f10x_dac.c **** {
  27              		.loc 1 99 1
  28              		.cfi_startproc
  29              		@ args = 0, pretend = 0, frame = 0
  30              		@ frame_needed = 1, uses_anonymous_args = 0
  31 0000 80B5     		push	{r7, lr}
  32              	.LCFI0:
  33              		.cfi_def_cfa_offset 8
  34              		.cfi_offset 7, -8
  35              		.cfi_offset 14, -4
  36 0002 00AF     		add	r7, sp, #0
  37              	.LCFI1:
  38              		.cfi_def_cfa_register 7
 100:./Libraries/STM32F10x_StdPeriph_Driver/src/stm32f10x_dac.c ****   /* Enable DAC reset state */
 101:./Libraries/STM32F10x_StdPeriph_Driver/src/stm32f10x_dac.c ****   RCC_APB1PeriphResetCmd(RCC_APB1Periph_DAC, ENABLE);
  39              		.loc 1 101 3
  40 0004 0121     		movs	r1, #1
  41 0006 4FF00050 		mov	r0, #536870912
  42 000a FFF7FEFF 		bl	RCC_APB1PeriphResetCmd
 102:./Libraries/STM32F10x_StdPeriph_Driver/src/stm32f10x_dac.c ****   /* Release DAC from reset state */
 103:./Libraries/STM32F10x_StdPeriph_Driver/src/stm32f10x_dac.c ****   RCC_APB1PeriphResetCmd(RCC_APB1Periph_DAC, DISABLE);
  43              		.loc 1 103 3
  44 000e 0021     		movs	r1, #0
  45 0010 4FF00050 		mov	r0, #536870912
  46 0014 FFF7FEFF 		bl	RCC_APB1PeriphResetCmd
 104:./Libraries/STM32F10x_StdPeriph_Driver/src/stm32f10x_dac.c **** }
  47              		.loc 1 104 1
  48 0018 00BF     		nop
  49 001a 80BD     		pop	{r7, pc}
  50              		.cfi_endproc
  51              	.LFE29:
  53              		.section	.text.DAC_Init,"ax",%progbits
  54              		.align	1
  55              		.global	DAC_Init
  56              		.syntax unified
  57              		.thumb
  58              		.thumb_func
  59              		.fpu softvfp
  61              	DAC_Init:
  62              	.LFB30:
 105:./Libraries/STM32F10x_StdPeriph_Driver/src/stm32f10x_dac.c **** 
 106:./Libraries/STM32F10x_StdPeriph_Driver/src/stm32f10x_dac.c **** /**
 107:./Libraries/STM32F10x_StdPeriph_Driver/src/stm32f10x_dac.c ****   * @brief  Initializes the DAC peripheral according to the specified 
 108:./Libraries/STM32F10x_StdPeriph_Driver/src/stm32f10x_dac.c ****   *         parameters in the DAC_InitStruct.
 109:./Libraries/STM32F10x_StdPeriph_Driver/src/stm32f10x_dac.c ****   * @param  DAC_Channel: the selected DAC channel. 
 110:./Libraries/STM32F10x_StdPeriph_Driver/src/stm32f10x_dac.c ****   *   This parameter can be one of the following values:
 111:./Libraries/STM32F10x_StdPeriph_Driver/src/stm32f10x_dac.c ****   *     @arg DAC_Channel_1: DAC Channel1 selected
 112:./Libraries/STM32F10x_StdPeriph_Driver/src/stm32f10x_dac.c ****   *     @arg DAC_Channel_2: DAC Channel2 selected
ARM GAS  /tmp/ccde3v3I.s 			page 4


 113:./Libraries/STM32F10x_StdPeriph_Driver/src/stm32f10x_dac.c ****   * @param  DAC_InitStruct: pointer to a DAC_InitTypeDef structure that
 114:./Libraries/STM32F10x_StdPeriph_Driver/src/stm32f10x_dac.c ****   *        contains the configuration information for the specified DAC channel.
 115:./Libraries/STM32F10x_StdPeriph_Driver/src/stm32f10x_dac.c ****   * @retval None
 116:./Libraries/STM32F10x_StdPeriph_Driver/src/stm32f10x_dac.c ****   */
 117:./Libraries/STM32F10x_StdPeriph_Driver/src/stm32f10x_dac.c **** void DAC_Init(uint32_t DAC_Channel, DAC_InitTypeDef* DAC_InitStruct)
 118:./Libraries/STM32F10x_StdPeriph_Driver/src/stm32f10x_dac.c **** {
  63              		.loc 1 118 1
  64              		.cfi_startproc
  65              		@ args = 0, pretend = 0, frame = 16
  66              		@ frame_needed = 1, uses_anonymous_args = 0
  67              		@ link register save eliminated.
  68 0000 80B4     		push	{r7}
  69              	.LCFI2:
  70              		.cfi_def_cfa_offset 4
  71              		.cfi_offset 7, -4
  72 0002 85B0     		sub	sp, sp, #20
  73              	.LCFI3:
  74              		.cfi_def_cfa_offset 24
  75 0004 00AF     		add	r7, sp, #0
  76              	.LCFI4:
  77              		.cfi_def_cfa_register 7
  78 0006 7860     		str	r0, [r7, #4]
  79 0008 3960     		str	r1, [r7]
 119:./Libraries/STM32F10x_StdPeriph_Driver/src/stm32f10x_dac.c ****   uint32_t tmpreg1 = 0, tmpreg2 = 0;
  80              		.loc 1 119 12
  81 000a 0023     		movs	r3, #0
  82 000c FB60     		str	r3, [r7, #12]
  83              		.loc 1 119 25
  84 000e 0023     		movs	r3, #0
  85 0010 BB60     		str	r3, [r7, #8]
 120:./Libraries/STM32F10x_StdPeriph_Driver/src/stm32f10x_dac.c ****   /* Check the DAC parameters */
 121:./Libraries/STM32F10x_StdPeriph_Driver/src/stm32f10x_dac.c ****   assert_param(IS_DAC_TRIGGER(DAC_InitStruct->DAC_Trigger));
 122:./Libraries/STM32F10x_StdPeriph_Driver/src/stm32f10x_dac.c ****   assert_param(IS_DAC_GENERATE_WAVE(DAC_InitStruct->DAC_WaveGeneration));
 123:./Libraries/STM32F10x_StdPeriph_Driver/src/stm32f10x_dac.c ****   assert_param(IS_DAC_LFSR_UNMASK_TRIANGLE_AMPLITUDE(DAC_InitStruct->DAC_LFSRUnmask_TriangleAmplitu
 124:./Libraries/STM32F10x_StdPeriph_Driver/src/stm32f10x_dac.c ****   assert_param(IS_DAC_OUTPUT_BUFFER_STATE(DAC_InitStruct->DAC_OutputBuffer));
 125:./Libraries/STM32F10x_StdPeriph_Driver/src/stm32f10x_dac.c **** /*---------------------------- DAC CR Configuration --------------------------*/
 126:./Libraries/STM32F10x_StdPeriph_Driver/src/stm32f10x_dac.c ****   /* Get the DAC CR value */
 127:./Libraries/STM32F10x_StdPeriph_Driver/src/stm32f10x_dac.c ****   tmpreg1 = DAC->CR;
  86              		.loc 1 127 16
  87 0012 134B     		ldr	r3, .L3
  88              		.loc 1 127 11
  89 0014 1B68     		ldr	r3, [r3]
  90 0016 FB60     		str	r3, [r7, #12]
 128:./Libraries/STM32F10x_StdPeriph_Driver/src/stm32f10x_dac.c ****   /* Clear BOFFx, TENx, TSELx, WAVEx and MAMPx bits */
 129:./Libraries/STM32F10x_StdPeriph_Driver/src/stm32f10x_dac.c ****   tmpreg1 &= ~(CR_CLEAR_MASK << DAC_Channel);
  91              		.loc 1 129 30
  92 0018 40F6FE72 		movw	r2, #4094
  93 001c 7B68     		ldr	r3, [r7, #4]
  94 001e 02FA03F3 		lsl	r3, r2, r3
  95              		.loc 1 129 14
  96 0022 DB43     		mvns	r3, r3
  97              		.loc 1 129 11
  98 0024 FA68     		ldr	r2, [r7, #12]
  99 0026 1340     		ands	r3, r3, r2
 100 0028 FB60     		str	r3, [r7, #12]
 130:./Libraries/STM32F10x_StdPeriph_Driver/src/stm32f10x_dac.c ****   /* Configure for the selected DAC channel: buffer output, trigger, wave generation,
 131:./Libraries/STM32F10x_StdPeriph_Driver/src/stm32f10x_dac.c ****      mask/amplitude for wave generation */
ARM GAS  /tmp/ccde3v3I.s 			page 5


 132:./Libraries/STM32F10x_StdPeriph_Driver/src/stm32f10x_dac.c ****   /* Set TSELx and TENx bits according to DAC_Trigger value */
 133:./Libraries/STM32F10x_StdPeriph_Driver/src/stm32f10x_dac.c ****   /* Set WAVEx bits according to DAC_WaveGeneration value */
 134:./Libraries/STM32F10x_StdPeriph_Driver/src/stm32f10x_dac.c ****   /* Set MAMPx bits according to DAC_LFSRUnmask_TriangleAmplitude value */ 
 135:./Libraries/STM32F10x_StdPeriph_Driver/src/stm32f10x_dac.c ****   /* Set BOFFx bit according to DAC_OutputBuffer value */   
 136:./Libraries/STM32F10x_StdPeriph_Driver/src/stm32f10x_dac.c ****   tmpreg2 = (DAC_InitStruct->DAC_Trigger | DAC_InitStruct->DAC_WaveGeneration |
 101              		.loc 1 136 28
 102 002a 3B68     		ldr	r3, [r7]
 103 002c 1A68     		ldr	r2, [r3]
 104              		.loc 1 136 58
 105 002e 3B68     		ldr	r3, [r7]
 106 0030 5B68     		ldr	r3, [r3, #4]
 107              		.loc 1 136 42
 108 0032 1A43     		orrs	r2, r2, r3
 137:./Libraries/STM32F10x_StdPeriph_Driver/src/stm32f10x_dac.c ****              DAC_InitStruct->DAC_LFSRUnmask_TriangleAmplitude | DAC_InitStruct->DAC_OutputBuffer);
 109              		.loc 1 137 28
 110 0034 3B68     		ldr	r3, [r7]
 111 0036 9B68     		ldr	r3, [r3, #8]
 136:./Libraries/STM32F10x_StdPeriph_Driver/src/stm32f10x_dac.c ****              DAC_InitStruct->DAC_LFSRUnmask_TriangleAmplitude | DAC_InitStruct->DAC_OutputBuffer);
 112              		.loc 1 136 79
 113 0038 1A43     		orrs	r2, r2, r3
 114              		.loc 1 137 79
 115 003a 3B68     		ldr	r3, [r7]
 116 003c DB68     		ldr	r3, [r3, #12]
 136:./Libraries/STM32F10x_StdPeriph_Driver/src/stm32f10x_dac.c ****              DAC_InitStruct->DAC_LFSRUnmask_TriangleAmplitude | DAC_InitStruct->DAC_OutputBuffer);
 117              		.loc 1 136 11
 118 003e 1343     		orrs	r3, r3, r2
 119 0040 BB60     		str	r3, [r7, #8]
 138:./Libraries/STM32F10x_StdPeriph_Driver/src/stm32f10x_dac.c ****   /* Calculate CR register value depending on DAC_Channel */
 139:./Libraries/STM32F10x_StdPeriph_Driver/src/stm32f10x_dac.c ****   tmpreg1 |= tmpreg2 << DAC_Channel;
 120              		.loc 1 139 22
 121 0042 BA68     		ldr	r2, [r7, #8]
 122 0044 7B68     		ldr	r3, [r7, #4]
 123 0046 02FA03F3 		lsl	r3, r2, r3
 124              		.loc 1 139 11
 125 004a FA68     		ldr	r2, [r7, #12]
 126 004c 1343     		orrs	r3, r3, r2
 127 004e FB60     		str	r3, [r7, #12]
 140:./Libraries/STM32F10x_StdPeriph_Driver/src/stm32f10x_dac.c ****   /* Write to DAC CR */
 141:./Libraries/STM32F10x_StdPeriph_Driver/src/stm32f10x_dac.c ****   DAC->CR = tmpreg1;
 128              		.loc 1 141 6
 129 0050 034A     		ldr	r2, .L3
 130              		.loc 1 141 11
 131 0052 FB68     		ldr	r3, [r7, #12]
 132 0054 1360     		str	r3, [r2]
 142:./Libraries/STM32F10x_StdPeriph_Driver/src/stm32f10x_dac.c **** }
 133              		.loc 1 142 1
 134 0056 00BF     		nop
 135 0058 1437     		adds	r7, r7, #20
 136              	.LCFI5:
 137              		.cfi_def_cfa_offset 4
 138 005a BD46     		mov	sp, r7
 139              	.LCFI6:
 140              		.cfi_def_cfa_register 13
 141              		@ sp needed
 142 005c 80BC     		pop	{r7}
 143              	.LCFI7:
 144              		.cfi_restore 7
ARM GAS  /tmp/ccde3v3I.s 			page 6


 145              		.cfi_def_cfa_offset 0
 146 005e 7047     		bx	lr
 147              	.L4:
 148              		.align	2
 149              	.L3:
 150 0060 00740040 		.word	1073771520
 151              		.cfi_endproc
 152              	.LFE30:
 154              		.section	.text.DAC_StructInit,"ax",%progbits
 155              		.align	1
 156              		.global	DAC_StructInit
 157              		.syntax unified
 158              		.thumb
 159              		.thumb_func
 160              		.fpu softvfp
 162              	DAC_StructInit:
 163              	.LFB31:
 143:./Libraries/STM32F10x_StdPeriph_Driver/src/stm32f10x_dac.c **** 
 144:./Libraries/STM32F10x_StdPeriph_Driver/src/stm32f10x_dac.c **** /**
 145:./Libraries/STM32F10x_StdPeriph_Driver/src/stm32f10x_dac.c ****   * @brief  Fills each DAC_InitStruct member with its default value.
 146:./Libraries/STM32F10x_StdPeriph_Driver/src/stm32f10x_dac.c ****   * @param  DAC_InitStruct : pointer to a DAC_InitTypeDef structure which will
 147:./Libraries/STM32F10x_StdPeriph_Driver/src/stm32f10x_dac.c ****   *         be initialized.
 148:./Libraries/STM32F10x_StdPeriph_Driver/src/stm32f10x_dac.c ****   * @retval None
 149:./Libraries/STM32F10x_StdPeriph_Driver/src/stm32f10x_dac.c ****   */
 150:./Libraries/STM32F10x_StdPeriph_Driver/src/stm32f10x_dac.c **** void DAC_StructInit(DAC_InitTypeDef* DAC_InitStruct)
 151:./Libraries/STM32F10x_StdPeriph_Driver/src/stm32f10x_dac.c **** {
 164              		.loc 1 151 1
 165              		.cfi_startproc
 166              		@ args = 0, pretend = 0, frame = 8
 167              		@ frame_needed = 1, uses_anonymous_args = 0
 168              		@ link register save eliminated.
 169 0000 80B4     		push	{r7}
 170              	.LCFI8:
 171              		.cfi_def_cfa_offset 4
 172              		.cfi_offset 7, -4
 173 0002 83B0     		sub	sp, sp, #12
 174              	.LCFI9:
 175              		.cfi_def_cfa_offset 16
 176 0004 00AF     		add	r7, sp, #0
 177              	.LCFI10:
 178              		.cfi_def_cfa_register 7
 179 0006 7860     		str	r0, [r7, #4]
 152:./Libraries/STM32F10x_StdPeriph_Driver/src/stm32f10x_dac.c **** /*--------------- Reset DAC init structure parameters values -----------------*/
 153:./Libraries/STM32F10x_StdPeriph_Driver/src/stm32f10x_dac.c ****   /* Initialize the DAC_Trigger member */
 154:./Libraries/STM32F10x_StdPeriph_Driver/src/stm32f10x_dac.c ****   DAC_InitStruct->DAC_Trigger = DAC_Trigger_None;
 180              		.loc 1 154 31
 181 0008 7B68     		ldr	r3, [r7, #4]
 182 000a 0022     		movs	r2, #0
 183 000c 1A60     		str	r2, [r3]
 155:./Libraries/STM32F10x_StdPeriph_Driver/src/stm32f10x_dac.c ****   /* Initialize the DAC_WaveGeneration member */
 156:./Libraries/STM32F10x_StdPeriph_Driver/src/stm32f10x_dac.c ****   DAC_InitStruct->DAC_WaveGeneration = DAC_WaveGeneration_None;
 184              		.loc 1 156 38
 185 000e 7B68     		ldr	r3, [r7, #4]
 186 0010 0022     		movs	r2, #0
 187 0012 5A60     		str	r2, [r3, #4]
 157:./Libraries/STM32F10x_StdPeriph_Driver/src/stm32f10x_dac.c ****   /* Initialize the DAC_LFSRUnmask_TriangleAmplitude member */
 158:./Libraries/STM32F10x_StdPeriph_Driver/src/stm32f10x_dac.c ****   DAC_InitStruct->DAC_LFSRUnmask_TriangleAmplitude = DAC_LFSRUnmask_Bit0;
ARM GAS  /tmp/ccde3v3I.s 			page 7


 188              		.loc 1 158 52
 189 0014 7B68     		ldr	r3, [r7, #4]
 190 0016 0022     		movs	r2, #0
 191 0018 9A60     		str	r2, [r3, #8]
 159:./Libraries/STM32F10x_StdPeriph_Driver/src/stm32f10x_dac.c ****   /* Initialize the DAC_OutputBuffer member */
 160:./Libraries/STM32F10x_StdPeriph_Driver/src/stm32f10x_dac.c ****   DAC_InitStruct->DAC_OutputBuffer = DAC_OutputBuffer_Enable;
 192              		.loc 1 160 36
 193 001a 7B68     		ldr	r3, [r7, #4]
 194 001c 0022     		movs	r2, #0
 195 001e DA60     		str	r2, [r3, #12]
 161:./Libraries/STM32F10x_StdPeriph_Driver/src/stm32f10x_dac.c **** }
 196              		.loc 1 161 1
 197 0020 00BF     		nop
 198 0022 0C37     		adds	r7, r7, #12
 199              	.LCFI11:
 200              		.cfi_def_cfa_offset 4
 201 0024 BD46     		mov	sp, r7
 202              	.LCFI12:
 203              		.cfi_def_cfa_register 13
 204              		@ sp needed
 205 0026 80BC     		pop	{r7}
 206              	.LCFI13:
 207              		.cfi_restore 7
 208              		.cfi_def_cfa_offset 0
 209 0028 7047     		bx	lr
 210              		.cfi_endproc
 211              	.LFE31:
 213              		.section	.text.DAC_Cmd,"ax",%progbits
 214              		.align	1
 215              		.global	DAC_Cmd
 216              		.syntax unified
 217              		.thumb
 218              		.thumb_func
 219              		.fpu softvfp
 221              	DAC_Cmd:
 222              	.LFB32:
 162:./Libraries/STM32F10x_StdPeriph_Driver/src/stm32f10x_dac.c **** 
 163:./Libraries/STM32F10x_StdPeriph_Driver/src/stm32f10x_dac.c **** /**
 164:./Libraries/STM32F10x_StdPeriph_Driver/src/stm32f10x_dac.c ****   * @brief  Enables or disables the specified DAC channel.
 165:./Libraries/STM32F10x_StdPeriph_Driver/src/stm32f10x_dac.c ****   * @param  DAC_Channel: the selected DAC channel. 
 166:./Libraries/STM32F10x_StdPeriph_Driver/src/stm32f10x_dac.c ****   *   This parameter can be one of the following values:
 167:./Libraries/STM32F10x_StdPeriph_Driver/src/stm32f10x_dac.c ****   *     @arg DAC_Channel_1: DAC Channel1 selected
 168:./Libraries/STM32F10x_StdPeriph_Driver/src/stm32f10x_dac.c ****   *     @arg DAC_Channel_2: DAC Channel2 selected
 169:./Libraries/STM32F10x_StdPeriph_Driver/src/stm32f10x_dac.c ****   * @param  NewState: new state of the DAC channel. 
 170:./Libraries/STM32F10x_StdPeriph_Driver/src/stm32f10x_dac.c ****   *   This parameter can be: ENABLE or DISABLE.
 171:./Libraries/STM32F10x_StdPeriph_Driver/src/stm32f10x_dac.c ****   * @retval None
 172:./Libraries/STM32F10x_StdPeriph_Driver/src/stm32f10x_dac.c ****   */
 173:./Libraries/STM32F10x_StdPeriph_Driver/src/stm32f10x_dac.c **** void DAC_Cmd(uint32_t DAC_Channel, FunctionalState NewState)
 174:./Libraries/STM32F10x_StdPeriph_Driver/src/stm32f10x_dac.c **** {
 223              		.loc 1 174 1
 224              		.cfi_startproc
 225              		@ args = 0, pretend = 0, frame = 8
 226              		@ frame_needed = 1, uses_anonymous_args = 0
 227              		@ link register save eliminated.
 228 0000 80B4     		push	{r7}
 229              	.LCFI14:
 230              		.cfi_def_cfa_offset 4
ARM GAS  /tmp/ccde3v3I.s 			page 8


 231              		.cfi_offset 7, -4
 232 0002 83B0     		sub	sp, sp, #12
 233              	.LCFI15:
 234              		.cfi_def_cfa_offset 16
 235 0004 00AF     		add	r7, sp, #0
 236              	.LCFI16:
 237              		.cfi_def_cfa_register 7
 238 0006 7860     		str	r0, [r7, #4]
 239 0008 0B46     		mov	r3, r1
 240 000a FB70     		strb	r3, [r7, #3]
 175:./Libraries/STM32F10x_StdPeriph_Driver/src/stm32f10x_dac.c ****   /* Check the parameters */
 176:./Libraries/STM32F10x_StdPeriph_Driver/src/stm32f10x_dac.c ****   assert_param(IS_DAC_CHANNEL(DAC_Channel));
 177:./Libraries/STM32F10x_StdPeriph_Driver/src/stm32f10x_dac.c ****   assert_param(IS_FUNCTIONAL_STATE(NewState));
 178:./Libraries/STM32F10x_StdPeriph_Driver/src/stm32f10x_dac.c ****   if (NewState != DISABLE)
 241              		.loc 1 178 6
 242 000c FB78     		ldrb	r3, [r7, #3]	@ zero_extendqisi2
 243 000e 002B     		cmp	r3, #0
 244 0010 09D0     		beq	.L7
 179:./Libraries/STM32F10x_StdPeriph_Driver/src/stm32f10x_dac.c ****   {
 180:./Libraries/STM32F10x_StdPeriph_Driver/src/stm32f10x_dac.c ****     /* Enable the selected DAC channel */
 181:./Libraries/STM32F10x_StdPeriph_Driver/src/stm32f10x_dac.c ****     DAC->CR |= (DAC_CR_EN1 << DAC_Channel);
 245              		.loc 1 181 13
 246 0012 0C4B     		ldr	r3, .L10
 247 0014 1A68     		ldr	r2, [r3]
 248              		.loc 1 181 28
 249 0016 0121     		movs	r1, #1
 250 0018 7B68     		ldr	r3, [r7, #4]
 251 001a 01FA03F3 		lsl	r3, r1, r3
 252              		.loc 1 181 13
 253 001e 0949     		ldr	r1, .L10
 254 0020 1343     		orrs	r3, r3, r2
 255 0022 0B60     		str	r3, [r1]
 182:./Libraries/STM32F10x_StdPeriph_Driver/src/stm32f10x_dac.c ****   }
 183:./Libraries/STM32F10x_StdPeriph_Driver/src/stm32f10x_dac.c ****   else
 184:./Libraries/STM32F10x_StdPeriph_Driver/src/stm32f10x_dac.c ****   {
 185:./Libraries/STM32F10x_StdPeriph_Driver/src/stm32f10x_dac.c ****     /* Disable the selected DAC channel */
 186:./Libraries/STM32F10x_StdPeriph_Driver/src/stm32f10x_dac.c ****     DAC->CR &= ~(DAC_CR_EN1 << DAC_Channel);
 187:./Libraries/STM32F10x_StdPeriph_Driver/src/stm32f10x_dac.c ****   }
 188:./Libraries/STM32F10x_StdPeriph_Driver/src/stm32f10x_dac.c **** }
 256              		.loc 1 188 1
 257 0024 09E0     		b	.L9
 258              	.L7:
 186:./Libraries/STM32F10x_StdPeriph_Driver/src/stm32f10x_dac.c ****   }
 259              		.loc 1 186 13
 260 0026 074B     		ldr	r3, .L10
 261 0028 1A68     		ldr	r2, [r3]
 186:./Libraries/STM32F10x_StdPeriph_Driver/src/stm32f10x_dac.c ****   }
 262              		.loc 1 186 29
 263 002a 0121     		movs	r1, #1
 264 002c 7B68     		ldr	r3, [r7, #4]
 265 002e 01FA03F3 		lsl	r3, r1, r3
 186:./Libraries/STM32F10x_StdPeriph_Driver/src/stm32f10x_dac.c ****   }
 266              		.loc 1 186 16
 267 0032 DB43     		mvns	r3, r3
 186:./Libraries/STM32F10x_StdPeriph_Driver/src/stm32f10x_dac.c ****   }
 268              		.loc 1 186 13
 269 0034 0349     		ldr	r1, .L10
ARM GAS  /tmp/ccde3v3I.s 			page 9


 270 0036 1340     		ands	r3, r3, r2
 271 0038 0B60     		str	r3, [r1]
 272              	.L9:
 273              		.loc 1 188 1
 274 003a 00BF     		nop
 275 003c 0C37     		adds	r7, r7, #12
 276              	.LCFI17:
 277              		.cfi_def_cfa_offset 4
 278 003e BD46     		mov	sp, r7
 279              	.LCFI18:
 280              		.cfi_def_cfa_register 13
 281              		@ sp needed
 282 0040 80BC     		pop	{r7}
 283              	.LCFI19:
 284              		.cfi_restore 7
 285              		.cfi_def_cfa_offset 0
 286 0042 7047     		bx	lr
 287              	.L11:
 288              		.align	2
 289              	.L10:
 290 0044 00740040 		.word	1073771520
 291              		.cfi_endproc
 292              	.LFE32:
 294              		.section	.text.DAC_DMACmd,"ax",%progbits
 295              		.align	1
 296              		.global	DAC_DMACmd
 297              		.syntax unified
 298              		.thumb
 299              		.thumb_func
 300              		.fpu softvfp
 302              	DAC_DMACmd:
 303              	.LFB33:
 189:./Libraries/STM32F10x_StdPeriph_Driver/src/stm32f10x_dac.c **** #if defined (STM32F10X_LD_VL) || defined (STM32F10X_MD_VL) || defined (STM32F10X_HD_VL)
 190:./Libraries/STM32F10x_StdPeriph_Driver/src/stm32f10x_dac.c **** /**
 191:./Libraries/STM32F10x_StdPeriph_Driver/src/stm32f10x_dac.c ****   * @brief  Enables or disables the specified DAC interrupts.
 192:./Libraries/STM32F10x_StdPeriph_Driver/src/stm32f10x_dac.c ****   * @param  DAC_Channel: the selected DAC channel. 
 193:./Libraries/STM32F10x_StdPeriph_Driver/src/stm32f10x_dac.c ****   *   This parameter can be one of the following values:
 194:./Libraries/STM32F10x_StdPeriph_Driver/src/stm32f10x_dac.c ****   *     @arg DAC_Channel_1: DAC Channel1 selected
 195:./Libraries/STM32F10x_StdPeriph_Driver/src/stm32f10x_dac.c ****   *     @arg DAC_Channel_2: DAC Channel2 selected
 196:./Libraries/STM32F10x_StdPeriph_Driver/src/stm32f10x_dac.c ****   * @param  DAC_IT: specifies the DAC interrupt sources to be enabled or disabled. 
 197:./Libraries/STM32F10x_StdPeriph_Driver/src/stm32f10x_dac.c ****   *   This parameter can be the following values:
 198:./Libraries/STM32F10x_StdPeriph_Driver/src/stm32f10x_dac.c ****   *     @arg DAC_IT_DMAUDR: DMA underrun interrupt mask                      
 199:./Libraries/STM32F10x_StdPeriph_Driver/src/stm32f10x_dac.c ****   * @param  NewState: new state of the specified DAC interrupts.
 200:./Libraries/STM32F10x_StdPeriph_Driver/src/stm32f10x_dac.c ****   *   This parameter can be: ENABLE or DISABLE.
 201:./Libraries/STM32F10x_StdPeriph_Driver/src/stm32f10x_dac.c ****   * @retval None
 202:./Libraries/STM32F10x_StdPeriph_Driver/src/stm32f10x_dac.c ****   */ 
 203:./Libraries/STM32F10x_StdPeriph_Driver/src/stm32f10x_dac.c **** void DAC_ITConfig(uint32_t DAC_Channel, uint32_t DAC_IT, FunctionalState NewState)  
 204:./Libraries/STM32F10x_StdPeriph_Driver/src/stm32f10x_dac.c **** {
 205:./Libraries/STM32F10x_StdPeriph_Driver/src/stm32f10x_dac.c ****   /* Check the parameters */
 206:./Libraries/STM32F10x_StdPeriph_Driver/src/stm32f10x_dac.c ****   assert_param(IS_DAC_CHANNEL(DAC_Channel));
 207:./Libraries/STM32F10x_StdPeriph_Driver/src/stm32f10x_dac.c ****   assert_param(IS_FUNCTIONAL_STATE(NewState));
 208:./Libraries/STM32F10x_StdPeriph_Driver/src/stm32f10x_dac.c ****   assert_param(IS_DAC_IT(DAC_IT)); 
 209:./Libraries/STM32F10x_StdPeriph_Driver/src/stm32f10x_dac.c **** 
 210:./Libraries/STM32F10x_StdPeriph_Driver/src/stm32f10x_dac.c ****   if (NewState != DISABLE)
 211:./Libraries/STM32F10x_StdPeriph_Driver/src/stm32f10x_dac.c ****   {
 212:./Libraries/STM32F10x_StdPeriph_Driver/src/stm32f10x_dac.c ****     /* Enable the selected DAC interrupts */
 213:./Libraries/STM32F10x_StdPeriph_Driver/src/stm32f10x_dac.c ****     DAC->CR |=  (DAC_IT << DAC_Channel);
ARM GAS  /tmp/ccde3v3I.s 			page 10


 214:./Libraries/STM32F10x_StdPeriph_Driver/src/stm32f10x_dac.c ****   }
 215:./Libraries/STM32F10x_StdPeriph_Driver/src/stm32f10x_dac.c ****   else
 216:./Libraries/STM32F10x_StdPeriph_Driver/src/stm32f10x_dac.c ****   {
 217:./Libraries/STM32F10x_StdPeriph_Driver/src/stm32f10x_dac.c ****     /* Disable the selected DAC interrupts */
 218:./Libraries/STM32F10x_StdPeriph_Driver/src/stm32f10x_dac.c ****     DAC->CR &= (~(uint32_t)(DAC_IT << DAC_Channel));
 219:./Libraries/STM32F10x_StdPeriph_Driver/src/stm32f10x_dac.c ****   }
 220:./Libraries/STM32F10x_StdPeriph_Driver/src/stm32f10x_dac.c **** }
 221:./Libraries/STM32F10x_StdPeriph_Driver/src/stm32f10x_dac.c **** #endif
 222:./Libraries/STM32F10x_StdPeriph_Driver/src/stm32f10x_dac.c **** 
 223:./Libraries/STM32F10x_StdPeriph_Driver/src/stm32f10x_dac.c **** /**
 224:./Libraries/STM32F10x_StdPeriph_Driver/src/stm32f10x_dac.c ****   * @brief  Enables or disables the specified DAC channel DMA request.
 225:./Libraries/STM32F10x_StdPeriph_Driver/src/stm32f10x_dac.c ****   * @param  DAC_Channel: the selected DAC channel. 
 226:./Libraries/STM32F10x_StdPeriph_Driver/src/stm32f10x_dac.c ****   *   This parameter can be one of the following values:
 227:./Libraries/STM32F10x_StdPeriph_Driver/src/stm32f10x_dac.c ****   *     @arg DAC_Channel_1: DAC Channel1 selected
 228:./Libraries/STM32F10x_StdPeriph_Driver/src/stm32f10x_dac.c ****   *     @arg DAC_Channel_2: DAC Channel2 selected
 229:./Libraries/STM32F10x_StdPeriph_Driver/src/stm32f10x_dac.c ****   * @param  NewState: new state of the selected DAC channel DMA request.
 230:./Libraries/STM32F10x_StdPeriph_Driver/src/stm32f10x_dac.c ****   *   This parameter can be: ENABLE or DISABLE.
 231:./Libraries/STM32F10x_StdPeriph_Driver/src/stm32f10x_dac.c ****   * @retval None
 232:./Libraries/STM32F10x_StdPeriph_Driver/src/stm32f10x_dac.c ****   */
 233:./Libraries/STM32F10x_StdPeriph_Driver/src/stm32f10x_dac.c **** void DAC_DMACmd(uint32_t DAC_Channel, FunctionalState NewState)
 234:./Libraries/STM32F10x_StdPeriph_Driver/src/stm32f10x_dac.c **** {
 304              		.loc 1 234 1
 305              		.cfi_startproc
 306              		@ args = 0, pretend = 0, frame = 8
 307              		@ frame_needed = 1, uses_anonymous_args = 0
 308              		@ link register save eliminated.
 309 0000 80B4     		push	{r7}
 310              	.LCFI20:
 311              		.cfi_def_cfa_offset 4
 312              		.cfi_offset 7, -4
 313 0002 83B0     		sub	sp, sp, #12
 314              	.LCFI21:
 315              		.cfi_def_cfa_offset 16
 316 0004 00AF     		add	r7, sp, #0
 317              	.LCFI22:
 318              		.cfi_def_cfa_register 7
 319 0006 7860     		str	r0, [r7, #4]
 320 0008 0B46     		mov	r3, r1
 321 000a FB70     		strb	r3, [r7, #3]
 235:./Libraries/STM32F10x_StdPeriph_Driver/src/stm32f10x_dac.c ****   /* Check the parameters */
 236:./Libraries/STM32F10x_StdPeriph_Driver/src/stm32f10x_dac.c ****   assert_param(IS_DAC_CHANNEL(DAC_Channel));
 237:./Libraries/STM32F10x_StdPeriph_Driver/src/stm32f10x_dac.c ****   assert_param(IS_FUNCTIONAL_STATE(NewState));
 238:./Libraries/STM32F10x_StdPeriph_Driver/src/stm32f10x_dac.c ****   if (NewState != DISABLE)
 322              		.loc 1 238 6
 323 000c FB78     		ldrb	r3, [r7, #3]	@ zero_extendqisi2
 324 000e 002B     		cmp	r3, #0
 325 0010 0AD0     		beq	.L13
 239:./Libraries/STM32F10x_StdPeriph_Driver/src/stm32f10x_dac.c ****   {
 240:./Libraries/STM32F10x_StdPeriph_Driver/src/stm32f10x_dac.c ****     /* Enable the selected DAC channel DMA request */
 241:./Libraries/STM32F10x_StdPeriph_Driver/src/stm32f10x_dac.c ****     DAC->CR |= (DAC_CR_DMAEN1 << DAC_Channel);
 326              		.loc 1 241 13
 327 0012 0D4B     		ldr	r3, .L16
 328 0014 1A68     		ldr	r2, [r3]
 329              		.loc 1 241 31
 330 0016 4FF48051 		mov	r1, #4096
 331 001a 7B68     		ldr	r3, [r7, #4]
 332 001c 01FA03F3 		lsl	r3, r1, r3
ARM GAS  /tmp/ccde3v3I.s 			page 11


 333              		.loc 1 241 13
 334 0020 0949     		ldr	r1, .L16
 335 0022 1343     		orrs	r3, r3, r2
 336 0024 0B60     		str	r3, [r1]
 242:./Libraries/STM32F10x_StdPeriph_Driver/src/stm32f10x_dac.c ****   }
 243:./Libraries/STM32F10x_StdPeriph_Driver/src/stm32f10x_dac.c ****   else
 244:./Libraries/STM32F10x_StdPeriph_Driver/src/stm32f10x_dac.c ****   {
 245:./Libraries/STM32F10x_StdPeriph_Driver/src/stm32f10x_dac.c ****     /* Disable the selected DAC channel DMA request */
 246:./Libraries/STM32F10x_StdPeriph_Driver/src/stm32f10x_dac.c ****     DAC->CR &= ~(DAC_CR_DMAEN1 << DAC_Channel);
 247:./Libraries/STM32F10x_StdPeriph_Driver/src/stm32f10x_dac.c ****   }
 248:./Libraries/STM32F10x_StdPeriph_Driver/src/stm32f10x_dac.c **** }
 337              		.loc 1 248 1
 338 0026 0AE0     		b	.L15
 339              	.L13:
 246:./Libraries/STM32F10x_StdPeriph_Driver/src/stm32f10x_dac.c ****   }
 340              		.loc 1 246 13
 341 0028 074B     		ldr	r3, .L16
 342 002a 1A68     		ldr	r2, [r3]
 246:./Libraries/STM32F10x_StdPeriph_Driver/src/stm32f10x_dac.c ****   }
 343              		.loc 1 246 32
 344 002c 4FF48051 		mov	r1, #4096
 345 0030 7B68     		ldr	r3, [r7, #4]
 346 0032 01FA03F3 		lsl	r3, r1, r3
 246:./Libraries/STM32F10x_StdPeriph_Driver/src/stm32f10x_dac.c ****   }
 347              		.loc 1 246 16
 348 0036 DB43     		mvns	r3, r3
 246:./Libraries/STM32F10x_StdPeriph_Driver/src/stm32f10x_dac.c ****   }
 349              		.loc 1 246 13
 350 0038 0349     		ldr	r1, .L16
 351 003a 1340     		ands	r3, r3, r2
 352 003c 0B60     		str	r3, [r1]
 353              	.L15:
 354              		.loc 1 248 1
 355 003e 00BF     		nop
 356 0040 0C37     		adds	r7, r7, #12
 357              	.LCFI23:
 358              		.cfi_def_cfa_offset 4
 359 0042 BD46     		mov	sp, r7
 360              	.LCFI24:
 361              		.cfi_def_cfa_register 13
 362              		@ sp needed
 363 0044 80BC     		pop	{r7}
 364              	.LCFI25:
 365              		.cfi_restore 7
 366              		.cfi_def_cfa_offset 0
 367 0046 7047     		bx	lr
 368              	.L17:
 369              		.align	2
 370              	.L16:
 371 0048 00740040 		.word	1073771520
 372              		.cfi_endproc
 373              	.LFE33:
 375              		.section	.text.DAC_SoftwareTriggerCmd,"ax",%progbits
 376              		.align	1
 377              		.global	DAC_SoftwareTriggerCmd
 378              		.syntax unified
 379              		.thumb
ARM GAS  /tmp/ccde3v3I.s 			page 12


 380              		.thumb_func
 381              		.fpu softvfp
 383              	DAC_SoftwareTriggerCmd:
 384              	.LFB34:
 249:./Libraries/STM32F10x_StdPeriph_Driver/src/stm32f10x_dac.c **** 
 250:./Libraries/STM32F10x_StdPeriph_Driver/src/stm32f10x_dac.c **** /**
 251:./Libraries/STM32F10x_StdPeriph_Driver/src/stm32f10x_dac.c ****   * @brief  Enables or disables the selected DAC channel software trigger.
 252:./Libraries/STM32F10x_StdPeriph_Driver/src/stm32f10x_dac.c ****   * @param  DAC_Channel: the selected DAC channel. 
 253:./Libraries/STM32F10x_StdPeriph_Driver/src/stm32f10x_dac.c ****   *   This parameter can be one of the following values:
 254:./Libraries/STM32F10x_StdPeriph_Driver/src/stm32f10x_dac.c ****   *     @arg DAC_Channel_1: DAC Channel1 selected
 255:./Libraries/STM32F10x_StdPeriph_Driver/src/stm32f10x_dac.c ****   *     @arg DAC_Channel_2: DAC Channel2 selected
 256:./Libraries/STM32F10x_StdPeriph_Driver/src/stm32f10x_dac.c ****   * @param  NewState: new state of the selected DAC channel software trigger.
 257:./Libraries/STM32F10x_StdPeriph_Driver/src/stm32f10x_dac.c ****   *   This parameter can be: ENABLE or DISABLE.
 258:./Libraries/STM32F10x_StdPeriph_Driver/src/stm32f10x_dac.c ****   * @retval None
 259:./Libraries/STM32F10x_StdPeriph_Driver/src/stm32f10x_dac.c ****   */
 260:./Libraries/STM32F10x_StdPeriph_Driver/src/stm32f10x_dac.c **** void DAC_SoftwareTriggerCmd(uint32_t DAC_Channel, FunctionalState NewState)
 261:./Libraries/STM32F10x_StdPeriph_Driver/src/stm32f10x_dac.c **** {
 385              		.loc 1 261 1
 386              		.cfi_startproc
 387              		@ args = 0, pretend = 0, frame = 8
 388              		@ frame_needed = 1, uses_anonymous_args = 0
 389              		@ link register save eliminated.
 390 0000 80B4     		push	{r7}
 391              	.LCFI26:
 392              		.cfi_def_cfa_offset 4
 393              		.cfi_offset 7, -4
 394 0002 83B0     		sub	sp, sp, #12
 395              	.LCFI27:
 396              		.cfi_def_cfa_offset 16
 397 0004 00AF     		add	r7, sp, #0
 398              	.LCFI28:
 399              		.cfi_def_cfa_register 7
 400 0006 7860     		str	r0, [r7, #4]
 401 0008 0B46     		mov	r3, r1
 402 000a FB70     		strb	r3, [r7, #3]
 262:./Libraries/STM32F10x_StdPeriph_Driver/src/stm32f10x_dac.c ****   /* Check the parameters */
 263:./Libraries/STM32F10x_StdPeriph_Driver/src/stm32f10x_dac.c ****   assert_param(IS_DAC_CHANNEL(DAC_Channel));
 264:./Libraries/STM32F10x_StdPeriph_Driver/src/stm32f10x_dac.c ****   assert_param(IS_FUNCTIONAL_STATE(NewState));
 265:./Libraries/STM32F10x_StdPeriph_Driver/src/stm32f10x_dac.c ****   if (NewState != DISABLE)
 403              		.loc 1 265 6
 404 000c FB78     		ldrb	r3, [r7, #3]	@ zero_extendqisi2
 405 000e 002B     		cmp	r3, #0
 406 0010 0AD0     		beq	.L19
 266:./Libraries/STM32F10x_StdPeriph_Driver/src/stm32f10x_dac.c ****   {
 267:./Libraries/STM32F10x_StdPeriph_Driver/src/stm32f10x_dac.c ****     /* Enable software trigger for the selected DAC channel */
 268:./Libraries/STM32F10x_StdPeriph_Driver/src/stm32f10x_dac.c ****     DAC->SWTRIGR |= (uint32_t)DAC_SWTRIGR_SWTRIG1 << (DAC_Channel >> 4);
 407              		.loc 1 268 18
 408 0012 0D4B     		ldr	r3, .L22
 409 0014 5A68     		ldr	r2, [r3, #4]
 410              		.loc 1 268 67
 411 0016 7B68     		ldr	r3, [r7, #4]
 412 0018 1B09     		lsrs	r3, r3, #4
 413              		.loc 1 268 51
 414 001a 0121     		movs	r1, #1
 415 001c 01FA03F3 		lsl	r3, r1, r3
 416              		.loc 1 268 18
 417 0020 0949     		ldr	r1, .L22
ARM GAS  /tmp/ccde3v3I.s 			page 13


 418 0022 1343     		orrs	r3, r3, r2
 419 0024 4B60     		str	r3, [r1, #4]
 269:./Libraries/STM32F10x_StdPeriph_Driver/src/stm32f10x_dac.c ****   }
 270:./Libraries/STM32F10x_StdPeriph_Driver/src/stm32f10x_dac.c ****   else
 271:./Libraries/STM32F10x_StdPeriph_Driver/src/stm32f10x_dac.c ****   {
 272:./Libraries/STM32F10x_StdPeriph_Driver/src/stm32f10x_dac.c ****     /* Disable software trigger for the selected DAC channel */
 273:./Libraries/STM32F10x_StdPeriph_Driver/src/stm32f10x_dac.c ****     DAC->SWTRIGR &= ~((uint32_t)DAC_SWTRIGR_SWTRIG1 << (DAC_Channel >> 4));
 274:./Libraries/STM32F10x_StdPeriph_Driver/src/stm32f10x_dac.c ****   }
 275:./Libraries/STM32F10x_StdPeriph_Driver/src/stm32f10x_dac.c **** }
 420              		.loc 1 275 1
 421 0026 0AE0     		b	.L21
 422              	.L19:
 273:./Libraries/STM32F10x_StdPeriph_Driver/src/stm32f10x_dac.c ****   }
 423              		.loc 1 273 18
 424 0028 074B     		ldr	r3, .L22
 425 002a 5A68     		ldr	r2, [r3, #4]
 273:./Libraries/STM32F10x_StdPeriph_Driver/src/stm32f10x_dac.c ****   }
 426              		.loc 1 273 69
 427 002c 7B68     		ldr	r3, [r7, #4]
 428 002e 1B09     		lsrs	r3, r3, #4
 273:./Libraries/STM32F10x_StdPeriph_Driver/src/stm32f10x_dac.c ****   }
 429              		.loc 1 273 53
 430 0030 0121     		movs	r1, #1
 431 0032 01FA03F3 		lsl	r3, r1, r3
 273:./Libraries/STM32F10x_StdPeriph_Driver/src/stm32f10x_dac.c ****   }
 432              		.loc 1 273 21
 433 0036 DB43     		mvns	r3, r3
 273:./Libraries/STM32F10x_StdPeriph_Driver/src/stm32f10x_dac.c ****   }
 434              		.loc 1 273 18
 435 0038 0349     		ldr	r1, .L22
 436 003a 1340     		ands	r3, r3, r2
 437 003c 4B60     		str	r3, [r1, #4]
 438              	.L21:
 439              		.loc 1 275 1
 440 003e 00BF     		nop
 441 0040 0C37     		adds	r7, r7, #12
 442              	.LCFI29:
 443              		.cfi_def_cfa_offset 4
 444 0042 BD46     		mov	sp, r7
 445              	.LCFI30:
 446              		.cfi_def_cfa_register 13
 447              		@ sp needed
 448 0044 80BC     		pop	{r7}
 449              	.LCFI31:
 450              		.cfi_restore 7
 451              		.cfi_def_cfa_offset 0
 452 0046 7047     		bx	lr
 453              	.L23:
 454              		.align	2
 455              	.L22:
 456 0048 00740040 		.word	1073771520
 457              		.cfi_endproc
 458              	.LFE34:
 460              		.section	.text.DAC_DualSoftwareTriggerCmd,"ax",%progbits
 461              		.align	1
 462              		.global	DAC_DualSoftwareTriggerCmd
 463              		.syntax unified
ARM GAS  /tmp/ccde3v3I.s 			page 14


 464              		.thumb
 465              		.thumb_func
 466              		.fpu softvfp
 468              	DAC_DualSoftwareTriggerCmd:
 469              	.LFB35:
 276:./Libraries/STM32F10x_StdPeriph_Driver/src/stm32f10x_dac.c **** 
 277:./Libraries/STM32F10x_StdPeriph_Driver/src/stm32f10x_dac.c **** /**
 278:./Libraries/STM32F10x_StdPeriph_Driver/src/stm32f10x_dac.c ****   * @brief  Enables or disables simultaneously the two DAC channels software
 279:./Libraries/STM32F10x_StdPeriph_Driver/src/stm32f10x_dac.c ****   *   triggers.
 280:./Libraries/STM32F10x_StdPeriph_Driver/src/stm32f10x_dac.c ****   * @param  NewState: new state of the DAC channels software triggers.
 281:./Libraries/STM32F10x_StdPeriph_Driver/src/stm32f10x_dac.c ****   *   This parameter can be: ENABLE or DISABLE.
 282:./Libraries/STM32F10x_StdPeriph_Driver/src/stm32f10x_dac.c ****   * @retval None
 283:./Libraries/STM32F10x_StdPeriph_Driver/src/stm32f10x_dac.c ****   */
 284:./Libraries/STM32F10x_StdPeriph_Driver/src/stm32f10x_dac.c **** void DAC_DualSoftwareTriggerCmd(FunctionalState NewState)
 285:./Libraries/STM32F10x_StdPeriph_Driver/src/stm32f10x_dac.c **** {
 470              		.loc 1 285 1
 471              		.cfi_startproc
 472              		@ args = 0, pretend = 0, frame = 8
 473              		@ frame_needed = 1, uses_anonymous_args = 0
 474              		@ link register save eliminated.
 475 0000 80B4     		push	{r7}
 476              	.LCFI32:
 477              		.cfi_def_cfa_offset 4
 478              		.cfi_offset 7, -4
 479 0002 83B0     		sub	sp, sp, #12
 480              	.LCFI33:
 481              		.cfi_def_cfa_offset 16
 482 0004 00AF     		add	r7, sp, #0
 483              	.LCFI34:
 484              		.cfi_def_cfa_register 7
 485 0006 0346     		mov	r3, r0
 486 0008 FB71     		strb	r3, [r7, #7]
 286:./Libraries/STM32F10x_StdPeriph_Driver/src/stm32f10x_dac.c ****   /* Check the parameters */
 287:./Libraries/STM32F10x_StdPeriph_Driver/src/stm32f10x_dac.c ****   assert_param(IS_FUNCTIONAL_STATE(NewState));
 288:./Libraries/STM32F10x_StdPeriph_Driver/src/stm32f10x_dac.c ****   if (NewState != DISABLE)
 487              		.loc 1 288 6
 488 000a FB79     		ldrb	r3, [r7, #7]	@ zero_extendqisi2
 489 000c 002B     		cmp	r3, #0
 490 000e 06D0     		beq	.L25
 289:./Libraries/STM32F10x_StdPeriph_Driver/src/stm32f10x_dac.c ****   {
 290:./Libraries/STM32F10x_StdPeriph_Driver/src/stm32f10x_dac.c ****     /* Enable software trigger for both DAC channels */
 291:./Libraries/STM32F10x_StdPeriph_Driver/src/stm32f10x_dac.c ****     DAC->SWTRIGR |= DUAL_SWTRIG_SET ;
 491              		.loc 1 291 18
 492 0010 084B     		ldr	r3, .L28
 493 0012 5B68     		ldr	r3, [r3, #4]
 494 0014 074A     		ldr	r2, .L28
 495 0016 43F00303 		orr	r3, r3, #3
 496 001a 5360     		str	r3, [r2, #4]
 292:./Libraries/STM32F10x_StdPeriph_Driver/src/stm32f10x_dac.c ****   }
 293:./Libraries/STM32F10x_StdPeriph_Driver/src/stm32f10x_dac.c ****   else
 294:./Libraries/STM32F10x_StdPeriph_Driver/src/stm32f10x_dac.c ****   {
 295:./Libraries/STM32F10x_StdPeriph_Driver/src/stm32f10x_dac.c ****     /* Disable software trigger for both DAC channels */
 296:./Libraries/STM32F10x_StdPeriph_Driver/src/stm32f10x_dac.c ****     DAC->SWTRIGR &= DUAL_SWTRIG_RESET;
 297:./Libraries/STM32F10x_StdPeriph_Driver/src/stm32f10x_dac.c ****   }
 298:./Libraries/STM32F10x_StdPeriph_Driver/src/stm32f10x_dac.c **** }
 497              		.loc 1 298 1
 498 001c 05E0     		b	.L27
ARM GAS  /tmp/ccde3v3I.s 			page 15


 499              	.L25:
 296:./Libraries/STM32F10x_StdPeriph_Driver/src/stm32f10x_dac.c ****   }
 500              		.loc 1 296 18
 501 001e 054B     		ldr	r3, .L28
 502 0020 5B68     		ldr	r3, [r3, #4]
 503 0022 044A     		ldr	r2, .L28
 504 0024 23F00303 		bic	r3, r3, #3
 505 0028 5360     		str	r3, [r2, #4]
 506              	.L27:
 507              		.loc 1 298 1
 508 002a 00BF     		nop
 509 002c 0C37     		adds	r7, r7, #12
 510              	.LCFI35:
 511              		.cfi_def_cfa_offset 4
 512 002e BD46     		mov	sp, r7
 513              	.LCFI36:
 514              		.cfi_def_cfa_register 13
 515              		@ sp needed
 516 0030 80BC     		pop	{r7}
 517              	.LCFI37:
 518              		.cfi_restore 7
 519              		.cfi_def_cfa_offset 0
 520 0032 7047     		bx	lr
 521              	.L29:
 522              		.align	2
 523              	.L28:
 524 0034 00740040 		.word	1073771520
 525              		.cfi_endproc
 526              	.LFE35:
 528              		.section	.text.DAC_WaveGenerationCmd,"ax",%progbits
 529              		.align	1
 530              		.global	DAC_WaveGenerationCmd
 531              		.syntax unified
 532              		.thumb
 533              		.thumb_func
 534              		.fpu softvfp
 536              	DAC_WaveGenerationCmd:
 537              	.LFB36:
 299:./Libraries/STM32F10x_StdPeriph_Driver/src/stm32f10x_dac.c **** 
 300:./Libraries/STM32F10x_StdPeriph_Driver/src/stm32f10x_dac.c **** /**
 301:./Libraries/STM32F10x_StdPeriph_Driver/src/stm32f10x_dac.c ****   * @brief  Enables or disables the selected DAC channel wave generation.
 302:./Libraries/STM32F10x_StdPeriph_Driver/src/stm32f10x_dac.c ****   * @param  DAC_Channel: the selected DAC channel. 
 303:./Libraries/STM32F10x_StdPeriph_Driver/src/stm32f10x_dac.c ****   *   This parameter can be one of the following values:
 304:./Libraries/STM32F10x_StdPeriph_Driver/src/stm32f10x_dac.c ****   *     @arg DAC_Channel_1: DAC Channel1 selected
 305:./Libraries/STM32F10x_StdPeriph_Driver/src/stm32f10x_dac.c ****   *     @arg DAC_Channel_2: DAC Channel2 selected
 306:./Libraries/STM32F10x_StdPeriph_Driver/src/stm32f10x_dac.c ****   * @param  DAC_Wave: Specifies the wave type to enable or disable.
 307:./Libraries/STM32F10x_StdPeriph_Driver/src/stm32f10x_dac.c ****   *   This parameter can be one of the following values:
 308:./Libraries/STM32F10x_StdPeriph_Driver/src/stm32f10x_dac.c ****   *     @arg DAC_Wave_Noise: noise wave generation
 309:./Libraries/STM32F10x_StdPeriph_Driver/src/stm32f10x_dac.c ****   *     @arg DAC_Wave_Triangle: triangle wave generation
 310:./Libraries/STM32F10x_StdPeriph_Driver/src/stm32f10x_dac.c ****   * @param  NewState: new state of the selected DAC channel wave generation.
 311:./Libraries/STM32F10x_StdPeriph_Driver/src/stm32f10x_dac.c ****   *   This parameter can be: ENABLE or DISABLE.
 312:./Libraries/STM32F10x_StdPeriph_Driver/src/stm32f10x_dac.c ****   * @retval None
 313:./Libraries/STM32F10x_StdPeriph_Driver/src/stm32f10x_dac.c ****   */
 314:./Libraries/STM32F10x_StdPeriph_Driver/src/stm32f10x_dac.c **** void DAC_WaveGenerationCmd(uint32_t DAC_Channel, uint32_t DAC_Wave, FunctionalState NewState)
 315:./Libraries/STM32F10x_StdPeriph_Driver/src/stm32f10x_dac.c **** {
 538              		.loc 1 315 1
 539              		.cfi_startproc
ARM GAS  /tmp/ccde3v3I.s 			page 16


 540              		@ args = 0, pretend = 0, frame = 16
 541              		@ frame_needed = 1, uses_anonymous_args = 0
 542              		@ link register save eliminated.
 543 0000 80B4     		push	{r7}
 544              	.LCFI38:
 545              		.cfi_def_cfa_offset 4
 546              		.cfi_offset 7, -4
 547 0002 85B0     		sub	sp, sp, #20
 548              	.LCFI39:
 549              		.cfi_def_cfa_offset 24
 550 0004 00AF     		add	r7, sp, #0
 551              	.LCFI40:
 552              		.cfi_def_cfa_register 7
 553 0006 F860     		str	r0, [r7, #12]
 554 0008 B960     		str	r1, [r7, #8]
 555 000a 1346     		mov	r3, r2
 556 000c FB71     		strb	r3, [r7, #7]
 316:./Libraries/STM32F10x_StdPeriph_Driver/src/stm32f10x_dac.c ****   /* Check the parameters */
 317:./Libraries/STM32F10x_StdPeriph_Driver/src/stm32f10x_dac.c ****   assert_param(IS_DAC_CHANNEL(DAC_Channel));
 318:./Libraries/STM32F10x_StdPeriph_Driver/src/stm32f10x_dac.c ****   assert_param(IS_DAC_WAVE(DAC_Wave)); 
 319:./Libraries/STM32F10x_StdPeriph_Driver/src/stm32f10x_dac.c ****   assert_param(IS_FUNCTIONAL_STATE(NewState));
 320:./Libraries/STM32F10x_StdPeriph_Driver/src/stm32f10x_dac.c ****   if (NewState != DISABLE)
 557              		.loc 1 320 6
 558 000e FB79     		ldrb	r3, [r7, #7]	@ zero_extendqisi2
 559 0010 002B     		cmp	r3, #0
 560 0012 09D0     		beq	.L31
 321:./Libraries/STM32F10x_StdPeriph_Driver/src/stm32f10x_dac.c ****   {
 322:./Libraries/STM32F10x_StdPeriph_Driver/src/stm32f10x_dac.c ****     /* Enable the selected wave generation for the selected DAC channel */
 323:./Libraries/STM32F10x_StdPeriph_Driver/src/stm32f10x_dac.c ****     DAC->CR |= DAC_Wave << DAC_Channel;
 561              		.loc 1 323 13
 562 0014 0C4B     		ldr	r3, .L34
 563 0016 1A68     		ldr	r2, [r3]
 564              		.loc 1 323 25
 565 0018 B968     		ldr	r1, [r7, #8]
 566 001a FB68     		ldr	r3, [r7, #12]
 567 001c 01FA03F3 		lsl	r3, r1, r3
 568              		.loc 1 323 13
 569 0020 0949     		ldr	r1, .L34
 570 0022 1343     		orrs	r3, r3, r2
 571 0024 0B60     		str	r3, [r1]
 324:./Libraries/STM32F10x_StdPeriph_Driver/src/stm32f10x_dac.c ****   }
 325:./Libraries/STM32F10x_StdPeriph_Driver/src/stm32f10x_dac.c ****   else
 326:./Libraries/STM32F10x_StdPeriph_Driver/src/stm32f10x_dac.c ****   {
 327:./Libraries/STM32F10x_StdPeriph_Driver/src/stm32f10x_dac.c ****     /* Disable the selected wave generation for the selected DAC channel */
 328:./Libraries/STM32F10x_StdPeriph_Driver/src/stm32f10x_dac.c ****     DAC->CR &= ~(DAC_Wave << DAC_Channel);
 329:./Libraries/STM32F10x_StdPeriph_Driver/src/stm32f10x_dac.c ****   }
 330:./Libraries/STM32F10x_StdPeriph_Driver/src/stm32f10x_dac.c **** }
 572              		.loc 1 330 1
 573 0026 09E0     		b	.L33
 574              	.L31:
 328:./Libraries/STM32F10x_StdPeriph_Driver/src/stm32f10x_dac.c ****   }
 575              		.loc 1 328 13
 576 0028 074B     		ldr	r3, .L34
 577 002a 1A68     		ldr	r2, [r3]
 328:./Libraries/STM32F10x_StdPeriph_Driver/src/stm32f10x_dac.c ****   }
 578              		.loc 1 328 27
 579 002c B968     		ldr	r1, [r7, #8]
ARM GAS  /tmp/ccde3v3I.s 			page 17


 580 002e FB68     		ldr	r3, [r7, #12]
 581 0030 01FA03F3 		lsl	r3, r1, r3
 328:./Libraries/STM32F10x_StdPeriph_Driver/src/stm32f10x_dac.c ****   }
 582              		.loc 1 328 16
 583 0034 DB43     		mvns	r3, r3
 328:./Libraries/STM32F10x_StdPeriph_Driver/src/stm32f10x_dac.c ****   }
 584              		.loc 1 328 13
 585 0036 0449     		ldr	r1, .L34
 586 0038 1340     		ands	r3, r3, r2
 587 003a 0B60     		str	r3, [r1]
 588              	.L33:
 589              		.loc 1 330 1
 590 003c 00BF     		nop
 591 003e 1437     		adds	r7, r7, #20
 592              	.LCFI41:
 593              		.cfi_def_cfa_offset 4
 594 0040 BD46     		mov	sp, r7
 595              	.LCFI42:
 596              		.cfi_def_cfa_register 13
 597              		@ sp needed
 598 0042 80BC     		pop	{r7}
 599              	.LCFI43:
 600              		.cfi_restore 7
 601              		.cfi_def_cfa_offset 0
 602 0044 7047     		bx	lr
 603              	.L35:
 604 0046 00BF     		.align	2
 605              	.L34:
 606 0048 00740040 		.word	1073771520
 607              		.cfi_endproc
 608              	.LFE36:
 610              		.section	.text.DAC_SetChannel1Data,"ax",%progbits
 611              		.align	1
 612              		.global	DAC_SetChannel1Data
 613              		.syntax unified
 614              		.thumb
 615              		.thumb_func
 616              		.fpu softvfp
 618              	DAC_SetChannel1Data:
 619              	.LFB37:
 331:./Libraries/STM32F10x_StdPeriph_Driver/src/stm32f10x_dac.c **** 
 332:./Libraries/STM32F10x_StdPeriph_Driver/src/stm32f10x_dac.c **** /**
 333:./Libraries/STM32F10x_StdPeriph_Driver/src/stm32f10x_dac.c ****   * @brief  Set the specified data holding register value for DAC channel1.
 334:./Libraries/STM32F10x_StdPeriph_Driver/src/stm32f10x_dac.c ****   * @param  DAC_Align: Specifies the data alignment for DAC channel1.
 335:./Libraries/STM32F10x_StdPeriph_Driver/src/stm32f10x_dac.c ****   *   This parameter can be one of the following values:
 336:./Libraries/STM32F10x_StdPeriph_Driver/src/stm32f10x_dac.c ****   *     @arg DAC_Align_8b_R: 8bit right data alignment selected
 337:./Libraries/STM32F10x_StdPeriph_Driver/src/stm32f10x_dac.c ****   *     @arg DAC_Align_12b_L: 12bit left data alignment selected
 338:./Libraries/STM32F10x_StdPeriph_Driver/src/stm32f10x_dac.c ****   *     @arg DAC_Align_12b_R: 12bit right data alignment selected
 339:./Libraries/STM32F10x_StdPeriph_Driver/src/stm32f10x_dac.c ****   * @param  Data : Data to be loaded in the selected data holding register.
 340:./Libraries/STM32F10x_StdPeriph_Driver/src/stm32f10x_dac.c ****   * @retval None
 341:./Libraries/STM32F10x_StdPeriph_Driver/src/stm32f10x_dac.c ****   */
 342:./Libraries/STM32F10x_StdPeriph_Driver/src/stm32f10x_dac.c **** void DAC_SetChannel1Data(uint32_t DAC_Align, uint16_t Data)
 343:./Libraries/STM32F10x_StdPeriph_Driver/src/stm32f10x_dac.c **** {  
 620              		.loc 1 343 1
 621              		.cfi_startproc
 622              		@ args = 0, pretend = 0, frame = 16
 623              		@ frame_needed = 1, uses_anonymous_args = 0
ARM GAS  /tmp/ccde3v3I.s 			page 18


 624              		@ link register save eliminated.
 625 0000 80B4     		push	{r7}
 626              	.LCFI44:
 627              		.cfi_def_cfa_offset 4
 628              		.cfi_offset 7, -4
 629 0002 85B0     		sub	sp, sp, #20
 630              	.LCFI45:
 631              		.cfi_def_cfa_offset 24
 632 0004 00AF     		add	r7, sp, #0
 633              	.LCFI46:
 634              		.cfi_def_cfa_register 7
 635 0006 7860     		str	r0, [r7, #4]
 636 0008 0B46     		mov	r3, r1
 637 000a 7B80     		strh	r3, [r7, #2]	@ movhi
 344:./Libraries/STM32F10x_StdPeriph_Driver/src/stm32f10x_dac.c ****   __IO uint32_t tmp = 0;
 638              		.loc 1 344 17
 639 000c 0023     		movs	r3, #0
 640 000e FB60     		str	r3, [r7, #12]
 345:./Libraries/STM32F10x_StdPeriph_Driver/src/stm32f10x_dac.c ****   
 346:./Libraries/STM32F10x_StdPeriph_Driver/src/stm32f10x_dac.c ****   /* Check the parameters */
 347:./Libraries/STM32F10x_StdPeriph_Driver/src/stm32f10x_dac.c ****   assert_param(IS_DAC_ALIGN(DAC_Align));
 348:./Libraries/STM32F10x_StdPeriph_Driver/src/stm32f10x_dac.c ****   assert_param(IS_DAC_DATA(Data));
 349:./Libraries/STM32F10x_StdPeriph_Driver/src/stm32f10x_dac.c ****   
 350:./Libraries/STM32F10x_StdPeriph_Driver/src/stm32f10x_dac.c ****   tmp = (uint32_t)DAC_BASE; 
 641              		.loc 1 350 7
 642 0010 074B     		ldr	r3, .L37
 643 0012 FB60     		str	r3, [r7, #12]
 351:./Libraries/STM32F10x_StdPeriph_Driver/src/stm32f10x_dac.c ****   tmp += DHR12R1_OFFSET + DAC_Align;
 644              		.loc 1 351 7
 645 0014 FA68     		ldr	r2, [r7, #12]
 646 0016 7B68     		ldr	r3, [r7, #4]
 647 0018 1344     		add	r3, r3, r2
 648 001a 0833     		adds	r3, r3, #8
 649 001c FB60     		str	r3, [r7, #12]
 352:./Libraries/STM32F10x_StdPeriph_Driver/src/stm32f10x_dac.c **** 
 353:./Libraries/STM32F10x_StdPeriph_Driver/src/stm32f10x_dac.c ****   /* Set the DAC channel1 selected data holding register */
 354:./Libraries/STM32F10x_StdPeriph_Driver/src/stm32f10x_dac.c ****   *(__IO uint32_t *) tmp = Data;
 650              		.loc 1 354 4
 651 001e FB68     		ldr	r3, [r7, #12]
 652 0020 1A46     		mov	r2, r3
 653              		.loc 1 354 26
 654 0022 7B88     		ldrh	r3, [r7, #2]
 655 0024 1360     		str	r3, [r2]
 355:./Libraries/STM32F10x_StdPeriph_Driver/src/stm32f10x_dac.c **** }
 656              		.loc 1 355 1
 657 0026 00BF     		nop
 658 0028 1437     		adds	r7, r7, #20
 659              	.LCFI47:
 660              		.cfi_def_cfa_offset 4
 661 002a BD46     		mov	sp, r7
 662              	.LCFI48:
 663              		.cfi_def_cfa_register 13
 664              		@ sp needed
 665 002c 80BC     		pop	{r7}
 666              	.LCFI49:
 667              		.cfi_restore 7
 668              		.cfi_def_cfa_offset 0
ARM GAS  /tmp/ccde3v3I.s 			page 19


 669 002e 7047     		bx	lr
 670              	.L38:
 671              		.align	2
 672              	.L37:
 673 0030 00740040 		.word	1073771520
 674              		.cfi_endproc
 675              	.LFE37:
 677              		.section	.text.DAC_SetChannel2Data,"ax",%progbits
 678              		.align	1
 679              		.global	DAC_SetChannel2Data
 680              		.syntax unified
 681              		.thumb
 682              		.thumb_func
 683              		.fpu softvfp
 685              	DAC_SetChannel2Data:
 686              	.LFB38:
 356:./Libraries/STM32F10x_StdPeriph_Driver/src/stm32f10x_dac.c **** 
 357:./Libraries/STM32F10x_StdPeriph_Driver/src/stm32f10x_dac.c **** /**
 358:./Libraries/STM32F10x_StdPeriph_Driver/src/stm32f10x_dac.c ****   * @brief  Set the specified data holding register value for DAC channel2.
 359:./Libraries/STM32F10x_StdPeriph_Driver/src/stm32f10x_dac.c ****   * @param  DAC_Align: Specifies the data alignment for DAC channel2.
 360:./Libraries/STM32F10x_StdPeriph_Driver/src/stm32f10x_dac.c ****   *   This parameter can be one of the following values:
 361:./Libraries/STM32F10x_StdPeriph_Driver/src/stm32f10x_dac.c ****   *     @arg DAC_Align_8b_R: 8bit right data alignment selected
 362:./Libraries/STM32F10x_StdPeriph_Driver/src/stm32f10x_dac.c ****   *     @arg DAC_Align_12b_L: 12bit left data alignment selected
 363:./Libraries/STM32F10x_StdPeriph_Driver/src/stm32f10x_dac.c ****   *     @arg DAC_Align_12b_R: 12bit right data alignment selected
 364:./Libraries/STM32F10x_StdPeriph_Driver/src/stm32f10x_dac.c ****   * @param  Data : Data to be loaded in the selected data holding register.
 365:./Libraries/STM32F10x_StdPeriph_Driver/src/stm32f10x_dac.c ****   * @retval None
 366:./Libraries/STM32F10x_StdPeriph_Driver/src/stm32f10x_dac.c ****   */
 367:./Libraries/STM32F10x_StdPeriph_Driver/src/stm32f10x_dac.c **** void DAC_SetChannel2Data(uint32_t DAC_Align, uint16_t Data)
 368:./Libraries/STM32F10x_StdPeriph_Driver/src/stm32f10x_dac.c **** {
 687              		.loc 1 368 1
 688              		.cfi_startproc
 689              		@ args = 0, pretend = 0, frame = 16
 690              		@ frame_needed = 1, uses_anonymous_args = 0
 691              		@ link register save eliminated.
 692 0000 80B4     		push	{r7}
 693              	.LCFI50:
 694              		.cfi_def_cfa_offset 4
 695              		.cfi_offset 7, -4
 696 0002 85B0     		sub	sp, sp, #20
 697              	.LCFI51:
 698              		.cfi_def_cfa_offset 24
 699 0004 00AF     		add	r7, sp, #0
 700              	.LCFI52:
 701              		.cfi_def_cfa_register 7
 702 0006 7860     		str	r0, [r7, #4]
 703 0008 0B46     		mov	r3, r1
 704 000a 7B80     		strh	r3, [r7, #2]	@ movhi
 369:./Libraries/STM32F10x_StdPeriph_Driver/src/stm32f10x_dac.c ****   __IO uint32_t tmp = 0;
 705              		.loc 1 369 17
 706 000c 0023     		movs	r3, #0
 707 000e FB60     		str	r3, [r7, #12]
 370:./Libraries/STM32F10x_StdPeriph_Driver/src/stm32f10x_dac.c **** 
 371:./Libraries/STM32F10x_StdPeriph_Driver/src/stm32f10x_dac.c ****   /* Check the parameters */
 372:./Libraries/STM32F10x_StdPeriph_Driver/src/stm32f10x_dac.c ****   assert_param(IS_DAC_ALIGN(DAC_Align));
 373:./Libraries/STM32F10x_StdPeriph_Driver/src/stm32f10x_dac.c ****   assert_param(IS_DAC_DATA(Data));
 374:./Libraries/STM32F10x_StdPeriph_Driver/src/stm32f10x_dac.c ****   
 375:./Libraries/STM32F10x_StdPeriph_Driver/src/stm32f10x_dac.c ****   tmp = (uint32_t)DAC_BASE;
ARM GAS  /tmp/ccde3v3I.s 			page 20


 708              		.loc 1 375 7
 709 0010 074B     		ldr	r3, .L40
 710 0012 FB60     		str	r3, [r7, #12]
 376:./Libraries/STM32F10x_StdPeriph_Driver/src/stm32f10x_dac.c ****   tmp += DHR12R2_OFFSET + DAC_Align;
 711              		.loc 1 376 7
 712 0014 FA68     		ldr	r2, [r7, #12]
 713 0016 7B68     		ldr	r3, [r7, #4]
 714 0018 1344     		add	r3, r3, r2
 715 001a 1433     		adds	r3, r3, #20
 716 001c FB60     		str	r3, [r7, #12]
 377:./Libraries/STM32F10x_StdPeriph_Driver/src/stm32f10x_dac.c **** 
 378:./Libraries/STM32F10x_StdPeriph_Driver/src/stm32f10x_dac.c ****   /* Set the DAC channel2 selected data holding register */
 379:./Libraries/STM32F10x_StdPeriph_Driver/src/stm32f10x_dac.c ****   *(__IO uint32_t *)tmp = Data;
 717              		.loc 1 379 4
 718 001e FB68     		ldr	r3, [r7, #12]
 719 0020 1A46     		mov	r2, r3
 720              		.loc 1 379 25
 721 0022 7B88     		ldrh	r3, [r7, #2]
 722 0024 1360     		str	r3, [r2]
 380:./Libraries/STM32F10x_StdPeriph_Driver/src/stm32f10x_dac.c **** }
 723              		.loc 1 380 1
 724 0026 00BF     		nop
 725 0028 1437     		adds	r7, r7, #20
 726              	.LCFI53:
 727              		.cfi_def_cfa_offset 4
 728 002a BD46     		mov	sp, r7
 729              	.LCFI54:
 730              		.cfi_def_cfa_register 13
 731              		@ sp needed
 732 002c 80BC     		pop	{r7}
 733              	.LCFI55:
 734              		.cfi_restore 7
 735              		.cfi_def_cfa_offset 0
 736 002e 7047     		bx	lr
 737              	.L41:
 738              		.align	2
 739              	.L40:
 740 0030 00740040 		.word	1073771520
 741              		.cfi_endproc
 742              	.LFE38:
 744              		.section	.text.DAC_SetDualChannelData,"ax",%progbits
 745              		.align	1
 746              		.global	DAC_SetDualChannelData
 747              		.syntax unified
 748              		.thumb
 749              		.thumb_func
 750              		.fpu softvfp
 752              	DAC_SetDualChannelData:
 753              	.LFB39:
 381:./Libraries/STM32F10x_StdPeriph_Driver/src/stm32f10x_dac.c **** 
 382:./Libraries/STM32F10x_StdPeriph_Driver/src/stm32f10x_dac.c **** /**
 383:./Libraries/STM32F10x_StdPeriph_Driver/src/stm32f10x_dac.c ****   * @brief  Set the specified data holding register value for dual channel
 384:./Libraries/STM32F10x_StdPeriph_Driver/src/stm32f10x_dac.c ****   *   DAC.
 385:./Libraries/STM32F10x_StdPeriph_Driver/src/stm32f10x_dac.c ****   * @param  DAC_Align: Specifies the data alignment for dual channel DAC.
 386:./Libraries/STM32F10x_StdPeriph_Driver/src/stm32f10x_dac.c ****   *   This parameter can be one of the following values:
 387:./Libraries/STM32F10x_StdPeriph_Driver/src/stm32f10x_dac.c ****   *     @arg DAC_Align_8b_R: 8bit right data alignment selected
 388:./Libraries/STM32F10x_StdPeriph_Driver/src/stm32f10x_dac.c ****   *     @arg DAC_Align_12b_L: 12bit left data alignment selected
ARM GAS  /tmp/ccde3v3I.s 			page 21


 389:./Libraries/STM32F10x_StdPeriph_Driver/src/stm32f10x_dac.c ****   *     @arg DAC_Align_12b_R: 12bit right data alignment selected
 390:./Libraries/STM32F10x_StdPeriph_Driver/src/stm32f10x_dac.c ****   * @param  Data2: Data for DAC Channel2 to be loaded in the selected data 
 391:./Libraries/STM32F10x_StdPeriph_Driver/src/stm32f10x_dac.c ****   *   holding register.
 392:./Libraries/STM32F10x_StdPeriph_Driver/src/stm32f10x_dac.c ****   * @param  Data1: Data for DAC Channel1 to be loaded in the selected data 
 393:./Libraries/STM32F10x_StdPeriph_Driver/src/stm32f10x_dac.c ****   *   holding register.
 394:./Libraries/STM32F10x_StdPeriph_Driver/src/stm32f10x_dac.c ****   * @retval None
 395:./Libraries/STM32F10x_StdPeriph_Driver/src/stm32f10x_dac.c ****   */
 396:./Libraries/STM32F10x_StdPeriph_Driver/src/stm32f10x_dac.c **** void DAC_SetDualChannelData(uint32_t DAC_Align, uint16_t Data2, uint16_t Data1)
 397:./Libraries/STM32F10x_StdPeriph_Driver/src/stm32f10x_dac.c **** {
 754              		.loc 1 397 1
 755              		.cfi_startproc
 756              		@ args = 0, pretend = 0, frame = 16
 757              		@ frame_needed = 1, uses_anonymous_args = 0
 758              		@ link register save eliminated.
 759 0000 80B4     		push	{r7}
 760              	.LCFI56:
 761              		.cfi_def_cfa_offset 4
 762              		.cfi_offset 7, -4
 763 0002 85B0     		sub	sp, sp, #20
 764              	.LCFI57:
 765              		.cfi_def_cfa_offset 24
 766 0004 00AF     		add	r7, sp, #0
 767              	.LCFI58:
 768              		.cfi_def_cfa_register 7
 769 0006 7860     		str	r0, [r7, #4]
 770 0008 0B46     		mov	r3, r1
 771 000a 7B80     		strh	r3, [r7, #2]	@ movhi
 772 000c 1346     		mov	r3, r2	@ movhi
 773 000e 3B80     		strh	r3, [r7]	@ movhi
 398:./Libraries/STM32F10x_StdPeriph_Driver/src/stm32f10x_dac.c ****   uint32_t data = 0, tmp = 0;
 774              		.loc 1 398 12
 775 0010 0023     		movs	r3, #0
 776 0012 FB60     		str	r3, [r7, #12]
 777              		.loc 1 398 22
 778 0014 0023     		movs	r3, #0
 779 0016 BB60     		str	r3, [r7, #8]
 399:./Libraries/STM32F10x_StdPeriph_Driver/src/stm32f10x_dac.c ****   
 400:./Libraries/STM32F10x_StdPeriph_Driver/src/stm32f10x_dac.c ****   /* Check the parameters */
 401:./Libraries/STM32F10x_StdPeriph_Driver/src/stm32f10x_dac.c ****   assert_param(IS_DAC_ALIGN(DAC_Align));
 402:./Libraries/STM32F10x_StdPeriph_Driver/src/stm32f10x_dac.c ****   assert_param(IS_DAC_DATA(Data1));
 403:./Libraries/STM32F10x_StdPeriph_Driver/src/stm32f10x_dac.c ****   assert_param(IS_DAC_DATA(Data2));
 404:./Libraries/STM32F10x_StdPeriph_Driver/src/stm32f10x_dac.c ****   
 405:./Libraries/STM32F10x_StdPeriph_Driver/src/stm32f10x_dac.c ****   /* Calculate and set dual DAC data holding register value */
 406:./Libraries/STM32F10x_StdPeriph_Driver/src/stm32f10x_dac.c ****   if (DAC_Align == DAC_Align_8b_R)
 780              		.loc 1 406 6
 781 0018 7B68     		ldr	r3, [r7, #4]
 782 001a 082B     		cmp	r3, #8
 783 001c 05D1     		bne	.L43
 407:./Libraries/STM32F10x_StdPeriph_Driver/src/stm32f10x_dac.c ****   {
 408:./Libraries/STM32F10x_StdPeriph_Driver/src/stm32f10x_dac.c ****     data = ((uint32_t)Data2 << 8) | Data1; 
 784              		.loc 1 408 13
 785 001e 7B88     		ldrh	r3, [r7, #2]
 786              		.loc 1 408 29
 787 0020 1A02     		lsls	r2, r3, #8
 788              		.loc 1 408 35
 789 0022 3B88     		ldrh	r3, [r7]
 790              		.loc 1 408 10
ARM GAS  /tmp/ccde3v3I.s 			page 22


 791 0024 1343     		orrs	r3, r3, r2
 792 0026 FB60     		str	r3, [r7, #12]
 793 0028 04E0     		b	.L44
 794              	.L43:
 409:./Libraries/STM32F10x_StdPeriph_Driver/src/stm32f10x_dac.c ****   }
 410:./Libraries/STM32F10x_StdPeriph_Driver/src/stm32f10x_dac.c ****   else
 411:./Libraries/STM32F10x_StdPeriph_Driver/src/stm32f10x_dac.c ****   {
 412:./Libraries/STM32F10x_StdPeriph_Driver/src/stm32f10x_dac.c ****     data = ((uint32_t)Data2 << 16) | Data1;
 795              		.loc 1 412 13
 796 002a 7B88     		ldrh	r3, [r7, #2]
 797              		.loc 1 412 29
 798 002c 1A04     		lsls	r2, r3, #16
 799              		.loc 1 412 36
 800 002e 3B88     		ldrh	r3, [r7]
 801              		.loc 1 412 10
 802 0030 1343     		orrs	r3, r3, r2
 803 0032 FB60     		str	r3, [r7, #12]
 804              	.L44:
 413:./Libraries/STM32F10x_StdPeriph_Driver/src/stm32f10x_dac.c ****   }
 414:./Libraries/STM32F10x_StdPeriph_Driver/src/stm32f10x_dac.c ****   
 415:./Libraries/STM32F10x_StdPeriph_Driver/src/stm32f10x_dac.c ****   tmp = (uint32_t)DAC_BASE;
 805              		.loc 1 415 7
 806 0034 074B     		ldr	r3, .L45
 807 0036 BB60     		str	r3, [r7, #8]
 416:./Libraries/STM32F10x_StdPeriph_Driver/src/stm32f10x_dac.c ****   tmp += DHR12RD_OFFSET + DAC_Align;
 808              		.loc 1 416 7
 809 0038 7A68     		ldr	r2, [r7, #4]
 810 003a BB68     		ldr	r3, [r7, #8]
 811 003c 1344     		add	r3, r3, r2
 812 003e 2033     		adds	r3, r3, #32
 813 0040 BB60     		str	r3, [r7, #8]
 417:./Libraries/STM32F10x_StdPeriph_Driver/src/stm32f10x_dac.c **** 
 418:./Libraries/STM32F10x_StdPeriph_Driver/src/stm32f10x_dac.c ****   /* Set the dual DAC selected data holding register */
 419:./Libraries/STM32F10x_StdPeriph_Driver/src/stm32f10x_dac.c ****   *(__IO uint32_t *)tmp = data;
 814              		.loc 1 419 4
 815 0042 BB68     		ldr	r3, [r7, #8]
 816              		.loc 1 419 25
 817 0044 FA68     		ldr	r2, [r7, #12]
 818 0046 1A60     		str	r2, [r3]
 420:./Libraries/STM32F10x_StdPeriph_Driver/src/stm32f10x_dac.c **** }
 819              		.loc 1 420 1
 820 0048 00BF     		nop
 821 004a 1437     		adds	r7, r7, #20
 822              	.LCFI59:
 823              		.cfi_def_cfa_offset 4
 824 004c BD46     		mov	sp, r7
 825              	.LCFI60:
 826              		.cfi_def_cfa_register 13
 827              		@ sp needed
 828 004e 80BC     		pop	{r7}
 829              	.LCFI61:
 830              		.cfi_restore 7
 831              		.cfi_def_cfa_offset 0
 832 0050 7047     		bx	lr
 833              	.L46:
 834 0052 00BF     		.align	2
 835              	.L45:
ARM GAS  /tmp/ccde3v3I.s 			page 23


 836 0054 00740040 		.word	1073771520
 837              		.cfi_endproc
 838              	.LFE39:
 840              		.section	.text.DAC_GetDataOutputValue,"ax",%progbits
 841              		.align	1
 842              		.global	DAC_GetDataOutputValue
 843              		.syntax unified
 844              		.thumb
 845              		.thumb_func
 846              		.fpu softvfp
 848              	DAC_GetDataOutputValue:
 849              	.LFB40:
 421:./Libraries/STM32F10x_StdPeriph_Driver/src/stm32f10x_dac.c **** 
 422:./Libraries/STM32F10x_StdPeriph_Driver/src/stm32f10x_dac.c **** /**
 423:./Libraries/STM32F10x_StdPeriph_Driver/src/stm32f10x_dac.c ****   * @brief  Returns the last data output value of the selected DAC channel.
 424:./Libraries/STM32F10x_StdPeriph_Driver/src/stm32f10x_dac.c ****   * @param  DAC_Channel: the selected DAC channel. 
 425:./Libraries/STM32F10x_StdPeriph_Driver/src/stm32f10x_dac.c ****   *   This parameter can be one of the following values:
 426:./Libraries/STM32F10x_StdPeriph_Driver/src/stm32f10x_dac.c ****   *     @arg DAC_Channel_1: DAC Channel1 selected
 427:./Libraries/STM32F10x_StdPeriph_Driver/src/stm32f10x_dac.c ****   *     @arg DAC_Channel_2: DAC Channel2 selected
 428:./Libraries/STM32F10x_StdPeriph_Driver/src/stm32f10x_dac.c ****   * @retval The selected DAC channel data output value.
 429:./Libraries/STM32F10x_StdPeriph_Driver/src/stm32f10x_dac.c ****   */
 430:./Libraries/STM32F10x_StdPeriph_Driver/src/stm32f10x_dac.c **** uint16_t DAC_GetDataOutputValue(uint32_t DAC_Channel)
 431:./Libraries/STM32F10x_StdPeriph_Driver/src/stm32f10x_dac.c **** {
 850              		.loc 1 431 1
 851              		.cfi_startproc
 852              		@ args = 0, pretend = 0, frame = 16
 853              		@ frame_needed = 1, uses_anonymous_args = 0
 854              		@ link register save eliminated.
 855 0000 80B4     		push	{r7}
 856              	.LCFI62:
 857              		.cfi_def_cfa_offset 4
 858              		.cfi_offset 7, -4
 859 0002 85B0     		sub	sp, sp, #20
 860              	.LCFI63:
 861              		.cfi_def_cfa_offset 24
 862 0004 00AF     		add	r7, sp, #0
 863              	.LCFI64:
 864              		.cfi_def_cfa_register 7
 865 0006 7860     		str	r0, [r7, #4]
 432:./Libraries/STM32F10x_StdPeriph_Driver/src/stm32f10x_dac.c ****   __IO uint32_t tmp = 0;
 866              		.loc 1 432 17
 867 0008 0023     		movs	r3, #0
 868 000a FB60     		str	r3, [r7, #12]
 433:./Libraries/STM32F10x_StdPeriph_Driver/src/stm32f10x_dac.c ****   
 434:./Libraries/STM32F10x_StdPeriph_Driver/src/stm32f10x_dac.c ****   /* Check the parameters */
 435:./Libraries/STM32F10x_StdPeriph_Driver/src/stm32f10x_dac.c ****   assert_param(IS_DAC_CHANNEL(DAC_Channel));
 436:./Libraries/STM32F10x_StdPeriph_Driver/src/stm32f10x_dac.c ****   
 437:./Libraries/STM32F10x_StdPeriph_Driver/src/stm32f10x_dac.c ****   tmp = (uint32_t) DAC_BASE ;
 869              		.loc 1 437 7
 870 000c 074B     		ldr	r3, .L49
 871 000e FB60     		str	r3, [r7, #12]
 438:./Libraries/STM32F10x_StdPeriph_Driver/src/stm32f10x_dac.c ****   tmp += DOR_OFFSET + ((uint32_t)DAC_Channel >> 2);
 872              		.loc 1 438 46
 873 0010 7B68     		ldr	r3, [r7, #4]
 874 0012 9A08     		lsrs	r2, r3, #2
 875              		.loc 1 438 7
 876 0014 FB68     		ldr	r3, [r7, #12]
ARM GAS  /tmp/ccde3v3I.s 			page 24


 877 0016 1344     		add	r3, r3, r2
 878 0018 2C33     		adds	r3, r3, #44
 879 001a FB60     		str	r3, [r7, #12]
 439:./Libraries/STM32F10x_StdPeriph_Driver/src/stm32f10x_dac.c ****   
 440:./Libraries/STM32F10x_StdPeriph_Driver/src/stm32f10x_dac.c ****   /* Returns the DAC channel data output register value */
 441:./Libraries/STM32F10x_StdPeriph_Driver/src/stm32f10x_dac.c ****   return (uint16_t) (*(__IO uint32_t*) tmp);
 880              		.loc 1 441 23
 881 001c FB68     		ldr	r3, [r7, #12]
 882              		.loc 1 441 22
 883 001e 1B68     		ldr	r3, [r3]
 884              		.loc 1 441 10
 885 0020 9BB2     		uxth	r3, r3
 442:./Libraries/STM32F10x_StdPeriph_Driver/src/stm32f10x_dac.c **** }
 886              		.loc 1 442 1
 887 0022 1846     		mov	r0, r3
 888 0024 1437     		adds	r7, r7, #20
 889              	.LCFI65:
 890              		.cfi_def_cfa_offset 4
 891 0026 BD46     		mov	sp, r7
 892              	.LCFI66:
 893              		.cfi_def_cfa_register 13
 894              		@ sp needed
 895 0028 80BC     		pop	{r7}
 896              	.LCFI67:
 897              		.cfi_restore 7
 898              		.cfi_def_cfa_offset 0
 899 002a 7047     		bx	lr
 900              	.L50:
 901              		.align	2
 902              	.L49:
 903 002c 00740040 		.word	1073771520
 904              		.cfi_endproc
 905              	.LFE40:
 907              		.text
 908              	.Letext0:
 909              		.file 2 "/home/hao/Documents/gcc-arm-none-eabi/arm-none-eabi/include/machine/_default_types.h"
 910              		.file 3 "/home/hao/Documents/gcc-arm-none-eabi/arm-none-eabi/include/sys/_stdint.h"
 911              		.file 4 "./Libraries/CMSIS/stm32f10x.h"
 912              		.file 5 "./Libraries/STM32F10x_StdPeriph_Driver/inc/stm32f10x_dac.h"
ARM GAS  /tmp/ccde3v3I.s 			page 25


DEFINED SYMBOLS
                            *ABS*:0000000000000000 stm32f10x_dac.c
     /tmp/ccde3v3I.s:16     .text.DAC_DeInit:0000000000000000 $t
     /tmp/ccde3v3I.s:24     .text.DAC_DeInit:0000000000000000 DAC_DeInit
     /tmp/ccde3v3I.s:54     .text.DAC_Init:0000000000000000 $t
     /tmp/ccde3v3I.s:61     .text.DAC_Init:0000000000000000 DAC_Init
     /tmp/ccde3v3I.s:150    .text.DAC_Init:0000000000000060 $d
     /tmp/ccde3v3I.s:155    .text.DAC_StructInit:0000000000000000 $t
     /tmp/ccde3v3I.s:162    .text.DAC_StructInit:0000000000000000 DAC_StructInit
     /tmp/ccde3v3I.s:214    .text.DAC_Cmd:0000000000000000 $t
     /tmp/ccde3v3I.s:221    .text.DAC_Cmd:0000000000000000 DAC_Cmd
     /tmp/ccde3v3I.s:290    .text.DAC_Cmd:0000000000000044 $d
     /tmp/ccde3v3I.s:295    .text.DAC_DMACmd:0000000000000000 $t
     /tmp/ccde3v3I.s:302    .text.DAC_DMACmd:0000000000000000 DAC_DMACmd
     /tmp/ccde3v3I.s:371    .text.DAC_DMACmd:0000000000000048 $d
     /tmp/ccde3v3I.s:376    .text.DAC_SoftwareTriggerCmd:0000000000000000 $t
     /tmp/ccde3v3I.s:383    .text.DAC_SoftwareTriggerCmd:0000000000000000 DAC_SoftwareTriggerCmd
     /tmp/ccde3v3I.s:456    .text.DAC_SoftwareTriggerCmd:0000000000000048 $d
     /tmp/ccde3v3I.s:461    .text.DAC_DualSoftwareTriggerCmd:0000000000000000 $t
     /tmp/ccde3v3I.s:468    .text.DAC_DualSoftwareTriggerCmd:0000000000000000 DAC_DualSoftwareTriggerCmd
     /tmp/ccde3v3I.s:524    .text.DAC_DualSoftwareTriggerCmd:0000000000000034 $d
     /tmp/ccde3v3I.s:529    .text.DAC_WaveGenerationCmd:0000000000000000 $t
     /tmp/ccde3v3I.s:536    .text.DAC_WaveGenerationCmd:0000000000000000 DAC_WaveGenerationCmd
     /tmp/ccde3v3I.s:606    .text.DAC_WaveGenerationCmd:0000000000000048 $d
     /tmp/ccde3v3I.s:611    .text.DAC_SetChannel1Data:0000000000000000 $t
     /tmp/ccde3v3I.s:618    .text.DAC_SetChannel1Data:0000000000000000 DAC_SetChannel1Data
     /tmp/ccde3v3I.s:673    .text.DAC_SetChannel1Data:0000000000000030 $d
     /tmp/ccde3v3I.s:678    .text.DAC_SetChannel2Data:0000000000000000 $t
     /tmp/ccde3v3I.s:685    .text.DAC_SetChannel2Data:0000000000000000 DAC_SetChannel2Data
     /tmp/ccde3v3I.s:740    .text.DAC_SetChannel2Data:0000000000000030 $d
     /tmp/ccde3v3I.s:745    .text.DAC_SetDualChannelData:0000000000000000 $t
     /tmp/ccde3v3I.s:752    .text.DAC_SetDualChannelData:0000000000000000 DAC_SetDualChannelData
     /tmp/ccde3v3I.s:836    .text.DAC_SetDualChannelData:0000000000000054 $d
     /tmp/ccde3v3I.s:841    .text.DAC_GetDataOutputValue:0000000000000000 $t
     /tmp/ccde3v3I.s:848    .text.DAC_GetDataOutputValue:0000000000000000 DAC_GetDataOutputValue
     /tmp/ccde3v3I.s:903    .text.DAC_GetDataOutputValue:000000000000002c $d

UNDEFINED SYMBOLS
RCC_APB1PeriphResetCmd
