ARM GAS  /tmp/cc39H2op.s 			page 1


   1              		.cpu cortex-m3
   2              		.eabi_attribute 20, 1
   3              		.eabi_attribute 21, 1
   4              		.eabi_attribute 23, 3
   5              		.eabi_attribute 24, 1
   6              		.eabi_attribute 25, 1
   7              		.eabi_attribute 26, 1
   8              		.eabi_attribute 30, 6
   9              		.eabi_attribute 34, 1
  10              		.eabi_attribute 18, 4
  11              		.file	"stm32f10x_crc.c"
  12              		.text
  13              	.Ltext0:
  14              		.cfi_sections	.debug_frame
  15              		.section	.text.CRC_ResetDR,"ax",%progbits
  16              		.align	1
  17              		.global	CRC_ResetDR
  18              		.arch armv7-m
  19              		.syntax unified
  20              		.thumb
  21              		.thumb_func
  22              		.fpu softvfp
  24              	CRC_ResetDR:
  25              	.LFB29:
  26              		.file 1 "./Libraries/STM32F10x_StdPeriph_Driver/src/stm32f10x_crc.c"
   1:./Libraries/STM32F10x_StdPeriph_Driver/src/stm32f10x_crc.c **** /**
   2:./Libraries/STM32F10x_StdPeriph_Driver/src/stm32f10x_crc.c ****   ******************************************************************************
   3:./Libraries/STM32F10x_StdPeriph_Driver/src/stm32f10x_crc.c ****   * @file    stm32f10x_crc.c
   4:./Libraries/STM32F10x_StdPeriph_Driver/src/stm32f10x_crc.c ****   * @author  MCD Application Team
   5:./Libraries/STM32F10x_StdPeriph_Driver/src/stm32f10x_crc.c ****   * @version V3.5.0
   6:./Libraries/STM32F10x_StdPeriph_Driver/src/stm32f10x_crc.c ****   * @date    11-March-2011
   7:./Libraries/STM32F10x_StdPeriph_Driver/src/stm32f10x_crc.c ****   * @brief   This file provides all the CRC firmware functions.
   8:./Libraries/STM32F10x_StdPeriph_Driver/src/stm32f10x_crc.c ****   ******************************************************************************
   9:./Libraries/STM32F10x_StdPeriph_Driver/src/stm32f10x_crc.c ****   * @attention
  10:./Libraries/STM32F10x_StdPeriph_Driver/src/stm32f10x_crc.c ****   *
  11:./Libraries/STM32F10x_StdPeriph_Driver/src/stm32f10x_crc.c ****   * THE PRESENT FIRMWARE WHICH IS FOR GUIDANCE ONLY AIMS AT PROVIDING CUSTOMERS
  12:./Libraries/STM32F10x_StdPeriph_Driver/src/stm32f10x_crc.c ****   * WITH CODING INFORMATION REGARDING THEIR PRODUCTS IN ORDER FOR THEM TO SAVE
  13:./Libraries/STM32F10x_StdPeriph_Driver/src/stm32f10x_crc.c ****   * TIME. AS A RESULT, STMICROELECTRONICS SHALL NOT BE HELD LIABLE FOR ANY
  14:./Libraries/STM32F10x_StdPeriph_Driver/src/stm32f10x_crc.c ****   * DIRECT, INDIRECT OR CONSEQUENTIAL DAMAGES WITH RESPECT TO ANY CLAIMS ARISING
  15:./Libraries/STM32F10x_StdPeriph_Driver/src/stm32f10x_crc.c ****   * FROM THE CONTENT OF SUCH FIRMWARE AND/OR THE USE MADE BY CUSTOMERS OF THE
  16:./Libraries/STM32F10x_StdPeriph_Driver/src/stm32f10x_crc.c ****   * CODING INFORMATION CONTAINED HEREIN IN CONNECTION WITH THEIR PRODUCTS.
  17:./Libraries/STM32F10x_StdPeriph_Driver/src/stm32f10x_crc.c ****   *
  18:./Libraries/STM32F10x_StdPeriph_Driver/src/stm32f10x_crc.c ****   * <h2><center>&copy; COPYRIGHT 2011 STMicroelectronics</center></h2>
  19:./Libraries/STM32F10x_StdPeriph_Driver/src/stm32f10x_crc.c ****   ******************************************************************************
  20:./Libraries/STM32F10x_StdPeriph_Driver/src/stm32f10x_crc.c ****   */
  21:./Libraries/STM32F10x_StdPeriph_Driver/src/stm32f10x_crc.c **** 
  22:./Libraries/STM32F10x_StdPeriph_Driver/src/stm32f10x_crc.c **** /* Includes ------------------------------------------------------------------*/
  23:./Libraries/STM32F10x_StdPeriph_Driver/src/stm32f10x_crc.c **** #include "stm32f10x_crc.h"
  24:./Libraries/STM32F10x_StdPeriph_Driver/src/stm32f10x_crc.c **** 
  25:./Libraries/STM32F10x_StdPeriph_Driver/src/stm32f10x_crc.c **** /** @addtogroup STM32F10x_StdPeriph_Driver
  26:./Libraries/STM32F10x_StdPeriph_Driver/src/stm32f10x_crc.c ****   * @{
  27:./Libraries/STM32F10x_StdPeriph_Driver/src/stm32f10x_crc.c ****   */
  28:./Libraries/STM32F10x_StdPeriph_Driver/src/stm32f10x_crc.c **** 
  29:./Libraries/STM32F10x_StdPeriph_Driver/src/stm32f10x_crc.c **** /** @defgroup CRC 
  30:./Libraries/STM32F10x_StdPeriph_Driver/src/stm32f10x_crc.c ****   * @brief CRC driver modules
  31:./Libraries/STM32F10x_StdPeriph_Driver/src/stm32f10x_crc.c ****   * @{
  32:./Libraries/STM32F10x_StdPeriph_Driver/src/stm32f10x_crc.c ****   */
ARM GAS  /tmp/cc39H2op.s 			page 2


  33:./Libraries/STM32F10x_StdPeriph_Driver/src/stm32f10x_crc.c **** 
  34:./Libraries/STM32F10x_StdPeriph_Driver/src/stm32f10x_crc.c **** /** @defgroup CRC_Private_TypesDefinitions
  35:./Libraries/STM32F10x_StdPeriph_Driver/src/stm32f10x_crc.c ****   * @{
  36:./Libraries/STM32F10x_StdPeriph_Driver/src/stm32f10x_crc.c ****   */
  37:./Libraries/STM32F10x_StdPeriph_Driver/src/stm32f10x_crc.c **** 
  38:./Libraries/STM32F10x_StdPeriph_Driver/src/stm32f10x_crc.c **** /**
  39:./Libraries/STM32F10x_StdPeriph_Driver/src/stm32f10x_crc.c ****   * @}
  40:./Libraries/STM32F10x_StdPeriph_Driver/src/stm32f10x_crc.c ****   */
  41:./Libraries/STM32F10x_StdPeriph_Driver/src/stm32f10x_crc.c **** 
  42:./Libraries/STM32F10x_StdPeriph_Driver/src/stm32f10x_crc.c **** /** @defgroup CRC_Private_Defines
  43:./Libraries/STM32F10x_StdPeriph_Driver/src/stm32f10x_crc.c ****   * @{
  44:./Libraries/STM32F10x_StdPeriph_Driver/src/stm32f10x_crc.c ****   */
  45:./Libraries/STM32F10x_StdPeriph_Driver/src/stm32f10x_crc.c **** 
  46:./Libraries/STM32F10x_StdPeriph_Driver/src/stm32f10x_crc.c **** /**
  47:./Libraries/STM32F10x_StdPeriph_Driver/src/stm32f10x_crc.c ****   * @}
  48:./Libraries/STM32F10x_StdPeriph_Driver/src/stm32f10x_crc.c ****   */
  49:./Libraries/STM32F10x_StdPeriph_Driver/src/stm32f10x_crc.c **** 
  50:./Libraries/STM32F10x_StdPeriph_Driver/src/stm32f10x_crc.c **** /** @defgroup CRC_Private_Macros
  51:./Libraries/STM32F10x_StdPeriph_Driver/src/stm32f10x_crc.c ****   * @{
  52:./Libraries/STM32F10x_StdPeriph_Driver/src/stm32f10x_crc.c ****   */
  53:./Libraries/STM32F10x_StdPeriph_Driver/src/stm32f10x_crc.c **** 
  54:./Libraries/STM32F10x_StdPeriph_Driver/src/stm32f10x_crc.c **** /**
  55:./Libraries/STM32F10x_StdPeriph_Driver/src/stm32f10x_crc.c ****   * @}
  56:./Libraries/STM32F10x_StdPeriph_Driver/src/stm32f10x_crc.c ****   */
  57:./Libraries/STM32F10x_StdPeriph_Driver/src/stm32f10x_crc.c **** 
  58:./Libraries/STM32F10x_StdPeriph_Driver/src/stm32f10x_crc.c **** /** @defgroup CRC_Private_Variables
  59:./Libraries/STM32F10x_StdPeriph_Driver/src/stm32f10x_crc.c ****   * @{
  60:./Libraries/STM32F10x_StdPeriph_Driver/src/stm32f10x_crc.c ****   */
  61:./Libraries/STM32F10x_StdPeriph_Driver/src/stm32f10x_crc.c **** 
  62:./Libraries/STM32F10x_StdPeriph_Driver/src/stm32f10x_crc.c **** /**
  63:./Libraries/STM32F10x_StdPeriph_Driver/src/stm32f10x_crc.c ****   * @}
  64:./Libraries/STM32F10x_StdPeriph_Driver/src/stm32f10x_crc.c ****   */
  65:./Libraries/STM32F10x_StdPeriph_Driver/src/stm32f10x_crc.c **** 
  66:./Libraries/STM32F10x_StdPeriph_Driver/src/stm32f10x_crc.c **** /** @defgroup CRC_Private_FunctionPrototypes
  67:./Libraries/STM32F10x_StdPeriph_Driver/src/stm32f10x_crc.c ****   * @{
  68:./Libraries/STM32F10x_StdPeriph_Driver/src/stm32f10x_crc.c ****   */
  69:./Libraries/STM32F10x_StdPeriph_Driver/src/stm32f10x_crc.c **** 
  70:./Libraries/STM32F10x_StdPeriph_Driver/src/stm32f10x_crc.c **** /**
  71:./Libraries/STM32F10x_StdPeriph_Driver/src/stm32f10x_crc.c ****   * @}
  72:./Libraries/STM32F10x_StdPeriph_Driver/src/stm32f10x_crc.c ****   */
  73:./Libraries/STM32F10x_StdPeriph_Driver/src/stm32f10x_crc.c **** 
  74:./Libraries/STM32F10x_StdPeriph_Driver/src/stm32f10x_crc.c **** /** @defgroup CRC_Private_Functions
  75:./Libraries/STM32F10x_StdPeriph_Driver/src/stm32f10x_crc.c ****   * @{
  76:./Libraries/STM32F10x_StdPeriph_Driver/src/stm32f10x_crc.c ****   */
  77:./Libraries/STM32F10x_StdPeriph_Driver/src/stm32f10x_crc.c **** 
  78:./Libraries/STM32F10x_StdPeriph_Driver/src/stm32f10x_crc.c **** /**
  79:./Libraries/STM32F10x_StdPeriph_Driver/src/stm32f10x_crc.c ****   * @brief  Resets the CRC Data register (DR).
  80:./Libraries/STM32F10x_StdPeriph_Driver/src/stm32f10x_crc.c ****   * @param  None
  81:./Libraries/STM32F10x_StdPeriph_Driver/src/stm32f10x_crc.c ****   * @retval None
  82:./Libraries/STM32F10x_StdPeriph_Driver/src/stm32f10x_crc.c ****   */
  83:./Libraries/STM32F10x_StdPeriph_Driver/src/stm32f10x_crc.c **** void CRC_ResetDR(void)
  84:./Libraries/STM32F10x_StdPeriph_Driver/src/stm32f10x_crc.c **** {
  27              		.loc 1 84 1
  28              		.cfi_startproc
  29              		@ args = 0, pretend = 0, frame = 0
  30              		@ frame_needed = 1, uses_anonymous_args = 0
  31              		@ link register save eliminated.
ARM GAS  /tmp/cc39H2op.s 			page 3


  32 0000 80B4     		push	{r7}
  33              	.LCFI0:
  34              		.cfi_def_cfa_offset 4
  35              		.cfi_offset 7, -4
  36 0002 00AF     		add	r7, sp, #0
  37              	.LCFI1:
  38              		.cfi_def_cfa_register 7
  85:./Libraries/STM32F10x_StdPeriph_Driver/src/stm32f10x_crc.c ****   /* Reset CRC generator */
  86:./Libraries/STM32F10x_StdPeriph_Driver/src/stm32f10x_crc.c ****   CRC->CR = CRC_CR_RESET;
  39              		.loc 1 86 6
  40 0004 034B     		ldr	r3, .L2
  41              		.loc 1 86 11
  42 0006 0122     		movs	r2, #1
  43 0008 9A60     		str	r2, [r3, #8]
  87:./Libraries/STM32F10x_StdPeriph_Driver/src/stm32f10x_crc.c **** }
  44              		.loc 1 87 1
  45 000a 00BF     		nop
  46 000c BD46     		mov	sp, r7
  47              	.LCFI2:
  48              		.cfi_def_cfa_register 13
  49              		@ sp needed
  50 000e 80BC     		pop	{r7}
  51              	.LCFI3:
  52              		.cfi_restore 7
  53              		.cfi_def_cfa_offset 0
  54 0010 7047     		bx	lr
  55              	.L3:
  56 0012 00BF     		.align	2
  57              	.L2:
  58 0014 00300240 		.word	1073885184
  59              		.cfi_endproc
  60              	.LFE29:
  62              		.section	.text.CRC_CalcCRC,"ax",%progbits
  63              		.align	1
  64              		.global	CRC_CalcCRC
  65              		.syntax unified
  66              		.thumb
  67              		.thumb_func
  68              		.fpu softvfp
  70              	CRC_CalcCRC:
  71              	.LFB30:
  88:./Libraries/STM32F10x_StdPeriph_Driver/src/stm32f10x_crc.c **** 
  89:./Libraries/STM32F10x_StdPeriph_Driver/src/stm32f10x_crc.c **** /**
  90:./Libraries/STM32F10x_StdPeriph_Driver/src/stm32f10x_crc.c ****   * @brief  Computes the 32-bit CRC of a given data word(32-bit).
  91:./Libraries/STM32F10x_StdPeriph_Driver/src/stm32f10x_crc.c ****   * @param  Data: data word(32-bit) to compute its CRC
  92:./Libraries/STM32F10x_StdPeriph_Driver/src/stm32f10x_crc.c ****   * @retval 32-bit CRC
  93:./Libraries/STM32F10x_StdPeriph_Driver/src/stm32f10x_crc.c ****   */
  94:./Libraries/STM32F10x_StdPeriph_Driver/src/stm32f10x_crc.c **** uint32_t CRC_CalcCRC(uint32_t Data)
  95:./Libraries/STM32F10x_StdPeriph_Driver/src/stm32f10x_crc.c **** {
  72              		.loc 1 95 1
  73              		.cfi_startproc
  74              		@ args = 0, pretend = 0, frame = 8
  75              		@ frame_needed = 1, uses_anonymous_args = 0
  76              		@ link register save eliminated.
  77 0000 80B4     		push	{r7}
  78              	.LCFI4:
  79              		.cfi_def_cfa_offset 4
ARM GAS  /tmp/cc39H2op.s 			page 4


  80              		.cfi_offset 7, -4
  81 0002 83B0     		sub	sp, sp, #12
  82              	.LCFI5:
  83              		.cfi_def_cfa_offset 16
  84 0004 00AF     		add	r7, sp, #0
  85              	.LCFI6:
  86              		.cfi_def_cfa_register 7
  87 0006 7860     		str	r0, [r7, #4]
  96:./Libraries/STM32F10x_StdPeriph_Driver/src/stm32f10x_crc.c ****   CRC->DR = Data;
  88              		.loc 1 96 6
  89 0008 044A     		ldr	r2, .L6
  90              		.loc 1 96 11
  91 000a 7B68     		ldr	r3, [r7, #4]
  92 000c 1360     		str	r3, [r2]
  97:./Libraries/STM32F10x_StdPeriph_Driver/src/stm32f10x_crc.c ****   
  98:./Libraries/STM32F10x_StdPeriph_Driver/src/stm32f10x_crc.c ****   return (CRC->DR);
  93              		.loc 1 98 14
  94 000e 034B     		ldr	r3, .L6
  95 0010 1B68     		ldr	r3, [r3]
  99:./Libraries/STM32F10x_StdPeriph_Driver/src/stm32f10x_crc.c **** }
  96              		.loc 1 99 1
  97 0012 1846     		mov	r0, r3
  98 0014 0C37     		adds	r7, r7, #12
  99              	.LCFI7:
 100              		.cfi_def_cfa_offset 4
 101 0016 BD46     		mov	sp, r7
 102              	.LCFI8:
 103              		.cfi_def_cfa_register 13
 104              		@ sp needed
 105 0018 80BC     		pop	{r7}
 106              	.LCFI9:
 107              		.cfi_restore 7
 108              		.cfi_def_cfa_offset 0
 109 001a 7047     		bx	lr
 110              	.L7:
 111              		.align	2
 112              	.L6:
 113 001c 00300240 		.word	1073885184
 114              		.cfi_endproc
 115              	.LFE30:
 117              		.section	.text.CRC_CalcBlockCRC,"ax",%progbits
 118              		.align	1
 119              		.global	CRC_CalcBlockCRC
 120              		.syntax unified
 121              		.thumb
 122              		.thumb_func
 123              		.fpu softvfp
 125              	CRC_CalcBlockCRC:
 126              	.LFB31:
 100:./Libraries/STM32F10x_StdPeriph_Driver/src/stm32f10x_crc.c **** 
 101:./Libraries/STM32F10x_StdPeriph_Driver/src/stm32f10x_crc.c **** /**
 102:./Libraries/STM32F10x_StdPeriph_Driver/src/stm32f10x_crc.c ****   * @brief  Computes the 32-bit CRC of a given buffer of data word(32-bit).
 103:./Libraries/STM32F10x_StdPeriph_Driver/src/stm32f10x_crc.c ****   * @param  pBuffer: pointer to the buffer containing the data to be computed
 104:./Libraries/STM32F10x_StdPeriph_Driver/src/stm32f10x_crc.c ****   * @param  BufferLength: length of the buffer to be computed					
 105:./Libraries/STM32F10x_StdPeriph_Driver/src/stm32f10x_crc.c ****   * @retval 32-bit CRC
 106:./Libraries/STM32F10x_StdPeriph_Driver/src/stm32f10x_crc.c ****   */
 107:./Libraries/STM32F10x_StdPeriph_Driver/src/stm32f10x_crc.c **** uint32_t CRC_CalcBlockCRC(uint32_t pBuffer[], uint32_t BufferLength)
ARM GAS  /tmp/cc39H2op.s 			page 5


 108:./Libraries/STM32F10x_StdPeriph_Driver/src/stm32f10x_crc.c **** {
 127              		.loc 1 108 1
 128              		.cfi_startproc
 129              		@ args = 0, pretend = 0, frame = 16
 130              		@ frame_needed = 1, uses_anonymous_args = 0
 131              		@ link register save eliminated.
 132 0000 80B4     		push	{r7}
 133              	.LCFI10:
 134              		.cfi_def_cfa_offset 4
 135              		.cfi_offset 7, -4
 136 0002 85B0     		sub	sp, sp, #20
 137              	.LCFI11:
 138              		.cfi_def_cfa_offset 24
 139 0004 00AF     		add	r7, sp, #0
 140              	.LCFI12:
 141              		.cfi_def_cfa_register 7
 142 0006 7860     		str	r0, [r7, #4]
 143 0008 3960     		str	r1, [r7]
 109:./Libraries/STM32F10x_StdPeriph_Driver/src/stm32f10x_crc.c ****   uint32_t index = 0;
 144              		.loc 1 109 12
 145 000a 0023     		movs	r3, #0
 146 000c FB60     		str	r3, [r7, #12]
 110:./Libraries/STM32F10x_StdPeriph_Driver/src/stm32f10x_crc.c ****   
 111:./Libraries/STM32F10x_StdPeriph_Driver/src/stm32f10x_crc.c ****   for(index = 0; index < BufferLength; index++)
 147              		.loc 1 111 13
 148 000e 0023     		movs	r3, #0
 149 0010 FB60     		str	r3, [r7, #12]
 150              		.loc 1 111 3
 151 0012 09E0     		b	.L9
 152              	.L10:
 112:./Libraries/STM32F10x_StdPeriph_Driver/src/stm32f10x_crc.c ****   {
 113:./Libraries/STM32F10x_StdPeriph_Driver/src/stm32f10x_crc.c ****     CRC->DR = pBuffer[index];
 153              		.loc 1 113 22 discriminator 3
 154 0014 FB68     		ldr	r3, [r7, #12]
 155 0016 9B00     		lsls	r3, r3, #2
 156 0018 7A68     		ldr	r2, [r7, #4]
 157 001a 1344     		add	r3, r3, r2
 158              		.loc 1 113 8 discriminator 3
 159 001c 084A     		ldr	r2, .L12
 160              		.loc 1 113 22 discriminator 3
 161 001e 1B68     		ldr	r3, [r3]
 162              		.loc 1 113 13 discriminator 3
 163 0020 1360     		str	r3, [r2]
 111:./Libraries/STM32F10x_StdPeriph_Driver/src/stm32f10x_crc.c ****   {
 164              		.loc 1 111 45 discriminator 3
 165 0022 FB68     		ldr	r3, [r7, #12]
 166 0024 0133     		adds	r3, r3, #1
 167 0026 FB60     		str	r3, [r7, #12]
 168              	.L9:
 111:./Libraries/STM32F10x_StdPeriph_Driver/src/stm32f10x_crc.c ****   {
 169              		.loc 1 111 3 discriminator 1
 170 0028 FA68     		ldr	r2, [r7, #12]
 171 002a 3B68     		ldr	r3, [r7]
 172 002c 9A42     		cmp	r2, r3
 173 002e F1D3     		bcc	.L10
 114:./Libraries/STM32F10x_StdPeriph_Driver/src/stm32f10x_crc.c ****   }
 115:./Libraries/STM32F10x_StdPeriph_Driver/src/stm32f10x_crc.c ****   return (CRC->DR);
ARM GAS  /tmp/cc39H2op.s 			page 6


 174              		.loc 1 115 14
 175 0030 034B     		ldr	r3, .L12
 176 0032 1B68     		ldr	r3, [r3]
 116:./Libraries/STM32F10x_StdPeriph_Driver/src/stm32f10x_crc.c **** }
 177              		.loc 1 116 1
 178 0034 1846     		mov	r0, r3
 179 0036 1437     		adds	r7, r7, #20
 180              	.LCFI13:
 181              		.cfi_def_cfa_offset 4
 182 0038 BD46     		mov	sp, r7
 183              	.LCFI14:
 184              		.cfi_def_cfa_register 13
 185              		@ sp needed
 186 003a 80BC     		pop	{r7}
 187              	.LCFI15:
 188              		.cfi_restore 7
 189              		.cfi_def_cfa_offset 0
 190 003c 7047     		bx	lr
 191              	.L13:
 192 003e 00BF     		.align	2
 193              	.L12:
 194 0040 00300240 		.word	1073885184
 195              		.cfi_endproc
 196              	.LFE31:
 198              		.section	.text.CRC_GetCRC,"ax",%progbits
 199              		.align	1
 200              		.global	CRC_GetCRC
 201              		.syntax unified
 202              		.thumb
 203              		.thumb_func
 204              		.fpu softvfp
 206              	CRC_GetCRC:
 207              	.LFB32:
 117:./Libraries/STM32F10x_StdPeriph_Driver/src/stm32f10x_crc.c **** 
 118:./Libraries/STM32F10x_StdPeriph_Driver/src/stm32f10x_crc.c **** /**
 119:./Libraries/STM32F10x_StdPeriph_Driver/src/stm32f10x_crc.c ****   * @brief  Returns the current CRC value.
 120:./Libraries/STM32F10x_StdPeriph_Driver/src/stm32f10x_crc.c ****   * @param  None
 121:./Libraries/STM32F10x_StdPeriph_Driver/src/stm32f10x_crc.c ****   * @retval 32-bit CRC
 122:./Libraries/STM32F10x_StdPeriph_Driver/src/stm32f10x_crc.c ****   */
 123:./Libraries/STM32F10x_StdPeriph_Driver/src/stm32f10x_crc.c **** uint32_t CRC_GetCRC(void)
 124:./Libraries/STM32F10x_StdPeriph_Driver/src/stm32f10x_crc.c **** {
 208              		.loc 1 124 1
 209              		.cfi_startproc
 210              		@ args = 0, pretend = 0, frame = 0
 211              		@ frame_needed = 1, uses_anonymous_args = 0
 212              		@ link register save eliminated.
 213 0000 80B4     		push	{r7}
 214              	.LCFI16:
 215              		.cfi_def_cfa_offset 4
 216              		.cfi_offset 7, -4
 217 0002 00AF     		add	r7, sp, #0
 218              	.LCFI17:
 219              		.cfi_def_cfa_register 7
 125:./Libraries/STM32F10x_StdPeriph_Driver/src/stm32f10x_crc.c ****   return (CRC->DR);
 220              		.loc 1 125 14
 221 0004 024B     		ldr	r3, .L16
 222 0006 1B68     		ldr	r3, [r3]
ARM GAS  /tmp/cc39H2op.s 			page 7


 126:./Libraries/STM32F10x_StdPeriph_Driver/src/stm32f10x_crc.c **** }
 223              		.loc 1 126 1
 224 0008 1846     		mov	r0, r3
 225 000a BD46     		mov	sp, r7
 226              	.LCFI18:
 227              		.cfi_def_cfa_register 13
 228              		@ sp needed
 229 000c 80BC     		pop	{r7}
 230              	.LCFI19:
 231              		.cfi_restore 7
 232              		.cfi_def_cfa_offset 0
 233 000e 7047     		bx	lr
 234              	.L17:
 235              		.align	2
 236              	.L16:
 237 0010 00300240 		.word	1073885184
 238              		.cfi_endproc
 239              	.LFE32:
 241              		.section	.text.CRC_SetIDRegister,"ax",%progbits
 242              		.align	1
 243              		.global	CRC_SetIDRegister
 244              		.syntax unified
 245              		.thumb
 246              		.thumb_func
 247              		.fpu softvfp
 249              	CRC_SetIDRegister:
 250              	.LFB33:
 127:./Libraries/STM32F10x_StdPeriph_Driver/src/stm32f10x_crc.c **** 
 128:./Libraries/STM32F10x_StdPeriph_Driver/src/stm32f10x_crc.c **** /**
 129:./Libraries/STM32F10x_StdPeriph_Driver/src/stm32f10x_crc.c ****   * @brief  Stores a 8-bit data in the Independent Data(ID) register.
 130:./Libraries/STM32F10x_StdPeriph_Driver/src/stm32f10x_crc.c ****   * @param  IDValue: 8-bit value to be stored in the ID register 					
 131:./Libraries/STM32F10x_StdPeriph_Driver/src/stm32f10x_crc.c ****   * @retval None
 132:./Libraries/STM32F10x_StdPeriph_Driver/src/stm32f10x_crc.c ****   */
 133:./Libraries/STM32F10x_StdPeriph_Driver/src/stm32f10x_crc.c **** void CRC_SetIDRegister(uint8_t IDValue)
 134:./Libraries/STM32F10x_StdPeriph_Driver/src/stm32f10x_crc.c **** {
 251              		.loc 1 134 1
 252              		.cfi_startproc
 253              		@ args = 0, pretend = 0, frame = 8
 254              		@ frame_needed = 1, uses_anonymous_args = 0
 255              		@ link register save eliminated.
 256 0000 80B4     		push	{r7}
 257              	.LCFI20:
 258              		.cfi_def_cfa_offset 4
 259              		.cfi_offset 7, -4
 260 0002 83B0     		sub	sp, sp, #12
 261              	.LCFI21:
 262              		.cfi_def_cfa_offset 16
 263 0004 00AF     		add	r7, sp, #0
 264              	.LCFI22:
 265              		.cfi_def_cfa_register 7
 266 0006 0346     		mov	r3, r0
 267 0008 FB71     		strb	r3, [r7, #7]
 135:./Libraries/STM32F10x_StdPeriph_Driver/src/stm32f10x_crc.c ****   CRC->IDR = IDValue;
 268              		.loc 1 135 6
 269 000a 044A     		ldr	r2, .L19
 270              		.loc 1 135 12
 271 000c FB79     		ldrb	r3, [r7, #7]
ARM GAS  /tmp/cc39H2op.s 			page 8


 272 000e 1371     		strb	r3, [r2, #4]
 136:./Libraries/STM32F10x_StdPeriph_Driver/src/stm32f10x_crc.c **** }
 273              		.loc 1 136 1
 274 0010 00BF     		nop
 275 0012 0C37     		adds	r7, r7, #12
 276              	.LCFI23:
 277              		.cfi_def_cfa_offset 4
 278 0014 BD46     		mov	sp, r7
 279              	.LCFI24:
 280              		.cfi_def_cfa_register 13
 281              		@ sp needed
 282 0016 80BC     		pop	{r7}
 283              	.LCFI25:
 284              		.cfi_restore 7
 285              		.cfi_def_cfa_offset 0
 286 0018 7047     		bx	lr
 287              	.L20:
 288 001a 00BF     		.align	2
 289              	.L19:
 290 001c 00300240 		.word	1073885184
 291              		.cfi_endproc
 292              	.LFE33:
 294              		.section	.text.CRC_GetIDRegister,"ax",%progbits
 295              		.align	1
 296              		.global	CRC_GetIDRegister
 297              		.syntax unified
 298              		.thumb
 299              		.thumb_func
 300              		.fpu softvfp
 302              	CRC_GetIDRegister:
 303              	.LFB34:
 137:./Libraries/STM32F10x_StdPeriph_Driver/src/stm32f10x_crc.c **** 
 138:./Libraries/STM32F10x_StdPeriph_Driver/src/stm32f10x_crc.c **** /**
 139:./Libraries/STM32F10x_StdPeriph_Driver/src/stm32f10x_crc.c ****   * @brief  Returns the 8-bit data stored in the Independent Data(ID) register
 140:./Libraries/STM32F10x_StdPeriph_Driver/src/stm32f10x_crc.c ****   * @param  None
 141:./Libraries/STM32F10x_StdPeriph_Driver/src/stm32f10x_crc.c ****   * @retval 8-bit value of the ID register 
 142:./Libraries/STM32F10x_StdPeriph_Driver/src/stm32f10x_crc.c ****   */
 143:./Libraries/STM32F10x_StdPeriph_Driver/src/stm32f10x_crc.c **** uint8_t CRC_GetIDRegister(void)
 144:./Libraries/STM32F10x_StdPeriph_Driver/src/stm32f10x_crc.c **** {
 304              		.loc 1 144 1
 305              		.cfi_startproc
 306              		@ args = 0, pretend = 0, frame = 0
 307              		@ frame_needed = 1, uses_anonymous_args = 0
 308              		@ link register save eliminated.
 309 0000 80B4     		push	{r7}
 310              	.LCFI26:
 311              		.cfi_def_cfa_offset 4
 312              		.cfi_offset 7, -4
 313 0002 00AF     		add	r7, sp, #0
 314              	.LCFI27:
 315              		.cfi_def_cfa_register 7
 145:./Libraries/STM32F10x_StdPeriph_Driver/src/stm32f10x_crc.c ****   return (CRC->IDR);
 316              		.loc 1 145 14
 317 0004 034B     		ldr	r3, .L23
 318 0006 1B79     		ldrb	r3, [r3, #4]
 319 0008 DBB2     		uxtb	r3, r3
 146:./Libraries/STM32F10x_StdPeriph_Driver/src/stm32f10x_crc.c **** }
ARM GAS  /tmp/cc39H2op.s 			page 9


 320              		.loc 1 146 1
 321 000a 1846     		mov	r0, r3
 322 000c BD46     		mov	sp, r7
 323              	.LCFI28:
 324              		.cfi_def_cfa_register 13
 325              		@ sp needed
 326 000e 80BC     		pop	{r7}
 327              	.LCFI29:
 328              		.cfi_restore 7
 329              		.cfi_def_cfa_offset 0
 330 0010 7047     		bx	lr
 331              	.L24:
 332 0012 00BF     		.align	2
 333              	.L23:
 334 0014 00300240 		.word	1073885184
 335              		.cfi_endproc
 336              	.LFE34:
 338              		.text
 339              	.Letext0:
 340              		.file 2 "/home/hao/Documents/gcc-arm-none-eabi/arm-none-eabi/include/machine/_default_types.h"
 341              		.file 3 "/home/hao/Documents/gcc-arm-none-eabi/arm-none-eabi/include/sys/_stdint.h"
 342              		.file 4 "./Libraries/CMSIS/stm32f10x.h"
ARM GAS  /tmp/cc39H2op.s 			page 10


DEFINED SYMBOLS
                            *ABS*:0000000000000000 stm32f10x_crc.c
     /tmp/cc39H2op.s:16     .text.CRC_ResetDR:0000000000000000 $t
     /tmp/cc39H2op.s:24     .text.CRC_ResetDR:0000000000000000 CRC_ResetDR
     /tmp/cc39H2op.s:58     .text.CRC_ResetDR:0000000000000014 $d
     /tmp/cc39H2op.s:63     .text.CRC_CalcCRC:0000000000000000 $t
     /tmp/cc39H2op.s:70     .text.CRC_CalcCRC:0000000000000000 CRC_CalcCRC
     /tmp/cc39H2op.s:113    .text.CRC_CalcCRC:000000000000001c $d
     /tmp/cc39H2op.s:118    .text.CRC_CalcBlockCRC:0000000000000000 $t
     /tmp/cc39H2op.s:125    .text.CRC_CalcBlockCRC:0000000000000000 CRC_CalcBlockCRC
     /tmp/cc39H2op.s:194    .text.CRC_CalcBlockCRC:0000000000000040 $d
     /tmp/cc39H2op.s:199    .text.CRC_GetCRC:0000000000000000 $t
     /tmp/cc39H2op.s:206    .text.CRC_GetCRC:0000000000000000 CRC_GetCRC
     /tmp/cc39H2op.s:237    .text.CRC_GetCRC:0000000000000010 $d
     /tmp/cc39H2op.s:242    .text.CRC_SetIDRegister:0000000000000000 $t
     /tmp/cc39H2op.s:249    .text.CRC_SetIDRegister:0000000000000000 CRC_SetIDRegister
     /tmp/cc39H2op.s:290    .text.CRC_SetIDRegister:000000000000001c $d
     /tmp/cc39H2op.s:295    .text.CRC_GetIDRegister:0000000000000000 $t
     /tmp/cc39H2op.s:302    .text.CRC_GetIDRegister:0000000000000000 CRC_GetIDRegister
     /tmp/cc39H2op.s:334    .text.CRC_GetIDRegister:0000000000000014 $d

NO UNDEFINED SYMBOLS
