ARM GAS  /tmp/cc5sTBXq.s 			page 1


   1              		.cpu cortex-m3
   2              		.eabi_attribute 20, 1
   3              		.eabi_attribute 21, 1
   4              		.eabi_attribute 23, 3
   5              		.eabi_attribute 24, 1
   6              		.eabi_attribute 25, 1
   7              		.eabi_attribute 26, 1
   8              		.eabi_attribute 30, 1
   9              		.eabi_attribute 34, 1
  10              		.eabi_attribute 18, 4
  11              		.file	"bsp_gpio.c"
  12              		.text
  13              	.Ltext0:
  14              		.cfi_sections	.debug_frame
  15              		.section	.text.GPIO_Config,"ax",%progbits
  16              		.align	1
  17              		.global	GPIO_Config
  18              		.arch armv7-m
  19              		.syntax unified
  20              		.thumb
  21              		.thumb_func
  22              		.fpu softvfp
  24              	GPIO_Config:
  25              	.LFB29:
  26              		.file 1 "./Hardware/gpio/bsp_gpio.c"
   1:./Hardware/gpio/bsp_gpio.c **** #include "bsp_gpio.h"   
   2:./Hardware/gpio/bsp_gpio.c **** 
   3:./Hardware/gpio/bsp_gpio.c ****  /**
   4:./Hardware/gpio/bsp_gpio.c ****   * @brief  初始化GPIO
   5:./Hardware/gpio/bsp_gpio.c ****   * @param  无
   6:./Hardware/gpio/bsp_gpio.c ****   * @retval 无
   7:./Hardware/gpio/bsp_gpio.c ****   */
   8:./Hardware/gpio/bsp_gpio.c **** void GPIO_Config( void )
   9:./Hardware/gpio/bsp_gpio.c **** {		
  27              		.loc 1 9 1 view -0
  28              		.cfi_startproc
  29              		@ args = 0, pretend = 0, frame = 8
  30              		@ frame_needed = 0, uses_anonymous_args = 0
  31 0000 10B5     		push	{r4, lr}
  32              	.LCFI0:
  33              		.cfi_def_cfa_offset 8
  34              		.cfi_offset 4, -8
  35              		.cfi_offset 14, -4
  36 0002 82B0     		sub	sp, sp, #8
  37              	.LCFI1:
  38              		.cfi_def_cfa_offset 16
  10:./Hardware/gpio/bsp_gpio.c **** 		/*定义一个GPIO_InitTypeDef类型的结构体*/
  11:./Hardware/gpio/bsp_gpio.c **** 		GPIO_InitTypeDef GPIO_InitStructure;
  39              		.loc 1 11 3 view .LVU1
  12:./Hardware/gpio/bsp_gpio.c **** 
  13:./Hardware/gpio/bsp_gpio.c **** 	
  14:./Hardware/gpio/bsp_gpio.c **** 		/*开启GPIOA的外设时钟*/
  15:./Hardware/gpio/bsp_gpio.c **** 		RCC_APB2PeriphClockCmd( RCC_APB2Periph_GPIOA, ENABLE ); 
  40              		.loc 1 15 3 view .LVU2
  41 0004 0121     		movs	r1, #1
  42 0006 0420     		movs	r0, #4
  43 0008 FFF7FEFF 		bl	RCC_APB2PeriphClockCmd
ARM GAS  /tmp/cc5sTBXq.s 			page 2


  44              	.LVL0:
  16:./Hardware/gpio/bsp_gpio.c **** 
  17:./Hardware/gpio/bsp_gpio.c ****     /* 配置WiFi模块的片选（CH）引脚	复位重启（RST）引脚*/
  18:./Hardware/gpio/bsp_gpio.c **** 		/*选择要控制的GPIOA0（CH）引脚和GPIOA1（RST）引脚*/															   
  19:./Hardware/gpio/bsp_gpio.c **** 		GPIO_InitStructure.GPIO_Pin = GPIO_Pin_0 | GPIO_Pin_1;	
  45              		.loc 1 19 3 view .LVU3
  46              		.loc 1 19 31 is_stmt 0 view .LVU4
  47 000c 0323     		movs	r3, #3
  48 000e ADF80430 		strh	r3, [sp, #4]	@ movhi
  20:./Hardware/gpio/bsp_gpio.c **** 
  21:./Hardware/gpio/bsp_gpio.c **** 		/*设置引脚模式为通用推挽输出*/
  22:./Hardware/gpio/bsp_gpio.c **** 		GPIO_InitStructure.GPIO_Mode = GPIO_Mode_Out_PP;   
  49              		.loc 1 22 3 is_stmt 1 view .LVU5
  50              		.loc 1 22 32 is_stmt 0 view .LVU6
  51 0012 1022     		movs	r2, #16
  52 0014 8DF80720 		strb	r2, [sp, #7]
  23:./Hardware/gpio/bsp_gpio.c **** 
  24:./Hardware/gpio/bsp_gpio.c **** 		/*设置引脚速率为50MHz */   
  25:./Hardware/gpio/bsp_gpio.c **** 		GPIO_InitStructure.GPIO_Speed = GPIO_Speed_50MHz; 
  53              		.loc 1 25 3 is_stmt 1 view .LVU7
  54              		.loc 1 25 33 is_stmt 0 view .LVU8
  55 0018 8DF80630 		strb	r3, [sp, #6]
  26:./Hardware/gpio/bsp_gpio.c **** 
  27:./Hardware/gpio/bsp_gpio.c **** 		/*调用库函数，初始化GPIOA*/
  28:./Hardware/gpio/bsp_gpio.c **** 		GPIO_Init( GPIOA, &GPIO_InitStructure );	 
  56              		.loc 1 28 3 is_stmt 1 view .LVU9
  57 001c 074C     		ldr	r4, .L3
  58 001e 01A9     		add	r1, sp, #4
  59 0020 2046     		mov	r0, r4
  60 0022 FFF7FEFF 		bl	GPIO_Init
  61              	.LVL1:
  29:./Hardware/gpio/bsp_gpio.c **** 	
  30:./Hardware/gpio/bsp_gpio.c **** 
  31:./Hardware/gpio/bsp_gpio.c **** 		/* 拉低WiFi模块的片选引脚	*/
  32:./Hardware/gpio/bsp_gpio.c **** 		GPIO_ResetBits( GPIOA, GPIO_Pin_0 );		
  62              		.loc 1 32 3 view .LVU10
  63 0026 0121     		movs	r1, #1
  64 0028 2046     		mov	r0, r4
  65 002a FFF7FEFF 		bl	GPIO_ResetBits
  66              	.LVL2:
  33:./Hardware/gpio/bsp_gpio.c **** 		
  34:./Hardware/gpio/bsp_gpio.c **** 		/* 拉高WiFi模块的复位重启引脚	*/
  35:./Hardware/gpio/bsp_gpio.c **** 		GPIO_SetBits( GPIOA, GPIO_Pin_1 );
  67              		.loc 1 35 3 view .LVU11
  68 002e 0221     		movs	r1, #2
  69 0030 2046     		mov	r0, r4
  70 0032 FFF7FEFF 		bl	GPIO_SetBits
  71              	.LVL3:
  36:./Hardware/gpio/bsp_gpio.c **** 		
  37:./Hardware/gpio/bsp_gpio.c ****  
  38:./Hardware/gpio/bsp_gpio.c **** }
  72              		.loc 1 38 1 is_stmt 0 view .LVU12
  73 0036 02B0     		add	sp, sp, #8
  74              	.LCFI2:
  75              		.cfi_def_cfa_offset 8
  76              		@ sp needed
  77 0038 10BD     		pop	{r4, pc}
ARM GAS  /tmp/cc5sTBXq.s 			page 3


  78              	.L4:
  79 003a 00BF     		.align	2
  80              	.L3:
  81 003c 00080140 		.word	1073809408
  82              		.cfi_endproc
  83              	.LFE29:
  85              		.text
  86              	.Letext0:
  87              		.file 2 "/home/hao/Documents/gcc-arm-none-eabi/arm-none-eabi/include/machine/_default_types.h"
  88              		.file 3 "/home/hao/Documents/gcc-arm-none-eabi/arm-none-eabi/include/sys/_stdint.h"
  89              		.file 4 "./Libraries/CMSIS/stm32f10x.h"
  90              		.file 5 "./Libraries/STM32F10x_StdPeriph_Driver/inc/stm32f10x_gpio.h"
  91              		.file 6 "./Libraries/STM32F10x_StdPeriph_Driver/inc/stm32f10x_rcc.h"
ARM GAS  /tmp/cc5sTBXq.s 			page 4


DEFINED SYMBOLS
                            *ABS*:0000000000000000 bsp_gpio.c
     /tmp/cc5sTBXq.s:16     .text.GPIO_Config:0000000000000000 $t
     /tmp/cc5sTBXq.s:24     .text.GPIO_Config:0000000000000000 GPIO_Config
     /tmp/cc5sTBXq.s:81     .text.GPIO_Config:000000000000003c $d

UNDEFINED SYMBOLS
RCC_APB2PeriphClockCmd
GPIO_Init
GPIO_ResetBits
GPIO_SetBits
