ARM GAS  /tmp/ccJ4nE0F.s 			page 1


   1              		.cpu cortex-m3
   2              		.eabi_attribute 20, 1
   3              		.eabi_attribute 21, 1
   4              		.eabi_attribute 23, 3
   5              		.eabi_attribute 24, 1
   6              		.eabi_attribute 25, 1
   7              		.eabi_attribute 26, 1
   8              		.eabi_attribute 30, 1
   9              		.eabi_attribute 34, 1
  10              		.eabi_attribute 18, 4
  11              		.file	"main.c"
  12              		.text
  13              	.Ltext0:
  14              		.cfi_sections	.debug_frame
  15              		.section	.text.main,"ax",%progbits
  16              		.align	1
  17              		.global	main
  18              		.arch armv7-m
  19              		.syntax unified
  20              		.thumb
  21              		.thumb_func
  22              		.fpu softvfp
  24              	main:
  25              	.LFB32:
  26              		.file 1 "./User/Src/main.c"
   1:./User/Src/main.c **** /**		 
   2:./User/Src/main.c ****  * @Date:               2022.3.16 
   3:./User/Src/main.c ****  * @Revision:           V1.0
   4:./User/Src/main.c ****  * @Writer:             ÁÇπÁÅØÂ§ßÂ∏à
   5:./User/Src/main.c ****  * @Affiliated unitÔºö   ÈªÑÊ≤≥ÁßëÊäÄÂ≠¶Èô¢
   6:./User/Src/main.c ****  * @Description:        Âü∫‰∫éSTM32F103ÁöÑÂõ∫‰ª∂Â∫ìÂ∑•Á®ãÊ®°Êùø
   7:./User/Src/main.c ****  * @Email:              im_leihao@163.com
   8:./User/Src/main.c ****  * @gitee:              https://github.com/zleihao
   9:./User/Src/main.c ****  */
  10:./User/Src/main.c **** #include "stm32f10x.h"
  11:./User/Src/main.c **** #include "bsp_usart.h"
  12:./User/Src/main.c **** #include "bsp_SysTick.h"
  13:./User/Src/main.c **** #include "stm32f10x_it.h"
  14:./User/Src/main.c **** #include "bsp_esp8266.h"
  15:./User/Src/main.c **** #include "bsp_esp8266_test.h"
  16:./User/Src/main.c **** #include "core_delay.h"
  17:./User/Src/main.c **** #include "string.h"
  18:./User/Src/main.c **** 
  19:./User/Src/main.c **** /**
  20:./User/Src/main.c ****   * @brief  ‰∏ªÂáΩÊï∞
  21:./User/Src/main.c ****   * @param  Êó†
  22:./User/Src/main.c ****   * @retval Êó†
  23:./User/Src/main.c ****   */
  24:./User/Src/main.c **** 	
  25:./User/Src/main.c **** int main ( void )
  26:./User/Src/main.c **** {
  27              		.loc 1 26 1 view -0
  28              		.cfi_startproc
  29              		@ Volatile: function does not return.
  30              		@ args = 0, pretend = 0, frame = 0
  31              		@ frame_needed = 0, uses_anonymous_args = 0
  32 0000 08B5     		push	{r3, lr}
ARM GAS  /tmp/ccJ4nE0F.s 			page 2


  33              	.LCFI0:
  34              		.cfi_def_cfa_offset 8
  35              		.cfi_offset 3, -8
  36              		.cfi_offset 14, -4
  27:./User/Src/main.c **** 
  28:./User/Src/main.c **** 	/* ÂàùÂßãÂåñ */
  29:./User/Src/main.c **** 	USART_Config ();                                                      //ÂàùÂßãÂåñ‰∏≤Âè£1
  37              		.loc 1 29 2 view .LVU1
  38 0002 FFF7FEFF 		bl	USART_Config
  39              	.LVL0:
  30:./User/Src/main.c **** 	CPU_TS_TmrInit();                                                     //ÂàùÂßãÂåñDWTËÆ°Êï∞Âô®ÔºåÁî
  40              		.loc 1 30 2 view .LVU2
  41 0006 FFF7FEFF 		bl	CPU_TS_TmrInit
  42              	.LVL1:
  31:./User/Src/main.c **** 	ESP8266_Init ();                                                      //ÂàùÂßãÂåñWiFiÊ®°Âùó‰ΩøÁî®Á
  43              		.loc 1 31 2 view .LVU3
  44 000a FFF7FEFF 		bl	ESP8266_Init
  45              	.LVL2:
  32:./User/Src/main.c **** 
  33:./User/Src/main.c **** 	  
  34:./User/Src/main.c **** 	ESP8266_StaTcpClient_Unvarnish_ConfigTest();                          //ÂØπESP8266ËøõË°åÈÖçÁΩÆ
  46              		.loc 1 34 2 view .LVU4
  47 000e FFF7FEFF 		bl	ESP8266_StaTcpClient_Unvarnish_ConfigTest
  48              	.LVL3:
  49              	.L2:
  35:./User/Src/main.c **** 
  36:./User/Src/main.c ****   
  37:./User/Src/main.c ****   	while ( 1 )
  50              		.loc 1 37 4 discriminator 1 view .LVU5
  38:./User/Src/main.c ****   	{
  39:./User/Src/main.c **** 		ESP8266_CheckRecvDataTest();
  51              		.loc 1 39 3 discriminator 1 view .LVU6
  52 0012 FFF7FEFF 		bl	ESP8266_CheckRecvDataTest
  53              	.LVL4:
  37:./User/Src/main.c ****   	{
  54              		.loc 1 37 10 discriminator 1 view .LVU7
  55 0016 FCE7     		b	.L2
  56              		.cfi_endproc
  57              	.LFE32:
  59              		.text
  60              	.Letext0:
  61              		.file 2 "./Hardware/usart/bsp_usart.h"
  62              		.file 3 "./Hardware/dwt_delay/core_delay.h"
  63              		.file 4 "./Hardware/ESP8266/bsp_esp8266.h"
  64              		.file 5 "./Hardware/ESP8266/bsp_esp8266_test.h"
ARM GAS  /tmp/ccJ4nE0F.s 			page 3


DEFINED SYMBOLS
                            *ABS*:0000000000000000 main.c
     /tmp/ccJ4nE0F.s:16     .text.main:0000000000000000 $t
     /tmp/ccJ4nE0F.s:24     .text.main:0000000000000000 main

UNDEFINED SYMBOLS
USART_Config
CPU_TS_TmrInit
ESP8266_Init
ESP8266_StaTcpClient_Unvarnish_ConfigTest
ESP8266_CheckRecvDataTest
