ARM GAS  /tmp/ccFBencZ.s 			page 1


   1              		.cpu cortex-m3
   2              		.eabi_attribute 20, 1
   3              		.eabi_attribute 21, 1
   4              		.eabi_attribute 23, 3
   5              		.eabi_attribute 24, 1
   6              		.eabi_attribute 25, 1
   7              		.eabi_attribute 26, 1
   8              		.eabi_attribute 30, 1
   9              		.eabi_attribute 34, 1
  10              		.eabi_attribute 18, 4
  11              		.file	"stm32f10x_iwdg.c"
  12              		.text
  13              	.Ltext0:
  14              		.cfi_sections	.debug_frame
  15              		.section	.text.IWDG_WriteAccessCmd,"ax",%progbits
  16              		.align	1
  17              		.global	IWDG_WriteAccessCmd
  18              		.arch armv7-m
  19              		.syntax unified
  20              		.thumb
  21              		.thumb_func
  22              		.fpu softvfp
  24              	IWDG_WriteAccessCmd:
  25              	.LVL0:
  26              	.LFB29:
  27              		.file 1 "./Libraries/STM32F10x_StdPeriph_Driver/src/stm32f10x_iwdg.c"
   1:./Libraries/STM32F10x_StdPeriph_Driver/src/stm32f10x_iwdg.c **** /**
   2:./Libraries/STM32F10x_StdPeriph_Driver/src/stm32f10x_iwdg.c ****   ******************************************************************************
   3:./Libraries/STM32F10x_StdPeriph_Driver/src/stm32f10x_iwdg.c ****   * @file    stm32f10x_iwdg.c
   4:./Libraries/STM32F10x_StdPeriph_Driver/src/stm32f10x_iwdg.c ****   * @author  MCD Application Team
   5:./Libraries/STM32F10x_StdPeriph_Driver/src/stm32f10x_iwdg.c ****   * @version V3.5.0
   6:./Libraries/STM32F10x_StdPeriph_Driver/src/stm32f10x_iwdg.c ****   * @date    11-March-2011
   7:./Libraries/STM32F10x_StdPeriph_Driver/src/stm32f10x_iwdg.c ****   * @brief   This file provides all the IWDG firmware functions.
   8:./Libraries/STM32F10x_StdPeriph_Driver/src/stm32f10x_iwdg.c ****   ******************************************************************************
   9:./Libraries/STM32F10x_StdPeriph_Driver/src/stm32f10x_iwdg.c ****   * @attention
  10:./Libraries/STM32F10x_StdPeriph_Driver/src/stm32f10x_iwdg.c ****   *
  11:./Libraries/STM32F10x_StdPeriph_Driver/src/stm32f10x_iwdg.c ****   * THE PRESENT FIRMWARE WHICH IS FOR GUIDANCE ONLY AIMS AT PROVIDING CUSTOMERS
  12:./Libraries/STM32F10x_StdPeriph_Driver/src/stm32f10x_iwdg.c ****   * WITH CODING INFORMATION REGARDING THEIR PRODUCTS IN ORDER FOR THEM TO SAVE
  13:./Libraries/STM32F10x_StdPeriph_Driver/src/stm32f10x_iwdg.c ****   * TIME. AS A RESULT, STMICROELECTRONICS SHALL NOT BE HELD LIABLE FOR ANY
  14:./Libraries/STM32F10x_StdPeriph_Driver/src/stm32f10x_iwdg.c ****   * DIRECT, INDIRECT OR CONSEQUENTIAL DAMAGES WITH RESPECT TO ANY CLAIMS ARISING
  15:./Libraries/STM32F10x_StdPeriph_Driver/src/stm32f10x_iwdg.c ****   * FROM THE CONTENT OF SUCH FIRMWARE AND/OR THE USE MADE BY CUSTOMERS OF THE
  16:./Libraries/STM32F10x_StdPeriph_Driver/src/stm32f10x_iwdg.c ****   * CODING INFORMATION CONTAINED HEREIN IN CONNECTION WITH THEIR PRODUCTS.
  17:./Libraries/STM32F10x_StdPeriph_Driver/src/stm32f10x_iwdg.c ****   *
  18:./Libraries/STM32F10x_StdPeriph_Driver/src/stm32f10x_iwdg.c ****   * <h2><center>&copy; COPYRIGHT 2011 STMicroelectronics</center></h2>
  19:./Libraries/STM32F10x_StdPeriph_Driver/src/stm32f10x_iwdg.c ****   ******************************************************************************
  20:./Libraries/STM32F10x_StdPeriph_Driver/src/stm32f10x_iwdg.c ****   */
  21:./Libraries/STM32F10x_StdPeriph_Driver/src/stm32f10x_iwdg.c **** 
  22:./Libraries/STM32F10x_StdPeriph_Driver/src/stm32f10x_iwdg.c **** /* Includes ------------------------------------------------------------------*/
  23:./Libraries/STM32F10x_StdPeriph_Driver/src/stm32f10x_iwdg.c **** #include "stm32f10x_iwdg.h"
  24:./Libraries/STM32F10x_StdPeriph_Driver/src/stm32f10x_iwdg.c **** 
  25:./Libraries/STM32F10x_StdPeriph_Driver/src/stm32f10x_iwdg.c **** /** @addtogroup STM32F10x_StdPeriph_Driver
  26:./Libraries/STM32F10x_StdPeriph_Driver/src/stm32f10x_iwdg.c ****   * @{
  27:./Libraries/STM32F10x_StdPeriph_Driver/src/stm32f10x_iwdg.c ****   */
  28:./Libraries/STM32F10x_StdPeriph_Driver/src/stm32f10x_iwdg.c **** 
  29:./Libraries/STM32F10x_StdPeriph_Driver/src/stm32f10x_iwdg.c **** /** @defgroup IWDG 
  30:./Libraries/STM32F10x_StdPeriph_Driver/src/stm32f10x_iwdg.c ****   * @brief IWDG driver modules
  31:./Libraries/STM32F10x_StdPeriph_Driver/src/stm32f10x_iwdg.c ****   * @{
ARM GAS  /tmp/ccFBencZ.s 			page 2


  32:./Libraries/STM32F10x_StdPeriph_Driver/src/stm32f10x_iwdg.c ****   */ 
  33:./Libraries/STM32F10x_StdPeriph_Driver/src/stm32f10x_iwdg.c **** 
  34:./Libraries/STM32F10x_StdPeriph_Driver/src/stm32f10x_iwdg.c **** /** @defgroup IWDG_Private_TypesDefinitions
  35:./Libraries/STM32F10x_StdPeriph_Driver/src/stm32f10x_iwdg.c ****   * @{
  36:./Libraries/STM32F10x_StdPeriph_Driver/src/stm32f10x_iwdg.c ****   */
  37:./Libraries/STM32F10x_StdPeriph_Driver/src/stm32f10x_iwdg.c **** 
  38:./Libraries/STM32F10x_StdPeriph_Driver/src/stm32f10x_iwdg.c **** /**
  39:./Libraries/STM32F10x_StdPeriph_Driver/src/stm32f10x_iwdg.c ****   * @}
  40:./Libraries/STM32F10x_StdPeriph_Driver/src/stm32f10x_iwdg.c ****   */
  41:./Libraries/STM32F10x_StdPeriph_Driver/src/stm32f10x_iwdg.c **** 
  42:./Libraries/STM32F10x_StdPeriph_Driver/src/stm32f10x_iwdg.c **** /** @defgroup IWDG_Private_Defines
  43:./Libraries/STM32F10x_StdPeriph_Driver/src/stm32f10x_iwdg.c ****   * @{
  44:./Libraries/STM32F10x_StdPeriph_Driver/src/stm32f10x_iwdg.c ****   */ 
  45:./Libraries/STM32F10x_StdPeriph_Driver/src/stm32f10x_iwdg.c **** 
  46:./Libraries/STM32F10x_StdPeriph_Driver/src/stm32f10x_iwdg.c **** /* ---------------------- IWDG registers bit mask ----------------------------*/
  47:./Libraries/STM32F10x_StdPeriph_Driver/src/stm32f10x_iwdg.c **** 
  48:./Libraries/STM32F10x_StdPeriph_Driver/src/stm32f10x_iwdg.c **** /* KR register bit mask */
  49:./Libraries/STM32F10x_StdPeriph_Driver/src/stm32f10x_iwdg.c **** #define KR_KEY_Reload    ((uint16_t)0xAAAA)
  50:./Libraries/STM32F10x_StdPeriph_Driver/src/stm32f10x_iwdg.c **** #define KR_KEY_Enable    ((uint16_t)0xCCCC)
  51:./Libraries/STM32F10x_StdPeriph_Driver/src/stm32f10x_iwdg.c **** 
  52:./Libraries/STM32F10x_StdPeriph_Driver/src/stm32f10x_iwdg.c **** /**
  53:./Libraries/STM32F10x_StdPeriph_Driver/src/stm32f10x_iwdg.c ****   * @}
  54:./Libraries/STM32F10x_StdPeriph_Driver/src/stm32f10x_iwdg.c ****   */ 
  55:./Libraries/STM32F10x_StdPeriph_Driver/src/stm32f10x_iwdg.c **** 
  56:./Libraries/STM32F10x_StdPeriph_Driver/src/stm32f10x_iwdg.c **** /** @defgroup IWDG_Private_Macros
  57:./Libraries/STM32F10x_StdPeriph_Driver/src/stm32f10x_iwdg.c ****   * @{
  58:./Libraries/STM32F10x_StdPeriph_Driver/src/stm32f10x_iwdg.c ****   */
  59:./Libraries/STM32F10x_StdPeriph_Driver/src/stm32f10x_iwdg.c **** 
  60:./Libraries/STM32F10x_StdPeriph_Driver/src/stm32f10x_iwdg.c **** /**
  61:./Libraries/STM32F10x_StdPeriph_Driver/src/stm32f10x_iwdg.c ****   * @}
  62:./Libraries/STM32F10x_StdPeriph_Driver/src/stm32f10x_iwdg.c ****   */
  63:./Libraries/STM32F10x_StdPeriph_Driver/src/stm32f10x_iwdg.c **** 
  64:./Libraries/STM32F10x_StdPeriph_Driver/src/stm32f10x_iwdg.c **** /** @defgroup IWDG_Private_Variables
  65:./Libraries/STM32F10x_StdPeriph_Driver/src/stm32f10x_iwdg.c ****   * @{
  66:./Libraries/STM32F10x_StdPeriph_Driver/src/stm32f10x_iwdg.c ****   */
  67:./Libraries/STM32F10x_StdPeriph_Driver/src/stm32f10x_iwdg.c **** 
  68:./Libraries/STM32F10x_StdPeriph_Driver/src/stm32f10x_iwdg.c **** /**
  69:./Libraries/STM32F10x_StdPeriph_Driver/src/stm32f10x_iwdg.c ****   * @}
  70:./Libraries/STM32F10x_StdPeriph_Driver/src/stm32f10x_iwdg.c ****   */
  71:./Libraries/STM32F10x_StdPeriph_Driver/src/stm32f10x_iwdg.c **** 
  72:./Libraries/STM32F10x_StdPeriph_Driver/src/stm32f10x_iwdg.c **** /** @defgroup IWDG_Private_FunctionPrototypes
  73:./Libraries/STM32F10x_StdPeriph_Driver/src/stm32f10x_iwdg.c ****   * @{
  74:./Libraries/STM32F10x_StdPeriph_Driver/src/stm32f10x_iwdg.c ****   */
  75:./Libraries/STM32F10x_StdPeriph_Driver/src/stm32f10x_iwdg.c **** 
  76:./Libraries/STM32F10x_StdPeriph_Driver/src/stm32f10x_iwdg.c **** /**
  77:./Libraries/STM32F10x_StdPeriph_Driver/src/stm32f10x_iwdg.c ****   * @}
  78:./Libraries/STM32F10x_StdPeriph_Driver/src/stm32f10x_iwdg.c ****   */
  79:./Libraries/STM32F10x_StdPeriph_Driver/src/stm32f10x_iwdg.c **** 
  80:./Libraries/STM32F10x_StdPeriph_Driver/src/stm32f10x_iwdg.c **** /** @defgroup IWDG_Private_Functions
  81:./Libraries/STM32F10x_StdPeriph_Driver/src/stm32f10x_iwdg.c ****   * @{
  82:./Libraries/STM32F10x_StdPeriph_Driver/src/stm32f10x_iwdg.c ****   */
  83:./Libraries/STM32F10x_StdPeriph_Driver/src/stm32f10x_iwdg.c **** 
  84:./Libraries/STM32F10x_StdPeriph_Driver/src/stm32f10x_iwdg.c **** /**
  85:./Libraries/STM32F10x_StdPeriph_Driver/src/stm32f10x_iwdg.c ****   * @brief  Enables or disables write access to IWDG_PR and IWDG_RLR registers.
  86:./Libraries/STM32F10x_StdPeriph_Driver/src/stm32f10x_iwdg.c ****   * @param  IWDG_WriteAccess: new state of write access to IWDG_PR and IWDG_RLR registers.
  87:./Libraries/STM32F10x_StdPeriph_Driver/src/stm32f10x_iwdg.c ****   *   This parameter can be one of the following values:
  88:./Libraries/STM32F10x_StdPeriph_Driver/src/stm32f10x_iwdg.c ****   *     @arg IWDG_WriteAccess_Enable: Enable write access to IWDG_PR and IWDG_RLR registers
ARM GAS  /tmp/ccFBencZ.s 			page 3


  89:./Libraries/STM32F10x_StdPeriph_Driver/src/stm32f10x_iwdg.c ****   *     @arg IWDG_WriteAccess_Disable: Disable write access to IWDG_PR and IWDG_RLR registers
  90:./Libraries/STM32F10x_StdPeriph_Driver/src/stm32f10x_iwdg.c ****   * @retval None
  91:./Libraries/STM32F10x_StdPeriph_Driver/src/stm32f10x_iwdg.c ****   */
  92:./Libraries/STM32F10x_StdPeriph_Driver/src/stm32f10x_iwdg.c **** void IWDG_WriteAccessCmd(uint16_t IWDG_WriteAccess)
  93:./Libraries/STM32F10x_StdPeriph_Driver/src/stm32f10x_iwdg.c **** {
  28              		.loc 1 93 1 view -0
  29              		.cfi_startproc
  30              		@ args = 0, pretend = 0, frame = 0
  31              		@ frame_needed = 0, uses_anonymous_args = 0
  32              		@ link register save eliminated.
  94:./Libraries/STM32F10x_StdPeriph_Driver/src/stm32f10x_iwdg.c ****   /* Check the parameters */
  95:./Libraries/STM32F10x_StdPeriph_Driver/src/stm32f10x_iwdg.c ****   assert_param(IS_IWDG_WRITE_ACCESS(IWDG_WriteAccess));
  33              		.loc 1 95 3 view .LVU1
  96:./Libraries/STM32F10x_StdPeriph_Driver/src/stm32f10x_iwdg.c ****   IWDG->KR = IWDG_WriteAccess;
  34              		.loc 1 96 3 view .LVU2
  35              		.loc 1 96 12 is_stmt 0 view .LVU3
  36 0000 014B     		ldr	r3, .L2
  37 0002 1860     		str	r0, [r3]
  97:./Libraries/STM32F10x_StdPeriph_Driver/src/stm32f10x_iwdg.c **** }
  38              		.loc 1 97 1 view .LVU4
  39 0004 7047     		bx	lr
  40              	.L3:
  41 0006 00BF     		.align	2
  42              	.L2:
  43 0008 00300040 		.word	1073754112
  44              		.cfi_endproc
  45              	.LFE29:
  47              		.section	.text.IWDG_SetPrescaler,"ax",%progbits
  48              		.align	1
  49              		.global	IWDG_SetPrescaler
  50              		.syntax unified
  51              		.thumb
  52              		.thumb_func
  53              		.fpu softvfp
  55              	IWDG_SetPrescaler:
  56              	.LVL1:
  57              	.LFB30:
  98:./Libraries/STM32F10x_StdPeriph_Driver/src/stm32f10x_iwdg.c **** 
  99:./Libraries/STM32F10x_StdPeriph_Driver/src/stm32f10x_iwdg.c **** /**
 100:./Libraries/STM32F10x_StdPeriph_Driver/src/stm32f10x_iwdg.c ****   * @brief  Sets IWDG Prescaler value.
 101:./Libraries/STM32F10x_StdPeriph_Driver/src/stm32f10x_iwdg.c ****   * @param  IWDG_Prescaler: specifies the IWDG Prescaler value.
 102:./Libraries/STM32F10x_StdPeriph_Driver/src/stm32f10x_iwdg.c ****   *   This parameter can be one of the following values:
 103:./Libraries/STM32F10x_StdPeriph_Driver/src/stm32f10x_iwdg.c ****   *     @arg IWDG_Prescaler_4: IWDG prescaler set to 4
 104:./Libraries/STM32F10x_StdPeriph_Driver/src/stm32f10x_iwdg.c ****   *     @arg IWDG_Prescaler_8: IWDG prescaler set to 8
 105:./Libraries/STM32F10x_StdPeriph_Driver/src/stm32f10x_iwdg.c ****   *     @arg IWDG_Prescaler_16: IWDG prescaler set to 16
 106:./Libraries/STM32F10x_StdPeriph_Driver/src/stm32f10x_iwdg.c ****   *     @arg IWDG_Prescaler_32: IWDG prescaler set to 32
 107:./Libraries/STM32F10x_StdPeriph_Driver/src/stm32f10x_iwdg.c ****   *     @arg IWDG_Prescaler_64: IWDG prescaler set to 64
 108:./Libraries/STM32F10x_StdPeriph_Driver/src/stm32f10x_iwdg.c ****   *     @arg IWDG_Prescaler_128: IWDG prescaler set to 128
 109:./Libraries/STM32F10x_StdPeriph_Driver/src/stm32f10x_iwdg.c ****   *     @arg IWDG_Prescaler_256: IWDG prescaler set to 256
 110:./Libraries/STM32F10x_StdPeriph_Driver/src/stm32f10x_iwdg.c ****   * @retval None
 111:./Libraries/STM32F10x_StdPeriph_Driver/src/stm32f10x_iwdg.c ****   */
 112:./Libraries/STM32F10x_StdPeriph_Driver/src/stm32f10x_iwdg.c **** void IWDG_SetPrescaler(uint8_t IWDG_Prescaler)
 113:./Libraries/STM32F10x_StdPeriph_Driver/src/stm32f10x_iwdg.c **** {
  58              		.loc 1 113 1 is_stmt 1 view -0
  59              		.cfi_startproc
  60              		@ args = 0, pretend = 0, frame = 0
  61              		@ frame_needed = 0, uses_anonymous_args = 0
ARM GAS  /tmp/ccFBencZ.s 			page 4


  62              		@ link register save eliminated.
 114:./Libraries/STM32F10x_StdPeriph_Driver/src/stm32f10x_iwdg.c ****   /* Check the parameters */
 115:./Libraries/STM32F10x_StdPeriph_Driver/src/stm32f10x_iwdg.c ****   assert_param(IS_IWDG_PRESCALER(IWDG_Prescaler));
  63              		.loc 1 115 3 view .LVU6
 116:./Libraries/STM32F10x_StdPeriph_Driver/src/stm32f10x_iwdg.c ****   IWDG->PR = IWDG_Prescaler;
  64              		.loc 1 116 3 view .LVU7
  65              		.loc 1 116 12 is_stmt 0 view .LVU8
  66 0000 014B     		ldr	r3, .L5
  67 0002 5860     		str	r0, [r3, #4]
 117:./Libraries/STM32F10x_StdPeriph_Driver/src/stm32f10x_iwdg.c **** }
  68              		.loc 1 117 1 view .LVU9
  69 0004 7047     		bx	lr
  70              	.L6:
  71 0006 00BF     		.align	2
  72              	.L5:
  73 0008 00300040 		.word	1073754112
  74              		.cfi_endproc
  75              	.LFE30:
  77              		.section	.text.IWDG_SetReload,"ax",%progbits
  78              		.align	1
  79              		.global	IWDG_SetReload
  80              		.syntax unified
  81              		.thumb
  82              		.thumb_func
  83              		.fpu softvfp
  85              	IWDG_SetReload:
  86              	.LVL2:
  87              	.LFB31:
 118:./Libraries/STM32F10x_StdPeriph_Driver/src/stm32f10x_iwdg.c **** 
 119:./Libraries/STM32F10x_StdPeriph_Driver/src/stm32f10x_iwdg.c **** /**
 120:./Libraries/STM32F10x_StdPeriph_Driver/src/stm32f10x_iwdg.c ****   * @brief  Sets IWDG Reload value.
 121:./Libraries/STM32F10x_StdPeriph_Driver/src/stm32f10x_iwdg.c ****   * @param  Reload: specifies the IWDG Reload value.
 122:./Libraries/STM32F10x_StdPeriph_Driver/src/stm32f10x_iwdg.c ****   *   This parameter must be a number between 0 and 0x0FFF.
 123:./Libraries/STM32F10x_StdPeriph_Driver/src/stm32f10x_iwdg.c ****   * @retval None
 124:./Libraries/STM32F10x_StdPeriph_Driver/src/stm32f10x_iwdg.c ****   */
 125:./Libraries/STM32F10x_StdPeriph_Driver/src/stm32f10x_iwdg.c **** void IWDG_SetReload(uint16_t Reload)
 126:./Libraries/STM32F10x_StdPeriph_Driver/src/stm32f10x_iwdg.c **** {
  88              		.loc 1 126 1 is_stmt 1 view -0
  89              		.cfi_startproc
  90              		@ args = 0, pretend = 0, frame = 0
  91              		@ frame_needed = 0, uses_anonymous_args = 0
  92              		@ link register save eliminated.
 127:./Libraries/STM32F10x_StdPeriph_Driver/src/stm32f10x_iwdg.c ****   /* Check the parameters */
 128:./Libraries/STM32F10x_StdPeriph_Driver/src/stm32f10x_iwdg.c ****   assert_param(IS_IWDG_RELOAD(Reload));
  93              		.loc 1 128 3 view .LVU11
 129:./Libraries/STM32F10x_StdPeriph_Driver/src/stm32f10x_iwdg.c ****   IWDG->RLR = Reload;
  94              		.loc 1 129 3 view .LVU12
  95              		.loc 1 129 13 is_stmt 0 view .LVU13
  96 0000 014B     		ldr	r3, .L8
  97 0002 9860     		str	r0, [r3, #8]
 130:./Libraries/STM32F10x_StdPeriph_Driver/src/stm32f10x_iwdg.c **** }
  98              		.loc 1 130 1 view .LVU14
  99 0004 7047     		bx	lr
 100              	.L9:
 101 0006 00BF     		.align	2
 102              	.L8:
 103 0008 00300040 		.word	1073754112
ARM GAS  /tmp/ccFBencZ.s 			page 5


 104              		.cfi_endproc
 105              	.LFE31:
 107              		.section	.text.IWDG_ReloadCounter,"ax",%progbits
 108              		.align	1
 109              		.global	IWDG_ReloadCounter
 110              		.syntax unified
 111              		.thumb
 112              		.thumb_func
 113              		.fpu softvfp
 115              	IWDG_ReloadCounter:
 116              	.LFB32:
 131:./Libraries/STM32F10x_StdPeriph_Driver/src/stm32f10x_iwdg.c **** 
 132:./Libraries/STM32F10x_StdPeriph_Driver/src/stm32f10x_iwdg.c **** /**
 133:./Libraries/STM32F10x_StdPeriph_Driver/src/stm32f10x_iwdg.c ****   * @brief  Reloads IWDG counter with value defined in the reload register
 134:./Libraries/STM32F10x_StdPeriph_Driver/src/stm32f10x_iwdg.c ****   *   (write access to IWDG_PR and IWDG_RLR registers disabled).
 135:./Libraries/STM32F10x_StdPeriph_Driver/src/stm32f10x_iwdg.c ****   * @param  None
 136:./Libraries/STM32F10x_StdPeriph_Driver/src/stm32f10x_iwdg.c ****   * @retval None
 137:./Libraries/STM32F10x_StdPeriph_Driver/src/stm32f10x_iwdg.c ****   */
 138:./Libraries/STM32F10x_StdPeriph_Driver/src/stm32f10x_iwdg.c **** void IWDG_ReloadCounter(void)
 139:./Libraries/STM32F10x_StdPeriph_Driver/src/stm32f10x_iwdg.c **** {
 117              		.loc 1 139 1 is_stmt 1 view -0
 118              		.cfi_startproc
 119              		@ args = 0, pretend = 0, frame = 0
 120              		@ frame_needed = 0, uses_anonymous_args = 0
 121              		@ link register save eliminated.
 140:./Libraries/STM32F10x_StdPeriph_Driver/src/stm32f10x_iwdg.c ****   IWDG->KR = KR_KEY_Reload;
 122              		.loc 1 140 3 view .LVU16
 123              		.loc 1 140 12 is_stmt 0 view .LVU17
 124 0000 024B     		ldr	r3, .L11
 125 0002 4AF6AA22 		movw	r2, #43690
 126 0006 1A60     		str	r2, [r3]
 141:./Libraries/STM32F10x_StdPeriph_Driver/src/stm32f10x_iwdg.c **** }
 127              		.loc 1 141 1 view .LVU18
 128 0008 7047     		bx	lr
 129              	.L12:
 130 000a 00BF     		.align	2
 131              	.L11:
 132 000c 00300040 		.word	1073754112
 133              		.cfi_endproc
 134              	.LFE32:
 136              		.section	.text.IWDG_Enable,"ax",%progbits
 137              		.align	1
 138              		.global	IWDG_Enable
 139              		.syntax unified
 140              		.thumb
 141              		.thumb_func
 142              		.fpu softvfp
 144              	IWDG_Enable:
 145              	.LFB33:
 142:./Libraries/STM32F10x_StdPeriph_Driver/src/stm32f10x_iwdg.c **** 
 143:./Libraries/STM32F10x_StdPeriph_Driver/src/stm32f10x_iwdg.c **** /**
 144:./Libraries/STM32F10x_StdPeriph_Driver/src/stm32f10x_iwdg.c ****   * @brief  Enables IWDG (write access to IWDG_PR and IWDG_RLR registers disabled).
 145:./Libraries/STM32F10x_StdPeriph_Driver/src/stm32f10x_iwdg.c ****   * @param  None
 146:./Libraries/STM32F10x_StdPeriph_Driver/src/stm32f10x_iwdg.c ****   * @retval None
 147:./Libraries/STM32F10x_StdPeriph_Driver/src/stm32f10x_iwdg.c ****   */
 148:./Libraries/STM32F10x_StdPeriph_Driver/src/stm32f10x_iwdg.c **** void IWDG_Enable(void)
 149:./Libraries/STM32F10x_StdPeriph_Driver/src/stm32f10x_iwdg.c **** {
ARM GAS  /tmp/ccFBencZ.s 			page 6


 146              		.loc 1 149 1 is_stmt 1 view -0
 147              		.cfi_startproc
 148              		@ args = 0, pretend = 0, frame = 0
 149              		@ frame_needed = 0, uses_anonymous_args = 0
 150              		@ link register save eliminated.
 150:./Libraries/STM32F10x_StdPeriph_Driver/src/stm32f10x_iwdg.c ****   IWDG->KR = KR_KEY_Enable;
 151              		.loc 1 150 3 view .LVU20
 152              		.loc 1 150 12 is_stmt 0 view .LVU21
 153 0000 024B     		ldr	r3, .L14
 154 0002 4CF6CC42 		movw	r2, #52428
 155 0006 1A60     		str	r2, [r3]
 151:./Libraries/STM32F10x_StdPeriph_Driver/src/stm32f10x_iwdg.c **** }
 156              		.loc 1 151 1 view .LVU22
 157 0008 7047     		bx	lr
 158              	.L15:
 159 000a 00BF     		.align	2
 160              	.L14:
 161 000c 00300040 		.word	1073754112
 162              		.cfi_endproc
 163              	.LFE33:
 165              		.section	.text.IWDG_GetFlagStatus,"ax",%progbits
 166              		.align	1
 167              		.global	IWDG_GetFlagStatus
 168              		.syntax unified
 169              		.thumb
 170              		.thumb_func
 171              		.fpu softvfp
 173              	IWDG_GetFlagStatus:
 174              	.LVL3:
 175              	.LFB34:
 152:./Libraries/STM32F10x_StdPeriph_Driver/src/stm32f10x_iwdg.c **** 
 153:./Libraries/STM32F10x_StdPeriph_Driver/src/stm32f10x_iwdg.c **** /**
 154:./Libraries/STM32F10x_StdPeriph_Driver/src/stm32f10x_iwdg.c ****   * @brief  Checks whether the specified IWDG flag is set or not.
 155:./Libraries/STM32F10x_StdPeriph_Driver/src/stm32f10x_iwdg.c ****   * @param  IWDG_FLAG: specifies the flag to check.
 156:./Libraries/STM32F10x_StdPeriph_Driver/src/stm32f10x_iwdg.c ****   *   This parameter can be one of the following values:
 157:./Libraries/STM32F10x_StdPeriph_Driver/src/stm32f10x_iwdg.c ****   *     @arg IWDG_FLAG_PVU: Prescaler Value Update on going
 158:./Libraries/STM32F10x_StdPeriph_Driver/src/stm32f10x_iwdg.c ****   *     @arg IWDG_FLAG_RVU: Reload Value Update on going
 159:./Libraries/STM32F10x_StdPeriph_Driver/src/stm32f10x_iwdg.c ****   * @retval The new state of IWDG_FLAG (SET or RESET).
 160:./Libraries/STM32F10x_StdPeriph_Driver/src/stm32f10x_iwdg.c ****   */
 161:./Libraries/STM32F10x_StdPeriph_Driver/src/stm32f10x_iwdg.c **** FlagStatus IWDG_GetFlagStatus(uint16_t IWDG_FLAG)
 162:./Libraries/STM32F10x_StdPeriph_Driver/src/stm32f10x_iwdg.c **** {
 176              		.loc 1 162 1 is_stmt 1 view -0
 177              		.cfi_startproc
 178              		@ args = 0, pretend = 0, frame = 0
 179              		@ frame_needed = 0, uses_anonymous_args = 0
 180              		@ link register save eliminated.
 163:./Libraries/STM32F10x_StdPeriph_Driver/src/stm32f10x_iwdg.c ****   FlagStatus bitstatus = RESET;
 181              		.loc 1 163 3 view .LVU24
 164:./Libraries/STM32F10x_StdPeriph_Driver/src/stm32f10x_iwdg.c ****   /* Check the parameters */
 165:./Libraries/STM32F10x_StdPeriph_Driver/src/stm32f10x_iwdg.c ****   assert_param(IS_IWDG_FLAG(IWDG_FLAG));
 182              		.loc 1 165 3 view .LVU25
 166:./Libraries/STM32F10x_StdPeriph_Driver/src/stm32f10x_iwdg.c ****   if ((IWDG->SR & IWDG_FLAG) != (uint32_t)RESET)
 183              		.loc 1 166 3 view .LVU26
 184              		.loc 1 166 12 is_stmt 0 view .LVU27
 185 0000 034B     		ldr	r3, .L19
 186 0002 DB68     		ldr	r3, [r3, #12]
 187              		.loc 1 166 6 view .LVU28
ARM GAS  /tmp/ccFBencZ.s 			page 7


 188 0004 1842     		tst	r0, r3
 189 0006 01D0     		beq	.L18
 167:./Libraries/STM32F10x_StdPeriph_Driver/src/stm32f10x_iwdg.c ****   {
 168:./Libraries/STM32F10x_StdPeriph_Driver/src/stm32f10x_iwdg.c ****     bitstatus = SET;
 190              		.loc 1 168 15 view .LVU29
 191 0008 0120     		movs	r0, #1
 192              	.LVL4:
 193              		.loc 1 168 15 view .LVU30
 194 000a 7047     		bx	lr
 195              	.LVL5:
 196              	.L18:
 169:./Libraries/STM32F10x_StdPeriph_Driver/src/stm32f10x_iwdg.c ****   }
 170:./Libraries/STM32F10x_StdPeriph_Driver/src/stm32f10x_iwdg.c ****   else
 171:./Libraries/STM32F10x_StdPeriph_Driver/src/stm32f10x_iwdg.c ****   {
 172:./Libraries/STM32F10x_StdPeriph_Driver/src/stm32f10x_iwdg.c ****     bitstatus = RESET;
 197              		.loc 1 172 15 view .LVU31
 198 000c 0020     		movs	r0, #0
 199              	.LVL6:
 173:./Libraries/STM32F10x_StdPeriph_Driver/src/stm32f10x_iwdg.c ****   }
 174:./Libraries/STM32F10x_StdPeriph_Driver/src/stm32f10x_iwdg.c ****   /* Return the flag status */
 175:./Libraries/STM32F10x_StdPeriph_Driver/src/stm32f10x_iwdg.c ****   return bitstatus;
 200              		.loc 1 175 3 is_stmt 1 view .LVU32
 176:./Libraries/STM32F10x_StdPeriph_Driver/src/stm32f10x_iwdg.c **** }
 201              		.loc 1 176 1 is_stmt 0 view .LVU33
 202 000e 7047     		bx	lr
 203              	.L20:
 204              		.align	2
 205              	.L19:
 206 0010 00300040 		.word	1073754112
 207              		.cfi_endproc
 208              	.LFE34:
 210              		.text
 211              	.Letext0:
 212              		.file 2 "/home/hao/Documents/gcc-arm-none-eabi/arm-none-eabi/include/machine/_default_types.h"
 213              		.file 3 "/home/hao/Documents/gcc-arm-none-eabi/arm-none-eabi/include/sys/_stdint.h"
 214              		.file 4 "./Libraries/CMSIS/stm32f10x.h"
ARM GAS  /tmp/ccFBencZ.s 			page 8


DEFINED SYMBOLS
                            *ABS*:0000000000000000 stm32f10x_iwdg.c
     /tmp/ccFBencZ.s:16     .text.IWDG_WriteAccessCmd:0000000000000000 $t
     /tmp/ccFBencZ.s:24     .text.IWDG_WriteAccessCmd:0000000000000000 IWDG_WriteAccessCmd
     /tmp/ccFBencZ.s:43     .text.IWDG_WriteAccessCmd:0000000000000008 $d
     /tmp/ccFBencZ.s:48     .text.IWDG_SetPrescaler:0000000000000000 $t
     /tmp/ccFBencZ.s:55     .text.IWDG_SetPrescaler:0000000000000000 IWDG_SetPrescaler
     /tmp/ccFBencZ.s:73     .text.IWDG_SetPrescaler:0000000000000008 $d
     /tmp/ccFBencZ.s:78     .text.IWDG_SetReload:0000000000000000 $t
     /tmp/ccFBencZ.s:85     .text.IWDG_SetReload:0000000000000000 IWDG_SetReload
     /tmp/ccFBencZ.s:103    .text.IWDG_SetReload:0000000000000008 $d
     /tmp/ccFBencZ.s:108    .text.IWDG_ReloadCounter:0000000000000000 $t
     /tmp/ccFBencZ.s:115    .text.IWDG_ReloadCounter:0000000000000000 IWDG_ReloadCounter
     /tmp/ccFBencZ.s:132    .text.IWDG_ReloadCounter:000000000000000c $d
     /tmp/ccFBencZ.s:137    .text.IWDG_Enable:0000000000000000 $t
     /tmp/ccFBencZ.s:144    .text.IWDG_Enable:0000000000000000 IWDG_Enable
     /tmp/ccFBencZ.s:161    .text.IWDG_Enable:000000000000000c $d
     /tmp/ccFBencZ.s:166    .text.IWDG_GetFlagStatus:0000000000000000 $t
     /tmp/ccFBencZ.s:173    .text.IWDG_GetFlagStatus:0000000000000000 IWDG_GetFlagStatus
     /tmp/ccFBencZ.s:206    .text.IWDG_GetFlagStatus:0000000000000010 $d

NO UNDEFINED SYMBOLS
