ARM GAS  /tmp/ccIyG81D.s 			page 1


   1              		.cpu cortex-m3
   2              		.eabi_attribute 20, 1
   3              		.eabi_attribute 21, 1
   4              		.eabi_attribute 23, 3
   5              		.eabi_attribute 24, 1
   6              		.eabi_attribute 25, 1
   7              		.eabi_attribute 26, 1
   8              		.eabi_attribute 30, 1
   9              		.eabi_attribute 34, 1
  10              		.eabi_attribute 18, 4
  11              		.file	"delay.c"
  12              		.text
  13              	.Ltext0:
  14              		.cfi_sections	.debug_frame
  15              		.section	.text.Delay_Init,"ax",%progbits
  16              		.align	1
  17              		.global	Delay_Init
  18              		.arch armv7-m
  19              		.syntax unified
  20              		.thumb
  21              		.thumb_func
  22              		.fpu softvfp
  24              	Delay_Init:
  25              	.LFB29:
  26              		.file 1 "./Hardware/dwt_delay/delay.c"
   1:./Hardware/dwt_delay/delay.c **** /**
   2:./Hardware/dwt_delay/delay.c **** 	************************************************************
   3:./Hardware/dwt_delay/delay.c **** 	************************************************************
   4:./Hardware/dwt_delay/delay.c **** 	************************************************************
   5:./Hardware/dwt_delay/delay.c **** 	*	文件名： 	delay.c
   6:./Hardware/dwt_delay/delay.c **** 	*
   7:./Hardware/dwt_delay/delay.c **** 	*	作者： 		张继瑞
   8:./Hardware/dwt_delay/delay.c **** 	*
   9:./Hardware/dwt_delay/delay.c **** 	*	日期： 		2016-11-23
  10:./Hardware/dwt_delay/delay.c **** 	*
  11:./Hardware/dwt_delay/delay.c **** 	*	版本： 		V1.0
  12:./Hardware/dwt_delay/delay.c **** 	*
  13:./Hardware/dwt_delay/delay.c **** 	*	说明： 		利用systick做阻塞式延时
  14:./Hardware/dwt_delay/delay.c **** 	*
  15:./Hardware/dwt_delay/delay.c **** 	*	修改记录：	
  16:./Hardware/dwt_delay/delay.c **** 	************************************************************
  17:./Hardware/dwt_delay/delay.c **** 	************************************************************
  18:./Hardware/dwt_delay/delay.c **** 	************************************************************
  19:./Hardware/dwt_delay/delay.c **** **/
  20:./Hardware/dwt_delay/delay.c **** 
  21:./Hardware/dwt_delay/delay.c **** //单片机头文件
  22:./Hardware/dwt_delay/delay.c **** #include "stm32f10x.h"
  23:./Hardware/dwt_delay/delay.c **** 
  24:./Hardware/dwt_delay/delay.c **** //delay头文件
  25:./Hardware/dwt_delay/delay.c **** #include "delay.h"
  26:./Hardware/dwt_delay/delay.c **** 
  27:./Hardware/dwt_delay/delay.c **** 
  28:./Hardware/dwt_delay/delay.c **** //延时系数
  29:./Hardware/dwt_delay/delay.c **** unsigned char UsCount = 0;
  30:./Hardware/dwt_delay/delay.c **** unsigned short MsCount = 0;
  31:./Hardware/dwt_delay/delay.c **** 
  32:./Hardware/dwt_delay/delay.c **** 
ARM GAS  /tmp/ccIyG81D.s 			page 2


  33:./Hardware/dwt_delay/delay.c **** /*
  34:./Hardware/dwt_delay/delay.c **** ************************************************************
  35:./Hardware/dwt_delay/delay.c **** *	函数名称：	Delay_Init
  36:./Hardware/dwt_delay/delay.c **** *
  37:./Hardware/dwt_delay/delay.c **** *	函数功能：	systick初始化
  38:./Hardware/dwt_delay/delay.c **** *
  39:./Hardware/dwt_delay/delay.c **** *	入口参数：	无
  40:./Hardware/dwt_delay/delay.c **** *
  41:./Hardware/dwt_delay/delay.c **** *	返回参数：	无
  42:./Hardware/dwt_delay/delay.c **** *
  43:./Hardware/dwt_delay/delay.c **** *	说明：		
  44:./Hardware/dwt_delay/delay.c **** ************************************************************
  45:./Hardware/dwt_delay/delay.c **** */
  46:./Hardware/dwt_delay/delay.c **** void Delay_Init(void)
  47:./Hardware/dwt_delay/delay.c **** {
  27              		.loc 1 47 1 view -0
  28              		.cfi_startproc
  29              		@ args = 0, pretend = 0, frame = 0
  30              		@ frame_needed = 0, uses_anonymous_args = 0
  31              		@ link register save eliminated.
  48:./Hardware/dwt_delay/delay.c **** 
  49:./Hardware/dwt_delay/delay.c **** 	SysTick->CTRL &= ~(1 << 2);		//选择时钟为HCLK(72MHz)/8		103--9MHz
  32              		.loc 1 49 2 view .LVU1
  33              		.loc 1 49 16 is_stmt 0 view .LVU2
  34 0000 4FF0E022 		mov	r2, #-536813568
  35 0004 1369     		ldr	r3, [r2, #16]
  36 0006 23F00403 		bic	r3, r3, #4
  37 000a 1361     		str	r3, [r2, #16]
  50:./Hardware/dwt_delay/delay.c **** 	
  51:./Hardware/dwt_delay/delay.c **** 	UsCount = 9;					//微秒级延时系数
  38              		.loc 1 51 2 is_stmt 1 view .LVU3
  39              		.loc 1 51 10 is_stmt 0 view .LVU4
  40 000c 034B     		ldr	r3, .L2
  41 000e 0922     		movs	r2, #9
  42 0010 1A70     		strb	r2, [r3]
  52:./Hardware/dwt_delay/delay.c **** 	
  53:./Hardware/dwt_delay/delay.c **** 	MsCount = UsCount * 1000;		//毫秒级延时系数
  43              		.loc 1 53 2 is_stmt 1 view .LVU5
  44              		.loc 1 53 10 is_stmt 0 view .LVU6
  45 0012 034B     		ldr	r3, .L2+4
  46 0014 42F22832 		movw	r2, #9000
  47 0018 1A80     		strh	r2, [r3]	@ movhi
  54:./Hardware/dwt_delay/delay.c **** 
  55:./Hardware/dwt_delay/delay.c **** }
  48              		.loc 1 55 1 view .LVU7
  49 001a 7047     		bx	lr
  50              	.L3:
  51              		.align	2
  52              	.L2:
  53 001c 00000000 		.word	.LANCHOR0
  54 0020 00000000 		.word	.LANCHOR1
  55              		.cfi_endproc
  56              	.LFE29:
  58              		.section	.text.DelayUs,"ax",%progbits
  59              		.align	1
  60              		.global	DelayUs
  61              		.syntax unified
ARM GAS  /tmp/ccIyG81D.s 			page 3


  62              		.thumb
  63              		.thumb_func
  64              		.fpu softvfp
  66              	DelayUs:
  67              	.LVL0:
  68              	.LFB30:
  56:./Hardware/dwt_delay/delay.c **** 
  57:./Hardware/dwt_delay/delay.c **** /*
  58:./Hardware/dwt_delay/delay.c **** ************************************************************
  59:./Hardware/dwt_delay/delay.c **** *	函数名称：	DelayUs
  60:./Hardware/dwt_delay/delay.c **** *
  61:./Hardware/dwt_delay/delay.c **** *	函数功能：	微秒级延时
  62:./Hardware/dwt_delay/delay.c **** *
  63:./Hardware/dwt_delay/delay.c **** *	入口参数：	us：延时的时长
  64:./Hardware/dwt_delay/delay.c **** *
  65:./Hardware/dwt_delay/delay.c **** *	返回参数：	无
  66:./Hardware/dwt_delay/delay.c **** *
  67:./Hardware/dwt_delay/delay.c **** *	说明：		此时钟(21MHz)最大延时798915us
  68:./Hardware/dwt_delay/delay.c **** ************************************************************
  69:./Hardware/dwt_delay/delay.c **** */
  70:./Hardware/dwt_delay/delay.c **** void DelayUs(unsigned short us)
  71:./Hardware/dwt_delay/delay.c **** {
  69              		.loc 1 71 1 is_stmt 1 view -0
  70              		.cfi_startproc
  71              		@ args = 0, pretend = 0, frame = 0
  72              		@ frame_needed = 0, uses_anonymous_args = 0
  73              		@ link register save eliminated.
  72:./Hardware/dwt_delay/delay.c **** 
  73:./Hardware/dwt_delay/delay.c **** 	unsigned int ctrlResult = 0;
  74              		.loc 1 73 2 view .LVU9
  74:./Hardware/dwt_delay/delay.c **** 	
  75:./Hardware/dwt_delay/delay.c **** 	us &= 0x00FFFFFF;											//取低24位
  75              		.loc 1 75 2 view .LVU10
  76:./Hardware/dwt_delay/delay.c **** 	
  77:./Hardware/dwt_delay/delay.c **** 	SysTick->LOAD = us * UsCount;								//装载数据
  76              		.loc 1 77 2 view .LVU11
  77              		.loc 1 77 21 is_stmt 0 view .LVU12
  78 0000 0B4B     		ldr	r3, .L6
  79 0002 1B78     		ldrb	r3, [r3]	@ zero_extendqisi2
  80 0004 03FB00F0 		mul	r0, r3, r0
  81              	.LVL1:
  82              		.loc 1 77 16 view .LVU13
  83 0008 4FF0E023 		mov	r3, #-536813568
  84 000c 5861     		str	r0, [r3, #20]
  78:./Hardware/dwt_delay/delay.c **** 	SysTick->VAL = 0;
  85              		.loc 1 78 2 is_stmt 1 view .LVU14
  86              		.loc 1 78 15 is_stmt 0 view .LVU15
  87 000e 0022     		movs	r2, #0
  88 0010 9A61     		str	r2, [r3, #24]
  79:./Hardware/dwt_delay/delay.c **** 	SysTick->CTRL = 1;											//使能倒计数器
  89              		.loc 1 79 2 is_stmt 1 view .LVU16
  90              		.loc 1 79 16 is_stmt 0 view .LVU17
  91 0012 0122     		movs	r2, #1
  92 0014 1A61     		str	r2, [r3, #16]
  93              	.LVL2:
  94              	.L5:
  80:./Hardware/dwt_delay/delay.c **** 	
ARM GAS  /tmp/ccIyG81D.s 			page 4


  81:./Hardware/dwt_delay/delay.c **** 	do
  95              		.loc 1 81 2 is_stmt 1 discriminator 1 view .LVU18
  82:./Hardware/dwt_delay/delay.c **** 	{
  83:./Hardware/dwt_delay/delay.c **** 		ctrlResult = SysTick->CTRL;
  96              		.loc 1 83 3 discriminator 1 view .LVU19
  97              		.loc 1 83 14 is_stmt 0 discriminator 1 view .LVU20
  98 0016 4FF0E023 		mov	r3, #-536813568
  99 001a 1B69     		ldr	r3, [r3, #16]
 100              	.LVL3:
  84:./Hardware/dwt_delay/delay.c **** 	}
  85:./Hardware/dwt_delay/delay.c **** 	while((ctrlResult & 0x01) && !(ctrlResult & (1 << 16)));	//保证在运行、检查是否倒计数到0
 101              		.loc 1 85 7 is_stmt 1 discriminator 1 view .LVU21
 102              		.loc 1 85 28 is_stmt 0 discriminator 1 view .LVU22
 103 001c 03F00113 		and	r3, r3, #65537
 104              	.LVL4:
 105              		.loc 1 85 2 discriminator 1 view .LVU23
 106 0020 012B     		cmp	r3, #1
 107 0022 F8D0     		beq	.L5
  86:./Hardware/dwt_delay/delay.c **** 	
  87:./Hardware/dwt_delay/delay.c **** 	SysTick->CTRL = 0;											//关闭倒计数器
 108              		.loc 1 87 2 is_stmt 1 view .LVU24
 109              		.loc 1 87 16 is_stmt 0 view .LVU25
 110 0024 4FF0E023 		mov	r3, #-536813568
 111 0028 0022     		movs	r2, #0
 112 002a 1A61     		str	r2, [r3, #16]
  88:./Hardware/dwt_delay/delay.c **** 	SysTick->VAL = 0;
 113              		.loc 1 88 2 is_stmt 1 view .LVU26
 114              		.loc 1 88 15 is_stmt 0 view .LVU27
 115 002c 9A61     		str	r2, [r3, #24]
  89:./Hardware/dwt_delay/delay.c **** 
  90:./Hardware/dwt_delay/delay.c **** }
 116              		.loc 1 90 1 view .LVU28
 117 002e 7047     		bx	lr
 118              	.L7:
 119              		.align	2
 120              	.L6:
 121 0030 00000000 		.word	.LANCHOR0
 122              		.cfi_endproc
 123              	.LFE30:
 125              		.section	.text.DelayXms,"ax",%progbits
 126              		.align	1
 127              		.global	DelayXms
 128              		.syntax unified
 129              		.thumb
 130              		.thumb_func
 131              		.fpu softvfp
 133              	DelayXms:
 134              	.LVL5:
 135              	.LFB31:
  91:./Hardware/dwt_delay/delay.c **** 
  92:./Hardware/dwt_delay/delay.c **** /*
  93:./Hardware/dwt_delay/delay.c **** ************************************************************
  94:./Hardware/dwt_delay/delay.c **** *	函数名称：	DelayXms
  95:./Hardware/dwt_delay/delay.c **** *
  96:./Hardware/dwt_delay/delay.c **** *	函数功能：	毫秒级延时
  97:./Hardware/dwt_delay/delay.c **** *
  98:./Hardware/dwt_delay/delay.c **** *	入口参数：	ms：延时的时长
ARM GAS  /tmp/ccIyG81D.s 			page 5


  99:./Hardware/dwt_delay/delay.c **** *
 100:./Hardware/dwt_delay/delay.c **** *	返回参数：	无
 101:./Hardware/dwt_delay/delay.c **** *
 102:./Hardware/dwt_delay/delay.c **** *	说明：		
 103:./Hardware/dwt_delay/delay.c **** ************************************************************
 104:./Hardware/dwt_delay/delay.c **** */
 105:./Hardware/dwt_delay/delay.c **** void DelayXms(unsigned short ms)
 106:./Hardware/dwt_delay/delay.c **** {
 136              		.loc 1 106 1 is_stmt 1 view -0
 137              		.cfi_startproc
 138              		@ args = 0, pretend = 0, frame = 0
 139              		@ frame_needed = 0, uses_anonymous_args = 0
 140              		@ link register save eliminated.
 107:./Hardware/dwt_delay/delay.c **** 
 108:./Hardware/dwt_delay/delay.c **** 	unsigned int ctrlResult = 0;
 141              		.loc 1 108 2 view .LVU30
 109:./Hardware/dwt_delay/delay.c **** 	
 110:./Hardware/dwt_delay/delay.c **** 	if(ms == 0)
 142              		.loc 1 110 2 view .LVU31
 143              		.loc 1 110 4 is_stmt 0 view .LVU32
 144 0000 B0B1     		cbz	r0, .L8
 111:./Hardware/dwt_delay/delay.c **** 		return;
 112:./Hardware/dwt_delay/delay.c **** 	
 113:./Hardware/dwt_delay/delay.c **** 	ms &= 0x00FFFFFF;											//取低24位
 145              		.loc 1 113 2 is_stmt 1 view .LVU33
 114:./Hardware/dwt_delay/delay.c **** 	
 115:./Hardware/dwt_delay/delay.c **** 	SysTick->LOAD = ms * MsCount;								//装载数据
 146              		.loc 1 115 2 view .LVU34
 147              		.loc 1 115 21 is_stmt 0 view .LVU35
 148 0002 0C4A     		ldr	r2, .L11
 149 0004 1288     		ldrh	r2, [r2]
 150 0006 00FB02F2 		mul	r2, r0, r2
 151              		.loc 1 115 16 view .LVU36
 152 000a 4FF0E023 		mov	r3, #-536813568
 153 000e 5A61     		str	r2, [r3, #20]
 116:./Hardware/dwt_delay/delay.c **** 	SysTick->VAL = 0;
 154              		.loc 1 116 2 is_stmt 1 view .LVU37
 155              		.loc 1 116 15 is_stmt 0 view .LVU38
 156 0010 0022     		movs	r2, #0
 157 0012 9A61     		str	r2, [r3, #24]
 117:./Hardware/dwt_delay/delay.c **** 	SysTick->CTRL = 1;											//使能倒计数器
 158              		.loc 1 117 2 is_stmt 1 view .LVU39
 159              		.loc 1 117 16 is_stmt 0 view .LVU40
 160 0014 0122     		movs	r2, #1
 161 0016 1A61     		str	r2, [r3, #16]
 162              	.LVL6:
 163              	.L10:
 118:./Hardware/dwt_delay/delay.c **** 	
 119:./Hardware/dwt_delay/delay.c **** 	do
 164              		.loc 1 119 2 is_stmt 1 discriminator 1 view .LVU41
 120:./Hardware/dwt_delay/delay.c **** 	{
 121:./Hardware/dwt_delay/delay.c **** 		ctrlResult = SysTick->CTRL;
 165              		.loc 1 121 3 discriminator 1 view .LVU42
 166              		.loc 1 121 14 is_stmt 0 discriminator 1 view .LVU43
 167 0018 4FF0E023 		mov	r3, #-536813568
 168 001c 1B69     		ldr	r3, [r3, #16]
 169              	.LVL7:
ARM GAS  /tmp/ccIyG81D.s 			page 6


 122:./Hardware/dwt_delay/delay.c **** 	}
 123:./Hardware/dwt_delay/delay.c **** 	while((ctrlResult & 0x01) && !(ctrlResult & (1 << 16)));	//保证在运行、检查是否倒计数到0
 170              		.loc 1 123 7 is_stmt 1 discriminator 1 view .LVU44
 171              		.loc 1 123 28 is_stmt 0 discriminator 1 view .LVU45
 172 001e 03F00113 		and	r3, r3, #65537
 173              	.LVL8:
 174              		.loc 1 123 2 discriminator 1 view .LVU46
 175 0022 012B     		cmp	r3, #1
 176 0024 F8D0     		beq	.L10
 124:./Hardware/dwt_delay/delay.c **** 	
 125:./Hardware/dwt_delay/delay.c **** 	SysTick->CTRL = 0;											//关闭倒计数器
 177              		.loc 1 125 2 is_stmt 1 view .LVU47
 178              		.loc 1 125 16 is_stmt 0 view .LVU48
 179 0026 4FF0E023 		mov	r3, #-536813568
 180 002a 0022     		movs	r2, #0
 181 002c 1A61     		str	r2, [r3, #16]
 126:./Hardware/dwt_delay/delay.c **** 	SysTick->VAL = 0;
 182              		.loc 1 126 2 is_stmt 1 view .LVU49
 183              		.loc 1 126 15 is_stmt 0 view .LVU50
 184 002e 9A61     		str	r2, [r3, #24]
 185              	.L8:
 127:./Hardware/dwt_delay/delay.c **** 
 128:./Hardware/dwt_delay/delay.c **** }
 186              		.loc 1 128 1 view .LVU51
 187 0030 7047     		bx	lr
 188              	.L12:
 189 0032 00BF     		.align	2
 190              	.L11:
 191 0034 00000000 		.word	.LANCHOR1
 192              		.cfi_endproc
 193              	.LFE31:
 195              		.section	.text.DelayMs,"ax",%progbits
 196              		.align	1
 197              		.global	DelayMs
 198              		.syntax unified
 199              		.thumb
 200              		.thumb_func
 201              		.fpu softvfp
 203              	DelayMs:
 204              	.LVL9:
 205              	.LFB32:
 129:./Hardware/dwt_delay/delay.c **** 
 130:./Hardware/dwt_delay/delay.c **** /*
 131:./Hardware/dwt_delay/delay.c **** ************************************************************
 132:./Hardware/dwt_delay/delay.c **** *	函数名称：	DelayMs
 133:./Hardware/dwt_delay/delay.c **** *
 134:./Hardware/dwt_delay/delay.c **** *	函数功能：	微秒级长延时
 135:./Hardware/dwt_delay/delay.c **** *
 136:./Hardware/dwt_delay/delay.c **** *	入口参数：	ms：延时的时长
 137:./Hardware/dwt_delay/delay.c **** *
 138:./Hardware/dwt_delay/delay.c **** *	返回参数：	无
 139:./Hardware/dwt_delay/delay.c **** *
 140:./Hardware/dwt_delay/delay.c **** *	说明：		多次调用DelayXms，做到长延时
 141:./Hardware/dwt_delay/delay.c **** ************************************************************
 142:./Hardware/dwt_delay/delay.c **** */
 143:./Hardware/dwt_delay/delay.c **** void DelayMs(unsigned short ms)
 144:./Hardware/dwt_delay/delay.c **** {
ARM GAS  /tmp/ccIyG81D.s 			page 7


 206              		.loc 1 144 1 is_stmt 1 view -0
 207              		.cfi_startproc
 208              		@ args = 0, pretend = 0, frame = 0
 209              		@ frame_needed = 0, uses_anonymous_args = 0
 210              		.loc 1 144 1 is_stmt 0 view .LVU53
 211 0000 38B5     		push	{r3, r4, r5, lr}
 212              	.LCFI0:
 213              		.cfi_def_cfa_offset 16
 214              		.cfi_offset 3, -16
 215              		.cfi_offset 4, -12
 216              		.cfi_offset 5, -8
 217              		.cfi_offset 14, -4
 145:./Hardware/dwt_delay/delay.c **** 
 146:./Hardware/dwt_delay/delay.c **** 	unsigned char repeat = 0;
 218              		.loc 1 146 2 is_stmt 1 view .LVU54
 219              	.LVL10:
 147:./Hardware/dwt_delay/delay.c **** 	unsigned short remain = 0;
 220              		.loc 1 147 2 view .LVU55
 148:./Hardware/dwt_delay/delay.c **** 	
 149:./Hardware/dwt_delay/delay.c **** 	repeat = ms / 500;
 221              		.loc 1 149 2 view .LVU56
 222              		.loc 1 149 9 is_stmt 0 view .LVU57
 223 0002 0C4C     		ldr	r4, .L19
 224 0004 A4FB0034 		umull	r3, r4, r4, r0
 225 0008 6509     		lsrs	r5, r4, #5
 226 000a 2C46     		mov	r4, r5
 227              	.LVL11:
 150:./Hardware/dwt_delay/delay.c **** 	remain = ms % 500;
 228              		.loc 1 150 2 is_stmt 1 view .LVU58
 229              		.loc 1 150 9 is_stmt 0 view .LVU59
 230 000c 4FF4FA73 		mov	r3, #500
 231 0010 03FB1500 		mls	r0, r3, r5, r0
 232              	.LVL12:
 233              		.loc 1 150 9 view .LVU60
 234 0014 85B2     		uxth	r5, r0
 235              	.LVL13:
 151:./Hardware/dwt_delay/delay.c **** 	
 152:./Hardware/dwt_delay/delay.c **** 	while(repeat)
 236              		.loc 1 152 2 is_stmt 1 view .LVU61
 237              		.loc 1 152 7 is_stmt 0 view .LVU62
 238 0016 05E0     		b	.L14
 239              	.L15:
 153:./Hardware/dwt_delay/delay.c **** 	{
 154:./Hardware/dwt_delay/delay.c **** 		DelayXms(500);
 240              		.loc 1 154 3 is_stmt 1 view .LVU63
 241 0018 4FF4FA70 		mov	r0, #500
 242 001c FFF7FEFF 		bl	DelayXms
 243              	.LVL14:
 155:./Hardware/dwt_delay/delay.c **** 		repeat--;
 244              		.loc 1 155 3 view .LVU64
 245              		.loc 1 155 9 is_stmt 0 view .LVU65
 246 0020 013C     		subs	r4, r4, #1
 247              	.LVL15:
 248              		.loc 1 155 9 view .LVU66
 249 0022 E4B2     		uxtb	r4, r4
 250              	.LVL16:
 251              	.L14:
ARM GAS  /tmp/ccIyG81D.s 			page 8


 152:./Hardware/dwt_delay/delay.c **** 	{
 252              		.loc 1 152 7 is_stmt 1 view .LVU67
 253 0024 002C     		cmp	r4, #0
 254 0026 F7D1     		bne	.L15
 156:./Hardware/dwt_delay/delay.c **** 	}
 157:./Hardware/dwt_delay/delay.c **** 	
 158:./Hardware/dwt_delay/delay.c **** 	if(remain)
 255              		.loc 1 158 2 view .LVU68
 256              		.loc 1 158 4 is_stmt 0 view .LVU69
 257 0028 05B9     		cbnz	r5, .L18
 258              	.L13:
 159:./Hardware/dwt_delay/delay.c **** 		DelayXms(remain);
 160:./Hardware/dwt_delay/delay.c **** 
 161:./Hardware/dwt_delay/delay.c **** }
 259              		.loc 1 161 1 view .LVU70
 260 002a 38BD     		pop	{r3, r4, r5, pc}
 261              	.LVL17:
 262              	.L18:
 159:./Hardware/dwt_delay/delay.c **** 		DelayXms(remain);
 263              		.loc 1 159 3 is_stmt 1 view .LVU71
 264 002c 2846     		mov	r0, r5
 265 002e FFF7FEFF 		bl	DelayXms
 266              	.LVL18:
 267              		.loc 1 161 1 is_stmt 0 view .LVU72
 268 0032 FAE7     		b	.L13
 269              	.L20:
 270              		.align	2
 271              	.L19:
 272 0034 D34D6210 		.word	274877907
 273              		.cfi_endproc
 274              	.LFE32:
 276              		.global	MsCount
 277              		.global	UsCount
 278              		.section	.bss.MsCount,"aw",%nobits
 279              		.align	1
 280              		.set	.LANCHOR1,. + 0
 283              	MsCount:
 284 0000 0000     		.space	2
 285              		.section	.bss.UsCount,"aw",%nobits
 286              		.set	.LANCHOR0,. + 0
 289              	UsCount:
 290 0000 00       		.space	1
 291              		.text
 292              	.Letext0:
 293              		.file 2 "/home/hao/Documents/gcc-arm-none-eabi/arm-none-eabi/include/machine/_default_types.h"
 294              		.file 3 "/home/hao/Documents/gcc-arm-none-eabi/arm-none-eabi/include/sys/_stdint.h"
 295              		.file 4 "./Libraries/CMSIS/core_cm3.h"
ARM GAS  /tmp/ccIyG81D.s 			page 9


DEFINED SYMBOLS
                            *ABS*:0000000000000000 delay.c
     /tmp/ccIyG81D.s:16     .text.Delay_Init:0000000000000000 $t
     /tmp/ccIyG81D.s:24     .text.Delay_Init:0000000000000000 Delay_Init
     /tmp/ccIyG81D.s:53     .text.Delay_Init:000000000000001c $d
     /tmp/ccIyG81D.s:59     .text.DelayUs:0000000000000000 $t
     /tmp/ccIyG81D.s:66     .text.DelayUs:0000000000000000 DelayUs
     /tmp/ccIyG81D.s:121    .text.DelayUs:0000000000000030 $d
     /tmp/ccIyG81D.s:126    .text.DelayXms:0000000000000000 $t
     /tmp/ccIyG81D.s:133    .text.DelayXms:0000000000000000 DelayXms
     /tmp/ccIyG81D.s:191    .text.DelayXms:0000000000000034 $d
     /tmp/ccIyG81D.s:196    .text.DelayMs:0000000000000000 $t
     /tmp/ccIyG81D.s:203    .text.DelayMs:0000000000000000 DelayMs
     /tmp/ccIyG81D.s:272    .text.DelayMs:0000000000000034 $d
     /tmp/ccIyG81D.s:283    .bss.MsCount:0000000000000000 MsCount
     /tmp/ccIyG81D.s:289    .bss.UsCount:0000000000000000 UsCount
     /tmp/ccIyG81D.s:279    .bss.MsCount:0000000000000000 $d
     /tmp/ccIyG81D.s:290    .bss.UsCount:0000000000000000 $d

NO UNDEFINED SYMBOLS
