ARM GAS  /tmp/ccwRwBlS.s 			page 1


   1              		.cpu cortex-m3
   2              		.eabi_attribute 20, 1
   3              		.eabi_attribute 21, 1
   4              		.eabi_attribute 23, 3
   5              		.eabi_attribute 24, 1
   6              		.eabi_attribute 25, 1
   7              		.eabi_attribute 26, 1
   8              		.eabi_attribute 30, 1
   9              		.eabi_attribute 34, 1
  10              		.eabi_attribute 18, 4
  11              		.file	"main.c"
  12              		.text
  13              	.Ltext0:
  14              		.cfi_sections	.debug_frame
  15              		.section	.text.main,"ax",%progbits
  16              		.align	1
  17              		.global	main
  18              		.arch armv7-m
  19              		.syntax unified
  20              		.thumb
  21              		.thumb_func
  22              		.fpu softvfp
  24              	main:
  25              	.LFB32:
  26              		.file 1 "./User/Src/main.c"
   1:./User/Src/main.c **** /**		 
   2:./User/Src/main.c ****  * @Date:               2022.3.16 
   3:./User/Src/main.c ****  * @Revision:           V1.0
   4:./User/Src/main.c ****  * @Writer:             ÁÇπÁÅØÂ§ßÂ∏à
   5:./User/Src/main.c ****  * @Affiliated unitÔºö   ÈªÑÊ≤≥ÁßëÊäÄÂ≠¶Èô¢
   6:./User/Src/main.c ****  * @Description:        Âü∫‰∫éSTM32F103ÁöÑÂõ∫‰ª∂Â∫ìÂ∑•Á®ãÊ®°Êùø
   7:./User/Src/main.c ****  * @Email:              im_leihao@163.com
   8:./User/Src/main.c ****  * @gitee:              https://github.com/zleihao
   9:./User/Src/main.c ****  */
  10:./User/Src/main.c **** #include "stm32f10x.h"
  11:./User/Src/main.c **** #include "usart.h"
  12:./User/Src/main.c **** #include "stm32f10x_it.h"
  13:./User/Src/main.c **** #include "esp8266.h"
  14:./User/Src/main.c **** #include "delay.h"
  15:./User/Src/main.c **** #include "string.h"
  16:./User/Src/main.c **** #include "bsp_led.h"
  17:./User/Src/main.c **** #include "onenet.h"
  18:./User/Src/main.c **** 
  19:./User/Src/main.c **** /**
  20:./User/Src/main.c ****   * @brief  ‰∏ªÂáΩÊï∞
  21:./User/Src/main.c ****   * @param  Êó†
  22:./User/Src/main.c ****   * @retval Êó†
  23:./User/Src/main.c ****   */
  24:./User/Src/main.c **** 	
  25:./User/Src/main.c **** int main ( void )
  26:./User/Src/main.c **** {
  27              		.loc 1 26 1 view -0
  28              		.cfi_startproc
  29              		@ args = 0, pretend = 0, frame = 0
  30              		@ frame_needed = 0, uses_anonymous_args = 0
  31 0000 08B5     		push	{r3, lr}
  32              	.LCFI0:
ARM GAS  /tmp/ccwRwBlS.s 			page 2


  33              		.cfi_def_cfa_offset 8
  34              		.cfi_offset 3, -8
  35              		.cfi_offset 14, -4
  27:./User/Src/main.c **** 	unsigned short timeCount = 0;	//ÂèëÈÄÅÈó¥ÈöîÂèòÈáè
  36              		.loc 1 27 2 view .LVU1
  37              	.LVL0:
  28:./User/Src/main.c **** 	
  29:./User/Src/main.c **** 	unsigned char *dataPtr = NULL;
  38              		.loc 1 29 2 view .LVU2
  30:./User/Src/main.c **** 
  31:./User/Src/main.c **** 	LED_GPIO_Config();
  39              		.loc 1 31 2 view .LVU3
  40 0002 FFF7FEFF 		bl	LED_GPIO_Config
  41              	.LVL1:
  32:./User/Src/main.c **** 	Delay_Init();									//systickÂàùÂßãÂåñ
  42              		.loc 1 32 2 view .LVU4
  43 0006 FFF7FEFF 		bl	Delay_Init
  44              	.LVL2:
  33:./User/Src/main.c **** 
  34:./User/Src/main.c **** 	/* ÂàùÂßãÂåñ */
  35:./User/Src/main.c **** 	Usart1_Init (115200);                                                  //ÂàùÂßãÂåñ‰∏≤Âè£1
  45              		.loc 1 35 2 view .LVU5
  46 000a 4FF4E130 		mov	r0, #115200
  47 000e FFF7FEFF 		bl	Usart1_Init
  48              	.LVL3:
  36:./User/Src/main.c **** 	ESP8266_Init ();                                                      //ÂàùÂßãÂåñWiFiÊ®°Âùó‰ΩøÁî®Á
  49              		.loc 1 36 2 view .LVU6
  50 0012 FFF7FEFF 		bl	ESP8266_Init
  51              	.LVL4:
  37:./User/Src/main.c **** 
  38:./User/Src/main.c **** 	esp8266_to_server();
  52              		.loc 1 38 2 view .LVU7
  53 0016 FFF7FEFF 		bl	esp8266_to_server
  54              	.LVL5:
  39:./User/Src/main.c **** 
  40:./User/Src/main.c **** 	while(OneNet_DevLink())			//Êé•ÂÖ•OneNET
  55              		.loc 1 40 2 view .LVU8
  56              		.loc 1 40 7 is_stmt 0 view .LVU9
  57 001a 03E0     		b	.L2
  58              	.L3:
  41:./User/Src/main.c **** 		DelayXms(500);
  59              		.loc 1 41 3 is_stmt 1 view .LVU10
  60 001c 4FF4FA70 		mov	r0, #500
  61 0020 FFF7FEFF 		bl	DelayXms
  62              	.LVL6:
  63              	.L2:
  40:./User/Src/main.c **** 		DelayXms(500);
  64              		.loc 1 40 7 view .LVU11
  40:./User/Src/main.c **** 		DelayXms(500);
  65              		.loc 1 40 8 is_stmt 0 view .LVU12
  66 0024 FFF7FEFF 		bl	OneNet_DevLink
  67              	.LVL7:
  40:./User/Src/main.c **** 		DelayXms(500);
  68              		.loc 1 40 7 view .LVU13
  69 0028 0028     		cmp	r0, #0
  70 002a F7D1     		bne	.L3
  71 002c 04E0     		b	.L5
ARM GAS  /tmp/ccwRwBlS.s 			page 3


  72              	.LVL8:
  73              	.L7:
  42:./User/Src/main.c **** 		
  43:./User/Src/main.c ****   	while ( 1 )
  44:./User/Src/main.c ****   	{
  45:./User/Src/main.c **** 		dataPtr = ESP8266_GetIPD(0);
  46:./User/Src/main.c **** 		if(dataPtr != NULL) {
  47:./User/Src/main.c **** 			OneNet_RevPro(dataPtr);
  74              		.loc 1 47 4 is_stmt 1 view .LVU14
  75 002e FFF7FEFF 		bl	OneNet_RevPro
  76              	.LVL9:
  48:./User/Src/main.c **** 			dataPtr = NULL;
  77              		.loc 1 48 4 view .LVU15
  78              	.L4:
  49:./User/Src/main.c **** 		}
  50:./User/Src/main.c **** 		DelayXms(10);	
  79              		.loc 1 50 3 view .LVU16
  80 0032 0A20     		movs	r0, #10
  81 0034 FFF7FEFF 		bl	DelayXms
  82              	.LVL10:
  43:./User/Src/main.c ****   	{
  83              		.loc 1 43 10 view .LVU17
  84              	.L5:
  43:./User/Src/main.c ****   	{
  85              		.loc 1 43 4 view .LVU18
  45:./User/Src/main.c **** 		if(dataPtr != NULL) {
  86              		.loc 1 45 3 view .LVU19
  45:./User/Src/main.c **** 		if(dataPtr != NULL) {
  87              		.loc 1 45 13 is_stmt 0 view .LVU20
  88 0038 0020     		movs	r0, #0
  89 003a FFF7FEFF 		bl	ESP8266_GetIPD
  90              	.LVL11:
  46:./User/Src/main.c **** 			OneNet_RevPro(dataPtr);
  91              		.loc 1 46 3 is_stmt 1 view .LVU21
  46:./User/Src/main.c **** 			OneNet_RevPro(dataPtr);
  92              		.loc 1 46 5 is_stmt 0 view .LVU22
  93 003e 0028     		cmp	r0, #0
  94 0040 F5D1     		bne	.L7
  95 0042 F6E7     		b	.L4
  96              		.cfi_endproc
  97              	.LFE32:
  99              		.text
 100              	.Letext0:
 101              		.file 2 "./Hardware/led/bsp_led.h"
 102              		.file 3 "./Hardware/dwt_delay/delay.h"
 103              		.file 4 "./Hardware/usart/usart.h"
 104              		.file 5 "./Hardware/ESP8266/esp8266.h"
 105              		.file 6 "./Hardware/onenet/onenet.h"
ARM GAS  /tmp/ccwRwBlS.s 			page 4


DEFINED SYMBOLS
                            *ABS*:0000000000000000 main.c
     /tmp/ccwRwBlS.s:16     .text.main:0000000000000000 $t
     /tmp/ccwRwBlS.s:24     .text.main:0000000000000000 main

UNDEFINED SYMBOLS
LED_GPIO_Config
Delay_Init
Usart1_Init
ESP8266_Init
esp8266_to_server
DelayXms
OneNet_DevLink
OneNet_RevPro
ESP8266_GetIPD
