ARM GAS  /tmp/ccUqRWuI.s 			page 1


   1              		.cpu cortex-m3
   2              		.eabi_attribute 20, 1
   3              		.eabi_attribute 21, 1
   4              		.eabi_attribute 23, 3
   5              		.eabi_attribute 24, 1
   6              		.eabi_attribute 25, 1
   7              		.eabi_attribute 26, 1
   8              		.eabi_attribute 30, 1
   9              		.eabi_attribute 34, 1
  10              		.eabi_attribute 18, 4
  11              		.file	"stm32f10x_exti.c"
  12              		.text
  13              	.Ltext0:
  14              		.cfi_sections	.debug_frame
  15              		.section	.text.EXTI_DeInit,"ax",%progbits
  16              		.align	1
  17              		.global	EXTI_DeInit
  18              		.arch armv7-m
  19              		.syntax unified
  20              		.thumb
  21              		.thumb_func
  22              		.fpu softvfp
  24              	EXTI_DeInit:
  25              	.LFB29:
  26              		.file 1 "./Libraries/STM32F10x_StdPeriph_Driver/src/stm32f10x_exti.c"
   1:./Libraries/STM32F10x_StdPeriph_Driver/src/stm32f10x_exti.c **** /**
   2:./Libraries/STM32F10x_StdPeriph_Driver/src/stm32f10x_exti.c ****   ******************************************************************************
   3:./Libraries/STM32F10x_StdPeriph_Driver/src/stm32f10x_exti.c ****   * @file    stm32f10x_exti.c
   4:./Libraries/STM32F10x_StdPeriph_Driver/src/stm32f10x_exti.c ****   * @author  MCD Application Team
   5:./Libraries/STM32F10x_StdPeriph_Driver/src/stm32f10x_exti.c ****   * @version V3.5.0
   6:./Libraries/STM32F10x_StdPeriph_Driver/src/stm32f10x_exti.c ****   * @date    11-March-2011
   7:./Libraries/STM32F10x_StdPeriph_Driver/src/stm32f10x_exti.c ****   * @brief   This file provides all the EXTI firmware functions.
   8:./Libraries/STM32F10x_StdPeriph_Driver/src/stm32f10x_exti.c ****   ******************************************************************************
   9:./Libraries/STM32F10x_StdPeriph_Driver/src/stm32f10x_exti.c ****   * @attention
  10:./Libraries/STM32F10x_StdPeriph_Driver/src/stm32f10x_exti.c ****   *
  11:./Libraries/STM32F10x_StdPeriph_Driver/src/stm32f10x_exti.c ****   * THE PRESENT FIRMWARE WHICH IS FOR GUIDANCE ONLY AIMS AT PROVIDING CUSTOMERS
  12:./Libraries/STM32F10x_StdPeriph_Driver/src/stm32f10x_exti.c ****   * WITH CODING INFORMATION REGARDING THEIR PRODUCTS IN ORDER FOR THEM TO SAVE
  13:./Libraries/STM32F10x_StdPeriph_Driver/src/stm32f10x_exti.c ****   * TIME. AS A RESULT, STMICROELECTRONICS SHALL NOT BE HELD LIABLE FOR ANY
  14:./Libraries/STM32F10x_StdPeriph_Driver/src/stm32f10x_exti.c ****   * DIRECT, INDIRECT OR CONSEQUENTIAL DAMAGES WITH RESPECT TO ANY CLAIMS ARISING
  15:./Libraries/STM32F10x_StdPeriph_Driver/src/stm32f10x_exti.c ****   * FROM THE CONTENT OF SUCH FIRMWARE AND/OR THE USE MADE BY CUSTOMERS OF THE
  16:./Libraries/STM32F10x_StdPeriph_Driver/src/stm32f10x_exti.c ****   * CODING INFORMATION CONTAINED HEREIN IN CONNECTION WITH THEIR PRODUCTS.
  17:./Libraries/STM32F10x_StdPeriph_Driver/src/stm32f10x_exti.c ****   *
  18:./Libraries/STM32F10x_StdPeriph_Driver/src/stm32f10x_exti.c ****   * <h2><center>&copy; COPYRIGHT 2011 STMicroelectronics</center></h2>
  19:./Libraries/STM32F10x_StdPeriph_Driver/src/stm32f10x_exti.c ****   ******************************************************************************
  20:./Libraries/STM32F10x_StdPeriph_Driver/src/stm32f10x_exti.c ****   */
  21:./Libraries/STM32F10x_StdPeriph_Driver/src/stm32f10x_exti.c **** 
  22:./Libraries/STM32F10x_StdPeriph_Driver/src/stm32f10x_exti.c **** /* Includes ------------------------------------------------------------------*/
  23:./Libraries/STM32F10x_StdPeriph_Driver/src/stm32f10x_exti.c **** #include "stm32f10x_exti.h"
  24:./Libraries/STM32F10x_StdPeriph_Driver/src/stm32f10x_exti.c **** 
  25:./Libraries/STM32F10x_StdPeriph_Driver/src/stm32f10x_exti.c **** /** @addtogroup STM32F10x_StdPeriph_Driver
  26:./Libraries/STM32F10x_StdPeriph_Driver/src/stm32f10x_exti.c ****   * @{
  27:./Libraries/STM32F10x_StdPeriph_Driver/src/stm32f10x_exti.c ****   */
  28:./Libraries/STM32F10x_StdPeriph_Driver/src/stm32f10x_exti.c **** 
  29:./Libraries/STM32F10x_StdPeriph_Driver/src/stm32f10x_exti.c **** /** @defgroup EXTI 
  30:./Libraries/STM32F10x_StdPeriph_Driver/src/stm32f10x_exti.c ****   * @brief EXTI driver modules
  31:./Libraries/STM32F10x_StdPeriph_Driver/src/stm32f10x_exti.c ****   * @{
  32:./Libraries/STM32F10x_StdPeriph_Driver/src/stm32f10x_exti.c ****   */
ARM GAS  /tmp/ccUqRWuI.s 			page 2


  33:./Libraries/STM32F10x_StdPeriph_Driver/src/stm32f10x_exti.c **** 
  34:./Libraries/STM32F10x_StdPeriph_Driver/src/stm32f10x_exti.c **** /** @defgroup EXTI_Private_TypesDefinitions
  35:./Libraries/STM32F10x_StdPeriph_Driver/src/stm32f10x_exti.c ****   * @{
  36:./Libraries/STM32F10x_StdPeriph_Driver/src/stm32f10x_exti.c ****   */
  37:./Libraries/STM32F10x_StdPeriph_Driver/src/stm32f10x_exti.c **** 
  38:./Libraries/STM32F10x_StdPeriph_Driver/src/stm32f10x_exti.c **** /**
  39:./Libraries/STM32F10x_StdPeriph_Driver/src/stm32f10x_exti.c ****   * @}
  40:./Libraries/STM32F10x_StdPeriph_Driver/src/stm32f10x_exti.c ****   */
  41:./Libraries/STM32F10x_StdPeriph_Driver/src/stm32f10x_exti.c **** 
  42:./Libraries/STM32F10x_StdPeriph_Driver/src/stm32f10x_exti.c **** /** @defgroup EXTI_Private_Defines
  43:./Libraries/STM32F10x_StdPeriph_Driver/src/stm32f10x_exti.c ****   * @{
  44:./Libraries/STM32F10x_StdPeriph_Driver/src/stm32f10x_exti.c ****   */
  45:./Libraries/STM32F10x_StdPeriph_Driver/src/stm32f10x_exti.c **** 
  46:./Libraries/STM32F10x_StdPeriph_Driver/src/stm32f10x_exti.c **** #define EXTI_LINENONE    ((uint32_t)0x00000)  /* No interrupt selected */
  47:./Libraries/STM32F10x_StdPeriph_Driver/src/stm32f10x_exti.c **** 
  48:./Libraries/STM32F10x_StdPeriph_Driver/src/stm32f10x_exti.c **** /**
  49:./Libraries/STM32F10x_StdPeriph_Driver/src/stm32f10x_exti.c ****   * @}
  50:./Libraries/STM32F10x_StdPeriph_Driver/src/stm32f10x_exti.c ****   */
  51:./Libraries/STM32F10x_StdPeriph_Driver/src/stm32f10x_exti.c **** 
  52:./Libraries/STM32F10x_StdPeriph_Driver/src/stm32f10x_exti.c **** /** @defgroup EXTI_Private_Macros
  53:./Libraries/STM32F10x_StdPeriph_Driver/src/stm32f10x_exti.c ****   * @{
  54:./Libraries/STM32F10x_StdPeriph_Driver/src/stm32f10x_exti.c ****   */
  55:./Libraries/STM32F10x_StdPeriph_Driver/src/stm32f10x_exti.c **** 
  56:./Libraries/STM32F10x_StdPeriph_Driver/src/stm32f10x_exti.c **** /**
  57:./Libraries/STM32F10x_StdPeriph_Driver/src/stm32f10x_exti.c ****   * @}
  58:./Libraries/STM32F10x_StdPeriph_Driver/src/stm32f10x_exti.c ****   */
  59:./Libraries/STM32F10x_StdPeriph_Driver/src/stm32f10x_exti.c **** 
  60:./Libraries/STM32F10x_StdPeriph_Driver/src/stm32f10x_exti.c **** /** @defgroup EXTI_Private_Variables
  61:./Libraries/STM32F10x_StdPeriph_Driver/src/stm32f10x_exti.c ****   * @{
  62:./Libraries/STM32F10x_StdPeriph_Driver/src/stm32f10x_exti.c ****   */
  63:./Libraries/STM32F10x_StdPeriph_Driver/src/stm32f10x_exti.c **** 
  64:./Libraries/STM32F10x_StdPeriph_Driver/src/stm32f10x_exti.c **** /**
  65:./Libraries/STM32F10x_StdPeriph_Driver/src/stm32f10x_exti.c ****   * @}
  66:./Libraries/STM32F10x_StdPeriph_Driver/src/stm32f10x_exti.c ****   */
  67:./Libraries/STM32F10x_StdPeriph_Driver/src/stm32f10x_exti.c **** 
  68:./Libraries/STM32F10x_StdPeriph_Driver/src/stm32f10x_exti.c **** /** @defgroup EXTI_Private_FunctionPrototypes
  69:./Libraries/STM32F10x_StdPeriph_Driver/src/stm32f10x_exti.c ****   * @{
  70:./Libraries/STM32F10x_StdPeriph_Driver/src/stm32f10x_exti.c ****   */
  71:./Libraries/STM32F10x_StdPeriph_Driver/src/stm32f10x_exti.c **** 
  72:./Libraries/STM32F10x_StdPeriph_Driver/src/stm32f10x_exti.c **** /**
  73:./Libraries/STM32F10x_StdPeriph_Driver/src/stm32f10x_exti.c ****   * @}
  74:./Libraries/STM32F10x_StdPeriph_Driver/src/stm32f10x_exti.c ****   */
  75:./Libraries/STM32F10x_StdPeriph_Driver/src/stm32f10x_exti.c **** 
  76:./Libraries/STM32F10x_StdPeriph_Driver/src/stm32f10x_exti.c **** /** @defgroup EXTI_Private_Functions
  77:./Libraries/STM32F10x_StdPeriph_Driver/src/stm32f10x_exti.c ****   * @{
  78:./Libraries/STM32F10x_StdPeriph_Driver/src/stm32f10x_exti.c ****   */
  79:./Libraries/STM32F10x_StdPeriph_Driver/src/stm32f10x_exti.c **** 
  80:./Libraries/STM32F10x_StdPeriph_Driver/src/stm32f10x_exti.c **** /**
  81:./Libraries/STM32F10x_StdPeriph_Driver/src/stm32f10x_exti.c ****   * @brief  Deinitializes the EXTI peripheral registers to their default reset values.
  82:./Libraries/STM32F10x_StdPeriph_Driver/src/stm32f10x_exti.c ****   * @param  None
  83:./Libraries/STM32F10x_StdPeriph_Driver/src/stm32f10x_exti.c ****   * @retval None
  84:./Libraries/STM32F10x_StdPeriph_Driver/src/stm32f10x_exti.c ****   */
  85:./Libraries/STM32F10x_StdPeriph_Driver/src/stm32f10x_exti.c **** void EXTI_DeInit(void)
  86:./Libraries/STM32F10x_StdPeriph_Driver/src/stm32f10x_exti.c **** {
  27              		.loc 1 86 1 view -0
  28              		.cfi_startproc
  29              		@ args = 0, pretend = 0, frame = 0
ARM GAS  /tmp/ccUqRWuI.s 			page 3


  30              		@ frame_needed = 0, uses_anonymous_args = 0
  31              		@ link register save eliminated.
  87:./Libraries/STM32F10x_StdPeriph_Driver/src/stm32f10x_exti.c ****   EXTI->IMR = 0x00000000;
  32              		.loc 1 87 3 view .LVU1
  33              		.loc 1 87 13 is_stmt 0 view .LVU2
  34 0000 044B     		ldr	r3, .L2
  35 0002 0022     		movs	r2, #0
  36 0004 1A60     		str	r2, [r3]
  88:./Libraries/STM32F10x_StdPeriph_Driver/src/stm32f10x_exti.c ****   EXTI->EMR = 0x00000000;
  37              		.loc 1 88 3 is_stmt 1 view .LVU3
  38              		.loc 1 88 13 is_stmt 0 view .LVU4
  39 0006 5A60     		str	r2, [r3, #4]
  89:./Libraries/STM32F10x_StdPeriph_Driver/src/stm32f10x_exti.c ****   EXTI->RTSR = 0x00000000; 
  40              		.loc 1 89 3 is_stmt 1 view .LVU5
  41              		.loc 1 89 14 is_stmt 0 view .LVU6
  42 0008 9A60     		str	r2, [r3, #8]
  90:./Libraries/STM32F10x_StdPeriph_Driver/src/stm32f10x_exti.c ****   EXTI->FTSR = 0x00000000; 
  43              		.loc 1 90 3 is_stmt 1 view .LVU7
  44              		.loc 1 90 14 is_stmt 0 view .LVU8
  45 000a DA60     		str	r2, [r3, #12]
  91:./Libraries/STM32F10x_StdPeriph_Driver/src/stm32f10x_exti.c ****   EXTI->PR = 0x000FFFFF;
  46              		.loc 1 91 3 is_stmt 1 view .LVU9
  47              		.loc 1 91 12 is_stmt 0 view .LVU10
  48 000c 024A     		ldr	r2, .L2+4
  49 000e 5A61     		str	r2, [r3, #20]
  92:./Libraries/STM32F10x_StdPeriph_Driver/src/stm32f10x_exti.c **** }
  50              		.loc 1 92 1 view .LVU11
  51 0010 7047     		bx	lr
  52              	.L3:
  53 0012 00BF     		.align	2
  54              	.L2:
  55 0014 00040140 		.word	1073808384
  56 0018 FFFF0F00 		.word	1048575
  57              		.cfi_endproc
  58              	.LFE29:
  60              		.section	.text.EXTI_Init,"ax",%progbits
  61              		.align	1
  62              		.global	EXTI_Init
  63              		.syntax unified
  64              		.thumb
  65              		.thumb_func
  66              		.fpu softvfp
  68              	EXTI_Init:
  69              	.LVL0:
  70              	.LFB30:
  93:./Libraries/STM32F10x_StdPeriph_Driver/src/stm32f10x_exti.c **** 
  94:./Libraries/STM32F10x_StdPeriph_Driver/src/stm32f10x_exti.c **** /**
  95:./Libraries/STM32F10x_StdPeriph_Driver/src/stm32f10x_exti.c ****   * @brief  Initializes the EXTI peripheral according to the specified
  96:./Libraries/STM32F10x_StdPeriph_Driver/src/stm32f10x_exti.c ****   *         parameters in the EXTI_InitStruct.
  97:./Libraries/STM32F10x_StdPeriph_Driver/src/stm32f10x_exti.c ****   * @param  EXTI_InitStruct: pointer to a EXTI_InitTypeDef structure
  98:./Libraries/STM32F10x_StdPeriph_Driver/src/stm32f10x_exti.c ****   *         that contains the configuration information for the EXTI peripheral.
  99:./Libraries/STM32F10x_StdPeriph_Driver/src/stm32f10x_exti.c ****   * @retval None
 100:./Libraries/STM32F10x_StdPeriph_Driver/src/stm32f10x_exti.c ****   */
 101:./Libraries/STM32F10x_StdPeriph_Driver/src/stm32f10x_exti.c **** void EXTI_Init(EXTI_InitTypeDef* EXTI_InitStruct)
 102:./Libraries/STM32F10x_StdPeriph_Driver/src/stm32f10x_exti.c **** {
  71              		.loc 1 102 1 is_stmt 1 view -0
  72              		.cfi_startproc
ARM GAS  /tmp/ccUqRWuI.s 			page 4


  73              		@ args = 0, pretend = 0, frame = 0
  74              		@ frame_needed = 0, uses_anonymous_args = 0
  75              		@ link register save eliminated.
 103:./Libraries/STM32F10x_StdPeriph_Driver/src/stm32f10x_exti.c ****   uint32_t tmp = 0;
  76              		.loc 1 103 3 view .LVU13
 104:./Libraries/STM32F10x_StdPeriph_Driver/src/stm32f10x_exti.c **** 
 105:./Libraries/STM32F10x_StdPeriph_Driver/src/stm32f10x_exti.c ****   /* Check the parameters */
 106:./Libraries/STM32F10x_StdPeriph_Driver/src/stm32f10x_exti.c ****   assert_param(IS_EXTI_MODE(EXTI_InitStruct->EXTI_Mode));
  77              		.loc 1 106 3 view .LVU14
 107:./Libraries/STM32F10x_StdPeriph_Driver/src/stm32f10x_exti.c ****   assert_param(IS_EXTI_TRIGGER(EXTI_InitStruct->EXTI_Trigger));
  78              		.loc 1 107 3 view .LVU15
 108:./Libraries/STM32F10x_StdPeriph_Driver/src/stm32f10x_exti.c ****   assert_param(IS_EXTI_LINE(EXTI_InitStruct->EXTI_Line));  
  79              		.loc 1 108 3 view .LVU16
 109:./Libraries/STM32F10x_StdPeriph_Driver/src/stm32f10x_exti.c ****   assert_param(IS_FUNCTIONAL_STATE(EXTI_InitStruct->EXTI_LineCmd));
  80              		.loc 1 109 3 view .LVU17
 110:./Libraries/STM32F10x_StdPeriph_Driver/src/stm32f10x_exti.c **** 
 111:./Libraries/STM32F10x_StdPeriph_Driver/src/stm32f10x_exti.c ****   tmp = (uint32_t)EXTI_BASE;
  81              		.loc 1 111 3 view .LVU18
 112:./Libraries/STM32F10x_StdPeriph_Driver/src/stm32f10x_exti.c ****      
 113:./Libraries/STM32F10x_StdPeriph_Driver/src/stm32f10x_exti.c ****   if (EXTI_InitStruct->EXTI_LineCmd != DISABLE)
  82              		.loc 1 113 3 view .LVU19
  83              		.loc 1 113 22 is_stmt 0 view .LVU20
  84 0000 8379     		ldrb	r3, [r0, #6]	@ zero_extendqisi2
  85              		.loc 1 113 6 view .LVU21
  86 0002 002B     		cmp	r3, #0
  87 0004 35D0     		beq	.L5
 102:./Libraries/STM32F10x_StdPeriph_Driver/src/stm32f10x_exti.c ****   uint32_t tmp = 0;
  88              		.loc 1 102 1 view .LVU22
  89 0006 10B4     		push	{r4}
  90              	.LCFI0:
  91              		.cfi_def_cfa_offset 4
  92              		.cfi_offset 4, -4
 114:./Libraries/STM32F10x_StdPeriph_Driver/src/stm32f10x_exti.c ****   {
 115:./Libraries/STM32F10x_StdPeriph_Driver/src/stm32f10x_exti.c ****     /* Clear EXTI line configuration */
 116:./Libraries/STM32F10x_StdPeriph_Driver/src/stm32f10x_exti.c ****     EXTI->IMR &= ~EXTI_InitStruct->EXTI_Line;
  93              		.loc 1 116 5 is_stmt 1 view .LVU23
  94              		.loc 1 116 15 is_stmt 0 view .LVU24
  95 0008 1F4B     		ldr	r3, .L13
  96 000a 1A68     		ldr	r2, [r3]
  97              		.loc 1 116 34 view .LVU25
  98 000c 0168     		ldr	r1, [r0]
  99              		.loc 1 116 15 view .LVU26
 100 000e 22EA0102 		bic	r2, r2, r1
 101 0012 1A60     		str	r2, [r3]
 117:./Libraries/STM32F10x_StdPeriph_Driver/src/stm32f10x_exti.c ****     EXTI->EMR &= ~EXTI_InitStruct->EXTI_Line;
 102              		.loc 1 117 5 is_stmt 1 view .LVU27
 103              		.loc 1 117 15 is_stmt 0 view .LVU28
 104 0014 5A68     		ldr	r2, [r3, #4]
 105              		.loc 1 117 34 view .LVU29
 106 0016 0168     		ldr	r1, [r0]
 107              		.loc 1 117 15 view .LVU30
 108 0018 22EA0102 		bic	r2, r2, r1
 109 001c 5A60     		str	r2, [r3, #4]
 118:./Libraries/STM32F10x_StdPeriph_Driver/src/stm32f10x_exti.c ****     
 119:./Libraries/STM32F10x_StdPeriph_Driver/src/stm32f10x_exti.c ****     tmp += EXTI_InitStruct->EXTI_Mode;
 110              		.loc 1 119 5 is_stmt 1 view .LVU31
 111              		.loc 1 119 27 is_stmt 0 view .LVU32
ARM GAS  /tmp/ccUqRWuI.s 			page 5


 112 001e 0279     		ldrb	r2, [r0, #4]	@ zero_extendqisi2
 113              		.loc 1 119 9 view .LVU33
 114 0020 02F18042 		add	r2, r2, #1073741824
 115 0024 02F58232 		add	r2, r2, #66560
 116              	.LVL1:
 120:./Libraries/STM32F10x_StdPeriph_Driver/src/stm32f10x_exti.c **** 
 121:./Libraries/STM32F10x_StdPeriph_Driver/src/stm32f10x_exti.c ****     *(__IO uint32_t *) tmp |= EXTI_InitStruct->EXTI_Line;
 117              		.loc 1 121 5 is_stmt 1 view .LVU34
 118              		.loc 1 121 28 is_stmt 0 view .LVU35
 119 0028 1168     		ldr	r1, [r2]
 120 002a 0468     		ldr	r4, [r0]
 121 002c 2143     		orrs	r1, r1, r4
 122 002e 1160     		str	r1, [r2]
 122:./Libraries/STM32F10x_StdPeriph_Driver/src/stm32f10x_exti.c **** 
 123:./Libraries/STM32F10x_StdPeriph_Driver/src/stm32f10x_exti.c ****     /* Clear Rising Falling edge configuration */
 124:./Libraries/STM32F10x_StdPeriph_Driver/src/stm32f10x_exti.c ****     EXTI->RTSR &= ~EXTI_InitStruct->EXTI_Line;
 123              		.loc 1 124 5 is_stmt 1 view .LVU36
 124              		.loc 1 124 16 is_stmt 0 view .LVU37
 125 0030 9A68     		ldr	r2, [r3, #8]
 126              	.LVL2:
 127              		.loc 1 124 35 view .LVU38
 128 0032 0168     		ldr	r1, [r0]
 129              		.loc 1 124 16 view .LVU39
 130 0034 22EA0102 		bic	r2, r2, r1
 131 0038 9A60     		str	r2, [r3, #8]
 125:./Libraries/STM32F10x_StdPeriph_Driver/src/stm32f10x_exti.c ****     EXTI->FTSR &= ~EXTI_InitStruct->EXTI_Line;
 132              		.loc 1 125 5 is_stmt 1 view .LVU40
 133              		.loc 1 125 16 is_stmt 0 view .LVU41
 134 003a DA68     		ldr	r2, [r3, #12]
 135              		.loc 1 125 35 view .LVU42
 136 003c 0168     		ldr	r1, [r0]
 137              		.loc 1 125 16 view .LVU43
 138 003e 22EA0102 		bic	r2, r2, r1
 139 0042 DA60     		str	r2, [r3, #12]
 126:./Libraries/STM32F10x_StdPeriph_Driver/src/stm32f10x_exti.c ****     
 127:./Libraries/STM32F10x_StdPeriph_Driver/src/stm32f10x_exti.c ****     /* Select the trigger for the selected external interrupts */
 128:./Libraries/STM32F10x_StdPeriph_Driver/src/stm32f10x_exti.c ****     if (EXTI_InitStruct->EXTI_Trigger == EXTI_Trigger_Rising_Falling)
 140              		.loc 1 128 5 is_stmt 1 view .LVU44
 141              		.loc 1 128 24 is_stmt 0 view .LVU45
 142 0044 4379     		ldrb	r3, [r0, #5]	@ zero_extendqisi2
 143              		.loc 1 128 8 view .LVU46
 144 0046 102B     		cmp	r3, #16
 145 0048 09D0     		beq	.L12
 129:./Libraries/STM32F10x_StdPeriph_Driver/src/stm32f10x_exti.c ****     {
 130:./Libraries/STM32F10x_StdPeriph_Driver/src/stm32f10x_exti.c ****       /* Rising Falling edge */
 131:./Libraries/STM32F10x_StdPeriph_Driver/src/stm32f10x_exti.c ****       EXTI->RTSR |= EXTI_InitStruct->EXTI_Line;
 132:./Libraries/STM32F10x_StdPeriph_Driver/src/stm32f10x_exti.c ****       EXTI->FTSR |= EXTI_InitStruct->EXTI_Line;
 133:./Libraries/STM32F10x_StdPeriph_Driver/src/stm32f10x_exti.c ****     }
 134:./Libraries/STM32F10x_StdPeriph_Driver/src/stm32f10x_exti.c ****     else
 135:./Libraries/STM32F10x_StdPeriph_Driver/src/stm32f10x_exti.c ****     {
 136:./Libraries/STM32F10x_StdPeriph_Driver/src/stm32f10x_exti.c ****       tmp = (uint32_t)EXTI_BASE;
 146              		.loc 1 136 7 is_stmt 1 view .LVU47
 147              	.LVL3:
 137:./Libraries/STM32F10x_StdPeriph_Driver/src/stm32f10x_exti.c ****       tmp += EXTI_InitStruct->EXTI_Trigger;
 148              		.loc 1 137 7 view .LVU48
 149              		.loc 1 137 11 is_stmt 0 view .LVU49
 150 004a 03F18043 		add	r3, r3, #1073741824
ARM GAS  /tmp/ccUqRWuI.s 			page 6


 151 004e 03F58233 		add	r3, r3, #66560
 152              	.LVL4:
 138:./Libraries/STM32F10x_StdPeriph_Driver/src/stm32f10x_exti.c **** 
 139:./Libraries/STM32F10x_StdPeriph_Driver/src/stm32f10x_exti.c ****       *(__IO uint32_t *) tmp |= EXTI_InitStruct->EXTI_Line;
 153              		.loc 1 139 7 is_stmt 1 view .LVU50
 154              		.loc 1 139 30 is_stmt 0 view .LVU51
 155 0052 1A68     		ldr	r2, [r3]
 156              		.loc 1 139 48 view .LVU52
 157 0054 0168     		ldr	r1, [r0]
 158              		.loc 1 139 30 view .LVU53
 159 0056 0A43     		orrs	r2, r2, r1
 160 0058 1A60     		str	r2, [r3]
 161              	.LVL5:
 162              	.L4:
 140:./Libraries/STM32F10x_StdPeriph_Driver/src/stm32f10x_exti.c ****     }
 141:./Libraries/STM32F10x_StdPeriph_Driver/src/stm32f10x_exti.c ****   }
 142:./Libraries/STM32F10x_StdPeriph_Driver/src/stm32f10x_exti.c ****   else
 143:./Libraries/STM32F10x_StdPeriph_Driver/src/stm32f10x_exti.c ****   {
 144:./Libraries/STM32F10x_StdPeriph_Driver/src/stm32f10x_exti.c ****     tmp += EXTI_InitStruct->EXTI_Mode;
 145:./Libraries/STM32F10x_StdPeriph_Driver/src/stm32f10x_exti.c **** 
 146:./Libraries/STM32F10x_StdPeriph_Driver/src/stm32f10x_exti.c ****     /* Disable the selected external lines */
 147:./Libraries/STM32F10x_StdPeriph_Driver/src/stm32f10x_exti.c ****     *(__IO uint32_t *) tmp &= ~EXTI_InitStruct->EXTI_Line;
 148:./Libraries/STM32F10x_StdPeriph_Driver/src/stm32f10x_exti.c ****   }
 149:./Libraries/STM32F10x_StdPeriph_Driver/src/stm32f10x_exti.c **** }
 163              		.loc 1 149 1 view .LVU54
 164 005a 10BC     		pop	{r4}
 165              	.LCFI1:
 166              		.cfi_remember_state
 167              		.cfi_restore 4
 168              		.cfi_def_cfa_offset 0
 169 005c 7047     		bx	lr
 170              	.L12:
 171              	.LCFI2:
 172              		.cfi_restore_state
 131:./Libraries/STM32F10x_StdPeriph_Driver/src/stm32f10x_exti.c ****       EXTI->FTSR |= EXTI_InitStruct->EXTI_Line;
 173              		.loc 1 131 7 is_stmt 1 view .LVU55
 131:./Libraries/STM32F10x_StdPeriph_Driver/src/stm32f10x_exti.c ****       EXTI->FTSR |= EXTI_InitStruct->EXTI_Line;
 174              		.loc 1 131 18 is_stmt 0 view .LVU56
 175 005e 0A4B     		ldr	r3, .L13
 176 0060 9A68     		ldr	r2, [r3, #8]
 131:./Libraries/STM32F10x_StdPeriph_Driver/src/stm32f10x_exti.c ****       EXTI->FTSR |= EXTI_InitStruct->EXTI_Line;
 177              		.loc 1 131 36 view .LVU57
 178 0062 0168     		ldr	r1, [r0]
 131:./Libraries/STM32F10x_StdPeriph_Driver/src/stm32f10x_exti.c ****       EXTI->FTSR |= EXTI_InitStruct->EXTI_Line;
 179              		.loc 1 131 18 view .LVU58
 180 0064 0A43     		orrs	r2, r2, r1
 181 0066 9A60     		str	r2, [r3, #8]
 132:./Libraries/STM32F10x_StdPeriph_Driver/src/stm32f10x_exti.c ****     }
 182              		.loc 1 132 7 is_stmt 1 view .LVU59
 132:./Libraries/STM32F10x_StdPeriph_Driver/src/stm32f10x_exti.c ****     }
 183              		.loc 1 132 18 is_stmt 0 view .LVU60
 184 0068 DA68     		ldr	r2, [r3, #12]
 132:./Libraries/STM32F10x_StdPeriph_Driver/src/stm32f10x_exti.c ****     }
 185              		.loc 1 132 36 view .LVU61
 186 006a 0168     		ldr	r1, [r0]
 132:./Libraries/STM32F10x_StdPeriph_Driver/src/stm32f10x_exti.c ****     }
 187              		.loc 1 132 18 view .LVU62
ARM GAS  /tmp/ccUqRWuI.s 			page 7


 188 006c 0A43     		orrs	r2, r2, r1
 189 006e DA60     		str	r2, [r3, #12]
 190 0070 F3E7     		b	.L4
 191              	.LVL6:
 192              	.L5:
 193              	.LCFI3:
 194              		.cfi_def_cfa_offset 0
 195              		.cfi_restore 4
 144:./Libraries/STM32F10x_StdPeriph_Driver/src/stm32f10x_exti.c **** 
 196              		.loc 1 144 5 is_stmt 1 view .LVU63
 144:./Libraries/STM32F10x_StdPeriph_Driver/src/stm32f10x_exti.c **** 
 197              		.loc 1 144 27 is_stmt 0 view .LVU64
 198 0072 0379     		ldrb	r3, [r0, #4]	@ zero_extendqisi2
 144:./Libraries/STM32F10x_StdPeriph_Driver/src/stm32f10x_exti.c **** 
 199              		.loc 1 144 9 view .LVU65
 200 0074 03F18043 		add	r3, r3, #1073741824
 201 0078 03F58233 		add	r3, r3, #66560
 202              	.LVL7:
 147:./Libraries/STM32F10x_StdPeriph_Driver/src/stm32f10x_exti.c ****   }
 203              		.loc 1 147 5 is_stmt 1 view .LVU66
 147:./Libraries/STM32F10x_StdPeriph_Driver/src/stm32f10x_exti.c ****   }
 204              		.loc 1 147 28 is_stmt 0 view .LVU67
 205 007c 1A68     		ldr	r2, [r3]
 147:./Libraries/STM32F10x_StdPeriph_Driver/src/stm32f10x_exti.c ****   }
 206              		.loc 1 147 47 view .LVU68
 207 007e 0168     		ldr	r1, [r0]
 147:./Libraries/STM32F10x_StdPeriph_Driver/src/stm32f10x_exti.c ****   }
 208              		.loc 1 147 28 view .LVU69
 209 0080 22EA0102 		bic	r2, r2, r1
 210 0084 1A60     		str	r2, [r3]
 211 0086 7047     		bx	lr
 212              	.L14:
 213              		.align	2
 214              	.L13:
 215 0088 00040140 		.word	1073808384
 216              		.cfi_endproc
 217              	.LFE30:
 219              		.section	.text.EXTI_StructInit,"ax",%progbits
 220              		.align	1
 221              		.global	EXTI_StructInit
 222              		.syntax unified
 223              		.thumb
 224              		.thumb_func
 225              		.fpu softvfp
 227              	EXTI_StructInit:
 228              	.LVL8:
 229              	.LFB31:
 150:./Libraries/STM32F10x_StdPeriph_Driver/src/stm32f10x_exti.c **** 
 151:./Libraries/STM32F10x_StdPeriph_Driver/src/stm32f10x_exti.c **** /**
 152:./Libraries/STM32F10x_StdPeriph_Driver/src/stm32f10x_exti.c ****   * @brief  Fills each EXTI_InitStruct member with its reset value.
 153:./Libraries/STM32F10x_StdPeriph_Driver/src/stm32f10x_exti.c ****   * @param  EXTI_InitStruct: pointer to a EXTI_InitTypeDef structure which will
 154:./Libraries/STM32F10x_StdPeriph_Driver/src/stm32f10x_exti.c ****   *         be initialized.
 155:./Libraries/STM32F10x_StdPeriph_Driver/src/stm32f10x_exti.c ****   * @retval None
 156:./Libraries/STM32F10x_StdPeriph_Driver/src/stm32f10x_exti.c ****   */
 157:./Libraries/STM32F10x_StdPeriph_Driver/src/stm32f10x_exti.c **** void EXTI_StructInit(EXTI_InitTypeDef* EXTI_InitStruct)
 158:./Libraries/STM32F10x_StdPeriph_Driver/src/stm32f10x_exti.c **** {
 230              		.loc 1 158 1 is_stmt 1 view -0
ARM GAS  /tmp/ccUqRWuI.s 			page 8


 231              		.cfi_startproc
 232              		@ args = 0, pretend = 0, frame = 0
 233              		@ frame_needed = 0, uses_anonymous_args = 0
 234              		@ link register save eliminated.
 159:./Libraries/STM32F10x_StdPeriph_Driver/src/stm32f10x_exti.c ****   EXTI_InitStruct->EXTI_Line = EXTI_LINENONE;
 235              		.loc 1 159 3 view .LVU71
 236              		.loc 1 159 30 is_stmt 0 view .LVU72
 237 0000 0023     		movs	r3, #0
 238 0002 0360     		str	r3, [r0]
 160:./Libraries/STM32F10x_StdPeriph_Driver/src/stm32f10x_exti.c ****   EXTI_InitStruct->EXTI_Mode = EXTI_Mode_Interrupt;
 239              		.loc 1 160 3 is_stmt 1 view .LVU73
 240              		.loc 1 160 30 is_stmt 0 view .LVU74
 241 0004 0371     		strb	r3, [r0, #4]
 161:./Libraries/STM32F10x_StdPeriph_Driver/src/stm32f10x_exti.c ****   EXTI_InitStruct->EXTI_Trigger = EXTI_Trigger_Falling;
 242              		.loc 1 161 3 is_stmt 1 view .LVU75
 243              		.loc 1 161 33 is_stmt 0 view .LVU76
 244 0006 0C22     		movs	r2, #12
 245 0008 4271     		strb	r2, [r0, #5]
 162:./Libraries/STM32F10x_StdPeriph_Driver/src/stm32f10x_exti.c ****   EXTI_InitStruct->EXTI_LineCmd = DISABLE;
 246              		.loc 1 162 3 is_stmt 1 view .LVU77
 247              		.loc 1 162 33 is_stmt 0 view .LVU78
 248 000a 8371     		strb	r3, [r0, #6]
 163:./Libraries/STM32F10x_StdPeriph_Driver/src/stm32f10x_exti.c **** }
 249              		.loc 1 163 1 view .LVU79
 250 000c 7047     		bx	lr
 251              		.cfi_endproc
 252              	.LFE31:
 254              		.section	.text.EXTI_GenerateSWInterrupt,"ax",%progbits
 255              		.align	1
 256              		.global	EXTI_GenerateSWInterrupt
 257              		.syntax unified
 258              		.thumb
 259              		.thumb_func
 260              		.fpu softvfp
 262              	EXTI_GenerateSWInterrupt:
 263              	.LVL9:
 264              	.LFB32:
 164:./Libraries/STM32F10x_StdPeriph_Driver/src/stm32f10x_exti.c **** 
 165:./Libraries/STM32F10x_StdPeriph_Driver/src/stm32f10x_exti.c **** /**
 166:./Libraries/STM32F10x_StdPeriph_Driver/src/stm32f10x_exti.c ****   * @brief  Generates a Software interrupt.
 167:./Libraries/STM32F10x_StdPeriph_Driver/src/stm32f10x_exti.c ****   * @param  EXTI_Line: specifies the EXTI lines to be enabled or disabled.
 168:./Libraries/STM32F10x_StdPeriph_Driver/src/stm32f10x_exti.c ****   *   This parameter can be any combination of EXTI_Linex where x can be (0..19).
 169:./Libraries/STM32F10x_StdPeriph_Driver/src/stm32f10x_exti.c ****   * @retval None
 170:./Libraries/STM32F10x_StdPeriph_Driver/src/stm32f10x_exti.c ****   */
 171:./Libraries/STM32F10x_StdPeriph_Driver/src/stm32f10x_exti.c **** void EXTI_GenerateSWInterrupt(uint32_t EXTI_Line)
 172:./Libraries/STM32F10x_StdPeriph_Driver/src/stm32f10x_exti.c **** {
 265              		.loc 1 172 1 is_stmt 1 view -0
 266              		.cfi_startproc
 267              		@ args = 0, pretend = 0, frame = 0
 268              		@ frame_needed = 0, uses_anonymous_args = 0
 269              		@ link register save eliminated.
 173:./Libraries/STM32F10x_StdPeriph_Driver/src/stm32f10x_exti.c ****   /* Check the parameters */
 174:./Libraries/STM32F10x_StdPeriph_Driver/src/stm32f10x_exti.c ****   assert_param(IS_EXTI_LINE(EXTI_Line));
 270              		.loc 1 174 3 view .LVU81
 175:./Libraries/STM32F10x_StdPeriph_Driver/src/stm32f10x_exti.c ****   
 176:./Libraries/STM32F10x_StdPeriph_Driver/src/stm32f10x_exti.c ****   EXTI->SWIER |= EXTI_Line;
 271              		.loc 1 176 3 view .LVU82
ARM GAS  /tmp/ccUqRWuI.s 			page 9


 272              		.loc 1 176 15 is_stmt 0 view .LVU83
 273 0000 024A     		ldr	r2, .L17
 274 0002 1369     		ldr	r3, [r2, #16]
 275 0004 0343     		orrs	r3, r3, r0
 276 0006 1361     		str	r3, [r2, #16]
 177:./Libraries/STM32F10x_StdPeriph_Driver/src/stm32f10x_exti.c **** }
 277              		.loc 1 177 1 view .LVU84
 278 0008 7047     		bx	lr
 279              	.L18:
 280 000a 00BF     		.align	2
 281              	.L17:
 282 000c 00040140 		.word	1073808384
 283              		.cfi_endproc
 284              	.LFE32:
 286              		.section	.text.EXTI_GetFlagStatus,"ax",%progbits
 287              		.align	1
 288              		.global	EXTI_GetFlagStatus
 289              		.syntax unified
 290              		.thumb
 291              		.thumb_func
 292              		.fpu softvfp
 294              	EXTI_GetFlagStatus:
 295              	.LVL10:
 296              	.LFB33:
 178:./Libraries/STM32F10x_StdPeriph_Driver/src/stm32f10x_exti.c **** 
 179:./Libraries/STM32F10x_StdPeriph_Driver/src/stm32f10x_exti.c **** /**
 180:./Libraries/STM32F10x_StdPeriph_Driver/src/stm32f10x_exti.c ****   * @brief  Checks whether the specified EXTI line flag is set or not.
 181:./Libraries/STM32F10x_StdPeriph_Driver/src/stm32f10x_exti.c ****   * @param  EXTI_Line: specifies the EXTI line flag to check.
 182:./Libraries/STM32F10x_StdPeriph_Driver/src/stm32f10x_exti.c ****   *   This parameter can be:
 183:./Libraries/STM32F10x_StdPeriph_Driver/src/stm32f10x_exti.c ****   *     @arg EXTI_Linex: External interrupt line x where x(0..19)
 184:./Libraries/STM32F10x_StdPeriph_Driver/src/stm32f10x_exti.c ****   * @retval The new state of EXTI_Line (SET or RESET).
 185:./Libraries/STM32F10x_StdPeriph_Driver/src/stm32f10x_exti.c ****   */
 186:./Libraries/STM32F10x_StdPeriph_Driver/src/stm32f10x_exti.c **** FlagStatus EXTI_GetFlagStatus(uint32_t EXTI_Line)
 187:./Libraries/STM32F10x_StdPeriph_Driver/src/stm32f10x_exti.c **** {
 297              		.loc 1 187 1 is_stmt 1 view -0
 298              		.cfi_startproc
 299              		@ args = 0, pretend = 0, frame = 0
 300              		@ frame_needed = 0, uses_anonymous_args = 0
 301              		@ link register save eliminated.
 188:./Libraries/STM32F10x_StdPeriph_Driver/src/stm32f10x_exti.c ****   FlagStatus bitstatus = RESET;
 302              		.loc 1 188 3 view .LVU86
 189:./Libraries/STM32F10x_StdPeriph_Driver/src/stm32f10x_exti.c ****   /* Check the parameters */
 190:./Libraries/STM32F10x_StdPeriph_Driver/src/stm32f10x_exti.c ****   assert_param(IS_GET_EXTI_LINE(EXTI_Line));
 303              		.loc 1 190 3 view .LVU87
 191:./Libraries/STM32F10x_StdPeriph_Driver/src/stm32f10x_exti.c ****   
 192:./Libraries/STM32F10x_StdPeriph_Driver/src/stm32f10x_exti.c ****   if ((EXTI->PR & EXTI_Line) != (uint32_t)RESET)
 304              		.loc 1 192 3 view .LVU88
 305              		.loc 1 192 12 is_stmt 0 view .LVU89
 306 0000 034B     		ldr	r3, .L22
 307 0002 5B69     		ldr	r3, [r3, #20]
 308              		.loc 1 192 6 view .LVU90
 309 0004 0342     		tst	r3, r0
 310 0006 01D0     		beq	.L21
 193:./Libraries/STM32F10x_StdPeriph_Driver/src/stm32f10x_exti.c ****   {
 194:./Libraries/STM32F10x_StdPeriph_Driver/src/stm32f10x_exti.c ****     bitstatus = SET;
 311              		.loc 1 194 15 view .LVU91
 312 0008 0120     		movs	r0, #1
ARM GAS  /tmp/ccUqRWuI.s 			page 10


 313              	.LVL11:
 314              		.loc 1 194 15 view .LVU92
 315 000a 7047     		bx	lr
 316              	.LVL12:
 317              	.L21:
 195:./Libraries/STM32F10x_StdPeriph_Driver/src/stm32f10x_exti.c ****   }
 196:./Libraries/STM32F10x_StdPeriph_Driver/src/stm32f10x_exti.c ****   else
 197:./Libraries/STM32F10x_StdPeriph_Driver/src/stm32f10x_exti.c ****   {
 198:./Libraries/STM32F10x_StdPeriph_Driver/src/stm32f10x_exti.c ****     bitstatus = RESET;
 318              		.loc 1 198 15 view .LVU93
 319 000c 0020     		movs	r0, #0
 320              	.LVL13:
 199:./Libraries/STM32F10x_StdPeriph_Driver/src/stm32f10x_exti.c ****   }
 200:./Libraries/STM32F10x_StdPeriph_Driver/src/stm32f10x_exti.c ****   return bitstatus;
 321              		.loc 1 200 3 is_stmt 1 view .LVU94
 201:./Libraries/STM32F10x_StdPeriph_Driver/src/stm32f10x_exti.c **** }
 322              		.loc 1 201 1 is_stmt 0 view .LVU95
 323 000e 7047     		bx	lr
 324              	.L23:
 325              		.align	2
 326              	.L22:
 327 0010 00040140 		.word	1073808384
 328              		.cfi_endproc
 329              	.LFE33:
 331              		.section	.text.EXTI_ClearFlag,"ax",%progbits
 332              		.align	1
 333              		.global	EXTI_ClearFlag
 334              		.syntax unified
 335              		.thumb
 336              		.thumb_func
 337              		.fpu softvfp
 339              	EXTI_ClearFlag:
 340              	.LVL14:
 341              	.LFB34:
 202:./Libraries/STM32F10x_StdPeriph_Driver/src/stm32f10x_exti.c **** 
 203:./Libraries/STM32F10x_StdPeriph_Driver/src/stm32f10x_exti.c **** /**
 204:./Libraries/STM32F10x_StdPeriph_Driver/src/stm32f10x_exti.c ****   * @brief  Clears the EXTI's line pending flags.
 205:./Libraries/STM32F10x_StdPeriph_Driver/src/stm32f10x_exti.c ****   * @param  EXTI_Line: specifies the EXTI lines flags to clear.
 206:./Libraries/STM32F10x_StdPeriph_Driver/src/stm32f10x_exti.c ****   *   This parameter can be any combination of EXTI_Linex where x can be (0..19).
 207:./Libraries/STM32F10x_StdPeriph_Driver/src/stm32f10x_exti.c ****   * @retval None
 208:./Libraries/STM32F10x_StdPeriph_Driver/src/stm32f10x_exti.c ****   */
 209:./Libraries/STM32F10x_StdPeriph_Driver/src/stm32f10x_exti.c **** void EXTI_ClearFlag(uint32_t EXTI_Line)
 210:./Libraries/STM32F10x_StdPeriph_Driver/src/stm32f10x_exti.c **** {
 342              		.loc 1 210 1 is_stmt 1 view -0
 343              		.cfi_startproc
 344              		@ args = 0, pretend = 0, frame = 0
 345              		@ frame_needed = 0, uses_anonymous_args = 0
 346              		@ link register save eliminated.
 211:./Libraries/STM32F10x_StdPeriph_Driver/src/stm32f10x_exti.c ****   /* Check the parameters */
 212:./Libraries/STM32F10x_StdPeriph_Driver/src/stm32f10x_exti.c ****   assert_param(IS_EXTI_LINE(EXTI_Line));
 347              		.loc 1 212 3 view .LVU97
 213:./Libraries/STM32F10x_StdPeriph_Driver/src/stm32f10x_exti.c ****   
 214:./Libraries/STM32F10x_StdPeriph_Driver/src/stm32f10x_exti.c ****   EXTI->PR = EXTI_Line;
 348              		.loc 1 214 3 view .LVU98
 349              		.loc 1 214 12 is_stmt 0 view .LVU99
 350 0000 014B     		ldr	r3, .L25
 351 0002 5861     		str	r0, [r3, #20]
ARM GAS  /tmp/ccUqRWuI.s 			page 11


 215:./Libraries/STM32F10x_StdPeriph_Driver/src/stm32f10x_exti.c **** }
 352              		.loc 1 215 1 view .LVU100
 353 0004 7047     		bx	lr
 354              	.L26:
 355 0006 00BF     		.align	2
 356              	.L25:
 357 0008 00040140 		.word	1073808384
 358              		.cfi_endproc
 359              	.LFE34:
 361              		.section	.text.EXTI_GetITStatus,"ax",%progbits
 362              		.align	1
 363              		.global	EXTI_GetITStatus
 364              		.syntax unified
 365              		.thumb
 366              		.thumb_func
 367              		.fpu softvfp
 369              	EXTI_GetITStatus:
 370              	.LVL15:
 371              	.LFB35:
 216:./Libraries/STM32F10x_StdPeriph_Driver/src/stm32f10x_exti.c **** 
 217:./Libraries/STM32F10x_StdPeriph_Driver/src/stm32f10x_exti.c **** /**
 218:./Libraries/STM32F10x_StdPeriph_Driver/src/stm32f10x_exti.c ****   * @brief  Checks whether the specified EXTI line is asserted or not.
 219:./Libraries/STM32F10x_StdPeriph_Driver/src/stm32f10x_exti.c ****   * @param  EXTI_Line: specifies the EXTI line to check.
 220:./Libraries/STM32F10x_StdPeriph_Driver/src/stm32f10x_exti.c ****   *   This parameter can be:
 221:./Libraries/STM32F10x_StdPeriph_Driver/src/stm32f10x_exti.c ****   *     @arg EXTI_Linex: External interrupt line x where x(0..19)
 222:./Libraries/STM32F10x_StdPeriph_Driver/src/stm32f10x_exti.c ****   * @retval The new state of EXTI_Line (SET or RESET).
 223:./Libraries/STM32F10x_StdPeriph_Driver/src/stm32f10x_exti.c ****   */
 224:./Libraries/STM32F10x_StdPeriph_Driver/src/stm32f10x_exti.c **** ITStatus EXTI_GetITStatus(uint32_t EXTI_Line)
 225:./Libraries/STM32F10x_StdPeriph_Driver/src/stm32f10x_exti.c **** {
 372              		.loc 1 225 1 is_stmt 1 view -0
 373              		.cfi_startproc
 374              		@ args = 0, pretend = 0, frame = 0
 375              		@ frame_needed = 0, uses_anonymous_args = 0
 376              		@ link register save eliminated.
 226:./Libraries/STM32F10x_StdPeriph_Driver/src/stm32f10x_exti.c ****   ITStatus bitstatus = RESET;
 377              		.loc 1 226 3 view .LVU102
 227:./Libraries/STM32F10x_StdPeriph_Driver/src/stm32f10x_exti.c ****   uint32_t enablestatus = 0;
 378              		.loc 1 227 3 view .LVU103
 228:./Libraries/STM32F10x_StdPeriph_Driver/src/stm32f10x_exti.c ****   /* Check the parameters */
 229:./Libraries/STM32F10x_StdPeriph_Driver/src/stm32f10x_exti.c ****   assert_param(IS_GET_EXTI_LINE(EXTI_Line));
 379              		.loc 1 229 3 view .LVU104
 230:./Libraries/STM32F10x_StdPeriph_Driver/src/stm32f10x_exti.c ****   
 231:./Libraries/STM32F10x_StdPeriph_Driver/src/stm32f10x_exti.c ****   enablestatus =  EXTI->IMR & EXTI_Line;
 380              		.loc 1 231 3 view .LVU105
 381              		.loc 1 231 23 is_stmt 0 view .LVU106
 382 0000 064A     		ldr	r2, .L31
 383 0002 1368     		ldr	r3, [r2]
 384              		.loc 1 231 16 view .LVU107
 385 0004 0340     		ands	r3, r3, r0
 386              	.LVL16:
 232:./Libraries/STM32F10x_StdPeriph_Driver/src/stm32f10x_exti.c ****   if (((EXTI->PR & EXTI_Line) != (uint32_t)RESET) && (enablestatus != (uint32_t)RESET))
 387              		.loc 1 232 3 is_stmt 1 view .LVU108
 388              		.loc 1 232 13 is_stmt 0 view .LVU109
 389 0006 5269     		ldr	r2, [r2, #20]
 390              		.loc 1 232 6 view .LVU110
 391 0008 0242     		tst	r2, r0
 392 000a 02D0     		beq	.L29
ARM GAS  /tmp/ccUqRWuI.s 			page 12


 393              		.loc 1 232 51 discriminator 1 view .LVU111
 394 000c 1BB9     		cbnz	r3, .L30
 233:./Libraries/STM32F10x_StdPeriph_Driver/src/stm32f10x_exti.c ****   {
 234:./Libraries/STM32F10x_StdPeriph_Driver/src/stm32f10x_exti.c ****     bitstatus = SET;
 235:./Libraries/STM32F10x_StdPeriph_Driver/src/stm32f10x_exti.c ****   }
 236:./Libraries/STM32F10x_StdPeriph_Driver/src/stm32f10x_exti.c ****   else
 237:./Libraries/STM32F10x_StdPeriph_Driver/src/stm32f10x_exti.c ****   {
 238:./Libraries/STM32F10x_StdPeriph_Driver/src/stm32f10x_exti.c ****     bitstatus = RESET;
 395              		.loc 1 238 15 view .LVU112
 396 000e 0020     		movs	r0, #0
 397              	.LVL17:
 398              		.loc 1 238 15 view .LVU113
 399 0010 7047     		bx	lr
 400              	.LVL18:
 401              	.L29:
 402              		.loc 1 238 15 view .LVU114
 403 0012 0020     		movs	r0, #0
 404              	.LVL19:
 405              		.loc 1 238 15 view .LVU115
 406 0014 7047     		bx	lr
 407              	.LVL20:
 408              	.L30:
 234:./Libraries/STM32F10x_StdPeriph_Driver/src/stm32f10x_exti.c ****   }
 409              		.loc 1 234 15 view .LVU116
 410 0016 0120     		movs	r0, #1
 411              	.LVL21:
 239:./Libraries/STM32F10x_StdPeriph_Driver/src/stm32f10x_exti.c ****   }
 240:./Libraries/STM32F10x_StdPeriph_Driver/src/stm32f10x_exti.c ****   return bitstatus;
 412              		.loc 1 240 3 is_stmt 1 view .LVU117
 241:./Libraries/STM32F10x_StdPeriph_Driver/src/stm32f10x_exti.c **** }
 413              		.loc 1 241 1 is_stmt 0 view .LVU118
 414 0018 7047     		bx	lr
 415              	.L32:
 416 001a 00BF     		.align	2
 417              	.L31:
 418 001c 00040140 		.word	1073808384
 419              		.cfi_endproc
 420              	.LFE35:
 422              		.section	.text.EXTI_ClearITPendingBit,"ax",%progbits
 423              		.align	1
 424              		.global	EXTI_ClearITPendingBit
 425              		.syntax unified
 426              		.thumb
 427              		.thumb_func
 428              		.fpu softvfp
 430              	EXTI_ClearITPendingBit:
 431              	.LVL22:
 432              	.LFB36:
 242:./Libraries/STM32F10x_StdPeriph_Driver/src/stm32f10x_exti.c **** 
 243:./Libraries/STM32F10x_StdPeriph_Driver/src/stm32f10x_exti.c **** /**
 244:./Libraries/STM32F10x_StdPeriph_Driver/src/stm32f10x_exti.c ****   * @brief  Clears the EXTI's line pending bits.
 245:./Libraries/STM32F10x_StdPeriph_Driver/src/stm32f10x_exti.c ****   * @param  EXTI_Line: specifies the EXTI lines to clear.
 246:./Libraries/STM32F10x_StdPeriph_Driver/src/stm32f10x_exti.c ****   *   This parameter can be any combination of EXTI_Linex where x can be (0..19).
 247:./Libraries/STM32F10x_StdPeriph_Driver/src/stm32f10x_exti.c ****   * @retval None
 248:./Libraries/STM32F10x_StdPeriph_Driver/src/stm32f10x_exti.c ****   */
 249:./Libraries/STM32F10x_StdPeriph_Driver/src/stm32f10x_exti.c **** void EXTI_ClearITPendingBit(uint32_t EXTI_Line)
 250:./Libraries/STM32F10x_StdPeriph_Driver/src/stm32f10x_exti.c **** {
ARM GAS  /tmp/ccUqRWuI.s 			page 13


 433              		.loc 1 250 1 is_stmt 1 view -0
 434              		.cfi_startproc
 435              		@ args = 0, pretend = 0, frame = 0
 436              		@ frame_needed = 0, uses_anonymous_args = 0
 437              		@ link register save eliminated.
 251:./Libraries/STM32F10x_StdPeriph_Driver/src/stm32f10x_exti.c ****   /* Check the parameters */
 252:./Libraries/STM32F10x_StdPeriph_Driver/src/stm32f10x_exti.c ****   assert_param(IS_EXTI_LINE(EXTI_Line));
 438              		.loc 1 252 3 view .LVU120
 253:./Libraries/STM32F10x_StdPeriph_Driver/src/stm32f10x_exti.c ****   
 254:./Libraries/STM32F10x_StdPeriph_Driver/src/stm32f10x_exti.c ****   EXTI->PR = EXTI_Line;
 439              		.loc 1 254 3 view .LVU121
 440              		.loc 1 254 12 is_stmt 0 view .LVU122
 441 0000 014B     		ldr	r3, .L34
 442 0002 5861     		str	r0, [r3, #20]
 255:./Libraries/STM32F10x_StdPeriph_Driver/src/stm32f10x_exti.c **** }
 443              		.loc 1 255 1 view .LVU123
 444 0004 7047     		bx	lr
 445              	.L35:
 446 0006 00BF     		.align	2
 447              	.L34:
 448 0008 00040140 		.word	1073808384
 449              		.cfi_endproc
 450              	.LFE36:
 452              		.text
 453              	.Letext0:
 454              		.file 2 "/home/hao/Documents/gcc-arm-none-eabi/arm-none-eabi/include/machine/_default_types.h"
 455              		.file 3 "/home/hao/Documents/gcc-arm-none-eabi/arm-none-eabi/include/sys/_stdint.h"
 456              		.file 4 "./Libraries/CMSIS/stm32f10x.h"
 457              		.file 5 "./Libraries/STM32F10x_StdPeriph_Driver/inc/stm32f10x_exti.h"
ARM GAS  /tmp/ccUqRWuI.s 			page 14


DEFINED SYMBOLS
                            *ABS*:0000000000000000 stm32f10x_exti.c
     /tmp/ccUqRWuI.s:16     .text.EXTI_DeInit:0000000000000000 $t
     /tmp/ccUqRWuI.s:24     .text.EXTI_DeInit:0000000000000000 EXTI_DeInit
     /tmp/ccUqRWuI.s:55     .text.EXTI_DeInit:0000000000000014 $d
     /tmp/ccUqRWuI.s:61     .text.EXTI_Init:0000000000000000 $t
     /tmp/ccUqRWuI.s:68     .text.EXTI_Init:0000000000000000 EXTI_Init
     /tmp/ccUqRWuI.s:215    .text.EXTI_Init:0000000000000088 $d
     /tmp/ccUqRWuI.s:220    .text.EXTI_StructInit:0000000000000000 $t
     /tmp/ccUqRWuI.s:227    .text.EXTI_StructInit:0000000000000000 EXTI_StructInit
     /tmp/ccUqRWuI.s:255    .text.EXTI_GenerateSWInterrupt:0000000000000000 $t
     /tmp/ccUqRWuI.s:262    .text.EXTI_GenerateSWInterrupt:0000000000000000 EXTI_GenerateSWInterrupt
     /tmp/ccUqRWuI.s:282    .text.EXTI_GenerateSWInterrupt:000000000000000c $d
     /tmp/ccUqRWuI.s:287    .text.EXTI_GetFlagStatus:0000000000000000 $t
     /tmp/ccUqRWuI.s:294    .text.EXTI_GetFlagStatus:0000000000000000 EXTI_GetFlagStatus
     /tmp/ccUqRWuI.s:327    .text.EXTI_GetFlagStatus:0000000000000010 $d
     /tmp/ccUqRWuI.s:332    .text.EXTI_ClearFlag:0000000000000000 $t
     /tmp/ccUqRWuI.s:339    .text.EXTI_ClearFlag:0000000000000000 EXTI_ClearFlag
     /tmp/ccUqRWuI.s:357    .text.EXTI_ClearFlag:0000000000000008 $d
     /tmp/ccUqRWuI.s:362    .text.EXTI_GetITStatus:0000000000000000 $t
     /tmp/ccUqRWuI.s:369    .text.EXTI_GetITStatus:0000000000000000 EXTI_GetITStatus
     /tmp/ccUqRWuI.s:418    .text.EXTI_GetITStatus:000000000000001c $d
     /tmp/ccUqRWuI.s:423    .text.EXTI_ClearITPendingBit:0000000000000000 $t
     /tmp/ccUqRWuI.s:430    .text.EXTI_ClearITPendingBit:0000000000000000 EXTI_ClearITPendingBit
     /tmp/ccUqRWuI.s:448    .text.EXTI_ClearITPendingBit:0000000000000008 $d

NO UNDEFINED SYMBOLS
