ARM GAS  /tmp/ccwijNuV.s 			page 1


   1              		.cpu cortex-m3
   2              		.eabi_attribute 20, 1
   3              		.eabi_attribute 21, 1
   4              		.eabi_attribute 23, 3
   5              		.eabi_attribute 24, 1
   6              		.eabi_attribute 25, 1
   7              		.eabi_attribute 26, 1
   8              		.eabi_attribute 30, 1
   9              		.eabi_attribute 34, 1
  10              		.eabi_attribute 18, 4
  11              		.file	"usart.c"
  12              		.text
  13              	.Ltext0:
  14              		.cfi_sections	.debug_frame
  15              		.section	.text.Usart1_Init,"ax",%progbits
  16              		.align	1
  17              		.global	Usart1_Init
  18              		.arch armv7-m
  19              		.syntax unified
  20              		.thumb
  21              		.thumb_func
  22              		.fpu softvfp
  24              	Usart1_Init:
  25              	.LVL0:
  26              	.LFB32:
  27              		.file 1 "./Hardware/usart/usart.c"
   1:./Hardware/usart/usart.c **** /**
   2:./Hardware/usart/usart.c **** 	************************************************************
   3:./Hardware/usart/usart.c **** 	************************************************************
   4:./Hardware/usart/usart.c **** 	************************************************************
   5:./Hardware/usart/usart.c **** 	*	文件名： 	usart.c
   6:./Hardware/usart/usart.c **** 	*
   7:./Hardware/usart/usart.c **** 	*	作者： 		张继瑞
   8:./Hardware/usart/usart.c **** 	*
   9:./Hardware/usart/usart.c **** 	*	日期： 		2016-11-23
  10:./Hardware/usart/usart.c **** 	*
  11:./Hardware/usart/usart.c **** 	*	版本： 		V1.0
  12:./Hardware/usart/usart.c **** 	*
  13:./Hardware/usart/usart.c **** 	*	说明： 		单片机串口外设初始化，格式化打印
  14:./Hardware/usart/usart.c **** 	*
  15:./Hardware/usart/usart.c **** 	*	修改记录：	
  16:./Hardware/usart/usart.c **** 	************************************************************
  17:./Hardware/usart/usart.c **** 	************************************************************
  18:./Hardware/usart/usart.c **** 	************************************************************
  19:./Hardware/usart/usart.c **** **/
  20:./Hardware/usart/usart.c **** 
  21:./Hardware/usart/usart.c **** //硬件驱动
  22:./Hardware/usart/usart.c **** #include "usart.h"
  23:./Hardware/usart/usart.c **** #include "delay.h"
  24:./Hardware/usart/usart.c **** 
  25:./Hardware/usart/usart.c **** //C库
  26:./Hardware/usart/usart.c **** #include <stdarg.h>
  27:./Hardware/usart/usart.c **** #include <string.h>
  28:./Hardware/usart/usart.c **** #include <stdio.h>
  29:./Hardware/usart/usart.c **** 
  30:./Hardware/usart/usart.c **** 
  31:./Hardware/usart/usart.c **** /*
ARM GAS  /tmp/ccwijNuV.s 			page 2


  32:./Hardware/usart/usart.c **** ************************************************************
  33:./Hardware/usart/usart.c **** *	函数名称：	Usart1_Init
  34:./Hardware/usart/usart.c **** *
  35:./Hardware/usart/usart.c **** *	函数功能：	串口1初始化
  36:./Hardware/usart/usart.c **** *
  37:./Hardware/usart/usart.c **** *	入口参数：	baud：设定的波特率
  38:./Hardware/usart/usart.c **** *
  39:./Hardware/usart/usart.c **** *	返回参数：	无
  40:./Hardware/usart/usart.c **** *
  41:./Hardware/usart/usart.c **** *	说明：		TX-PA9		RX-PA10
  42:./Hardware/usart/usart.c **** ************************************************************
  43:./Hardware/usart/usart.c **** */
  44:./Hardware/usart/usart.c **** void Usart1_Init(unsigned int baud)
  45:./Hardware/usart/usart.c **** {
  28              		.loc 1 45 1 view -0
  29              		.cfi_startproc
  30              		@ args = 0, pretend = 0, frame = 24
  31              		@ frame_needed = 0, uses_anonymous_args = 0
  32              		.loc 1 45 1 is_stmt 0 view .LVU1
  33 0000 70B5     		push	{r4, r5, r6, lr}
  34              	.LCFI0:
  35              		.cfi_def_cfa_offset 16
  36              		.cfi_offset 4, -16
  37              		.cfi_offset 5, -12
  38              		.cfi_offset 6, -8
  39              		.cfi_offset 14, -4
  40 0002 86B0     		sub	sp, sp, #24
  41              	.LCFI1:
  42              		.cfi_def_cfa_offset 40
  43 0004 0446     		mov	r4, r0
  46:./Hardware/usart/usart.c **** 
  47:./Hardware/usart/usart.c **** 	GPIO_InitTypeDef gpioInitStruct;
  44              		.loc 1 47 2 is_stmt 1 view .LVU2
  48:./Hardware/usart/usart.c **** 	USART_InitTypeDef usartInitStruct;
  45              		.loc 1 48 2 view .LVU3
  49:./Hardware/usart/usart.c **** 	NVIC_InitTypeDef nvicInitStruct;
  46              		.loc 1 49 2 view .LVU4
  50:./Hardware/usart/usart.c **** 	
  51:./Hardware/usart/usart.c **** 	RCC_APB2PeriphClockCmd(RCC_APB2Periph_GPIOA, ENABLE);
  47              		.loc 1 51 2 view .LVU5
  48 0006 0121     		movs	r1, #1
  49 0008 0420     		movs	r0, #4
  50              	.LVL1:
  51              		.loc 1 51 2 is_stmt 0 view .LVU6
  52 000a FFF7FEFF 		bl	RCC_APB2PeriphClockCmd
  53              	.LVL2:
  52:./Hardware/usart/usart.c **** 	RCC_APB2PeriphClockCmd(RCC_APB2Periph_USART1, ENABLE);
  54              		.loc 1 52 2 is_stmt 1 view .LVU7
  55 000e 0121     		movs	r1, #1
  56 0010 4FF48040 		mov	r0, #16384
  57 0014 FFF7FEFF 		bl	RCC_APB2PeriphClockCmd
  58              	.LVL3:
  53:./Hardware/usart/usart.c **** 	
  54:./Hardware/usart/usart.c **** 	//PA9	TXD
  55:./Hardware/usart/usart.c **** 	gpioInitStruct.GPIO_Mode = GPIO_Mode_AF_PP;
  59              		.loc 1 55 2 view .LVU8
  60              		.loc 1 55 27 is_stmt 0 view .LVU9
ARM GAS  /tmp/ccwijNuV.s 			page 3


  61 0018 1823     		movs	r3, #24
  62 001a 8DF81730 		strb	r3, [sp, #23]
  56:./Hardware/usart/usart.c **** 	gpioInitStruct.GPIO_Pin = GPIO_Pin_9;
  63              		.loc 1 56 2 is_stmt 1 view .LVU10
  64              		.loc 1 56 26 is_stmt 0 view .LVU11
  65 001e 4FF40073 		mov	r3, #512
  66 0022 ADF81430 		strh	r3, [sp, #20]	@ movhi
  57:./Hardware/usart/usart.c **** 	gpioInitStruct.GPIO_Speed = GPIO_Speed_50MHz;
  67              		.loc 1 57 2 is_stmt 1 view .LVU12
  68              		.loc 1 57 28 is_stmt 0 view .LVU13
  69 0026 0326     		movs	r6, #3
  70 0028 8DF81660 		strb	r6, [sp, #22]
  58:./Hardware/usart/usart.c **** 	GPIO_Init(GPIOA, &gpioInitStruct);
  71              		.loc 1 58 2 is_stmt 1 view .LVU14
  72 002c 1F4D     		ldr	r5, .L3
  73 002e 05A9     		add	r1, sp, #20
  74 0030 2846     		mov	r0, r5
  75 0032 FFF7FEFF 		bl	GPIO_Init
  76              	.LVL4:
  59:./Hardware/usart/usart.c **** 	
  60:./Hardware/usart/usart.c **** 	//PA10	RXD
  61:./Hardware/usart/usart.c **** 	gpioInitStruct.GPIO_Mode = GPIO_Mode_IN_FLOATING;
  77              		.loc 1 61 2 view .LVU15
  78              		.loc 1 61 27 is_stmt 0 view .LVU16
  79 0036 0423     		movs	r3, #4
  80 0038 8DF81730 		strb	r3, [sp, #23]
  62:./Hardware/usart/usart.c **** 	gpioInitStruct.GPIO_Pin = GPIO_Pin_10;
  81              		.loc 1 62 2 is_stmt 1 view .LVU17
  82              		.loc 1 62 26 is_stmt 0 view .LVU18
  83 003c 4FF48063 		mov	r3, #1024
  84 0040 ADF81430 		strh	r3, [sp, #20]	@ movhi
  63:./Hardware/usart/usart.c **** 	gpioInitStruct.GPIO_Speed = GPIO_Speed_50MHz;
  85              		.loc 1 63 2 is_stmt 1 view .LVU19
  86              		.loc 1 63 28 is_stmt 0 view .LVU20
  87 0044 8DF81660 		strb	r6, [sp, #22]
  64:./Hardware/usart/usart.c **** 	GPIO_Init(GPIOA, &gpioInitStruct);
  88              		.loc 1 64 2 is_stmt 1 view .LVU21
  89 0048 05A9     		add	r1, sp, #20
  90 004a 2846     		mov	r0, r5
  91 004c FFF7FEFF 		bl	GPIO_Init
  92              	.LVL5:
  65:./Hardware/usart/usart.c **** 	
  66:./Hardware/usart/usart.c **** 	usartInitStruct.USART_BaudRate = baud;
  93              		.loc 1 66 2 view .LVU22
  94              		.loc 1 66 33 is_stmt 0 view .LVU23
  95 0050 0194     		str	r4, [sp, #4]
  67:./Hardware/usart/usart.c **** 	usartInitStruct.USART_HardwareFlowControl = USART_HardwareFlowControl_None;		//无硬件流控
  96              		.loc 1 67 2 is_stmt 1 view .LVU24
  97              		.loc 1 67 44 is_stmt 0 view .LVU25
  98 0052 0024     		movs	r4, #0
  99              	.LVL6:
 100              		.loc 1 67 44 view .LVU26
 101 0054 ADF81040 		strh	r4, [sp, #16]	@ movhi
  68:./Hardware/usart/usart.c **** 	usartInitStruct.USART_Mode = USART_Mode_Rx | USART_Mode_Tx;						//接收和发送
 102              		.loc 1 68 2 is_stmt 1 view .LVU27
 103              		.loc 1 68 29 is_stmt 0 view .LVU28
 104 0058 0C23     		movs	r3, #12
ARM GAS  /tmp/ccwijNuV.s 			page 4


 105 005a ADF80E30 		strh	r3, [sp, #14]	@ movhi
  69:./Hardware/usart/usart.c **** 	usartInitStruct.USART_Parity = USART_Parity_No;									//无校验
 106              		.loc 1 69 2 is_stmt 1 view .LVU29
 107              		.loc 1 69 31 is_stmt 0 view .LVU30
 108 005e ADF80C40 		strh	r4, [sp, #12]	@ movhi
  70:./Hardware/usart/usart.c **** 	usartInitStruct.USART_StopBits = USART_StopBits_1;								//1位停止位
 109              		.loc 1 70 2 is_stmt 1 view .LVU31
 110              		.loc 1 70 33 is_stmt 0 view .LVU32
 111 0062 ADF80A40 		strh	r4, [sp, #10]	@ movhi
  71:./Hardware/usart/usart.c **** 	usartInitStruct.USART_WordLength = USART_WordLength_8b;							//8位数据位
 112              		.loc 1 71 2 is_stmt 1 view .LVU33
 113              		.loc 1 71 35 is_stmt 0 view .LVU34
 114 0066 ADF80840 		strh	r4, [sp, #8]	@ movhi
  72:./Hardware/usart/usart.c **** 	USART_Init(USART1, &usartInitStruct);
 115              		.loc 1 72 2 is_stmt 1 view .LVU35
 116 006a 05F54055 		add	r5, r5, #12288
 117 006e 01A9     		add	r1, sp, #4
 118              	.LVL7:
 119              		.loc 1 72 2 is_stmt 0 view .LVU36
 120 0070 2846     		mov	r0, r5
 121 0072 FFF7FEFF 		bl	USART_Init
 122              	.LVL8:
  73:./Hardware/usart/usart.c **** 	
  74:./Hardware/usart/usart.c **** 	USART_Cmd(USART1, ENABLE);														//使能串口
 123              		.loc 1 74 2 is_stmt 1 view .LVU37
 124 0076 0121     		movs	r1, #1
 125 0078 2846     		mov	r0, r5
 126 007a FFF7FEFF 		bl	USART_Cmd
 127              	.LVL9:
  75:./Hardware/usart/usart.c **** 	
  76:./Hardware/usart/usart.c **** 	USART_ITConfig(USART1, USART_IT_RXNE, ENABLE);									//使能接收中断
 128              		.loc 1 76 2 view .LVU38
 129 007e 0122     		movs	r2, #1
 130 0080 40F22551 		movw	r1, #1317
 131 0084 2846     		mov	r0, r5
 132 0086 FFF7FEFF 		bl	USART_ITConfig
 133              	.LVL10:
  77:./Hardware/usart/usart.c **** 	
  78:./Hardware/usart/usart.c **** 	nvicInitStruct.NVIC_IRQChannel = USART1_IRQn;
 134              		.loc 1 78 2 view .LVU39
 135              		.loc 1 78 33 is_stmt 0 view .LVU40
 136 008a 2523     		movs	r3, #37
 137 008c 8DF80030 		strb	r3, [sp]
  79:./Hardware/usart/usart.c **** 	nvicInitStruct.NVIC_IRQChannelCmd = ENABLE;
 138              		.loc 1 79 2 is_stmt 1 view .LVU41
 139              		.loc 1 79 36 is_stmt 0 view .LVU42
 140 0090 0123     		movs	r3, #1
 141 0092 8DF80330 		strb	r3, [sp, #3]
  80:./Hardware/usart/usart.c **** 	nvicInitStruct.NVIC_IRQChannelPreemptionPriority = 0;
 142              		.loc 1 80 2 is_stmt 1 view .LVU43
 143              		.loc 1 80 51 is_stmt 0 view .LVU44
 144 0096 8DF80140 		strb	r4, [sp, #1]
  81:./Hardware/usart/usart.c **** 	nvicInitStruct.NVIC_IRQChannelSubPriority = 2;
 145              		.loc 1 81 2 is_stmt 1 view .LVU45
 146              		.loc 1 81 44 is_stmt 0 view .LVU46
 147 009a 0223     		movs	r3, #2
 148 009c 8DF80230 		strb	r3, [sp, #2]
ARM GAS  /tmp/ccwijNuV.s 			page 5


  82:./Hardware/usart/usart.c **** 	NVIC_Init(&nvicInitStruct);
 149              		.loc 1 82 2 is_stmt 1 view .LVU47
 150 00a0 6846     		mov	r0, sp
 151 00a2 FFF7FEFF 		bl	NVIC_Init
 152              	.LVL11:
  83:./Hardware/usart/usart.c **** 
  84:./Hardware/usart/usart.c **** }
 153              		.loc 1 84 1 is_stmt 0 view .LVU48
 154 00a6 06B0     		add	sp, sp, #24
 155              	.LCFI2:
 156              		.cfi_def_cfa_offset 16
 157              		@ sp needed
 158 00a8 70BD     		pop	{r4, r5, r6, pc}
 159              	.L4:
 160 00aa 00BF     		.align	2
 161              	.L3:
 162 00ac 00080140 		.word	1073809408
 163              		.cfi_endproc
 164              	.LFE32:
 166              		.section	.text.Usart_SendString,"ax",%progbits
 167              		.align	1
 168              		.global	Usart_SendString
 169              		.syntax unified
 170              		.thumb
 171              		.thumb_func
 172              		.fpu softvfp
 174              	Usart_SendString:
 175              	.LVL12:
 176              	.LFB33:
  85:./Hardware/usart/usart.c **** 
  86:./Hardware/usart/usart.c **** /*
  87:./Hardware/usart/usart.c **** ************************************************************
  88:./Hardware/usart/usart.c **** *	函数名称：	Usart_SendString
  89:./Hardware/usart/usart.c **** *
  90:./Hardware/usart/usart.c **** *	函数功能：	串口数据发送
  91:./Hardware/usart/usart.c **** *
  92:./Hardware/usart/usart.c **** *	入口参数：	USARTx：串口组
  93:./Hardware/usart/usart.c **** *				str：要发送的数据
  94:./Hardware/usart/usart.c **** *				len：数据长度
  95:./Hardware/usart/usart.c **** *
  96:./Hardware/usart/usart.c **** *	返回参数：	无
  97:./Hardware/usart/usart.c **** *
  98:./Hardware/usart/usart.c **** *	说明：		
  99:./Hardware/usart/usart.c **** ************************************************************
 100:./Hardware/usart/usart.c **** */
 101:./Hardware/usart/usart.c **** void Usart_SendString(USART_TypeDef *USARTx, unsigned char *str, unsigned short len)
 102:./Hardware/usart/usart.c **** {
 177              		.loc 1 102 1 is_stmt 1 view -0
 178              		.cfi_startproc
 179              		@ args = 0, pretend = 0, frame = 0
 180              		@ frame_needed = 0, uses_anonymous_args = 0
 181              		.loc 1 102 1 is_stmt 0 view .LVU50
 182 0000 F8B5     		push	{r3, r4, r5, r6, r7, lr}
 183              	.LCFI3:
 184              		.cfi_def_cfa_offset 24
 185              		.cfi_offset 3, -24
 186              		.cfi_offset 4, -20
ARM GAS  /tmp/ccwijNuV.s 			page 6


 187              		.cfi_offset 5, -16
 188              		.cfi_offset 6, -12
 189              		.cfi_offset 7, -8
 190              		.cfi_offset 14, -4
 191 0002 0446     		mov	r4, r0
 192 0004 0D46     		mov	r5, r1
 193 0006 1746     		mov	r7, r2
 103:./Hardware/usart/usart.c **** 
 104:./Hardware/usart/usart.c **** 	unsigned short count = 0;
 194              		.loc 1 104 2 is_stmt 1 view .LVU51
 195              	.LVL13:
 105:./Hardware/usart/usart.c **** 	
 106:./Hardware/usart/usart.c **** 	for(; count < len; count++)
 196              		.loc 1 106 2 view .LVU52
 104:./Hardware/usart/usart.c **** 	
 197              		.loc 1 104 17 is_stmt 0 view .LVU53
 198 0008 0026     		movs	r6, #0
 199              		.loc 1 106 2 view .LVU54
 200 000a 0CE0     		b	.L6
 201              	.LVL14:
 202              	.L8:
 107:./Hardware/usart/usart.c **** 	{
 108:./Hardware/usart/usart.c **** 		USART_SendData(USARTx, *str++);									//发送数据
 203              		.loc 1 108 3 is_stmt 1 view .LVU55
 204              		.loc 1 108 3 is_stmt 0 view .LVU56
 205 000c 15F8011B 		ldrb	r1, [r5], #1	@ zero_extendqisi2
 206              	.LVL15:
 207              		.loc 1 108 3 view .LVU57
 208 0010 2046     		mov	r0, r4
 209 0012 FFF7FEFF 		bl	USART_SendData
 210              	.LVL16:
 109:./Hardware/usart/usart.c **** 		while(USART_GetFlagStatus(USARTx, USART_FLAG_TC) == RESET);		//等待发送完成
 211              		.loc 1 109 3 is_stmt 1 view .LVU58
 212              	.L7:
 213              		.loc 1 109 61 discriminator 1 view .LVU59
 214              		.loc 1 109 8 discriminator 1 view .LVU60
 215              		.loc 1 109 9 is_stmt 0 discriminator 1 view .LVU61
 216 0016 4021     		movs	r1, #64
 217 0018 2046     		mov	r0, r4
 218 001a FFF7FEFF 		bl	USART_GetFlagStatus
 219              	.LVL17:
 220              		.loc 1 109 8 discriminator 1 view .LVU62
 221 001e 0028     		cmp	r0, #0
 222 0020 F9D0     		beq	.L7
 106:./Hardware/usart/usart.c **** 	{
 223              		.loc 1 106 21 is_stmt 1 view .LVU63
 106:./Hardware/usart/usart.c **** 	{
 224              		.loc 1 106 26 is_stmt 0 view .LVU64
 225 0022 0136     		adds	r6, r6, #1
 226              	.LVL18:
 106:./Hardware/usart/usart.c **** 	{
 227              		.loc 1 106 26 view .LVU65
 228 0024 B6B2     		uxth	r6, r6
 229              	.LVL19:
 230              	.L6:
 106:./Hardware/usart/usart.c **** 	{
 231              		.loc 1 106 8 is_stmt 1 discriminator 1 view .LVU66
ARM GAS  /tmp/ccwijNuV.s 			page 7


 106:./Hardware/usart/usart.c **** 	{
 232              		.loc 1 106 2 is_stmt 0 discriminator 1 view .LVU67
 233 0026 BE42     		cmp	r6, r7
 234 0028 F0D3     		bcc	.L8
 110:./Hardware/usart/usart.c **** 	}
 111:./Hardware/usart/usart.c **** 
 112:./Hardware/usart/usart.c **** }
 235              		.loc 1 112 1 view .LVU68
 236 002a F8BD     		pop	{r3, r4, r5, r6, r7, pc}
 237              		.loc 1 112 1 view .LVU69
 238              		.cfi_endproc
 239              	.LFE33:
 241              		.section	.text.UsartPrintf,"ax",%progbits
 242              		.align	1
 243              		.global	UsartPrintf
 244              		.syntax unified
 245              		.thumb
 246              		.thumb_func
 247              		.fpu softvfp
 249              	UsartPrintf:
 250              	.LVL20:
 251              	.LFB34:
 113:./Hardware/usart/usart.c **** 
 114:./Hardware/usart/usart.c **** /*
 115:./Hardware/usart/usart.c **** ************************************************************
 116:./Hardware/usart/usart.c **** *	函数名称：	UsartPrintf
 117:./Hardware/usart/usart.c **** *
 118:./Hardware/usart/usart.c **** *	函数功能：	格式化打印
 119:./Hardware/usart/usart.c **** *
 120:./Hardware/usart/usart.c **** *	入口参数：	USARTx：串口组
 121:./Hardware/usart/usart.c **** *				fmt：不定长参
 122:./Hardware/usart/usart.c **** *
 123:./Hardware/usart/usart.c **** *	返回参数：	无
 124:./Hardware/usart/usart.c **** *
 125:./Hardware/usart/usart.c **** *	说明：		
 126:./Hardware/usart/usart.c **** ************************************************************
 127:./Hardware/usart/usart.c **** */
 128:./Hardware/usart/usart.c **** void UsartPrintf(USART_TypeDef *USARTx, char *fmt,...)
 129:./Hardware/usart/usart.c **** {
 252              		.loc 1 129 1 is_stmt 1 view -0
 253              		.cfi_startproc
 254              		@ args = 4, pretend = 12, frame = 304
 255              		@ frame_needed = 0, uses_anonymous_args = 1
 256              		.loc 1 129 1 is_stmt 0 view .LVU71
 257 0000 0EB4     		push	{r1, r2, r3}
 258              	.LCFI4:
 259              		.cfi_def_cfa_offset 12
 260              		.cfi_offset 1, -12
 261              		.cfi_offset 2, -8
 262              		.cfi_offset 3, -4
 263 0002 30B5     		push	{r4, r5, lr}
 264              	.LCFI5:
 265              		.cfi_def_cfa_offset 24
 266              		.cfi_offset 4, -24
 267              		.cfi_offset 5, -20
 268              		.cfi_offset 14, -16
 269 0004 CCB0     		sub	sp, sp, #304
ARM GAS  /tmp/ccwijNuV.s 			page 8


 270              	.LCFI6:
 271              		.cfi_def_cfa_offset 328
 272 0006 0446     		mov	r4, r0
 273 0008 4FAB     		add	r3, sp, #316
 274 000a 53F8042B 		ldr	r2, [r3], #4
 130:./Hardware/usart/usart.c **** 
 131:./Hardware/usart/usart.c **** 	unsigned char UsartPrintfBuf[296];
 275              		.loc 1 131 2 is_stmt 1 view .LVU72
 132:./Hardware/usart/usart.c **** 	va_list ap;
 276              		.loc 1 132 2 view .LVU73
 133:./Hardware/usart/usart.c **** 	unsigned char *pStr = UsartPrintfBuf;
 277              		.loc 1 133 2 view .LVU74
 278              	.LVL21:
 134:./Hardware/usart/usart.c **** 	
 135:./Hardware/usart/usart.c **** 	va_start(ap, fmt);
 279              		.loc 1 135 2 view .LVU75
 280 000e 0193     		str	r3, [sp, #4]
 136:./Hardware/usart/usart.c **** 	vsnprintf((char *)UsartPrintfBuf, sizeof(UsartPrintfBuf), fmt, ap);							//格式化
 281              		.loc 1 136 2 view .LVU76
 282 0010 4FF49471 		mov	r1, #296
 283 0014 02A8     		add	r0, sp, #8
 284 0016 FFF7FEFF 		bl	vsnprintf
 285              	.LVL22:
 137:./Hardware/usart/usart.c **** 	va_end(ap);
 286              		.loc 1 137 2 view .LVU77
 138:./Hardware/usart/usart.c **** 	
 139:./Hardware/usart/usart.c **** 	while(*pStr != 0)
 287              		.loc 1 139 2 view .LVU78
 133:./Hardware/usart/usart.c **** 	
 288              		.loc 1 133 17 is_stmt 0 view .LVU79
 289 001a 02AD     		add	r5, sp, #8
 290              		.loc 1 139 7 view .LVU80
 291 001c 09E0     		b	.L11
 292              	.LVL23:
 293              	.L13:
 140:./Hardware/usart/usart.c **** 	{
 141:./Hardware/usart/usart.c **** 		USART_SendData(USARTx, *pStr++);
 294              		.loc 1 141 3 is_stmt 1 view .LVU81
 295              		.loc 1 141 31 is_stmt 0 view .LVU82
 296 001e 0135     		adds	r5, r5, #1
 297              	.LVL24:
 298              		.loc 1 141 3 view .LVU83
 299 0020 2046     		mov	r0, r4
 300 0022 FFF7FEFF 		bl	USART_SendData
 301              	.LVL25:
 142:./Hardware/usart/usart.c **** 		while(USART_GetFlagStatus(USARTx, USART_FLAG_TC) == RESET);
 302              		.loc 1 142 3 is_stmt 1 view .LVU84
 303              	.L12:
 304              		.loc 1 142 61 discriminator 1 view .LVU85
 305              		.loc 1 142 8 discriminator 1 view .LVU86
 306              		.loc 1 142 9 is_stmt 0 discriminator 1 view .LVU87
 307 0026 4021     		movs	r1, #64
 308 0028 2046     		mov	r0, r4
 309 002a FFF7FEFF 		bl	USART_GetFlagStatus
 310              	.LVL26:
 311              		.loc 1 142 8 discriminator 1 view .LVU88
 312 002e 0028     		cmp	r0, #0
ARM GAS  /tmp/ccwijNuV.s 			page 9


 313 0030 F9D0     		beq	.L12
 314              	.LVL27:
 315              	.L11:
 139:./Hardware/usart/usart.c **** 	{
 316              		.loc 1 139 7 is_stmt 1 view .LVU89
 139:./Hardware/usart/usart.c **** 	{
 317              		.loc 1 139 8 is_stmt 0 view .LVU90
 318 0032 2978     		ldrb	r1, [r5]	@ zero_extendqisi2
 139:./Hardware/usart/usart.c **** 	{
 319              		.loc 1 139 7 view .LVU91
 320 0034 0029     		cmp	r1, #0
 321 0036 F2D1     		bne	.L13
 143:./Hardware/usart/usart.c **** 	}
 144:./Hardware/usart/usart.c **** 
 145:./Hardware/usart/usart.c **** }
 322              		.loc 1 145 1 view .LVU92
 323 0038 4CB0     		add	sp, sp, #304
 324              	.LCFI7:
 325              		.cfi_def_cfa_offset 24
 326              		@ sp needed
 327 003a BDE83040 		pop	{r4, r5, lr}
 328              	.LCFI8:
 329              		.cfi_restore 14
 330              		.cfi_restore 5
 331              		.cfi_restore 4
 332              		.cfi_def_cfa_offset 12
 333              	.LVL28:
 334              		.loc 1 145 1 view .LVU93
 335 003e 03B0     		add	sp, sp, #12
 336              	.LCFI9:
 337              		.cfi_restore 3
 338              		.cfi_restore 2
 339              		.cfi_restore 1
 340              		.cfi_def_cfa_offset 0
 341 0040 7047     		bx	lr
 342              		.cfi_endproc
 343              	.LFE34:
 345              		.section	.text.USART1_IRQHandler,"ax",%progbits
 346              		.align	1
 347              		.global	USART1_IRQHandler
 348              		.syntax unified
 349              		.thumb
 350              		.thumb_func
 351              		.fpu softvfp
 353              	USART1_IRQHandler:
 354              	.LFB35:
 146:./Hardware/usart/usart.c **** 
 147:./Hardware/usart/usart.c **** /*
 148:./Hardware/usart/usart.c **** ************************************************************
 149:./Hardware/usart/usart.c **** *	函数名称：	USART1_IRQHandler
 150:./Hardware/usart/usart.c **** *
 151:./Hardware/usart/usart.c **** *	函数功能：	串口1收发中断
 152:./Hardware/usart/usart.c **** *
 153:./Hardware/usart/usart.c **** *	入口参数：	无
 154:./Hardware/usart/usart.c **** *
 155:./Hardware/usart/usart.c **** *	返回参数：	无
 156:./Hardware/usart/usart.c **** *
ARM GAS  /tmp/ccwijNuV.s 			page 10


 157:./Hardware/usart/usart.c **** *	说明：		
 158:./Hardware/usart/usart.c **** ************************************************************
 159:./Hardware/usart/usart.c **** */
 160:./Hardware/usart/usart.c **** void USART1_IRQHandler(void)
 161:./Hardware/usart/usart.c **** {
 355              		.loc 1 161 1 is_stmt 1 view -0
 356              		.cfi_startproc
 357              		@ args = 0, pretend = 0, frame = 0
 358              		@ frame_needed = 0, uses_anonymous_args = 0
 359 0000 08B5     		push	{r3, lr}
 360              	.LCFI10:
 361              		.cfi_def_cfa_offset 8
 362              		.cfi_offset 3, -8
 363              		.cfi_offset 14, -4
 162:./Hardware/usart/usart.c **** 
 163:./Hardware/usart/usart.c **** 	if(USART_GetITStatus(USART1, USART_IT_RXNE) != RESET) //接收中断
 364              		.loc 1 163 2 view .LVU95
 365              		.loc 1 163 5 is_stmt 0 view .LVU96
 366 0002 40F22551 		movw	r1, #1317
 367 0006 0548     		ldr	r0, .L19
 368 0008 FFF7FEFF 		bl	USART_GetITStatus
 369              	.LVL29:
 370              		.loc 1 163 4 view .LVU97
 371 000c 00B9     		cbnz	r0, .L18
 372              	.L15:
 164:./Hardware/usart/usart.c **** 	{
 165:./Hardware/usart/usart.c **** 		USART_ClearFlag(USART1, USART_FLAG_RXNE);
 166:./Hardware/usart/usart.c **** 	}
 167:./Hardware/usart/usart.c **** 
 168:./Hardware/usart/usart.c **** }
 373              		.loc 1 168 1 view .LVU98
 374 000e 08BD     		pop	{r3, pc}
 375              	.L18:
 165:./Hardware/usart/usart.c **** 	}
 376              		.loc 1 165 3 is_stmt 1 view .LVU99
 377 0010 2021     		movs	r1, #32
 378 0012 0248     		ldr	r0, .L19
 379 0014 FFF7FEFF 		bl	USART_ClearFlag
 380              	.LVL30:
 381              		.loc 1 168 1 is_stmt 0 view .LVU100
 382 0018 F9E7     		b	.L15
 383              	.L20:
 384 001a 00BF     		.align	2
 385              	.L19:
 386 001c 00380140 		.word	1073821696
 387              		.cfi_endproc
 388              	.LFE35:
 390              		.text
 391              	.Letext0:
 392              		.file 2 "/home/hao/Documents/gcc-arm-none-eabi/arm-none-eabi/include/machine/_default_types.h"
 393              		.file 3 "/home/hao/Documents/gcc-arm-none-eabi/arm-none-eabi/include/sys/_stdint.h"
 394              		.file 4 "./Libraries/CMSIS/stm32f10x.h"
 395              		.file 5 "./Libraries/STM32F10x_StdPeriph_Driver/inc/stm32f10x_gpio.h"
 396              		.file 6 "./Libraries/STM32F10x_StdPeriph_Driver/inc/stm32f10x_usart.h"
 397              		.file 7 "./Libraries/STM32F10x_StdPeriph_Driver/inc/misc.h"
 398              		.file 8 "/home/hao/Documents/gcc-arm-none-eabi/lib/gcc/arm-none-eabi/10.2.1/include/stdarg.h"
 399              		.file 9 "/home/hao/Documents/gcc-arm-none-eabi/arm-none-eabi/include/stdio.h"
ARM GAS  /tmp/ccwijNuV.s 			page 11


 400              		.file 10 "./Libraries/STM32F10x_StdPeriph_Driver/inc/stm32f10x_rcc.h"
 401              		.file 11 "<built-in>"
ARM GAS  /tmp/ccwijNuV.s 			page 12


DEFINED SYMBOLS
                            *ABS*:0000000000000000 usart.c
     /tmp/ccwijNuV.s:16     .text.Usart1_Init:0000000000000000 $t
     /tmp/ccwijNuV.s:24     .text.Usart1_Init:0000000000000000 Usart1_Init
     /tmp/ccwijNuV.s:162    .text.Usart1_Init:00000000000000ac $d
     /tmp/ccwijNuV.s:167    .text.Usart_SendString:0000000000000000 $t
     /tmp/ccwijNuV.s:174    .text.Usart_SendString:0000000000000000 Usart_SendString
     /tmp/ccwijNuV.s:242    .text.UsartPrintf:0000000000000000 $t
     /tmp/ccwijNuV.s:249    .text.UsartPrintf:0000000000000000 UsartPrintf
     /tmp/ccwijNuV.s:346    .text.USART1_IRQHandler:0000000000000000 $t
     /tmp/ccwijNuV.s:353    .text.USART1_IRQHandler:0000000000000000 USART1_IRQHandler
     /tmp/ccwijNuV.s:386    .text.USART1_IRQHandler:000000000000001c $d

UNDEFINED SYMBOLS
RCC_APB2PeriphClockCmd
GPIO_Init
USART_Init
USART_Cmd
USART_ITConfig
NVIC_Init
USART_SendData
USART_GetFlagStatus
vsnprintf
USART_GetITStatus
USART_ClearFlag
